[0.040s] Invoking command in '/home/orangepi/ros2_workspace/school_competition/build/base': CMAKE_PREFIX_PATH=${CMAKE_PREFIX_PATH}:/root/lanhailidar_ros_ws/install/scan_subscriber:/opt/ros/humble /usr/bin/cmake --build /home/orangepi/ros2_workspace/school_competition/build/base -- -j8 -l8
[0.439s] [  9%] Built target base__rosidl_generator_c
[0.440s] [  9%] Built target ament_cmake_python_copy_base
[0.440s] [ 12%] Built target base__cpp
[0.440s] [ 22%] Built target base__rosidl_typesupport_fastrtps_c
[0.440s] [ 32%] Built target base__rosidl_typesupport_c
[0.440s] [ 41%] Built target base__rosidl_typesupport_fastrtps_cpp
[0.440s] [ 51%] Built target base__rosidl_typesupport_introspection_cpp
[0.440s] [ 61%] Built target base__rosidl_typesupport_cpp
[0.440s] [ 70%] Built target base__rosidl_typesupport_introspection_c
[0.440s] [ 70%] Built target base
[0.441s] [ 74%] Built target base__py
[0.491s] [ 80%] Built target base__rosidl_generator_py
[0.568s] [ 87%] Built target base__rosidl_typesupport_c__pyext
[0.587s] [ 93%] Built target base__rosidl_typesupport_fastrtps_c__pyext
[0.588s] running egg_info
[0.589s] writing base.egg-info/PKG-INFO
[0.589s] writing dependency_links to base.egg-info/dependency_links.txt
[0.592s] [100%] Built target base__rosidl_typesupport_introspection_c__pyext
[0.595s] writing top-level names to base.egg-info/top_level.txt
[0.599s] reading manifest file 'base.egg-info/SOURCES.txt'
[0.600s] writing manifest file 'base.egg-info/SOURCES.txt'
[0.673s] [100%] Built target ament_cmake_python_build_base_egg
[0.886s] Invoked command in '/home/orangepi/ros2_workspace/school_competition/build/base' returned '0': CMAKE_PREFIX_PATH=${CMAKE_PREFIX_PATH}:/root/lanhailidar_ros_ws/install/scan_subscriber:/opt/ros/humble /usr/bin/cmake --build /home/orangepi/ros2_workspace/school_competition/build/base -- -j8 -l8
[0.925s] Invoking command in '/home/orangepi/ros2_workspace/school_competition/build/base': CMAKE_PREFIX_PATH=${CMAKE_PREFIX_PATH}:/root/lanhailidar_ros_ws/install/scan_subscriber:/opt/ros/humble /usr/bin/cmake --install /home/orangepi/ros2_workspace/school_competition/build/base
[0.953s] -- Install configuration: ""
[0.953s] -- Up-to-date: /home/orangepi/ros2_workspace/school_competition/install/share/ament_index/resource_index/rosidl_interfaces/base
[0.953s] -- Up-to-date: /home/orangepi/ros2_workspace/school_competition/install/include/base/base
[0.953s] -- Up-to-date: /home/orangepi/ros2_workspace/school_competition/install/include/base/base/msg
[0.954s] -- Up-to-date: /home/orangepi/ros2_workspace/school_competition/install/include/base/base/msg/rosidl_generator_c__visibility_control.h
[0.954s] -- Up-to-date: /home/orangepi/ros2_workspace/school_competition/install/include/base/base/srv
[0.954s] -- Up-to-date: /home/orangepi/ros2_workspace/school_competition/install/include/base/base/srv/detail
[0.954s] -- Up-to-date: /home/orangepi/ros2_workspace/school_competition/install/include/base/base/srv/detail/control__type_support.h
[0.954s] -- Up-to-date: /home/orangepi/ros2_workspace/school_competition/install/include/base/base/srv/detail/control__struct.h
[0.955s] -- Up-to-date: /home/orangepi/ros2_workspace/school_competition/install/include/base/base/srv/detail/control__functions.c
[0.955s] -- Up-to-date: /home/orangepi/ros2_workspace/school_competition/install/include/base/base/srv/detail/control__functions.h
[0.956s] -- Up-to-date: /home/orangepi/ros2_workspace/school_competition/install/include/base/base/srv/control.h
[0.956s] -- Up-to-date: /home/orangepi/ros2_workspace/school_competition/install/share/base/environment/library_path.sh
[0.956s] -- Up-to-date: /home/orangepi/ros2_workspace/school_competition/install/share/base/environment/library_path.dsv
[0.957s] -- Up-to-date: /home/orangepi/ros2_workspace/school_competition/install/lib/libbase__rosidl_generator_c.so
[0.957s] -- Up-to-date: /home/orangepi/ros2_workspace/school_competition/install/include/base/base
[0.961s] -- Up-to-date: /home/orangepi/ros2_workspace/school_competition/install/include/base/base/msg
[0.962s] -- Up-to-date: /home/orangepi/ros2_workspace/school_competition/install/include/base/base/msg/rosidl_typesupport_fastrtps_c__visibility_control.h
[0.963s] -- Up-to-date: /home/orangepi/ros2_workspace/school_competition/install/include/base/base/srv
[0.964s] -- Up-to-date: /home/orangepi/ros2_workspace/school_competition/install/include/base/base/srv/detail
[0.964s] -- Up-to-date: /home/orangepi/ros2_workspace/school_competition/install/include/base/base/srv/detail/control__rosidl_typesupport_fastrtps_c.h
[0.965s] -- Up-to-date: /home/orangepi/ros2_workspace/school_competition/install/lib/libbase__rosidl_typesupport_fastrtps_c.so
[0.965s] -- Up-to-date: /home/orangepi/ros2_workspace/school_competition/install/include/base/base
[0.966s] -- Up-to-date: /home/orangepi/ros2_workspace/school_competition/install/include/base/base/msg
[0.967s] -- Up-to-date: /home/orangepi/ros2_workspace/school_competition/install/include/base/base/msg/rosidl_generator_cpp__visibility_control.hpp
[0.967s] -- Up-to-date: /home/orangepi/ros2_workspace/school_competition/install/include/base/base/srv
[0.968s] -- Up-to-date: /home/orangepi/ros2_workspace/school_competition/install/include/base/base/srv/detail
[0.968s] -- Up-to-date: /home/orangepi/ros2_workspace/school_competition/install/include/base/base/srv/detail/control__traits.hpp
[0.969s] -- Up-to-date: /home/orangepi/ros2_workspace/school_competition/install/include/base/base/srv/detail/control__builder.hpp
[0.970s] -- Up-to-date: /home/orangepi/ros2_workspace/school_competition/install/include/base/base/srv/detail/control__struct.hpp
[0.970s] -- Up-to-date: /home/orangepi/ros2_workspace/school_competition/install/include/base/base/srv/detail/control__type_support.hpp
[0.971s] -- Up-to-date: /home/orangepi/ros2_workspace/school_competition/install/include/base/base/srv/control.hpp
[0.972s] -- Up-to-date: /home/orangepi/ros2_workspace/school_competition/install/include/base/base
[0.972s] -- Up-to-date: /home/orangepi/ros2_workspace/school_competition/install/include/base/base/msg
[0.973s] -- Up-to-date: /home/orangepi/ros2_workspace/school_competition/install/include/base/base/msg/rosidl_typesupport_fastrtps_cpp__visibility_control.h
[0.974s] -- Up-to-date: /home/orangepi/ros2_workspace/school_competition/install/include/base/base/srv
[0.974s] -- Up-to-date: /home/orangepi/ros2_workspace/school_competition/install/include/base/base/srv/detail
[0.975s] -- Up-to-date: /home/orangepi/ros2_workspace/school_competition/install/include/base/base/srv/detail/control__rosidl_typesupport_fastrtps_cpp.hpp
[0.975s] -- Up-to-date: /home/orangepi/ros2_workspace/school_competition/install/include/base/base/srv/detail/dds_fastrtps
[0.976s] -- Up-to-date: /home/orangepi/ros2_workspace/school_competition/install/lib/libbase__rosidl_typesupport_fastrtps_cpp.so
[0.983s] -- Up-to-date: /home/orangepi/ros2_workspace/school_competition/install/include/base/base
[0.984s] -- Up-to-date: /home/orangepi/ros2_workspace/school_competition/install/include/base/base/msg
[0.985s] -- Up-to-date: /home/orangepi/ros2_workspace/school_competition/install/include/base/base/msg/rosidl_typesupport_introspection_c__visibility_control.h
[0.986s] -- Up-to-date: /home/orangepi/ros2_workspace/school_competition/install/include/base/base/srv
[0.986s] -- Up-to-date: /home/orangepi/ros2_workspace/school_competition/install/include/base/base/srv/detail
[0.987s] -- Up-to-date: /home/orangepi/ros2_workspace/school_competition/install/include/base/base/srv/detail/control__type_support.c
[0.987s] -- Up-to-date: /home/orangepi/ros2_workspace/school_competition/install/include/base/base/srv/detail/control__rosidl_typesupport_introspection_c.h
[0.988s] -- Up-to-date: /home/orangepi/ros2_workspace/school_competition/install/lib/libbase__rosidl_typesupport_introspection_c.so
[0.988s] -- Up-to-date: /home/orangepi/ros2_workspace/school_competition/install/lib/libbase__rosidl_typesupport_c.so
[0.989s] -- Up-to-date: /home/orangepi/ros2_workspace/school_competition/install/include/base/base
[0.989s] -- Up-to-date: /home/orangepi/ros2_workspace/school_competition/install/include/base/base/srv
[0.989s] -- Up-to-date: /home/orangepi/ros2_workspace/school_competition/install/include/base/base/srv/detail
[0.990s] -- Up-to-date: /home/orangepi/ros2_workspace/school_competition/install/include/base/base/srv/detail/control__type_support.cpp
[0.990s] -- Up-to-date: /home/orangepi/ros2_workspace/school_competition/install/include/base/base/srv/detail/control__rosidl_typesupport_introspection_cpp.hpp
[0.991s] -- Up-to-date: /home/orangepi/ros2_workspace/school_competition/install/lib/libbase__rosidl_typesupport_introspection_cpp.so
[0.991s] -- Up-to-date: /home/orangepi/ros2_workspace/school_competition/install/lib/libbase__rosidl_typesupport_cpp.so
[0.992s] -- Up-to-date: /home/orangepi/ros2_workspace/school_competition/install/share/base/environment/pythonpath.sh
[0.992s] -- Up-to-date: /home/orangepi/ros2_workspace/school_competition/install/share/base/environment/pythonpath.dsv
[0.992s] -- Up-to-date: /home/orangepi/ros2_workspace/school_competition/install/local/lib/python3.10/dist-packages/base-0.0.0-py3.10.egg-info
[0.993s] -- Installing: /home/orangepi/ros2_workspace/school_competition/install/local/lib/python3.10/dist-packages/base-0.0.0-py3.10.egg-info/PKG-INFO
[0.993s] -- Installing: /home/orangepi/ros2_workspace/school_competition/install/local/lib/python3.10/dist-packages/base-0.0.0-py3.10.egg-info/dependency_links.txt
[0.994s] -- Installing: /home/orangepi/ros2_workspace/school_competition/install/local/lib/python3.10/dist-packages/base-0.0.0-py3.10.egg-info/SOURCES.txt
[0.994s] -- Installing: /home/orangepi/ros2_workspace/school_competition/install/local/lib/python3.10/dist-packages/base-0.0.0-py3.10.egg-info/top_level.txt
[0.995s] -- Up-to-date: /home/orangepi/ros2_workspace/school_competition/install/local/lib/python3.10/dist-packages/base
[0.995s] -- Up-to-date: /home/orangepi/ros2_workspace/school_competition/install/local/lib/python3.10/dist-packages/base/srv
[0.996s] -- Up-to-date: /home/orangepi/ros2_workspace/school_competition/install/local/lib/python3.10/dist-packages/base/srv/_control.py
[0.996s] -- Up-to-date: /home/orangepi/ros2_workspace/school_competition/install/local/lib/python3.10/dist-packages/base/srv/_control_s.c
[0.997s] -- Up-to-date: /home/orangepi/ros2_workspace/school_competition/install/local/lib/python3.10/dist-packages/base/srv/__init__.py
[0.997s] -- Up-to-date: /home/orangepi/ros2_workspace/school_competition/install/local/lib/python3.10/dist-packages/base/base_s__rosidl_typesupport_fastrtps_c.cpython-310-aarch64-linux-gnu.so
[0.998s] -- Up-to-date: /home/orangepi/ros2_workspace/school_competition/install/local/lib/python3.10/dist-packages/base/__init__.py
[0.998s] -- Up-to-date: /home/orangepi/ros2_workspace/school_competition/install/local/lib/python3.10/dist-packages/base/_base_s.ep.rosidl_typesupport_fastrtps_c.c
[0.999s] -- Up-to-date: /home/orangepi/ros2_workspace/school_competition/install/local/lib/python3.10/dist-packages/base/libbase__rosidl_generator_py.so
[0.999s] -- Up-to-date: /home/orangepi/ros2_workspace/school_competition/install/local/lib/python3.10/dist-packages/base/base_s__rosidl_typesupport_introspection_c.cpython-310-aarch64-linux-gnu.so
[0.999s] -- Up-to-date: /home/orangepi/ros2_workspace/school_competition/install/local/lib/python3.10/dist-packages/base/_base_s.ep.rosidl_typesupport_c.c
[1.000s] -- Up-to-date: /home/orangepi/ros2_workspace/school_competition/install/local/lib/python3.10/dist-packages/base/base_s__rosidl_typesupport_c.cpython-310-aarch64-linux-gnu.so
[1.000s] -- Up-to-date: /home/orangepi/ros2_workspace/school_competition/install/local/lib/python3.10/dist-packages/base/_base_s.ep.rosidl_typesupport_introspection_c.c
[1.118s] Listing '/home/orangepi/ros2_workspace/school_competition/install/local/lib/python3.10/dist-packages/base'...
[1.119s] Listing '/home/orangepi/ros2_workspace/school_competition/install/local/lib/python3.10/dist-packages/base/srv'...
[1.128s] -- Up-to-date: /home/orangepi/ros2_workspace/school_competition/install/local/lib/python3.10/dist-packages/base/base_s__rosidl_typesupport_fastrtps_c.cpython-310-aarch64-linux-gnu.so
[1.129s] -- Up-to-date: /home/orangepi/ros2_workspace/school_competition/install/local/lib/python3.10/dist-packages/base/base_s__rosidl_typesupport_introspection_c.cpython-310-aarch64-linux-gnu.so
[1.130s] -- Up-to-date: /home/orangepi/ros2_workspace/school_competition/install/local/lib/python3.10/dist-packages/base/base_s__rosidl_typesupport_c.cpython-310-aarch64-linux-gnu.so
[1.130s] -- Up-to-date: /home/orangepi/ros2_workspace/school_competition/install/lib/libbase__rosidl_generator_py.so
[1.131s] -- Up-to-date: /home/orangepi/ros2_workspace/school_competition/install/share/base/srv/Control.idl
[1.131s] -- Up-to-date: /home/orangepi/ros2_workspace/school_competition/install/share/base/srv/Control.srv
[1.132s] -- Up-to-date: /home/orangepi/ros2_workspace/school_competition/install/share/base/srv/Control_Request.msg
[1.133s] -- Up-to-date: /home/orangepi/ros2_workspace/school_competition/install/share/base/srv/Control_Response.msg
[1.133s] -- Up-to-date: /home/orangepi/ros2_workspace/school_competition/install/share/ament_index/resource_index/package_run_dependencies/base
[1.134s] -- Up-to-date: /home/orangepi/ros2_workspace/school_competition/install/share/ament_index/resource_index/parent_prefix_path/base
[1.135s] -- Up-to-date: /home/orangepi/ros2_workspace/school_competition/install/share/base/environment/ament_prefix_path.sh
[1.138s] -- Up-to-date: /home/orangepi/ros2_workspace/school_competition/install/share/base/environment/ament_prefix_path.dsv
[1.144s] -- Up-to-date: /home/orangepi/ros2_workspace/school_competition/install/share/base/environment/path.sh
[1.144s] -- Up-to-date: /home/orangepi/ros2_workspace/school_competition/install/share/base/environment/path.dsv
[1.146s] -- Up-to-date: /home/orangepi/ros2_workspace/school_competition/install/share/base/local_setup.bash
[1.146s] -- Up-to-date: /home/orangepi/ros2_workspace/school_competition/install/share/base/local_setup.sh
[1.146s] -- Up-to-date: /home/orangepi/ros2_workspace/school_competition/install/share/base/local_setup.zsh
[1.146s] -- Up-to-date: /home/orangepi/ros2_workspace/school_competition/install/share/base/local_setup.dsv
[1.146s] -- Installing: /home/orangepi/ros2_workspace/school_competition/install/share/base/package.dsv
[1.147s] -- Up-to-date: /home/orangepi/ros2_workspace/school_competition/install/share/ament_index/resource_index/packages/base
[1.147s] -- Up-to-date: /home/orangepi/ros2_workspace/school_competition/install/share/base/cmake/export_base__rosidl_generator_cExport.cmake
[1.147s] -- Up-to-date: /home/orangepi/ros2_workspace/school_competition/install/share/base/cmake/export_base__rosidl_generator_cExport-noconfig.cmake
[1.147s] -- Up-to-date: /home/orangepi/ros2_workspace/school_competition/install/share/base/cmake/export_base__rosidl_typesupport_fastrtps_cExport.cmake
[1.147s] -- Up-to-date: /home/orangepi/ros2_workspace/school_competition/install/share/base/cmake/export_base__rosidl_typesupport_fastrtps_cExport-noconfig.cmake
[1.147s] -- Up-to-date: /home/orangepi/ros2_workspace/school_competition/install/share/base/cmake/export_base__rosidl_generator_cppExport.cmake
[1.147s] -- Up-to-date: /home/orangepi/ros2_workspace/school_competition/install/share/base/cmake/export_base__rosidl_typesupport_fastrtps_cppExport.cmake
[1.147s] -- Up-to-date: /home/orangepi/ros2_workspace/school_competition/install/share/base/cmake/export_base__rosidl_typesupport_fastrtps_cppExport-noconfig.cmake
[1.147s] -- Up-to-date: /home/orangepi/ros2_workspace/school_competition/install/share/base/cmake/base__rosidl_typesupport_introspection_cExport.cmake
[1.147s] -- Up-to-date: /home/orangepi/ros2_workspace/school_competition/install/share/base/cmake/base__rosidl_typesupport_introspection_cExport-noconfig.cmake
[1.148s] -- Up-to-date: /home/orangepi/ros2_workspace/school_competition/install/share/base/cmake/base__rosidl_typesupport_cExport.cmake
[1.148s] -- Up-to-date: /home/orangepi/ros2_workspace/school_competition/install/share/base/cmake/base__rosidl_typesupport_cExport-noconfig.cmake
[1.148s] -- Up-to-date: /home/orangepi/ros2_workspace/school_competition/install/share/base/cmake/base__rosidl_typesupport_introspection_cppExport.cmake
[1.148s] -- Up-to-date: /home/orangepi/ros2_workspace/school_competition/install/share/base/cmake/base__rosidl_typesupport_introspection_cppExport-noconfig.cmake
[1.148s] -- Up-to-date: /home/orangepi/ros2_workspace/school_competition/install/share/base/cmake/base__rosidl_typesupport_cppExport.cmake
[1.149s] -- Up-to-date: /home/orangepi/ros2_workspace/school_competition/install/share/base/cmake/base__rosidl_typesupport_cppExport-noconfig.cmake
[1.156s] -- Up-to-date: /home/orangepi/ros2_workspace/school_competition/install/share/base/cmake/export_base__rosidl_generator_pyExport.cmake
[1.162s] -- Up-to-date: /home/orangepi/ros2_workspace/school_competition/install/share/base/cmake/export_base__rosidl_generator_pyExport-noconfig.cmake
[1.163s] -- Up-to-date: /home/orangepi/ros2_workspace/school_competition/install/share/base/cmake/rosidl_cmake-extras.cmake
[1.163s] -- Up-to-date: /home/orangepi/ros2_workspace/school_competition/install/share/base/cmake/ament_cmake_export_include_directories-extras.cmake
[1.165s] -- Up-to-date: /home/orangepi/ros2_workspace/school_competition/install/share/base/cmake/ament_cmake_export_libraries-extras.cmake
[1.165s] -- Up-to-date: /home/orangepi/ros2_workspace/school_competition/install/share/base/cmake/ament_cmake_export_targets-extras.cmake
[1.165s] -- Up-to-date: /home/orangepi/ros2_workspace/school_competition/install/share/base/cmake/rosidl_cmake_export_typesupport_targets-extras.cmake
[1.165s] -- Up-to-date: /home/orangepi/ros2_workspace/school_competition/install/share/base/cmake/ament_cmake_export_dependencies-extras.cmake
[1.166s] -- Up-to-date: /home/orangepi/ros2_workspace/school_competition/install/share/base/cmake/rosidl_cmake_export_typesupport_libraries-extras.cmake
[1.166s] -- Up-to-date: /home/orangepi/ros2_workspace/school_competition/install/share/base/cmake/baseConfig.cmake
[1.166s] -- Up-to-date: /home/orangepi/ros2_workspace/school_competition/install/share/base/cmake/baseConfig-version.cmake
[1.166s] -- Up-to-date: /home/orangepi/ros2_workspace/school_competition/install/share/base/package.xml
[1.166s] Invoked command in '/home/orangepi/ros2_workspace/school_competition/build/base' returned '0': CMAKE_PREFIX_PATH=${CMAKE_PREFIX_PATH}:/root/lanhailidar_ros_ws/install/scan_subscriber:/opt/ros/humble /usr/bin/cmake --install /home/orangepi/ros2_workspace/school_competition/build/base
