[0.162s] [34mcolcon[0m [1;30mDEBUG[0m [32mCommand line arguments: ['/usr/bin/colcon', 'build', '--merge-install'][0m
[0.162s] [34mcolcon[0m [1;30mDEBUG[0m [32mParsed command line arguments: Namespace(log_base=None, log_level=None, verb_name='build', build_base='build', install_base='install', merge_install=True, symlink_install=False, test_result_base=None, continue_on_error=False, executor='parallel', parallel_workers=8, event_handlers=None, ignore_user_meta=False, metas=['./colcon.meta'], base_paths=['.'], packages_ignore=None, packages_ignore_regex=None, paths=None, packages_up_to=None, packages_up_to_regex=None, packages_above=None, packages_above_and_dependencies=None, packages_above_depth=None, packages_select_by_dep=None, packages_skip_by_dep=None, packages_skip_up_to=None, packages_select_build_failed=False, packages_skip_build_finished=False, packages_select_test_failures=False, packages_skip_test_passed=False, packages_select=None, packages_skip=None, packages_select_regex=None, packages_skip_regex=None, packages_start=None, packages_end=None, cmake_args=None, cmake_target=None, cmake_target_skip_unavailable=False, cmake_clean_cache=False, cmake_clean_first=False, cmake_force_configure=False, ament_cmake_args=None, catkin_cmake_args=None, catkin_skip_building_tests=False, verb_parser=<colcon_defaults.argument_parser.defaults.DefaultArgumentsDecorator object at 0x7f8a84ece0>, verb_extension=<colcon_core.verb.build.BuildVerb object at 0x7f8a78c100>, main=<bound method BuildVerb.main of <colcon_core.verb.build.BuildVerb object at 0x7f8a78c100>>)[0m
[0.395s] [34mcolcon.colcon_core.package_discovery[0m [1;30mLevel 1[0m discover_packages(colcon_meta) check parameters
[0.395s] [34mcolcon.colcon_core.package_discovery[0m [1;30mLevel 1[0m discover_packages(recursive) check parameters
[0.395s] [34mcolcon.colcon_core.package_discovery[0m [1;30mLevel 1[0m discover_packages(ignore) check parameters
[0.395s] [34mcolcon.colcon_core.package_discovery[0m [1;30mLevel 1[0m discover_packages(path) check parameters
[0.395s] [34mcolcon.colcon_core.package_discovery[0m [1;30mLevel 1[0m discover_packages(colcon_meta) discover
[0.395s] [34mcolcon.colcon_core.package_discovery[0m [1;30mLevel 1[0m discover_packages(recursive) discover
[0.395s] [34mcolcon.colcon_core.package_discovery[0m [1;30mINFO[0m Crawling recursively for packages in '/home/orangepi/ros2_workspace/school_competition'
[0.395s] [34mcolcon.colcon_core.package_identification[0m [1;30mLevel 1[0m _identify(.) by extensions ['ignore', 'ignore_ament_install']
[0.396s] [34mcolcon.colcon_core.package_identification[0m [1;30mLevel 1[0m _identify(.) by extension 'ignore'
[0.396s] [34mcolcon.colcon_core.package_identification[0m [1;30mLevel 1[0m _identify(.) by extension 'ignore_ament_install'
[0.396s] [34mcolcon.colcon_core.package_identification[0m [1;30mLevel 1[0m _identify(.) by extensions ['colcon_pkg']
[0.396s] [34mcolcon.colcon_core.package_identification[0m [1;30mLevel 1[0m _identify(.) by extension 'colcon_pkg'
[0.396s] [34mcolcon.colcon_core.package_identification[0m [1;30mLevel 1[0m _identify(.) by extensions ['colcon_meta']
[0.396s] [34mcolcon.colcon_core.package_identification[0m [1;30mLevel 1[0m _identify(.) by extension 'colcon_meta'
[0.396s] [34mcolcon.colcon_core.package_identification[0m [1;30mLevel 1[0m _identify(.) by extensions ['ros']
[0.396s] [34mcolcon.colcon_core.package_identification[0m [1;30mLevel 1[0m _identify(.) by extension 'ros'
[0.413s] [34mcolcon.colcon_core.package_identification[0m [1;30mLevel 1[0m _identify(.) by extensions ['cmake', 'python']
[0.413s] [34mcolcon.colcon_core.package_identification[0m [1;30mLevel 1[0m _identify(.) by extension 'cmake'
[0.413s] [34mcolcon.colcon_core.package_identification[0m [1;30mLevel 1[0m _identify(.) by extension 'python'
[0.413s] [34mcolcon.colcon_core.package_identification[0m [1;30mLevel 1[0m _identify(.) by extensions ['python_setup_py']
[0.413s] [34mcolcon.colcon_core.package_identification[0m [1;30mLevel 1[0m _identify(.) by extension 'python_setup_py'
[0.413s] [34mcolcon.colcon_core.package_identification[0m [1;30mLevel 1[0m _identify(build) by extensions ['ignore', 'ignore_ament_install']
[0.414s] [34mcolcon.colcon_core.package_identification[0m [1;30mLevel 1[0m _identify(build) by extension 'ignore'
[0.414s] [34mcolcon.colcon_core.package_identification[0m [1;30mLevel 1[0m _identify(build) ignored
[0.414s] [34mcolcon.colcon_core.package_identification[0m [1;30mLevel 1[0m _identify(install) by extensions ['ignore', 'ignore_ament_install']
[0.414s] [34mcolcon.colcon_core.package_identification[0m [1;30mLevel 1[0m _identify(install) by extension 'ignore'
[0.414s] [34mcolcon.colcon_core.package_identification[0m [1;30mLevel 1[0m _identify(install) ignored
[0.414s] [34mcolcon.colcon_core.package_identification[0m [1;30mLevel 1[0m _identify(launch) by extensions ['ignore', 'ignore_ament_install']
[0.414s] [34mcolcon.colcon_core.package_identification[0m [1;30mLevel 1[0m _identify(launch) by extension 'ignore'
[0.414s] [34mcolcon.colcon_core.package_identification[0m [1;30mLevel 1[0m _identify(launch) by extension 'ignore_ament_install'
[0.414s] [34mcolcon.colcon_core.package_identification[0m [1;30mLevel 1[0m _identify(launch) by extensions ['colcon_pkg']
[0.414s] [34mcolcon.colcon_core.package_identification[0m [1;30mLevel 1[0m _identify(launch) by extension 'colcon_pkg'
[0.414s] [34mcolcon.colcon_core.package_identification[0m [1;30mLevel 1[0m _identify(launch) by extensions ['colcon_meta']
[0.415s] [34mcolcon.colcon_core.package_identification[0m [1;30mLevel 1[0m _identify(launch) by extension 'colcon_meta'
[0.415s] [34mcolcon.colcon_core.package_identification[0m [1;30mLevel 1[0m _identify(launch) by extensions ['ros']
[0.415s] [34mcolcon.colcon_core.package_identification[0m [1;30mLevel 1[0m _identify(launch) by extension 'ros'
[0.415s] [34mcolcon.colcon_core.package_identification[0m [1;30mLevel 1[0m _identify(launch) by extensions ['cmake', 'python']
[0.415s] [34mcolcon.colcon_core.package_identification[0m [1;30mLevel 1[0m _identify(launch) by extension 'cmake'
[0.415s] [34mcolcon.colcon_core.package_identification[0m [1;30mLevel 1[0m _identify(launch) by extension 'python'
[0.415s] [34mcolcon.colcon_core.package_identification[0m [1;30mLevel 1[0m _identify(launch) by extensions ['python_setup_py']
[0.415s] [34mcolcon.colcon_core.package_identification[0m [1;30mLevel 1[0m _identify(launch) by extension 'python_setup_py'
[0.415s] [34mcolcon.colcon_core.package_identification[0m [1;30mLevel 1[0m _identify(log) by extensions ['ignore', 'ignore_ament_install']
[0.415s] [34mcolcon.colcon_core.package_identification[0m [1;30mLevel 1[0m _identify(log) by extension 'ignore'
[0.416s] [34mcolcon.colcon_core.package_identification[0m [1;30mLevel 1[0m _identify(log) ignored
[0.416s] [34mcolcon.colcon_core.package_identification[0m [1;30mLevel 1[0m _identify(script) by extensions ['ignore', 'ignore_ament_install']
[0.416s] [34mcolcon.colcon_core.package_identification[0m [1;30mLevel 1[0m _identify(script) by extension 'ignore'
[0.416s] [34mcolcon.colcon_core.package_identification[0m [1;30mLevel 1[0m _identify(script) by extension 'ignore_ament_install'
[0.416s] [34mcolcon.colcon_core.package_identification[0m [1;30mLevel 1[0m _identify(script) by extensions ['colcon_pkg']
[0.416s] [34mcolcon.colcon_core.package_identification[0m [1;30mLevel 1[0m _identify(script) by extension 'colcon_pkg'
[0.416s] [34mcolcon.colcon_core.package_identification[0m [1;30mLevel 1[0m _identify(script) by extensions ['colcon_meta']
[0.416s] [34mcolcon.colcon_core.package_identification[0m [1;30mLevel 1[0m _identify(script) by extension 'colcon_meta'
[0.416s] [34mcolcon.colcon_core.package_identification[0m [1;30mLevel 1[0m _identify(script) by extensions ['ros']
[0.416s] [34mcolcon.colcon_core.package_identification[0m [1;30mLevel 1[0m _identify(script) by extension 'ros'
[0.416s] [34mcolcon.colcon_core.package_identification[0m [1;30mLevel 1[0m _identify(script) by extensions ['cmake', 'python']
[0.416s] [34mcolcon.colcon_core.package_identification[0m [1;30mLevel 1[0m _identify(script) by extension 'cmake'
[0.416s] [34mcolcon.colcon_core.package_identification[0m [1;30mLevel 1[0m _identify(script) by extension 'python'
[0.416s] [34mcolcon.colcon_core.package_identification[0m [1;30mLevel 1[0m _identify(script) by extensions ['python_setup_py']
[0.416s] [34mcolcon.colcon_core.package_identification[0m [1;30mLevel 1[0m _identify(script) by extension 'python_setup_py'
[0.416s] [34mcolcon.colcon_core.package_identification[0m [1;30mLevel 1[0m _identify(src) by extensions ['ignore', 'ignore_ament_install']
[0.417s] [34mcolcon.colcon_core.package_identification[0m [1;30mLevel 1[0m _identify(src) by extension 'ignore'
[0.417s] [34mcolcon.colcon_core.package_identification[0m [1;30mLevel 1[0m _identify(src) by extension 'ignore_ament_install'
[0.417s] [34mcolcon.colcon_core.package_identification[0m [1;30mLevel 1[0m _identify(src) by extensions ['colcon_pkg']
[0.417s] [34mcolcon.colcon_core.package_identification[0m [1;30mLevel 1[0m _identify(src) by extension 'colcon_pkg'
[0.417s] [34mcolcon.colcon_core.package_identification[0m [1;30mLevel 1[0m _identify(src) by extensions ['colcon_meta']
[0.417s] [34mcolcon.colcon_core.package_identification[0m [1;30mLevel 1[0m _identify(src) by extension 'colcon_meta'
[0.417s] [34mcolcon.colcon_core.package_identification[0m [1;30mLevel 1[0m _identify(src) by extensions ['ros']
[0.417s] [34mcolcon.colcon_core.package_identification[0m [1;30mLevel 1[0m _identify(src) by extension 'ros'
[0.417s] [34mcolcon.colcon_core.package_identification[0m [1;30mLevel 1[0m _identify(src) by extensions ['cmake', 'python']
[0.417s] [34mcolcon.colcon_core.package_identification[0m [1;30mLevel 1[0m _identify(src) by extension 'cmake'
[0.417s] [34mcolcon.colcon_core.package_identification[0m [1;30mLevel 1[0m _identify(src) by extension 'python'
[0.417s] [34mcolcon.colcon_core.package_identification[0m [1;30mLevel 1[0m _identify(src) by extensions ['python_setup_py']
[0.417s] [34mcolcon.colcon_core.package_identification[0m [1;30mLevel 1[0m _identify(src) by extension 'python_setup_py'
[0.417s] [34mcolcon.colcon_core.package_identification[0m [1;30mLevel 1[0m _identify(src/car_t265) by extensions ['ignore', 'ignore_ament_install']
[0.417s] [34mcolcon.colcon_core.package_identification[0m [1;30mLevel 1[0m _identify(src/car_t265) by extension 'ignore'
[0.418s] [34mcolcon.colcon_core.package_identification[0m [1;30mLevel 1[0m _identify(src/car_t265) by extension 'ignore_ament_install'
[0.418s] [34mcolcon.colcon_core.package_identification[0m [1;30mLevel 1[0m _identify(src/car_t265) by extensions ['colcon_pkg']
[0.418s] [34mcolcon.colcon_core.package_identification[0m [1;30mLevel 1[0m _identify(src/car_t265) by extension 'colcon_pkg'
[0.418s] [34mcolcon.colcon_core.package_identification[0m [1;30mLevel 1[0m _identify(src/car_t265) by extensions ['colcon_meta']
[0.418s] [34mcolcon.colcon_core.package_identification[0m [1;30mLevel 1[0m _identify(src/car_t265) by extension 'colcon_meta'
[0.418s] [34mcolcon.colcon_core.package_identification[0m [1;30mLevel 1[0m _identify(src/car_t265) by extensions ['ros']
[0.418s] [34mcolcon.colcon_core.package_identification[0m [1;30mLevel 1[0m _identify(src/car_t265) by extension 'ros'
[0.422s] [34mcolcon.colcon_core.package_identification[0m [1;30mDEBUG[0m [32mPackage 'src/car_t265' with type 'ros.ament_python' and name 'car_t265'[0m
[0.422s] [34mcolcon.colcon_core.package_identification[0m [1;30mLevel 1[0m _identify(src/lanhailidar_ros_ws) by extensions ['ignore', 'ignore_ament_install']
[0.423s] [34mcolcon.colcon_core.package_identification[0m [1;30mLevel 1[0m _identify(src/lanhailidar_ros_ws) by extension 'ignore'
[0.423s] [34mcolcon.colcon_core.package_identification[0m [1;30mLevel 1[0m _identify(src/lanhailidar_ros_ws) by extension 'ignore_ament_install'
[0.423s] [34mcolcon.colcon_core.package_identification[0m [1;30mLevel 1[0m _identify(src/lanhailidar_ros_ws) by extensions ['colcon_pkg']
[0.423s] [34mcolcon.colcon_core.package_identification[0m [1;30mLevel 1[0m _identify(src/lanhailidar_ros_ws) by extension 'colcon_pkg'
[0.423s] [34mcolcon.colcon_core.package_identification[0m [1;30mLevel 1[0m _identify(src/lanhailidar_ros_ws) by extensions ['colcon_meta']
[0.423s] [34mcolcon.colcon_core.package_identification[0m [1;30mLevel 1[0m _identify(src/lanhailidar_ros_ws) by extension 'colcon_meta'
[0.423s] [34mcolcon.colcon_core.package_identification[0m [1;30mLevel 1[0m _identify(src/lanhailidar_ros_ws) by extensions ['ros']
[0.423s] [34mcolcon.colcon_core.package_identification[0m [1;30mLevel 1[0m _identify(src/lanhailidar_ros_ws) by extension 'ros'
[0.423s] [34mcolcon.colcon_core.package_identification[0m [1;30mLevel 1[0m _identify(src/lanhailidar_ros_ws) by extensions ['cmake', 'python']
[0.423s] [34mcolcon.colcon_core.package_identification[0m [1;30mLevel 1[0m _identify(src/lanhailidar_ros_ws) by extension 'cmake'
[0.423s] [34mcolcon.colcon_core.package_identification[0m [1;30mLevel 1[0m _identify(src/lanhailidar_ros_ws) by extension 'python'
[0.423s] [34mcolcon.colcon_core.package_identification[0m [1;30mLevel 1[0m _identify(src/lanhailidar_ros_ws) by extensions ['python_setup_py']
[0.423s] [34mcolcon.colcon_core.package_identification[0m [1;30mLevel 1[0m _identify(src/lanhailidar_ros_ws) by extension 'python_setup_py'
[0.423s] [34mcolcon.colcon_core.package_identification[0m [1;30mLevel 1[0m _identify(src/lanhailidar_ros_ws/src) by extensions ['ignore', 'ignore_ament_install']
[0.424s] [34mcolcon.colcon_core.package_identification[0m [1;30mLevel 1[0m _identify(src/lanhailidar_ros_ws/src) by extension 'ignore'
[0.424s] [34mcolcon.colcon_core.package_identification[0m [1;30mLevel 1[0m _identify(src/lanhailidar_ros_ws/src) by extension 'ignore_ament_install'
[0.424s] [34mcolcon.colcon_core.package_identification[0m [1;30mLevel 1[0m _identify(src/lanhailidar_ros_ws/src) by extensions ['colcon_pkg']
[0.424s] [34mcolcon.colcon_core.package_identification[0m [1;30mLevel 1[0m _identify(src/lanhailidar_ros_ws/src) by extension 'colcon_pkg'
[0.424s] [34mcolcon.colcon_core.package_identification[0m [1;30mLevel 1[0m _identify(src/lanhailidar_ros_ws/src) by extensions ['colcon_meta']
[0.424s] [34mcolcon.colcon_core.package_identification[0m [1;30mLevel 1[0m _identify(src/lanhailidar_ros_ws/src) by extension 'colcon_meta'
[0.424s] [34mcolcon.colcon_core.package_identification[0m [1;30mLevel 1[0m _identify(src/lanhailidar_ros_ws/src) by extensions ['ros']
[0.424s] [34mcolcon.colcon_core.package_identification[0m [1;30mLevel 1[0m _identify(src/lanhailidar_ros_ws/src) by extension 'ros'
[0.424s] [34mcolcon.colcon_core.package_identification[0m [1;30mLevel 1[0m _identify(src/lanhailidar_ros_ws/src) by extensions ['cmake', 'python']
[0.424s] [34mcolcon.colcon_core.package_identification[0m [1;30mLevel 1[0m _identify(src/lanhailidar_ros_ws/src) by extension 'cmake'
[0.425s] [34mcolcon.colcon_core.package_identification[0m [1;30mLevel 1[0m _identify(src/lanhailidar_ros_ws/src) by extension 'python'
[0.425s] [34mcolcon.colcon_core.package_identification[0m [1;30mLevel 1[0m _identify(src/lanhailidar_ros_ws/src) by extensions ['python_setup_py']
[0.425s] [34mcolcon.colcon_core.package_identification[0m [1;30mLevel 1[0m _identify(src/lanhailidar_ros_ws/src) by extension 'python_setup_py'
[0.425s] [34mcolcon.colcon_core.package_identification[0m [1;30mLevel 1[0m _identify(src/lanhailidar_ros_ws/src/bluesea-ros2-main) by extensions ['ignore', 'ignore_ament_install']
[0.425s] [34mcolcon.colcon_core.package_identification[0m [1;30mLevel 1[0m _identify(src/lanhailidar_ros_ws/src/bluesea-ros2-main) by extension 'ignore'
[0.425s] [34mcolcon.colcon_core.package_identification[0m [1;30mLevel 1[0m _identify(src/lanhailidar_ros_ws/src/bluesea-ros2-main) by extension 'ignore_ament_install'
[0.425s] [34mcolcon.colcon_core.package_identification[0m [1;30mLevel 1[0m _identify(src/lanhailidar_ros_ws/src/bluesea-ros2-main) by extensions ['colcon_pkg']
[0.425s] [34mcolcon.colcon_core.package_identification[0m [1;30mLevel 1[0m _identify(src/lanhailidar_ros_ws/src/bluesea-ros2-main) by extension 'colcon_pkg'
[0.425s] [34mcolcon.colcon_core.package_identification[0m [1;30mLevel 1[0m _identify(src/lanhailidar_ros_ws/src/bluesea-ros2-main) by extensions ['colcon_meta']
[0.425s] [34mcolcon.colcon_core.package_identification[0m [1;30mLevel 1[0m _identify(src/lanhailidar_ros_ws/src/bluesea-ros2-main) by extension 'colcon_meta'
[0.425s] [34mcolcon.colcon_core.package_identification[0m [1;30mLevel 1[0m _identify(src/lanhailidar_ros_ws/src/bluesea-ros2-main) by extensions ['ros']
[0.426s] [34mcolcon.colcon_core.package_identification[0m [1;30mLevel 1[0m _identify(src/lanhailidar_ros_ws/src/bluesea-ros2-main) by extension 'ros'
[0.426s] [34mcolcon.colcon_core.package_identification[0m [1;30mLevel 1[0m _identify(src/lanhailidar_ros_ws/src/bluesea-ros2-main) by extensions ['cmake', 'python']
[0.426s] [34mcolcon.colcon_core.package_identification[0m [1;30mLevel 1[0m _identify(src/lanhailidar_ros_ws/src/bluesea-ros2-main) by extension 'cmake'
[0.426s] [34mcolcon.colcon_core.package_identification[0m [1;30mLevel 1[0m _identify(src/lanhailidar_ros_ws/src/bluesea-ros2-main) by extension 'python'
[0.426s] [34mcolcon.colcon_core.package_identification[0m [1;30mLevel 1[0m _identify(src/lanhailidar_ros_ws/src/bluesea-ros2-main) by extensions ['python_setup_py']
[0.426s] [34mcolcon.colcon_core.package_identification[0m [1;30mLevel 1[0m _identify(src/lanhailidar_ros_ws/src/bluesea-ros2-main) by extension 'python_setup_py'
[0.426s] [34mcolcon.colcon_core.package_identification[0m [1;30mLevel 1[0m _identify(src/lanhailidar_ros_ws/src/bluesea-ros2-main/base) by extensions ['ignore', 'ignore_ament_install']
[0.426s] [34mcolcon.colcon_core.package_identification[0m [1;30mLevel 1[0m _identify(src/lanhailidar_ros_ws/src/bluesea-ros2-main/base) by extension 'ignore'
[0.426s] [34mcolcon.colcon_core.package_identification[0m [1;30mLevel 1[0m _identify(src/lanhailidar_ros_ws/src/bluesea-ros2-main/base) by extension 'ignore_ament_install'
[0.426s] [34mcolcon.colcon_core.package_identification[0m [1;30mLevel 1[0m _identify(src/lanhailidar_ros_ws/src/bluesea-ros2-main/base) by extensions ['colcon_pkg']
[0.426s] [34mcolcon.colcon_core.package_identification[0m [1;30mLevel 1[0m _identify(src/lanhailidar_ros_ws/src/bluesea-ros2-main/base) by extension 'colcon_pkg'
[0.426s] [34mcolcon.colcon_core.package_identification[0m [1;30mLevel 1[0m _identify(src/lanhailidar_ros_ws/src/bluesea-ros2-main/base) by extensions ['colcon_meta']
[0.426s] [34mcolcon.colcon_core.package_identification[0m [1;30mLevel 1[0m _identify(src/lanhailidar_ros_ws/src/bluesea-ros2-main/base) by extension 'colcon_meta'
[0.427s] [34mcolcon.colcon_core.package_identification[0m [1;30mLevel 1[0m _identify(src/lanhailidar_ros_ws/src/bluesea-ros2-main/base) by extensions ['ros']
[0.427s] [34mcolcon.colcon_core.package_identification[0m [1;30mLevel 1[0m _identify(src/lanhailidar_ros_ws/src/bluesea-ros2-main/base) by extension 'ros'
[0.428s] [34mcolcon.colcon_core.package_identification[0m [1;30mDEBUG[0m [32mPackage 'src/lanhailidar_ros_ws/src/bluesea-ros2-main/base' with type 'ros.ament_cmake' and name 'base'[0m
[0.428s] [34mcolcon.colcon_core.package_identification[0m [1;30mLevel 1[0m _identify(src/lanhailidar_ros_ws/src/bluesea-ros2-main/bluesea-ros2) by extensions ['ignore', 'ignore_ament_install']
[0.428s] [34mcolcon.colcon_core.package_identification[0m [1;30mLevel 1[0m _identify(src/lanhailidar_ros_ws/src/bluesea-ros2-main/bluesea-ros2) by extension 'ignore'
[0.428s] [34mcolcon.colcon_core.package_identification[0m [1;30mLevel 1[0m _identify(src/lanhailidar_ros_ws/src/bluesea-ros2-main/bluesea-ros2) by extension 'ignore_ament_install'
[0.428s] [34mcolcon.colcon_core.package_identification[0m [1;30mLevel 1[0m _identify(src/lanhailidar_ros_ws/src/bluesea-ros2-main/bluesea-ros2) by extensions ['colcon_pkg']
[0.428s] [34mcolcon.colcon_core.package_identification[0m [1;30mLevel 1[0m _identify(src/lanhailidar_ros_ws/src/bluesea-ros2-main/bluesea-ros2) by extension 'colcon_pkg'
[0.428s] [34mcolcon.colcon_core.package_identification[0m [1;30mLevel 1[0m _identify(src/lanhailidar_ros_ws/src/bluesea-ros2-main/bluesea-ros2) by extensions ['colcon_meta']
[0.428s] [34mcolcon.colcon_core.package_identification[0m [1;30mLevel 1[0m _identify(src/lanhailidar_ros_ws/src/bluesea-ros2-main/bluesea-ros2) by extension 'colcon_meta'
[0.428s] [34mcolcon.colcon_core.package_identification[0m [1;30mLevel 1[0m _identify(src/lanhailidar_ros_ws/src/bluesea-ros2-main/bluesea-ros2) by extensions ['ros']
[0.428s] [34mcolcon.colcon_core.package_identification[0m [1;30mLevel 1[0m _identify(src/lanhailidar_ros_ws/src/bluesea-ros2-main/bluesea-ros2) by extension 'ros'
[0.430s] [34mcolcon.colcon_core.package_identification[0m [1;30mDEBUG[0m [32mPackage 'src/lanhailidar_ros_ws/src/bluesea-ros2-main/bluesea-ros2' with type 'ros.ament_cmake' and name 'bluesea2'[0m
[0.430s] [34mcolcon.colcon_core.package_identification[0m [1;30mLevel 1[0m _identify(src/laser_shotting_car) by extensions ['ignore', 'ignore_ament_install']
[0.430s] [34mcolcon.colcon_core.package_identification[0m [1;30mLevel 1[0m _identify(src/laser_shotting_car) by extension 'ignore'
[0.430s] [34mcolcon.colcon_core.package_identification[0m [1;30mLevel 1[0m _identify(src/laser_shotting_car) by extension 'ignore_ament_install'
[0.430s] [34mcolcon.colcon_core.package_identification[0m [1;30mLevel 1[0m _identify(src/laser_shotting_car) by extensions ['colcon_pkg']
[0.430s] [34mcolcon.colcon_core.package_identification[0m [1;30mLevel 1[0m _identify(src/laser_shotting_car) by extension 'colcon_pkg'
[0.430s] [34mcolcon.colcon_core.package_identification[0m [1;30mLevel 1[0m _identify(src/laser_shotting_car) by extensions ['colcon_meta']
[0.430s] [34mcolcon.colcon_core.package_identification[0m [1;30mLevel 1[0m _identify(src/laser_shotting_car) by extension 'colcon_meta'
[0.430s] [34mcolcon.colcon_core.package_identification[0m [1;30mLevel 1[0m _identify(src/laser_shotting_car) by extensions ['ros']
[0.430s] [34mcolcon.colcon_core.package_identification[0m [1;30mLevel 1[0m _identify(src/laser_shotting_car) by extension 'ros'
[0.432s] [34mcolcon.colcon_core.package_identification[0m [1;30mDEBUG[0m [32mPackage 'src/laser_shotting_car' with type 'ros.ament_python' and name 'laser_shotting_car'[0m
[0.432s] [34mcolcon.colcon_core.package_discovery[0m [1;30mLevel 1[0m discover_packages(recursive) using defaults
[0.432s] [34mcolcon.colcon_core.package_discovery[0m [1;30mLevel 1[0m discover_packages(ignore) discover
[0.432s] [34mcolcon.colcon_core.package_discovery[0m [1;30mLevel 1[0m discover_packages(ignore) using defaults
[0.432s] [34mcolcon.colcon_core.package_discovery[0m [1;30mLevel 1[0m discover_packages(path) discover
[0.432s] [34mcolcon.colcon_core.package_discovery[0m [1;30mLevel 1[0m discover_packages(path) using defaults
[0.481s] [34mcolcon.colcon_core.verb[0m [1;30mLevel 5[0m set package 'base' build argument 'cmake_args' from command line to 'None'
[0.481s] [34mcolcon.colcon_core.verb[0m [1;30mLevel 5[0m set package 'base' build argument 'cmake_target' from command line to 'None'
[0.481s] [34mcolcon.colcon_core.verb[0m [1;30mLevel 5[0m set package 'base' build argument 'cmake_target_skip_unavailable' from command line to 'False'
[0.481s] [34mcolcon.colcon_core.verb[0m [1;30mLevel 5[0m set package 'base' build argument 'cmake_clean_cache' from command line to 'False'
[0.481s] [34mcolcon.colcon_core.verb[0m [1;30mLevel 5[0m set package 'base' build argument 'cmake_clean_first' from command line to 'False'
[0.481s] [34mcolcon.colcon_core.verb[0m [1;30mLevel 5[0m set package 'base' build argument 'cmake_force_configure' from command line to 'False'
[0.481s] [34mcolcon.colcon_core.verb[0m [1;30mLevel 5[0m set package 'base' build argument 'ament_cmake_args' from command line to 'None'
[0.481s] [34mcolcon.colcon_core.verb[0m [1;30mLevel 5[0m set package 'base' build argument 'catkin_cmake_args' from command line to 'None'
[0.481s] [34mcolcon.colcon_core.verb[0m [1;30mLevel 5[0m set package 'base' build argument 'catkin_skip_building_tests' from command line to 'False'
[0.481s] [34mcolcon.colcon_core.verb[0m [1;30mDEBUG[0m [32mBuilding package 'base' with the following arguments: {'ament_cmake_args': None, 'build_base': '/home/orangepi/ros2_workspace/school_competition/build/base', 'catkin_cmake_args': None, 'catkin_skip_building_tests': False, 'cmake_args': None, 'cmake_clean_cache': False, 'cmake_clean_first': False, 'cmake_force_configure': False, 'cmake_target': None, 'cmake_target_skip_unavailable': False, 'install_base': '/home/orangepi/ros2_workspace/school_competition/install', 'merge_install': True, 'path': '/home/orangepi/ros2_workspace/school_competition/src/lanhailidar_ros_ws/src/bluesea-ros2-main/base', 'symlink_install': False, 'test_result_base': None}[0m
[0.482s] [34mcolcon.colcon_core.verb[0m [1;30mLevel 5[0m set package 'car_t265' build argument 'cmake_args' from command line to 'None'
[0.482s] [34mcolcon.colcon_core.verb[0m [1;30mLevel 5[0m set package 'car_t265' build argument 'cmake_target' from command line to 'None'
[0.482s] [34mcolcon.colcon_core.verb[0m [1;30mLevel 5[0m set package 'car_t265' build argument 'cmake_target_skip_unavailable' from command line to 'False'
[0.482s] [34mcolcon.colcon_core.verb[0m [1;30mLevel 5[0m set package 'car_t265' build argument 'cmake_clean_cache' from command line to 'False'
[0.482s] [34mcolcon.colcon_core.verb[0m [1;30mLevel 5[0m set package 'car_t265' build argument 'cmake_clean_first' from command line to 'False'
[0.482s] [34mcolcon.colcon_core.verb[0m [1;30mLevel 5[0m set package 'car_t265' build argument 'cmake_force_configure' from command line to 'False'
[0.482s] [34mcolcon.colcon_core.verb[0m [1;30mLevel 5[0m set package 'car_t265' build argument 'ament_cmake_args' from command line to 'None'
[0.482s] [34mcolcon.colcon_core.verb[0m [1;30mLevel 5[0m set package 'car_t265' build argument 'catkin_cmake_args' from command line to 'None'
[0.482s] [34mcolcon.colcon_core.verb[0m [1;30mLevel 5[0m set package 'car_t265' build argument 'catkin_skip_building_tests' from command line to 'False'
[0.482s] [34mcolcon.colcon_core.verb[0m [1;30mDEBUG[0m [32mBuilding package 'car_t265' with the following arguments: {'ament_cmake_args': None, 'build_base': '/home/orangepi/ros2_workspace/school_competition/build/car_t265', 'catkin_cmake_args': None, 'catkin_skip_building_tests': False, 'cmake_args': None, 'cmake_clean_cache': False, 'cmake_clean_first': False, 'cmake_force_configure': False, 'cmake_target': None, 'cmake_target_skip_unavailable': False, 'install_base': '/home/orangepi/ros2_workspace/school_competition/install', 'merge_install': True, 'path': '/home/orangepi/ros2_workspace/school_competition/src/car_t265', 'symlink_install': False, 'test_result_base': None}[0m
[0.483s] [34mcolcon.colcon_core.verb[0m [1;30mLevel 5[0m set package 'laser_shotting_car' build argument 'cmake_args' from command line to 'None'
[0.483s] [34mcolcon.colcon_core.verb[0m [1;30mLevel 5[0m set package 'laser_shotting_car' build argument 'cmake_target' from command line to 'None'
[0.483s] [34mcolcon.colcon_core.verb[0m [1;30mLevel 5[0m set package 'laser_shotting_car' build argument 'cmake_target_skip_unavailable' from command line to 'False'
[0.483s] [34mcolcon.colcon_core.verb[0m [1;30mLevel 5[0m set package 'laser_shotting_car' build argument 'cmake_clean_cache' from command line to 'False'
[0.483s] [34mcolcon.colcon_core.verb[0m [1;30mLevel 5[0m set package 'laser_shotting_car' build argument 'cmake_clean_first' from command line to 'False'
[0.483s] [34mcolcon.colcon_core.verb[0m [1;30mLevel 5[0m set package 'laser_shotting_car' build argument 'cmake_force_configure' from command line to 'False'
[0.483s] [34mcolcon.colcon_core.verb[0m [1;30mLevel 5[0m set package 'laser_shotting_car' build argument 'ament_cmake_args' from command line to 'None'
[0.483s] [34mcolcon.colcon_core.verb[0m [1;30mLevel 5[0m set package 'laser_shotting_car' build argument 'catkin_cmake_args' from command line to 'None'
[0.483s] [34mcolcon.colcon_core.verb[0m [1;30mLevel 5[0m set package 'laser_shotting_car' build argument 'catkin_skip_building_tests' from command line to 'False'
[0.483s] [34mcolcon.colcon_core.verb[0m [1;30mDEBUG[0m [32mBuilding package 'laser_shotting_car' with the following arguments: {'ament_cmake_args': None, 'build_base': '/home/orangepi/ros2_workspace/school_competition/build/laser_shotting_car', 'catkin_cmake_args': None, 'catkin_skip_building_tests': False, 'cmake_args': None, 'cmake_clean_cache': False, 'cmake_clean_first': False, 'cmake_force_configure': False, 'cmake_target': None, 'cmake_target_skip_unavailable': False, 'install_base': '/home/orangepi/ros2_workspace/school_competition/install', 'merge_install': True, 'path': '/home/orangepi/ros2_workspace/school_competition/src/laser_shotting_car', 'symlink_install': False, 'test_result_base': None}[0m
[0.483s] [34mcolcon.colcon_core.verb[0m [1;30mLevel 5[0m set package 'bluesea2' build argument 'cmake_args' from command line to 'None'
[0.484s] [34mcolcon.colcon_core.verb[0m [1;30mLevel 5[0m set package 'bluesea2' build argument 'cmake_target' from command line to 'None'
[0.484s] [34mcolcon.colcon_core.verb[0m [1;30mLevel 5[0m set package 'bluesea2' build argument 'cmake_target_skip_unavailable' from command line to 'False'
[0.484s] [34mcolcon.colcon_core.verb[0m [1;30mLevel 5[0m set package 'bluesea2' build argument 'cmake_clean_cache' from command line to 'False'
[0.484s] [34mcolcon.colcon_core.verb[0m [1;30mLevel 5[0m set package 'bluesea2' build argument 'cmake_clean_first' from command line to 'False'
[0.484s] [34mcolcon.colcon_core.verb[0m [1;30mLevel 5[0m set package 'bluesea2' build argument 'cmake_force_configure' from command line to 'False'
[0.484s] [34mcolcon.colcon_core.verb[0m [1;30mLevel 5[0m set package 'bluesea2' build argument 'ament_cmake_args' from command line to 'None'
[0.484s] [34mcolcon.colcon_core.verb[0m [1;30mLevel 5[0m set package 'bluesea2' build argument 'catkin_cmake_args' from command line to 'None'
[0.484s] [34mcolcon.colcon_core.verb[0m [1;30mLevel 5[0m set package 'bluesea2' build argument 'catkin_skip_building_tests' from command line to 'False'
[0.484s] [34mcolcon.colcon_core.verb[0m [1;30mDEBUG[0m [32mBuilding package 'bluesea2' with the following arguments: {'ament_cmake_args': None, 'build_base': '/home/orangepi/ros2_workspace/school_competition/build/bluesea2', 'catkin_cmake_args': None, 'catkin_skip_building_tests': False, 'cmake_args': None, 'cmake_clean_cache': False, 'cmake_clean_first': False, 'cmake_force_configure': False, 'cmake_target': None, 'cmake_target_skip_unavailable': False, 'install_base': '/home/orangepi/ros2_workspace/school_competition/install', 'merge_install': True, 'path': '/home/orangepi/ros2_workspace/school_competition/src/lanhailidar_ros_ws/src/bluesea-ros2-main/bluesea-ros2', 'symlink_install': False, 'test_result_base': None}[0m
[0.484s] [34mcolcon.colcon_core.executor[0m [1;30mINFO[0m Executing jobs using 'parallel' executor
[0.485s] [34mcolcon.colcon_parallel_executor.executor.parallel[0m [1;30mDEBUG[0m [32mrun_until_complete[0m
[0.486s] [34mcolcon.colcon_ros.task.ament_cmake.build[0m [1;30mINFO[0m Building ROS package in '/home/orangepi/ros2_workspace/school_competition/src/lanhailidar_ros_ws/src/bluesea-ros2-main/base' with build type 'ament_cmake'
[0.486s] [34mcolcon.colcon_cmake.task.cmake.build[0m [1;30mINFO[0m Building CMake package in '/home/orangepi/ros2_workspace/school_competition/src/lanhailidar_ros_ws/src/bluesea-ros2-main/base'
[0.493s] [34mcolcon.colcon_core.plugin_system[0m [1;30mINFO[0m Skipping extension 'colcon_core.shell.bat': Not used on non-Windows systems
[0.494s] [34mcolcon.colcon_core.shell[0m [1;30mINFO[0m Skip shell extension 'powershell' for command environment: Not usable outside of PowerShell
[0.494s] [34mcolcon.colcon_core.shell[0m [1;30mDEBUG[0m [32mSkip shell extension 'dsv' for command environment[0m
[0.501s] [34mcolcon.colcon_ros.task.ament_python.build[0m [1;30mINFO[0m Building ROS package in '/home/orangepi/ros2_workspace/school_competition/src/car_t265' with build type 'ament_python'
[0.501s] [34mcolcon.colcon_core.shell[0m [1;30mLevel 1[0m create_environment_hook('car_t265', 'ament_prefix_path')
[0.502s] [34mcolcon.colcon_core.shell[0m [1;30mINFO[0m Creating environment hook '/home/orangepi/ros2_workspace/school_competition/install/share/car_t265/hook/ament_prefix_path.ps1'
[0.506s] [34mcolcon.colcon_core.shell[0m [1;30mINFO[0m Creating environment descriptor '/home/orangepi/ros2_workspace/school_competition/install/share/car_t265/hook/ament_prefix_path.dsv'
[0.507s] [34mcolcon.colcon_core.shell[0m [1;30mINFO[0m Creating environment hook '/home/orangepi/ros2_workspace/school_competition/install/share/car_t265/hook/ament_prefix_path.sh'
[0.508s] [34mcolcon.colcon_core.shell[0m [1;30mINFO[0m Skip shell extension 'powershell' for command environment: Not usable outside of PowerShell
[0.508s] [34mcolcon.colcon_core.shell[0m [1;30mDEBUG[0m [32mSkip shell extension 'dsv' for command environment[0m
[0.514s] [34mcolcon.colcon_ros.task.ament_python.build[0m [1;30mINFO[0m Building ROS package in '/home/orangepi/ros2_workspace/school_competition/src/laser_shotting_car' with build type 'ament_python'
[0.514s] [34mcolcon.colcon_core.shell[0m [1;30mLevel 1[0m create_environment_hook('laser_shotting_car', 'ament_prefix_path')
[0.514s] [34mcolcon.colcon_core.shell[0m [1;30mINFO[0m Creating environment hook '/home/orangepi/ros2_workspace/school_competition/install/share/laser_shotting_car/hook/ament_prefix_path.ps1'
[0.516s] [34mcolcon.colcon_core.shell[0m [1;30mINFO[0m Creating environment descriptor '/home/orangepi/ros2_workspace/school_competition/install/share/laser_shotting_car/hook/ament_prefix_path.dsv'
[0.517s] [34mcolcon.colcon_core.shell[0m [1;30mINFO[0m Creating environment hook '/home/orangepi/ros2_workspace/school_competition/install/share/laser_shotting_car/hook/ament_prefix_path.sh'
[0.518s] [34mcolcon.colcon_core.shell[0m [1;30mINFO[0m Skip shell extension 'powershell' for command environment: Not usable outside of PowerShell
[0.518s] [34mcolcon.colcon_core.shell[0m [1;30mDEBUG[0m [32mSkip shell extension 'dsv' for command environment[0m
[0.532s] [34mcolcon.colcon_core.event_handler.log_command[0m [1;30mDEBUG[0m [32mInvoking command in '/home/orangepi/ros2_workspace/school_competition/build/base': CMAKE_PREFIX_PATH=${CMAKE_PREFIX_PATH}:/root/lanhailidar_ros_ws/install/scan_subscriber:/opt/ros/humble /usr/bin/cmake --build /home/orangepi/ros2_workspace/school_competition/build/base -- -j8 -l8[0m
[0.953s] [34mcolcon.colcon_core.task.python.build[0m [1;30mINFO[0m Building Python package in '/home/orangepi/ros2_workspace/school_competition/src/car_t265'
[0.953s] [34mcolcon.colcon_core.shell[0m [1;30mINFO[0m Skip shell extension 'powershell' for command environment: Not usable outside of PowerShell
[0.954s] [34mcolcon.colcon_core.shell[0m [1;30mDEBUG[0m [32mSkip shell extension 'dsv' for command environment[0m
[1.429s] [34mcolcon.colcon_core.task.python.build[0m [1;30mINFO[0m Building Python package in '/home/orangepi/ros2_workspace/school_competition/src/laser_shotting_car'
[1.430s] [34mcolcon.colcon_core.shell[0m [1;30mINFO[0m Skip shell extension 'powershell' for command environment: Not usable outside of PowerShell
[1.430s] [34mcolcon.colcon_core.shell[0m [1;30mDEBUG[0m [32mSkip shell extension 'dsv' for command environment[0m
[1.469s] [34mcolcon.colcon_core.event_handler.log_command[0m [1;30mDEBUG[0m [32mInvoked command in '/home/orangepi/ros2_workspace/school_competition/build/base' returned '0': CMAKE_PREFIX_PATH=${CMAKE_PREFIX_PATH}:/root/lanhailidar_ros_ws/install/scan_subscriber:/opt/ros/humble /usr/bin/cmake --build /home/orangepi/ros2_workspace/school_competition/build/base -- -j8 -l8[0m
[1.514s] [34mcolcon.colcon_core.event_handler.log_command[0m [1;30mDEBUG[0m [32mInvoking command in '/home/orangepi/ros2_workspace/school_competition/build/base': CMAKE_PREFIX_PATH=${CMAKE_PREFIX_PATH}:/root/lanhailidar_ros_ws/install/scan_subscriber:/opt/ros/humble /usr/bin/cmake --install /home/orangepi/ros2_workspace/school_competition/build/base[0m
[1.718s] [34mcolcon.colcon_core.environment[0m [1;30mLevel 1[0m create_environment_scripts_only(base)
[1.723s] [34mcolcon.colcon_core.environment[0m [1;30mLevel 1[0m checking '/home/orangepi/ros2_workspace/school_competition/install' for CMake module files
[1.725s] [34mcolcon.colcon_core.environment[0m [1;30mLevel 1[0m checking '/home/orangepi/ros2_workspace/school_competition/install' for CMake config files
[1.728s] [34mcolcon.colcon_core.shell[0m [1;30mLevel 1[0m create_environment_hook('base', 'cmake_prefix_path')
[1.729s] [34mcolcon.colcon_core.shell[0m [1;30mINFO[0m Creating environment hook '/home/orangepi/ros2_workspace/school_competition/install/share/base/hook/cmake_prefix_path.ps1'
[1.731s] [34mcolcon.colcon_core.shell[0m [1;30mINFO[0m Creating environment descriptor '/home/orangepi/ros2_workspace/school_competition/install/share/base/hook/cmake_prefix_path.dsv'
[1.733s] [34mcolcon.colcon_core.event_handler.log_command[0m [1;30mDEBUG[0m [32mInvoked command in '/home/orangepi/ros2_workspace/school_competition/build/base' returned '0': CMAKE_PREFIX_PATH=${CMAKE_PREFIX_PATH}:/root/lanhailidar_ros_ws/install/scan_subscriber:/opt/ros/humble /usr/bin/cmake --install /home/orangepi/ros2_workspace/school_competition/build/base[0m
[1.738s] [34mcolcon.colcon_core.shell[0m [1;30mINFO[0m Creating environment hook '/home/orangepi/ros2_workspace/school_competition/install/share/base/hook/cmake_prefix_path.sh'
[1.739s] [34mcolcon.colcon_core.environment[0m [1;30mLevel 1[0m checking '/home/orangepi/ros2_workspace/school_competition/install/lib'
[1.740s] [34mcolcon.colcon_core.shell[0m [1;30mLevel 1[0m create_environment_hook('base', 'ld_library_path_lib')
[1.740s] [34mcolcon.colcon_core.shell[0m [1;30mINFO[0m Creating environment hook '/home/orangepi/ros2_workspace/school_competition/install/share/base/hook/ld_library_path_lib.ps1'
[1.742s] [34mcolcon.colcon_core.shell[0m [1;30mINFO[0m Creating environment descriptor '/home/orangepi/ros2_workspace/school_competition/install/share/base/hook/ld_library_path_lib.dsv'
[1.744s] [34mcolcon.colcon_core.shell[0m [1;30mINFO[0m Creating environment hook '/home/orangepi/ros2_workspace/school_competition/install/share/base/hook/ld_library_path_lib.sh'
[1.746s] [34mcolcon.colcon_core.environment[0m [1;30mLevel 1[0m checking '/home/orangepi/ros2_workspace/school_competition/install/bin'
[1.747s] [34mcolcon.colcon_core.environment[0m [1;30mLevel 1[0m checking '/home/orangepi/ros2_workspace/school_competition/install/lib/pkgconfig/base.pc'
[1.749s] [34mcolcon.colcon_core.environment[0m [1;30mLevel 1[0m checking '/home/orangepi/ros2_workspace/school_competition/install/lib/python3.10/site-packages'
[1.749s] [34mcolcon.colcon_core.shell[0m [1;30mLevel 1[0m create_environment_hook('base', 'pythonpath')
[1.750s] [34mcolcon.colcon_core.shell[0m [1;30mINFO[0m Creating environment hook '/home/orangepi/ros2_workspace/school_competition/install/share/base/hook/pythonpath.ps1'
[1.751s] [34mcolcon.colcon_core.shell[0m [1;30mINFO[0m Creating environment descriptor '/home/orangepi/ros2_workspace/school_competition/install/share/base/hook/pythonpath.dsv'
[1.754s] [34mcolcon.colcon_core.shell[0m [1;30mINFO[0m Creating environment hook '/home/orangepi/ros2_workspace/school_competition/install/share/base/hook/pythonpath.sh'
[1.758s] [34mcolcon.colcon_core.environment[0m [1;30mLevel 1[0m checking '/home/orangepi/ros2_workspace/school_competition/install/bin'
[1.759s] [34mcolcon.colcon_core.shell[0m [1;30mINFO[0m Creating package script '/home/orangepi/ros2_workspace/school_competition/install/share/base/package.ps1'
[1.763s] [34mcolcon.colcon_core.shell[0m [1;30mINFO[0m Creating package descriptor '/home/orangepi/ros2_workspace/school_competition/install/share/base/package.dsv'
[1.766s] [34mcolcon.colcon_core.shell[0m [1;30mINFO[0m Creating package script '/home/orangepi/ros2_workspace/school_competition/install/share/base/package.sh'
[1.771s] [34mcolcon.colcon_core.shell[0m [1;30mINFO[0m Creating package script '/home/orangepi/ros2_workspace/school_competition/install/share/base/package.bash'
[1.775s] [34mcolcon.colcon_core.shell[0m [1;30mINFO[0m Creating package script '/home/orangepi/ros2_workspace/school_competition/install/share/base/package.zsh'
[1.780s] [34mcolcon.colcon_core.environment[0m [1;30mLevel 1[0m create_file_with_runtime_dependencies(/home/orangepi/ros2_workspace/school_competition/install/share/colcon-core/packages/base)
[1.783s] [34mcolcon.colcon_core.environment[0m [1;30mLevel 1[0m create_environment_scripts_only(base)
[1.784s] [34mcolcon.colcon_core.environment[0m [1;30mLevel 1[0m checking '/home/orangepi/ros2_workspace/school_competition/install' for CMake module files
[1.787s] [34mcolcon.colcon_core.environment[0m [1;30mLevel 1[0m checking '/home/orangepi/ros2_workspace/school_competition/install' for CMake config files
[1.792s] [34mcolcon.colcon_core.shell[0m [1;30mLevel 1[0m create_environment_hook('base', 'cmake_prefix_path')
[1.793s] [34mcolcon.colcon_core.shell[0m [1;30mINFO[0m Creating environment hook '/home/orangepi/ros2_workspace/school_competition/install/share/base/hook/cmake_prefix_path.ps1'
[1.794s] [34mcolcon.colcon_core.shell[0m [1;30mINFO[0m Creating environment descriptor '/home/orangepi/ros2_workspace/school_competition/install/share/base/hook/cmake_prefix_path.dsv'
[1.801s] [34mcolcon.colcon_core.shell[0m [1;30mINFO[0m Creating environment hook '/home/orangepi/ros2_workspace/school_competition/install/share/base/hook/cmake_prefix_path.sh'
[1.802s] [34mcolcon.colcon_core.environment[0m [1;30mLevel 1[0m checking '/home/orangepi/ros2_workspace/school_competition/install/lib'
[1.802s] [34mcolcon.colcon_core.shell[0m [1;30mLevel 1[0m create_environment_hook('base', 'ld_library_path_lib')
[1.803s] [34mcolcon.colcon_core.shell[0m [1;30mINFO[0m Creating environment hook '/home/orangepi/ros2_workspace/school_competition/install/share/base/hook/ld_library_path_lib.ps1'
[1.804s] [34mcolcon.colcon_core.shell[0m [1;30mINFO[0m Creating environment descriptor '/home/orangepi/ros2_workspace/school_competition/install/share/base/hook/ld_library_path_lib.dsv'
[1.805s] [34mcolcon.colcon_core.shell[0m [1;30mINFO[0m Creating environment hook '/home/orangepi/ros2_workspace/school_competition/install/share/base/hook/ld_library_path_lib.sh'
[1.808s] [34mcolcon.colcon_core.environment[0m [1;30mLevel 1[0m checking '/home/orangepi/ros2_workspace/school_competition/install/bin'
[1.808s] [34mcolcon.colcon_core.environment[0m [1;30mLevel 1[0m checking '/home/orangepi/ros2_workspace/school_competition/install/lib/pkgconfig/base.pc'
[1.810s] [34mcolcon.colcon_core.environment[0m [1;30mLevel 1[0m checking '/home/orangepi/ros2_workspace/school_competition/install/lib/python3.10/site-packages'
[1.810s] [34mcolcon.colcon_core.shell[0m [1;30mLevel 1[0m create_environment_hook('base', 'pythonpath')
[1.811s] [34mcolcon.colcon_core.shell[0m [1;30mINFO[0m Creating environment hook '/home/orangepi/ros2_workspace/school_competition/install/share/base/hook/pythonpath.ps1'
[1.813s] [34mcolcon.colcon_core.shell[0m [1;30mINFO[0m Creating environment descriptor '/home/orangepi/ros2_workspace/school_competition/install/share/base/hook/pythonpath.dsv'
[1.815s] [34mcolcon.colcon_core.shell[0m [1;30mINFO[0m Creating environment hook '/home/orangepi/ros2_workspace/school_competition/install/share/base/hook/pythonpath.sh'
[1.820s] [34mcolcon.colcon_core.environment[0m [1;30mLevel 1[0m checking '/home/orangepi/ros2_workspace/school_competition/install/bin'
[1.823s] [34mcolcon.colcon_core.shell[0m [1;30mINFO[0m Creating package script '/home/orangepi/ros2_workspace/school_competition/install/share/base/package.ps1'
[1.830s] [34mcolcon.colcon_core.shell[0m [1;30mINFO[0m Creating package descriptor '/home/orangepi/ros2_workspace/school_competition/install/share/base/package.dsv'
[1.834s] [34mcolcon.colcon_core.shell[0m [1;30mINFO[0m Creating package script '/home/orangepi/ros2_workspace/school_competition/install/share/base/package.sh'
[1.837s] [34mcolcon.colcon_core.shell[0m [1;30mINFO[0m Creating package script '/home/orangepi/ros2_workspace/school_competition/install/share/base/package.bash'
[1.840s] [34mcolcon.colcon_core.shell[0m [1;30mINFO[0m Creating package script '/home/orangepi/ros2_workspace/school_competition/install/share/base/package.zsh'
[1.844s] [34mcolcon.colcon_core.environment[0m [1;30mLevel 1[0m create_file_with_runtime_dependencies(/home/orangepi/ros2_workspace/school_competition/install/share/colcon-core/packages/base)
[1.845s] [34mcolcon.colcon_ros.task.ament_cmake.build[0m [1;30mINFO[0m Building ROS package in '/home/orangepi/ros2_workspace/school_competition/src/lanhailidar_ros_ws/src/bluesea-ros2-main/bluesea-ros2' with build type 'ament_cmake'
[1.846s] [34mcolcon.colcon_cmake.task.cmake.build[0m [1;30mINFO[0m Building CMake package in '/home/orangepi/ros2_workspace/school_competition/src/lanhailidar_ros_ws/src/bluesea-ros2-main/bluesea-ros2'
[1.846s] [34mcolcon.colcon_core.shell[0m [1;30mINFO[0m Skip shell extension 'powershell' for command environment: Not usable outside of PowerShell
[1.846s] [34mcolcon.colcon_core.shell[0m [1;30mDEBUG[0m [32mSkip shell extension 'dsv' for command environment[0m
[1.935s] [34mcolcon.colcon_core.event_handler.log_command[0m [1;30mDEBUG[0m [32mInvoking command in '/home/orangepi/ros2_workspace/school_competition/build/bluesea2': CMAKE_PREFIX_PATH=${CMAKE_PREFIX_PATH}:/root/lanhailidar_ros_ws/install/scan_subscriber:/opt/ros/humble PYTHONPATH=/home/orangepi/ros2_workspace/school_competition/install/lib/python3.10/site-packages:/home/orangepi/ros2_workspace/school_competition/install/local/lib/python3.10/dist-packages:/root/lanhailidar_ros_ws/install/scan_subscriber/lib/python3.10/site-packages:/root/lanhailidar_ros_ws/install/base/local/lib/python3.10/dist-packages:/opt/ros/humble/lib/python3.10/site-packages:/opt/ros/humble/local/lib/python3.10/dist-packages /usr/bin/cmake --build /home/orangepi/ros2_workspace/school_competition/build/bluesea2 -- -j8 -l8[0m
[2.116s] [34mcolcon.colcon_core.event_handler.log_command[0m [1;30mDEBUG[0m [32mInvoked command in '/home/orangepi/ros2_workspace/school_competition/build/bluesea2' returned '0': CMAKE_PREFIX_PATH=${CMAKE_PREFIX_PATH}:/root/lanhailidar_ros_ws/install/scan_subscriber:/opt/ros/humble PYTHONPATH=/home/orangepi/ros2_workspace/school_competition/install/lib/python3.10/site-packages:/home/orangepi/ros2_workspace/school_competition/install/local/lib/python3.10/dist-packages:/root/lanhailidar_ros_ws/install/scan_subscriber/lib/python3.10/site-packages:/root/lanhailidar_ros_ws/install/base/local/lib/python3.10/dist-packages:/opt/ros/humble/lib/python3.10/site-packages:/opt/ros/humble/local/lib/python3.10/dist-packages /usr/bin/cmake --build /home/orangepi/ros2_workspace/school_competition/build/bluesea2 -- -j8 -l8[0m
[2.130s] [34mcolcon.colcon_core.event_handler.log_command[0m [1;30mDEBUG[0m [32mInvoking command in '/home/orangepi/ros2_workspace/school_competition/build/bluesea2': CMAKE_PREFIX_PATH=${CMAKE_PREFIX_PATH}:/root/lanhailidar_ros_ws/install/scan_subscriber:/opt/ros/humble PYTHONPATH=/home/orangepi/ros2_workspace/school_competition/install/lib/python3.10/site-packages:/home/orangepi/ros2_workspace/school_competition/install/local/lib/python3.10/dist-packages:/root/lanhailidar_ros_ws/install/scan_subscriber/lib/python3.10/site-packages:/root/lanhailidar_ros_ws/install/base/local/lib/python3.10/dist-packages:/opt/ros/humble/lib/python3.10/site-packages:/opt/ros/humble/local/lib/python3.10/dist-packages /usr/bin/cmake --install /home/orangepi/ros2_workspace/school_competition/build/bluesea2[0m
[2.147s] [34mcolcon.colcon_core.event_handler.log_command[0m [1;30mDEBUG[0m [32mInvoking command in '/home/orangepi/ros2_workspace/school_competition/src/laser_shotting_car': PYTHONPATH=/home/orangepi/ros2_workspace/school_competition/build/laser_shotting_car/prefix_override:/usr/lib/python3/dist-packages/colcon_core/task/python/colcon_distutils_commands:/home/orangepi/ros2_workspace/school_competition/install/lib/python3.10/site-packages:${PYTHONPATH} /usr/bin/python3 -W ignore:setup.py install is deprecated -W ignore:easy_install command is deprecated setup.py egg_info --egg-base ../../build/laser_shotting_car build --build-base /home/orangepi/ros2_workspace/school_competition/build/laser_shotting_car/build install --record /home/orangepi/ros2_workspace/school_competition/build/laser_shotting_car/install.log --single-version-externally-managed install_data[0m
[2.162s] [34mcolcon.colcon_core.environment[0m [1;30mLevel 1[0m create_environment_scripts_only(bluesea2)
[2.164s] [34mcolcon.colcon_core.environment[0m [1;30mLevel 1[0m checking '/home/orangepi/ros2_workspace/school_competition/install' for CMake module files
[2.164s] [34mcolcon.colcon_core.environment[0m [1;30mLevel 1[0m checking '/home/orangepi/ros2_workspace/school_competition/install' for CMake config files
[2.166s] [34mcolcon.colcon_core.shell[0m [1;30mLevel 1[0m create_environment_hook('bluesea2', 'cmake_prefix_path')
[2.166s] [34mcolcon.colcon_core.shell[0m [1;30mINFO[0m Creating environment hook '/home/orangepi/ros2_workspace/school_competition/install/share/bluesea2/hook/cmake_prefix_path.ps1'
[2.167s] [34mcolcon.colcon_core.shell[0m [1;30mINFO[0m Creating environment descriptor '/home/orangepi/ros2_workspace/school_competition/install/share/bluesea2/hook/cmake_prefix_path.dsv'
[2.163s] [34mcolcon.colcon_core.event_handler.log_command[0m [1;30mDEBUG[0m [32mInvoked command in '/home/orangepi/ros2_workspace/school_competition/build/bluesea2' returned '0': CMAKE_PREFIX_PATH=${CMAKE_PREFIX_PATH}:/root/lanhailidar_ros_ws/install/scan_subscriber:/opt/ros/humble PYTHONPATH=/home/orangepi/ros2_workspace/school_competition/install/lib/python3.10/site-packages:/home/orangepi/ros2_workspace/school_competition/install/local/lib/python3.10/dist-packages:/root/lanhailidar_ros_ws/install/scan_subscriber/lib/python3.10/site-packages:/root/lanhailidar_ros_ws/install/base/local/lib/python3.10/dist-packages:/opt/ros/humble/lib/python3.10/site-packages:/opt/ros/humble/local/lib/python3.10/dist-packages /usr/bin/cmake --install /home/orangepi/ros2_workspace/school_competition/build/bluesea2[0m
[2.174s] [34mcolcon.colcon_core.shell[0m [1;30mINFO[0m Creating environment hook '/home/orangepi/ros2_workspace/school_competition/install/share/bluesea2/hook/cmake_prefix_path.sh'
[2.175s] [34mcolcon.colcon_core.environment[0m [1;30mLevel 1[0m checking '/home/orangepi/ros2_workspace/school_competition/install/lib'
[2.176s] [34mcolcon.colcon_core.shell[0m [1;30mLevel 1[0m create_environment_hook('bluesea2', 'ld_library_path_lib')
[2.176s] [34mcolcon.colcon_core.shell[0m [1;30mINFO[0m Creating environment hook '/home/orangepi/ros2_workspace/school_competition/install/share/bluesea2/hook/ld_library_path_lib.ps1'
[2.177s] [34mcolcon.colcon_core.shell[0m [1;30mINFO[0m Creating environment descriptor '/home/orangepi/ros2_workspace/school_competition/install/share/bluesea2/hook/ld_library_path_lib.dsv'
[2.178s] [34mcolcon.colcon_core.shell[0m [1;30mINFO[0m Creating environment hook '/home/orangepi/ros2_workspace/school_competition/install/share/bluesea2/hook/ld_library_path_lib.sh'
[2.179s] [34mcolcon.colcon_core.environment[0m [1;30mLevel 1[0m checking '/home/orangepi/ros2_workspace/school_competition/install/bin'
[2.179s] [34mcolcon.colcon_core.environment[0m [1;30mLevel 1[0m checking '/home/orangepi/ros2_workspace/school_competition/install/lib/pkgconfig/bluesea2.pc'
[2.179s] [34mcolcon.colcon_core.environment[0m [1;30mLevel 1[0m checking '/home/orangepi/ros2_workspace/school_competition/install/lib/python3.10/site-packages'
[2.180s] [34mcolcon.colcon_core.shell[0m [1;30mLevel 1[0m create_environment_hook('bluesea2', 'pythonpath')
[2.180s] [34mcolcon.colcon_core.shell[0m [1;30mINFO[0m Creating environment hook '/home/orangepi/ros2_workspace/school_competition/install/share/bluesea2/hook/pythonpath.ps1'
[2.181s] [34mcolcon.colcon_core.shell[0m [1;30mINFO[0m Creating environment descriptor '/home/orangepi/ros2_workspace/school_competition/install/share/bluesea2/hook/pythonpath.dsv'
[2.182s] [34mcolcon.colcon_core.shell[0m [1;30mINFO[0m Creating environment hook '/home/orangepi/ros2_workspace/school_competition/install/share/bluesea2/hook/pythonpath.sh'
[2.183s] [34mcolcon.colcon_core.environment[0m [1;30mLevel 1[0m checking '/home/orangepi/ros2_workspace/school_competition/install/bin'
[2.184s] [34mcolcon.colcon_core.shell[0m [1;30mINFO[0m Creating package script '/home/orangepi/ros2_workspace/school_competition/install/share/bluesea2/package.ps1'
[2.185s] [34mcolcon.colcon_core.shell[0m [1;30mINFO[0m Creating package descriptor '/home/orangepi/ros2_workspace/school_competition/install/share/bluesea2/package.dsv'
[2.187s] [34mcolcon.colcon_core.shell[0m [1;30mINFO[0m Creating package script '/home/orangepi/ros2_workspace/school_competition/install/share/bluesea2/package.sh'
[2.189s] [34mcolcon.colcon_core.shell[0m [1;30mINFO[0m Creating package script '/home/orangepi/ros2_workspace/school_competition/install/share/bluesea2/package.bash'
[2.190s] [34mcolcon.colcon_core.shell[0m [1;30mINFO[0m Creating package script '/home/orangepi/ros2_workspace/school_competition/install/share/bluesea2/package.zsh'
[2.192s] [34mcolcon.colcon_core.environment[0m [1;30mLevel 1[0m create_file_with_runtime_dependencies(/home/orangepi/ros2_workspace/school_competition/install/share/colcon-core/packages/bluesea2)
[2.194s] [34mcolcon.colcon_core.environment[0m [1;30mLevel 1[0m create_environment_scripts_only(bluesea2)
[2.194s] [34mcolcon.colcon_core.environment[0m [1;30mLevel 1[0m checking '/home/orangepi/ros2_workspace/school_competition/install' for CMake module files
[2.195s] [34mcolcon.colcon_core.environment[0m [1;30mLevel 1[0m checking '/home/orangepi/ros2_workspace/school_competition/install' for CMake config files
[2.197s] [34mcolcon.colcon_core.shell[0m [1;30mLevel 1[0m create_environment_hook('bluesea2', 'cmake_prefix_path')
[2.197s] [34mcolcon.colcon_core.shell[0m [1;30mINFO[0m Creating environment hook '/home/orangepi/ros2_workspace/school_competition/install/share/bluesea2/hook/cmake_prefix_path.ps1'
[2.198s] [34mcolcon.colcon_core.shell[0m [1;30mINFO[0m Creating environment descriptor '/home/orangepi/ros2_workspace/school_competition/install/share/bluesea2/hook/cmake_prefix_path.dsv'
[2.199s] [34mcolcon.colcon_core.shell[0m [1;30mINFO[0m Creating environment hook '/home/orangepi/ros2_workspace/school_competition/install/share/bluesea2/hook/cmake_prefix_path.sh'
[2.201s] [34mcolcon.colcon_core.environment[0m [1;30mLevel 1[0m checking '/home/orangepi/ros2_workspace/school_competition/install/lib'
[2.201s] [34mcolcon.colcon_core.shell[0m [1;30mLevel 1[0m create_environment_hook('bluesea2', 'ld_library_path_lib')
[2.201s] [34mcolcon.colcon_core.shell[0m [1;30mINFO[0m Creating environment hook '/home/orangepi/ros2_workspace/school_competition/install/share/bluesea2/hook/ld_library_path_lib.ps1'
[2.202s] [34mcolcon.colcon_core.shell[0m [1;30mINFO[0m Creating environment descriptor '/home/orangepi/ros2_workspace/school_competition/install/share/bluesea2/hook/ld_library_path_lib.dsv'
[2.204s] [34mcolcon.colcon_core.shell[0m [1;30mINFO[0m Creating environment hook '/home/orangepi/ros2_workspace/school_competition/install/share/bluesea2/hook/ld_library_path_lib.sh'
[2.206s] [34mcolcon.colcon_core.environment[0m [1;30mLevel 1[0m checking '/home/orangepi/ros2_workspace/school_competition/install/bin'
[2.206s] [34mcolcon.colcon_core.environment[0m [1;30mLevel 1[0m checking '/home/orangepi/ros2_workspace/school_competition/install/lib/pkgconfig/bluesea2.pc'
[2.206s] [34mcolcon.colcon_core.environment[0m [1;30mLevel 1[0m checking '/home/orangepi/ros2_workspace/school_competition/install/lib/python3.10/site-packages'
[2.207s] [34mcolcon.colcon_core.shell[0m [1;30mLevel 1[0m create_environment_hook('bluesea2', 'pythonpath')
[2.207s] [34mcolcon.colcon_core.shell[0m [1;30mINFO[0m Creating environment hook '/home/orangepi/ros2_workspace/school_competition/install/share/bluesea2/hook/pythonpath.ps1'
[2.208s] [34mcolcon.colcon_core.shell[0m [1;30mINFO[0m Creating environment descriptor '/home/orangepi/ros2_workspace/school_competition/install/share/bluesea2/hook/pythonpath.dsv'
[2.210s] [34mcolcon.colcon_core.shell[0m [1;30mINFO[0m Creating environment hook '/home/orangepi/ros2_workspace/school_competition/install/share/bluesea2/hook/pythonpath.sh'
[2.212s] [34mcolcon.colcon_core.environment[0m [1;30mLevel 1[0m checking '/home/orangepi/ros2_workspace/school_competition/install/bin'
[2.213s] [34mcolcon.colcon_core.shell[0m [1;30mINFO[0m Creating package script '/home/orangepi/ros2_workspace/school_competition/install/share/bluesea2/package.ps1'
[2.214s] [34mcolcon.colcon_core.shell[0m [1;30mINFO[0m Creating package descriptor '/home/orangepi/ros2_workspace/school_competition/install/share/bluesea2/package.dsv'
[2.216s] [34mcolcon.colcon_core.shell[0m [1;30mINFO[0m Creating package script '/home/orangepi/ros2_workspace/school_competition/install/share/bluesea2/package.sh'
[2.217s] [34mcolcon.colcon_core.shell[0m [1;30mINFO[0m Creating package script '/home/orangepi/ros2_workspace/school_competition/install/share/bluesea2/package.bash'
[2.220s] [34mcolcon.colcon_core.shell[0m [1;30mINFO[0m Creating package script '/home/orangepi/ros2_workspace/school_competition/install/share/bluesea2/package.zsh'
[2.222s] [34mcolcon.colcon_core.environment[0m [1;30mLevel 1[0m create_file_with_runtime_dependencies(/home/orangepi/ros2_workspace/school_competition/install/share/colcon-core/packages/bluesea2)
[2.234s] [34mcolcon.colcon_core.event_handler.log_command[0m [1;30mDEBUG[0m [32mInvoking command in '/home/orangepi/ros2_workspace/school_competition/src/car_t265': PYTHONPATH=/home/orangepi/ros2_workspace/school_competition/build/car_t265/prefix_override:/usr/lib/python3/dist-packages/colcon_core/task/python/colcon_distutils_commands:/home/orangepi/ros2_workspace/school_competition/install/lib/python3.10/site-packages:${PYTHONPATH} /usr/bin/python3 -W ignore:setup.py install is deprecated -W ignore:easy_install command is deprecated setup.py egg_info --egg-base ../../build/car_t265 build --build-base /home/orangepi/ros2_workspace/school_competition/build/car_t265/build install --record /home/orangepi/ros2_workspace/school_competition/build/car_t265/install.log --single-version-externally-managed install_data[0m
[3.083s] [34mcolcon.colcon_core.environment[0m [1;30mLevel 1[0m checking '/home/orangepi/ros2_workspace/school_competition/install' for CMake module files
[3.088s] [34mcolcon.colcon_core.event_handler.log_command[0m [1;30mDEBUG[0m [32mInvoked command in '/home/orangepi/ros2_workspace/school_competition/src/car_t265' returned '0': PYTHONPATH=/home/orangepi/ros2_workspace/school_competition/build/car_t265/prefix_override:/usr/lib/python3/dist-packages/colcon_core/task/python/colcon_distutils_commands:/home/orangepi/ros2_workspace/school_competition/install/lib/python3.10/site-packages:${PYTHONPATH} /usr/bin/python3 -W ignore:setup.py install is deprecated -W ignore:easy_install command is deprecated setup.py egg_info --egg-base ../../build/car_t265 build --build-base /home/orangepi/ros2_workspace/school_competition/build/car_t265/build install --record /home/orangepi/ros2_workspace/school_competition/build/car_t265/install.log --single-version-externally-managed install_data[0m
[3.097s] [34mcolcon.colcon_core.environment[0m [1;30mLevel 1[0m checking '/home/orangepi/ros2_workspace/school_competition/install' for CMake config files
[3.107s] [34mcolcon.colcon_core.shell[0m [1;30mLevel 1[0m create_environment_hook('car_t265', 'cmake_prefix_path')
[3.110s] [34mcolcon.colcon_core.shell[0m [1;30mINFO[0m Creating environment hook '/home/orangepi/ros2_workspace/school_competition/install/share/car_t265/hook/cmake_prefix_path.ps1'
[3.117s] [34mcolcon.colcon_core.shell[0m [1;30mINFO[0m Creating environment descriptor '/home/orangepi/ros2_workspace/school_competition/install/share/car_t265/hook/cmake_prefix_path.dsv'
[3.124s] [34mcolcon.colcon_core.shell[0m [1;30mINFO[0m Creating environment hook '/home/orangepi/ros2_workspace/school_competition/install/share/car_t265/hook/cmake_prefix_path.sh'
[3.128s] [34mcolcon.colcon_core.environment[0m [1;30mLevel 1[0m checking '/home/orangepi/ros2_workspace/school_competition/install/lib'
[3.129s] [34mcolcon.colcon_core.shell[0m [1;30mLevel 1[0m create_environment_hook('car_t265', 'ld_library_path_lib')
[3.131s] [34mcolcon.colcon_core.shell[0m [1;30mINFO[0m Creating environment hook '/home/orangepi/ros2_workspace/school_competition/install/share/car_t265/hook/ld_library_path_lib.ps1'
[3.137s] [34mcolcon.colcon_core.shell[0m [1;30mINFO[0m Creating environment descriptor '/home/orangepi/ros2_workspace/school_competition/install/share/car_t265/hook/ld_library_path_lib.dsv'
[3.140s] [34mcolcon.colcon_core.shell[0m [1;30mINFO[0m Creating environment hook '/home/orangepi/ros2_workspace/school_competition/install/share/car_t265/hook/ld_library_path_lib.sh'
[3.143s] [34mcolcon.colcon_core.environment[0m [1;30mLevel 1[0m checking '/home/orangepi/ros2_workspace/school_competition/install/bin'
[3.144s] [34mcolcon.colcon_core.environment[0m [1;30mLevel 1[0m checking '/home/orangepi/ros2_workspace/school_competition/install/lib/pkgconfig/car_t265.pc'
[3.145s] [34mcolcon.colcon_core.environment[0m [1;30mLevel 1[0m checking '/home/orangepi/ros2_workspace/school_competition/install/lib/python3.10/site-packages'
[3.146s] [34mcolcon.colcon_core.shell[0m [1;30mLevel 1[0m create_environment_hook('car_t265', 'pythonpath')
[3.149s] [34mcolcon.colcon_core.shell[0m [1;30mINFO[0m Creating environment hook '/home/orangepi/ros2_workspace/school_competition/install/share/car_t265/hook/pythonpath.ps1'
[3.152s] [34mcolcon.colcon_core.shell[0m [1;30mINFO[0m Creating environment descriptor '/home/orangepi/ros2_workspace/school_competition/install/share/car_t265/hook/pythonpath.dsv'
[3.154s] [34mcolcon.colcon_core.shell[0m [1;30mINFO[0m Creating environment hook '/home/orangepi/ros2_workspace/school_competition/install/share/car_t265/hook/pythonpath.sh'
[3.159s] [34mcolcon.colcon_core.environment[0m [1;30mLevel 1[0m checking '/home/orangepi/ros2_workspace/school_competition/install/bin'
[3.160s] [34mcolcon.colcon_core.environment[0m [1;30mLevel 1[0m create_environment_scripts_only(car_t265)
[3.163s] [34mcolcon.colcon_core.shell[0m [1;30mINFO[0m Creating package script '/home/orangepi/ros2_workspace/school_competition/install/share/car_t265/package.ps1'
[3.168s] [34mcolcon.colcon_core.shell[0m [1;30mINFO[0m Creating package descriptor '/home/orangepi/ros2_workspace/school_competition/install/share/car_t265/package.dsv'
[3.175s] [34mcolcon.colcon_core.shell[0m [1;30mINFO[0m Creating package script '/home/orangepi/ros2_workspace/school_competition/install/share/car_t265/package.sh'
[3.186s] [34mcolcon.colcon_core.shell[0m [1;30mINFO[0m Creating package script '/home/orangepi/ros2_workspace/school_competition/install/share/car_t265/package.bash'
[3.189s] [34mcolcon.colcon_core.shell[0m [1;30mINFO[0m Creating package script '/home/orangepi/ros2_workspace/school_competition/install/share/car_t265/package.zsh'
[3.191s] [34mcolcon.colcon_core.environment[0m [1;30mLevel 1[0m create_file_with_runtime_dependencies(/home/orangepi/ros2_workspace/school_competition/install/share/colcon-core/packages/car_t265)
[3.199s] [34mcolcon.colcon_core.environment[0m [1;30mLevel 1[0m checking '/home/orangepi/ros2_workspace/school_competition/install' for CMake module files
[3.201s] [34mcolcon.colcon_core.event_handler.log_command[0m [1;30mDEBUG[0m [32mInvoked command in '/home/orangepi/ros2_workspace/school_competition/src/laser_shotting_car' returned '0': PYTHONPATH=/home/orangepi/ros2_workspace/school_competition/build/laser_shotting_car/prefix_override:/usr/lib/python3/dist-packages/colcon_core/task/python/colcon_distutils_commands:/home/orangepi/ros2_workspace/school_competition/install/lib/python3.10/site-packages:${PYTHONPATH} /usr/bin/python3 -W ignore:setup.py install is deprecated -W ignore:easy_install command is deprecated setup.py egg_info --egg-base ../../build/laser_shotting_car build --build-base /home/orangepi/ros2_workspace/school_competition/build/laser_shotting_car/build install --record /home/orangepi/ros2_workspace/school_competition/build/laser_shotting_car/install.log --single-version-externally-managed install_data[0m
[3.202s] [34mcolcon.colcon_core.environment[0m [1;30mLevel 1[0m checking '/home/orangepi/ros2_workspace/school_competition/install' for CMake config files
[3.203s] [34mcolcon.colcon_core.shell[0m [1;30mLevel 1[0m create_environment_hook('laser_shotting_car', 'cmake_prefix_path')
[3.204s] [34mcolcon.colcon_core.shell[0m [1;30mINFO[0m Creating environment hook '/home/orangepi/ros2_workspace/school_competition/install/share/laser_shotting_car/hook/cmake_prefix_path.ps1'
[3.205s] [34mcolcon.colcon_core.shell[0m [1;30mINFO[0m Creating environment descriptor '/home/orangepi/ros2_workspace/school_competition/install/share/laser_shotting_car/hook/cmake_prefix_path.dsv'
[3.206s] [34mcolcon.colcon_core.shell[0m [1;30mINFO[0m Creating environment hook '/home/orangepi/ros2_workspace/school_competition/install/share/laser_shotting_car/hook/cmake_prefix_path.sh'
[3.210s] [34mcolcon.colcon_core.environment[0m [1;30mLevel 1[0m checking '/home/orangepi/ros2_workspace/school_competition/install/lib'
[3.210s] [34mcolcon.colcon_core.shell[0m [1;30mLevel 1[0m create_environment_hook('laser_shotting_car', 'ld_library_path_lib')
[3.212s] [34mcolcon.colcon_core.shell[0m [1;30mINFO[0m Creating environment hook '/home/orangepi/ros2_workspace/school_competition/install/share/laser_shotting_car/hook/ld_library_path_lib.ps1'
[3.215s] [34mcolcon.colcon_core.shell[0m [1;30mINFO[0m Creating environment descriptor '/home/orangepi/ros2_workspace/school_competition/install/share/laser_shotting_car/hook/ld_library_path_lib.dsv'
[3.217s] [34mcolcon.colcon_core.shell[0m [1;30mINFO[0m Creating environment hook '/home/orangepi/ros2_workspace/school_competition/install/share/laser_shotting_car/hook/ld_library_path_lib.sh'
[3.220s] [34mcolcon.colcon_core.environment[0m [1;30mLevel 1[0m checking '/home/orangepi/ros2_workspace/school_competition/install/bin'
[3.220s] [34mcolcon.colcon_core.environment[0m [1;30mLevel 1[0m checking '/home/orangepi/ros2_workspace/school_competition/install/lib/pkgconfig/laser_shotting_car.pc'
[3.222s] [34mcolcon.colcon_core.environment[0m [1;30mLevel 1[0m checking '/home/orangepi/ros2_workspace/school_competition/install/lib/python3.10/site-packages'
[3.222s] [34mcolcon.colcon_core.shell[0m [1;30mLevel 1[0m create_environment_hook('laser_shotting_car', 'pythonpath')
[3.225s] [34mcolcon.colcon_core.shell[0m [1;30mINFO[0m Creating environment hook '/home/orangepi/ros2_workspace/school_competition/install/share/laser_shotting_car/hook/pythonpath.ps1'
[3.228s] [34mcolcon.colcon_core.shell[0m [1;30mINFO[0m Creating environment descriptor '/home/orangepi/ros2_workspace/school_competition/install/share/laser_shotting_car/hook/pythonpath.dsv'
[3.230s] [34mcolcon.colcon_core.shell[0m [1;30mINFO[0m Creating environment hook '/home/orangepi/ros2_workspace/school_competition/install/share/laser_shotting_car/hook/pythonpath.sh'
[3.234s] [34mcolcon.colcon_core.environment[0m [1;30mLevel 1[0m checking '/home/orangepi/ros2_workspace/school_competition/install/bin'
[3.235s] [34mcolcon.colcon_core.environment[0m [1;30mLevel 1[0m create_environment_scripts_only(laser_shotting_car)
[3.238s] [34mcolcon.colcon_core.shell[0m [1;30mINFO[0m Creating package script '/home/orangepi/ros2_workspace/school_competition/install/share/laser_shotting_car/package.ps1'
[3.243s] [34mcolcon.colcon_core.shell[0m [1;30mINFO[0m Creating package descriptor '/home/orangepi/ros2_workspace/school_competition/install/share/laser_shotting_car/package.dsv'
[3.247s] [34mcolcon.colcon_core.shell[0m [1;30mINFO[0m Creating package script '/home/orangepi/ros2_workspace/school_competition/install/share/laser_shotting_car/package.sh'
[3.252s] [34mcolcon.colcon_core.shell[0m [1;30mINFO[0m Creating package script '/home/orangepi/ros2_workspace/school_competition/install/share/laser_shotting_car/package.bash'
[3.255s] [34mcolcon.colcon_core.shell[0m [1;30mINFO[0m Creating package script '/home/orangepi/ros2_workspace/school_competition/install/share/laser_shotting_car/package.zsh'
[3.256s] [34mcolcon.colcon_core.environment[0m [1;30mLevel 1[0m create_file_with_runtime_dependencies(/home/orangepi/ros2_workspace/school_competition/install/share/colcon-core/packages/laser_shotting_car)
[3.259s] [34mcolcon.colcon_parallel_executor.executor.parallel[0m [1;30mDEBUG[0m [32mclosing loop[0m
[3.260s] [34mcolcon.colcon_parallel_executor.executor.parallel[0m [1;30mDEBUG[0m [32mloop closed[0m
[3.263s] [34mcolcon.colcon_parallel_executor.executor.parallel[0m [1;30mDEBUG[0m [32mrun_until_complete finished with '0'[0m
[3.263s] [34mcolcon.colcon_core.event_reactor[0m [1;30mDEBUG[0m [32mjoining thread[0m
[3.290s] [34mcolcon.colcon_core.plugin_system[0m [1;30mINFO[0m Skipping extension 'colcon_notification.desktop_notification.terminal_notifier': Not used on non-Darwin systems
[3.291s] [34mcolcon.colcon_core.plugin_system[0m [1;30mINFO[0m Skipping extension 'colcon_notification.desktop_notification.win32': Not used on non-Windows systems
[3.292s] [34mcolcon.colcon_notification.desktop_notification[0m [1;30mINFO[0m Sending desktop notification using 'notify2'
[3.348s] [34mcolcon.colcon_core.event_reactor[0m [1;30mDEBUG[0m [32mjoined thread[0m
[3.348s] [34mcolcon.colcon_core.shell[0m [1;30mINFO[0m Creating prefix script '/home/orangepi/ros2_workspace/school_competition/install/local_setup.ps1'
[3.350s] [34mcolcon.colcon_core.shell[0m [1;30mINFO[0m Creating prefix util module '/home/orangepi/ros2_workspace/school_competition/install/_local_setup_util_ps1.py'
[3.364s] [34mcolcon.colcon_core.shell[0m [1;30mINFO[0m Creating prefix chain script '/home/orangepi/ros2_workspace/school_competition/install/setup.ps1'
[3.368s] [34mcolcon.colcon_core.shell[0m [1;30mINFO[0m Creating prefix script '/home/orangepi/ros2_workspace/school_competition/install/local_setup.sh'
[3.369s] [34mcolcon.colcon_core.shell[0m [1;30mINFO[0m Creating prefix util module '/home/orangepi/ros2_workspace/school_competition/install/_local_setup_util_sh.py'
[3.372s] [34mcolcon.colcon_core.shell[0m [1;30mINFO[0m Creating prefix chain script '/home/orangepi/ros2_workspace/school_competition/install/setup.sh'
[3.375s] [34mcolcon.colcon_core.shell[0m [1;30mINFO[0m Creating prefix script '/home/orangepi/ros2_workspace/school_competition/install/local_setup.bash'
[3.377s] [34mcolcon.colcon_core.shell[0m [1;30mINFO[0m Creating prefix chain script '/home/orangepi/ros2_workspace/school_competition/install/setup.bash'
[3.379s] [34mcolcon.colcon_core.shell[0m [1;30mINFO[0m Creating prefix script '/home/orangepi/ros2_workspace/school_competition/install/local_setup.zsh'
[3.381s] [34mcolcon.colcon_core.shell[0m [1;30mINFO[0m Creating prefix chain script '/home/orangepi/ros2_workspace/school_competition/install/setup.zsh'
