[2.579s] Invoking command in '/home/orangepi/ros2_workspace/school_competition/src/car_t265': PYTHONPATH=/home/orangepi/ros2_workspace/school_competition/build/car_t265/prefix_override:/usr/lib/python3/dist-packages/colcon_core/task/python/colcon_distutils_commands:/home/orangepi/ros2_workspace/school_competition/install/lib/python3.10/site-packages:${PYTHONPATH} /usr/bin/python3 -W ignore:setup.py install is deprecated -W ignore:easy_install command is deprecated setup.py egg_info --egg-base ../../build/car_t265 build --build-base /home/orangepi/ros2_workspace/school_competition/build/car_t265/build install --record /home/orangepi/ros2_workspace/school_competition/build/car_t265/install.log --single-version-externally-managed install_data
[3.299s] running egg_info
[3.299s] writing ../../build/car_t265/car_t265.egg-info/PKG-INFO
[3.300s] writing dependency_links to ../../build/car_t265/car_t265.egg-info/dependency_links.txt
[3.300s] writing entry points to ../../build/car_t265/car_t265.egg-info/entry_points.txt
[3.300s] writing requirements to ../../build/car_t265/car_t265.egg-info/requires.txt
[3.302s] writing top-level names to ../../build/car_t265/car_t265.egg-info/top_level.txt
[3.333s] reading manifest file '../../build/car_t265/car_t265.egg-info/SOURCES.txt'
[3.348s] writing manifest file '../../build/car_t265/car_t265.egg-info/SOURCES.txt'
[3.353s] running build
[3.353s] running build_py
[3.360s] running install
[3.360s] running install_lib
[3.380s] running install_data
[3.381s] running install_egg_info
[3.381s] removing '/home/orangepi/ros2_workspace/school_competition/install/lib/python3.10/site-packages/car_t265-0.0.0-py3.10.egg-info' (and everything under it)
[3.447s] Copying ../../build/car_t265/car_t265.egg-info to /home/orangepi/ros2_workspace/school_competition/install/lib/python3.10/site-packages/car_t265-0.0.0-py3.10.egg-info
[3.447s] running install_scripts
[3.512s] Installing linear_test script to /home/orangepi/ros2_workspace/school_competition/install/lib/car_t265
[3.512s] Installing motor_controller script to /home/orangepi/ros2_workspace/school_competition/install/lib/car_t265
[3.513s] Installing navigation_controller script to /home/orangepi/ros2_workspace/school_competition/install/lib/car_t265
[3.513s] Installing t265_Imu_pub script to /home/orangepi/ros2_workspace/school_competition/install/lib/car_t265
[3.513s] Installing t265_publisher script to /home/orangepi/ros2_workspace/school_competition/install/lib/car_t265
[3.513s] Installing target_publisher script to /home/orangepi/ros2_workspace/school_competition/install/lib/car_t265
[3.513s] Installing uart_driver script to /home/orangepi/ros2_workspace/school_competition/install/lib/car_t265
[3.513s] writing list of installed files to '/home/orangepi/ros2_workspace/school_competition/build/car_t265/install.log'
[3.657s] Invoked command in '/home/orangepi/ros2_workspace/school_competition/src/car_t265' returned '0': PYTHONPATH=/home/orangepi/ros2_workspace/school_competition/build/car_t265/prefix_override:/usr/lib/python3/dist-packages/colcon_core/task/python/colcon_distutils_commands:/home/orangepi/ros2_workspace/school_competition/install/lib/python3.10/site-packages:${PYTHONPATH} /usr/bin/python3 -W ignore:setup.py install is deprecated -W ignore:easy_install command is deprecated setup.py egg_info --egg-base ../../build/car_t265 build --build-base /home/orangepi/ros2_workspace/school_competition/build/car_t265/build install --record /home/orangepi/ros2_workspace/school_competition/build/car_t265/install.log --single-version-externally-managed install_data
