[3.848s] Invoking command in '/home/orangepi/ros2_workspace/school_competition/src/car_t265': PYTHONPATH=/home/orangepi/ros2_workspace/school_competition/build/car_t265/prefix_override:/usr/lib/python3/dist-packages/colcon_core/task/python/colcon_distutils_commands:/home/orangepi/ros2_workspace/school_competition/install/lib/python3.10/site-packages:${PYTHONPATH} /usr/bin/python3 -W ignore:setup.py install is deprecated -W ignore:easy_install command is deprecated setup.py egg_info --egg-base ../../build/car_t265 build --build-base /home/orangepi/ros2_workspace/school_competition/build/car_t265/build install --record /home/orangepi/ros2_workspace/school_competition/build/car_t265/install.log --single-version-externally-managed install_data
[4.181s] running egg_info
[4.186s] writing ../../build/car_t265/car_t265.egg-info/PKG-INFO
[4.186s] writing dependency_links to ../../build/car_t265/car_t265.egg-info/dependency_links.txt
[4.187s] writing entry points to ../../build/car_t265/car_t265.egg-info/entry_points.txt
[4.187s] writing requirements to ../../build/car_t265/car_t265.egg-info/requires.txt
[4.187s] writing top-level names to ../../build/car_t265/car_t265.egg-info/top_level.txt
[4.190s] reading manifest file '../../build/car_t265/car_t265.egg-info/SOURCES.txt'
[4.191s] writing manifest file '../../build/car_t265/car_t265.egg-info/SOURCES.txt'
[4.201s] running build
[4.201s] running build_py
[4.208s] running install
[4.208s] running install_lib
[4.209s] running install_data
[4.209s] running install_egg_info
[4.209s] removing '/home/orangepi/ros2_workspace/school_competition/install/lib/python3.10/site-packages/car_t265-0.0.0-py3.10.egg-info' (and everything under it)
[4.209s] Copying ../../build/car_t265/car_t265.egg-info to /home/orangepi/ros2_workspace/school_competition/install/lib/python3.10/site-packages/car_t265-0.0.0-py3.10.egg-info
[4.209s] running install_scripts
[4.244s] Installing linear_test script to /home/orangepi/ros2_workspace/school_competition/install/lib/car_t265
[4.255s] Installing motor_controller script to /home/orangepi/ros2_workspace/school_competition/install/lib/car_t265
[4.256s] Installing navigation_controller script to /home/orangepi/ros2_workspace/school_competition/install/lib/car_t265
[4.257s] Installing t265_Imu_pub script to /home/orangepi/ros2_workspace/school_competition/install/lib/car_t265
[4.258s] Installing t265_publisher script to /home/orangepi/ros2_workspace/school_competition/install/lib/car_t265
[4.258s] Installing target_publisher script to /home/orangepi/ros2_workspace/school_competition/install/lib/car_t265
[4.259s] Installing uart_driver script to /home/orangepi/ros2_workspace/school_competition/install/lib/car_t265
[4.259s] writing list of installed files to '/home/orangepi/ros2_workspace/school_competition/build/car_t265/install.log'
[4.319s] Invoked command in '/home/orangepi/ros2_workspace/school_competition/src/car_t265' returned '0': PYTHONPATH=/home/orangepi/ros2_workspace/school_competition/build/car_t265/prefix_override:/usr/lib/python3/dist-packages/colcon_core/task/python/colcon_distutils_commands:/home/orangepi/ros2_workspace/school_competition/install/lib/python3.10/site-packages:${PYTHONPATH} /usr/bin/python3 -W ignore:setup.py install is deprecated -W ignore:easy_install command is deprecated setup.py egg_info --egg-base ../../build/car_t265 build --build-base /home/orangepi/ros2_workspace/school_competition/build/car_t265/build install --record /home/orangepi/ros2_workspace/school_competition/build/car_t265/install.log --single-version-externally-managed install_data
