[1.598s] Invoking command in '/home/orangepi/ros2_workspace/school_competition/src/car_t265': PYTHONPATH=/home/orangepi/ros2_workspace/school_competition/build/car_t265/prefix_override:/usr/lib/python3/dist-packages/colcon_core/task/python/colcon_distutils_commands:/home/orangepi/ros2_workspace/school_competition/install/lib/python3.10/site-packages:${PYTHONPATH} /usr/bin/python3 -W ignore:setup.py install is deprecated -W ignore:easy_install command is deprecated setup.py egg_info --egg-base ../../build/car_t265 build --build-base /home/orangepi/ros2_workspace/school_competition/build/car_t265/build install --record /home/orangepi/ros2_workspace/school_competition/build/car_t265/install.log --single-version-externally-managed install_data
[2.218s] running egg_info
[2.221s] writing ../../build/car_t265/car_t265.egg-info/PKG-INFO
[2.223s] writing dependency_links to ../../build/car_t265/car_t265.egg-info/dependency_links.txt
[2.225s] writing entry points to ../../build/car_t265/car_t265.egg-info/entry_points.txt
[2.226s] writing requirements to ../../build/car_t265/car_t265.egg-info/requires.txt
[2.226s] writing top-level names to ../../build/car_t265/car_t265.egg-info/top_level.txt
[2.226s] reading manifest file '../../build/car_t265/car_t265.egg-info/SOURCES.txt'
[2.227s] writing manifest file '../../build/car_t265/car_t265.egg-info/SOURCES.txt'
[2.228s] running build
[2.228s] running build_py
[2.229s] running install
[2.230s] running install_lib
[2.247s] running install_data
[2.248s] running install_egg_info
[2.248s] removing '/home/orangepi/ros2_workspace/school_competition/install/lib/python3.10/site-packages/car_t265-0.0.0-py3.10.egg-info' (and everything under it)
[2.248s] Copying ../../build/car_t265/car_t265.egg-info to /home/orangepi/ros2_workspace/school_competition/install/lib/python3.10/site-packages/car_t265-0.0.0-py3.10.egg-info
[2.248s] running install_scripts
[2.304s] Installing linear_test script to /home/orangepi/ros2_workspace/school_competition/install/lib/car_t265
[2.305s] Installing motor_controller script to /home/orangepi/ros2_workspace/school_competition/install/lib/car_t265
[2.317s] Installing navigation_controller script to /home/orangepi/ros2_workspace/school_competition/install/lib/car_t265
[2.364s] Installing t265_Imu_pub script to /home/orangepi/ros2_workspace/school_competition/install/lib/car_t265
[2.365s] Installing t265_publisher script to /home/orangepi/ros2_workspace/school_competition/install/lib/car_t265
[2.391s] Installing target_publisher script to /home/orangepi/ros2_workspace/school_competition/install/lib/car_t265
[2.406s] Installing uart_driver script to /home/orangepi/ros2_workspace/school_competition/install/lib/car_t265
[2.417s] writing list of installed files to '/home/orangepi/ros2_workspace/school_competition/build/car_t265/install.log'
[2.554s] Invoked command in '/home/orangepi/ros2_workspace/school_competition/src/car_t265' returned '0': PYTHONPATH=/home/orangepi/ros2_workspace/school_competition/build/car_t265/prefix_override:/usr/lib/python3/dist-packages/colcon_core/task/python/colcon_distutils_commands:/home/orangepi/ros2_workspace/school_competition/install/lib/python3.10/site-packages:${PYTHONPATH} /usr/bin/python3 -W ignore:setup.py install is deprecated -W ignore:easy_install command is deprecated setup.py egg_info --egg-base ../../build/car_t265 build --build-base /home/orangepi/ros2_workspace/school_competition/build/car_t265/build install --record /home/orangepi/ros2_workspace/school_competition/build/car_t265/install.log --single-version-externally-managed install_data
