[0.652s] [34mcolcon[0m [1;30mDEBUG[0m [32mCommand line arguments: ['/usr/bin/colcon', 'build', '--merge-install'][0m
[0.653s] [34mcolcon[0m [1;30mDEBUG[0m [32mParsed command line arguments: Namespace(log_base=None, log_level=None, verb_name='build', build_base='build', install_base='install', merge_install=True, symlink_install=False, test_result_base=None, continue_on_error=False, executor='parallel', parallel_workers=8, event_handlers=None, ignore_user_meta=False, metas=['./colcon.meta'], base_paths=['.'], packages_ignore=None, packages_ignore_regex=None, paths=None, packages_up_to=None, packages_up_to_regex=None, packages_above=None, packages_above_and_dependencies=None, packages_above_depth=None, packages_select_by_dep=None, packages_skip_by_dep=None, packages_skip_up_to=None, packages_select_build_failed=False, packages_skip_build_finished=False, packages_select_test_failures=False, packages_skip_test_passed=False, packages_select=None, packages_skip=None, packages_select_regex=None, packages_skip_regex=None, packages_start=None, packages_end=None, cmake_args=None, cmake_target=None, cmake_target_skip_unavailable=False, cmake_clean_cache=False, cmake_clean_first=False, cmake_force_configure=False, ament_cmake_args=None, catkin_cmake_args=None, catkin_skip_building_tests=False, verb_parser=<colcon_defaults.argument_parser.defaults.DefaultArgumentsDecorator object at 0x7fb19aecb0>, verb_extension=<colcon_core.verb.build.BuildVerb object at 0x7fb18ec040>, main=<bound method BuildVerb.main of <colcon_core.verb.build.BuildVerb object at 0x7fb18ec040>>)[0m
[1.631s] [34mcolcon.colcon_core.package_discovery[0m [1;30mLevel 1[0m discover_packages(colcon_meta) check parameters
[1.632s] [34mcolcon.colcon_core.package_discovery[0m [1;30mLevel 1[0m discover_packages(recursive) check parameters
[1.632s] [34mcolcon.colcon_core.package_discovery[0m [1;30mLevel 1[0m discover_packages(ignore) check parameters
[1.632s] [34mcolcon.colcon_core.package_discovery[0m [1;30mLevel 1[0m discover_packages(path) check parameters
[1.632s] [34mcolcon.colcon_core.package_discovery[0m [1;30mLevel 1[0m discover_packages(colcon_meta) discover
[1.632s] [34mcolcon.colcon_core.package_discovery[0m [1;30mLevel 1[0m discover_packages(recursive) discover
[1.632s] [34mcolcon.colcon_core.package_discovery[0m [1;30mINFO[0m Crawling recursively for packages in '/home/orangepi/ros2_workspace/school_competition'
[1.632s] [34mcolcon.colcon_core.package_identification[0m [1;30mLevel 1[0m _identify(.) by extensions ['ignore', 'ignore_ament_install']
[1.633s] [34mcolcon.colcon_core.package_identification[0m [1;30mLevel 1[0m _identify(.) by extension 'ignore'
[1.633s] [34mcolcon.colcon_core.package_identification[0m [1;30mLevel 1[0m _identify(.) by extension 'ignore_ament_install'
[1.633s] [34mcolcon.colcon_core.package_identification[0m [1;30mLevel 1[0m _identify(.) by extensions ['colcon_pkg']
[1.633s] [34mcolcon.colcon_core.package_identification[0m [1;30mLevel 1[0m _identify(.) by extension 'colcon_pkg'
[1.633s] [34mcolcon.colcon_core.package_identification[0m [1;30mLevel 1[0m _identify(.) by extensions ['colcon_meta']
[1.633s] [34mcolcon.colcon_core.package_identification[0m [1;30mLevel 1[0m _identify(.) by extension 'colcon_meta'
[1.633s] [34mcolcon.colcon_core.package_identification[0m [1;30mLevel 1[0m _identify(.) by extensions ['ros']
[1.634s] [34mcolcon.colcon_core.package_identification[0m [1;30mLevel 1[0m _identify(.) by extension 'ros'
[1.754s] [34mcolcon.colcon_core.package_identification[0m [1;30mLevel 1[0m _identify(.) by extensions ['cmake', 'python']
[1.754s] [34mcolcon.colcon_core.package_identification[0m [1;30mLevel 1[0m _identify(.) by extension 'cmake'
[1.754s] [34mcolcon.colcon_core.package_identification[0m [1;30mLevel 1[0m _identify(.) by extension 'python'
[1.754s] [34mcolcon.colcon_core.package_identification[0m [1;30mLevel 1[0m _identify(.) by extensions ['python_setup_py']
[1.755s] [34mcolcon.colcon_core.package_identification[0m [1;30mLevel 1[0m _identify(.) by extension 'python_setup_py'
[1.756s] [34mcolcon.colcon_core.package_identification[0m [1;30mLevel 1[0m _identify(build) by extensions ['ignore', 'ignore_ament_install']
[1.756s] [34mcolcon.colcon_core.package_identification[0m [1;30mLevel 1[0m _identify(build) by extension 'ignore'
[1.757s] [34mcolcon.colcon_core.package_identification[0m [1;30mLevel 1[0m _identify(build) ignored
[1.757s] [34mcolcon.colcon_core.package_identification[0m [1;30mLevel 1[0m _identify(install) by extensions ['ignore', 'ignore_ament_install']
[1.758s] [34mcolcon.colcon_core.package_identification[0m [1;30mLevel 1[0m _identify(install) by extension 'ignore'
[1.758s] [34mcolcon.colcon_core.package_identification[0m [1;30mLevel 1[0m _identify(install) ignored
[1.759s] [34mcolcon.colcon_core.package_identification[0m [1;30mLevel 1[0m _identify(launch) by extensions ['ignore', 'ignore_ament_install']
[1.759s] [34mcolcon.colcon_core.package_identification[0m [1;30mLevel 1[0m _identify(launch) by extension 'ignore'
[1.760s] [34mcolcon.colcon_core.package_identification[0m [1;30mLevel 1[0m _identify(launch) by extension 'ignore_ament_install'
[1.760s] [34mcolcon.colcon_core.package_identification[0m [1;30mLevel 1[0m _identify(launch) by extensions ['colcon_pkg']
[1.760s] [34mcolcon.colcon_core.package_identification[0m [1;30mLevel 1[0m _identify(launch) by extension 'colcon_pkg'
[1.761s] [34mcolcon.colcon_core.package_identification[0m [1;30mLevel 1[0m _identify(launch) by extensions ['colcon_meta']
[1.761s] [34mcolcon.colcon_core.package_identification[0m [1;30mLevel 1[0m _identify(launch) by extension 'colcon_meta'
[1.761s] [34mcolcon.colcon_core.package_identification[0m [1;30mLevel 1[0m _identify(launch) by extensions ['ros']
[1.761s] [34mcolcon.colcon_core.package_identification[0m [1;30mLevel 1[0m _identify(launch) by extension 'ros'
[1.762s] [34mcolcon.colcon_core.package_identification[0m [1;30mLevel 1[0m _identify(launch) by extensions ['cmake', 'python']
[1.762s] [34mcolcon.colcon_core.package_identification[0m [1;30mLevel 1[0m _identify(launch) by extension 'cmake'
[1.762s] [34mcolcon.colcon_core.package_identification[0m [1;30mLevel 1[0m _identify(launch) by extension 'python'
[1.763s] [34mcolcon.colcon_core.package_identification[0m [1;30mLevel 1[0m _identify(launch) by extensions ['python_setup_py']
[1.763s] [34mcolcon.colcon_core.package_identification[0m [1;30mLevel 1[0m _identify(launch) by extension 'python_setup_py'
[1.764s] [34mcolcon.colcon_core.package_identification[0m [1;30mLevel 1[0m _identify(log) by extensions ['ignore', 'ignore_ament_install']
[1.765s] [34mcolcon.colcon_core.package_identification[0m [1;30mLevel 1[0m _identify(log) by extension 'ignore'
[1.765s] [34mcolcon.colcon_core.package_identification[0m [1;30mLevel 1[0m _identify(log) ignored
[1.766s] [34mcolcon.colcon_core.package_identification[0m [1;30mLevel 1[0m _identify(script) by extensions ['ignore', 'ignore_ament_install']
[1.766s] [34mcolcon.colcon_core.package_identification[0m [1;30mLevel 1[0m _identify(script) by extension 'ignore'
[1.767s] [34mcolcon.colcon_core.package_identification[0m [1;30mLevel 1[0m _identify(script) by extension 'ignore_ament_install'
[1.767s] [34mcolcon.colcon_core.package_identification[0m [1;30mLevel 1[0m _identify(script) by extensions ['colcon_pkg']
[1.767s] [34mcolcon.colcon_core.package_identification[0m [1;30mLevel 1[0m _identify(script) by extension 'colcon_pkg'
[1.768s] [34mcolcon.colcon_core.package_identification[0m [1;30mLevel 1[0m _identify(script) by extensions ['colcon_meta']
[1.768s] [34mcolcon.colcon_core.package_identification[0m [1;30mLevel 1[0m _identify(script) by extension 'colcon_meta'
[1.768s] [34mcolcon.colcon_core.package_identification[0m [1;30mLevel 1[0m _identify(script) by extensions ['ros']
[1.768s] [34mcolcon.colcon_core.package_identification[0m [1;30mLevel 1[0m _identify(script) by extension 'ros'
[1.769s] [34mcolcon.colcon_core.package_identification[0m [1;30mLevel 1[0m _identify(script) by extensions ['cmake', 'python']
[1.769s] [34mcolcon.colcon_core.package_identification[0m [1;30mLevel 1[0m _identify(script) by extension 'cmake'
[1.769s] [34mcolcon.colcon_core.package_identification[0m [1;30mLevel 1[0m _identify(script) by extension 'python'
[1.770s] [34mcolcon.colcon_core.package_identification[0m [1;30mLevel 1[0m _identify(script) by extensions ['python_setup_py']
[1.770s] [34mcolcon.colcon_core.package_identification[0m [1;30mLevel 1[0m _identify(script) by extension 'python_setup_py'
[1.770s] [34mcolcon.colcon_core.package_identification[0m [1;30mLevel 1[0m _identify(src) by extensions ['ignore', 'ignore_ament_install']
[1.771s] [34mcolcon.colcon_core.package_identification[0m [1;30mLevel 1[0m _identify(src) by extension 'ignore'
[1.771s] [34mcolcon.colcon_core.package_identification[0m [1;30mLevel 1[0m _identify(src) by extension 'ignore_ament_install'
[1.772s] [34mcolcon.colcon_core.package_identification[0m [1;30mLevel 1[0m _identify(src) by extensions ['colcon_pkg']
[1.772s] [34mcolcon.colcon_core.package_identification[0m [1;30mLevel 1[0m _identify(src) by extension 'colcon_pkg'
[1.772s] [34mcolcon.colcon_core.package_identification[0m [1;30mLevel 1[0m _identify(src) by extensions ['colcon_meta']
[1.772s] [34mcolcon.colcon_core.package_identification[0m [1;30mLevel 1[0m _identify(src) by extension 'colcon_meta'
[1.773s] [34mcolcon.colcon_core.package_identification[0m [1;30mLevel 1[0m _identify(src) by extensions ['ros']
[1.773s] [34mcolcon.colcon_core.package_identification[0m [1;30mLevel 1[0m _identify(src) by extension 'ros'
[1.773s] [34mcolcon.colcon_core.package_identification[0m [1;30mLevel 1[0m _identify(src) by extensions ['cmake', 'python']
[1.773s] [34mcolcon.colcon_core.package_identification[0m [1;30mLevel 1[0m _identify(src) by extension 'cmake'
[1.774s] [34mcolcon.colcon_core.package_identification[0m [1;30mLevel 1[0m _identify(src) by extension 'python'
[1.774s] [34mcolcon.colcon_core.package_identification[0m [1;30mLevel 1[0m _identify(src) by extensions ['python_setup_py']
[1.774s] [34mcolcon.colcon_core.package_identification[0m [1;30mLevel 1[0m _identify(src) by extension 'python_setup_py'
[1.775s] [34mcolcon.colcon_core.package_identification[0m [1;30mLevel 1[0m _identify(src/car_t265) by extensions ['ignore', 'ignore_ament_install']
[1.775s] [34mcolcon.colcon_core.package_identification[0m [1;30mLevel 1[0m _identify(src/car_t265) by extension 'ignore'
[1.776s] [34mcolcon.colcon_core.package_identification[0m [1;30mLevel 1[0m _identify(src/car_t265) by extension 'ignore_ament_install'
[1.776s] [34mcolcon.colcon_core.package_identification[0m [1;30mLevel 1[0m _identify(src/car_t265) by extensions ['colcon_pkg']
[1.776s] [34mcolcon.colcon_core.package_identification[0m [1;30mLevel 1[0m _identify(src/car_t265) by extension 'colcon_pkg'
[1.776s] [34mcolcon.colcon_core.package_identification[0m [1;30mLevel 1[0m _identify(src/car_t265) by extensions ['colcon_meta']
[1.776s] [34mcolcon.colcon_core.package_identification[0m [1;30mLevel 1[0m _identify(src/car_t265) by extension 'colcon_meta'
[1.776s] [34mcolcon.colcon_core.package_identification[0m [1;30mLevel 1[0m _identify(src/car_t265) by extensions ['ros']
[1.777s] [34mcolcon.colcon_core.package_identification[0m [1;30mLevel 1[0m _identify(src/car_t265) by extension 'ros'
[1.790s] [34mcolcon.colcon_core.package_identification[0m [1;30mDEBUG[0m [32mPackage 'src/car_t265' with type 'ros.ament_python' and name 'car_t265'[0m
[1.791s] [34mcolcon.colcon_core.package_identification[0m [1;30mLevel 1[0m _identify(src/lanhailidar_ros_ws) by extensions ['ignore', 'ignore_ament_install']
[1.791s] [34mcolcon.colcon_core.package_identification[0m [1;30mLevel 1[0m _identify(src/lanhailidar_ros_ws) by extension 'ignore'
[1.791s] [34mcolcon.colcon_core.package_identification[0m [1;30mLevel 1[0m _identify(src/lanhailidar_ros_ws) by extension 'ignore_ament_install'
[1.791s] [34mcolcon.colcon_core.package_identification[0m [1;30mLevel 1[0m _identify(src/lanhailidar_ros_ws) by extensions ['colcon_pkg']
[1.791s] [34mcolcon.colcon_core.package_identification[0m [1;30mLevel 1[0m _identify(src/lanhailidar_ros_ws) by extension 'colcon_pkg'
[1.791s] [34mcolcon.colcon_core.package_identification[0m [1;30mLevel 1[0m _identify(src/lanhailidar_ros_ws) by extensions ['colcon_meta']
[1.791s] [34mcolcon.colcon_core.package_identification[0m [1;30mLevel 1[0m _identify(src/lanhailidar_ros_ws) by extension 'colcon_meta'
[1.791s] [34mcolcon.colcon_core.package_identification[0m [1;30mLevel 1[0m _identify(src/lanhailidar_ros_ws) by extensions ['ros']
[1.791s] [34mcolcon.colcon_core.package_identification[0m [1;30mLevel 1[0m _identify(src/lanhailidar_ros_ws) by extension 'ros'
[1.792s] [34mcolcon.colcon_core.package_identification[0m [1;30mLevel 1[0m _identify(src/lanhailidar_ros_ws) by extensions ['cmake', 'python']
[1.792s] [34mcolcon.colcon_core.package_identification[0m [1;30mLevel 1[0m _identify(src/lanhailidar_ros_ws) by extension 'cmake'
[1.792s] [34mcolcon.colcon_core.package_identification[0m [1;30mLevel 1[0m _identify(src/lanhailidar_ros_ws) by extension 'python'
[1.792s] [34mcolcon.colcon_core.package_identification[0m [1;30mLevel 1[0m _identify(src/lanhailidar_ros_ws) by extensions ['python_setup_py']
[1.792s] [34mcolcon.colcon_core.package_identification[0m [1;30mLevel 1[0m _identify(src/lanhailidar_ros_ws) by extension 'python_setup_py'
[1.792s] [34mcolcon.colcon_core.package_identification[0m [1;30mLevel 1[0m _identify(src/lanhailidar_ros_ws/src) by extensions ['ignore', 'ignore_ament_install']
[1.792s] [34mcolcon.colcon_core.package_identification[0m [1;30mLevel 1[0m _identify(src/lanhailidar_ros_ws/src) by extension 'ignore'
[1.792s] [34mcolcon.colcon_core.package_identification[0m [1;30mLevel 1[0m _identify(src/lanhailidar_ros_ws/src) by extension 'ignore_ament_install'
[1.793s] [34mcolcon.colcon_core.package_identification[0m [1;30mLevel 1[0m _identify(src/lanhailidar_ros_ws/src) by extensions ['colcon_pkg']
[1.793s] [34mcolcon.colcon_core.package_identification[0m [1;30mLevel 1[0m _identify(src/lanhailidar_ros_ws/src) by extension 'colcon_pkg'
[1.793s] [34mcolcon.colcon_core.package_identification[0m [1;30mLevel 1[0m _identify(src/lanhailidar_ros_ws/src) by extensions ['colcon_meta']
[1.793s] [34mcolcon.colcon_core.package_identification[0m [1;30mLevel 1[0m _identify(src/lanhailidar_ros_ws/src) by extension 'colcon_meta'
[1.793s] [34mcolcon.colcon_core.package_identification[0m [1;30mLevel 1[0m _identify(src/lanhailidar_ros_ws/src) by extensions ['ros']
[1.793s] [34mcolcon.colcon_core.package_identification[0m [1;30mLevel 1[0m _identify(src/lanhailidar_ros_ws/src) by extension 'ros'
[1.793s] [34mcolcon.colcon_core.package_identification[0m [1;30mLevel 1[0m _identify(src/lanhailidar_ros_ws/src) by extensions ['cmake', 'python']
[1.793s] [34mcolcon.colcon_core.package_identification[0m [1;30mLevel 1[0m _identify(src/lanhailidar_ros_ws/src) by extension 'cmake'
[1.793s] [34mcolcon.colcon_core.package_identification[0m [1;30mLevel 1[0m _identify(src/lanhailidar_ros_ws/src) by extension 'python'
[1.793s] [34mcolcon.colcon_core.package_identification[0m [1;30mLevel 1[0m _identify(src/lanhailidar_ros_ws/src) by extensions ['python_setup_py']
[1.793s] [34mcolcon.colcon_core.package_identification[0m [1;30mLevel 1[0m _identify(src/lanhailidar_ros_ws/src) by extension 'python_setup_py'
[1.794s] [34mcolcon.colcon_core.package_identification[0m [1;30mLevel 1[0m _identify(src/lanhailidar_ros_ws/src/bluesea-ros2-main) by extensions ['ignore', 'ignore_ament_install']
[1.794s] [34mcolcon.colcon_core.package_identification[0m [1;30mLevel 1[0m _identify(src/lanhailidar_ros_ws/src/bluesea-ros2-main) by extension 'ignore'
[1.794s] [34mcolcon.colcon_core.package_identification[0m [1;30mLevel 1[0m _identify(src/lanhailidar_ros_ws/src/bluesea-ros2-main) by extension 'ignore_ament_install'
[1.794s] [34mcolcon.colcon_core.package_identification[0m [1;30mLevel 1[0m _identify(src/lanhailidar_ros_ws/src/bluesea-ros2-main) by extensions ['colcon_pkg']
[1.794s] [34mcolcon.colcon_core.package_identification[0m [1;30mLevel 1[0m _identify(src/lanhailidar_ros_ws/src/bluesea-ros2-main) by extension 'colcon_pkg'
[1.794s] [34mcolcon.colcon_core.package_identification[0m [1;30mLevel 1[0m _identify(src/lanhailidar_ros_ws/src/bluesea-ros2-main) by extensions ['colcon_meta']
[1.794s] [34mcolcon.colcon_core.package_identification[0m [1;30mLevel 1[0m _identify(src/lanhailidar_ros_ws/src/bluesea-ros2-main) by extension 'colcon_meta'
[1.794s] [34mcolcon.colcon_core.package_identification[0m [1;30mLevel 1[0m _identify(src/lanhailidar_ros_ws/src/bluesea-ros2-main) by extensions ['ros']
[1.794s] [34mcolcon.colcon_core.package_identification[0m [1;30mLevel 1[0m _identify(src/lanhailidar_ros_ws/src/bluesea-ros2-main) by extension 'ros'
[1.794s] [34mcolcon.colcon_core.package_identification[0m [1;30mLevel 1[0m _identify(src/lanhailidar_ros_ws/src/bluesea-ros2-main) by extensions ['cmake', 'python']
[1.794s] [34mcolcon.colcon_core.package_identification[0m [1;30mLevel 1[0m _identify(src/lanhailidar_ros_ws/src/bluesea-ros2-main) by extension 'cmake'
[1.795s] [34mcolcon.colcon_core.package_identification[0m [1;30mLevel 1[0m _identify(src/lanhailidar_ros_ws/src/bluesea-ros2-main) by extension 'python'
[1.795s] [34mcolcon.colcon_core.package_identification[0m [1;30mLevel 1[0m _identify(src/lanhailidar_ros_ws/src/bluesea-ros2-main) by extensions ['python_setup_py']
[1.795s] [34mcolcon.colcon_core.package_identification[0m [1;30mLevel 1[0m _identify(src/lanhailidar_ros_ws/src/bluesea-ros2-main) by extension 'python_setup_py'
[1.795s] [34mcolcon.colcon_core.package_identification[0m [1;30mLevel 1[0m _identify(src/lanhailidar_ros_ws/src/bluesea-ros2-main/base) by extensions ['ignore', 'ignore_ament_install']
[1.795s] [34mcolcon.colcon_core.package_identification[0m [1;30mLevel 1[0m _identify(src/lanhailidar_ros_ws/src/bluesea-ros2-main/base) by extension 'ignore'
[1.795s] [34mcolcon.colcon_core.package_identification[0m [1;30mLevel 1[0m _identify(src/lanhailidar_ros_ws/src/bluesea-ros2-main/base) by extension 'ignore_ament_install'
[1.795s] [34mcolcon.colcon_core.package_identification[0m [1;30mLevel 1[0m _identify(src/lanhailidar_ros_ws/src/bluesea-ros2-main/base) by extensions ['colcon_pkg']
[1.795s] [34mcolcon.colcon_core.package_identification[0m [1;30mLevel 1[0m _identify(src/lanhailidar_ros_ws/src/bluesea-ros2-main/base) by extension 'colcon_pkg'
[1.795s] [34mcolcon.colcon_core.package_identification[0m [1;30mLevel 1[0m _identify(src/lanhailidar_ros_ws/src/bluesea-ros2-main/base) by extensions ['colcon_meta']
[1.795s] [34mcolcon.colcon_core.package_identification[0m [1;30mLevel 1[0m _identify(src/lanhailidar_ros_ws/src/bluesea-ros2-main/base) by extension 'colcon_meta'
[1.796s] [34mcolcon.colcon_core.package_identification[0m [1;30mLevel 1[0m _identify(src/lanhailidar_ros_ws/src/bluesea-ros2-main/base) by extensions ['ros']
[1.796s] [34mcolcon.colcon_core.package_identification[0m [1;30mLevel 1[0m _identify(src/lanhailidar_ros_ws/src/bluesea-ros2-main/base) by extension 'ros'
[1.797s] [34mcolcon.colcon_core.package_identification[0m [1;30mDEBUG[0m [32mPackage 'src/lanhailidar_ros_ws/src/bluesea-ros2-main/base' with type 'ros.ament_cmake' and name 'base'[0m
[1.797s] [34mcolcon.colcon_core.package_identification[0m [1;30mLevel 1[0m _identify(src/lanhailidar_ros_ws/src/bluesea-ros2-main/bluesea-ros2) by extensions ['ignore', 'ignore_ament_install']
[1.798s] [34mcolcon.colcon_core.package_identification[0m [1;30mLevel 1[0m _identify(src/lanhailidar_ros_ws/src/bluesea-ros2-main/bluesea-ros2) by extension 'ignore'
[1.798s] [34mcolcon.colcon_core.package_identification[0m [1;30mLevel 1[0m _identify(src/lanhailidar_ros_ws/src/bluesea-ros2-main/bluesea-ros2) by extension 'ignore_ament_install'
[1.798s] [34mcolcon.colcon_core.package_identification[0m [1;30mLevel 1[0m _identify(src/lanhailidar_ros_ws/src/bluesea-ros2-main/bluesea-ros2) by extensions ['colcon_pkg']
[1.798s] [34mcolcon.colcon_core.package_identification[0m [1;30mLevel 1[0m _identify(src/lanhailidar_ros_ws/src/bluesea-ros2-main/bluesea-ros2) by extension 'colcon_pkg'
[1.798s] [34mcolcon.colcon_core.package_identification[0m [1;30mLevel 1[0m _identify(src/lanhailidar_ros_ws/src/bluesea-ros2-main/bluesea-ros2) by extensions ['colcon_meta']
[1.798s] [34mcolcon.colcon_core.package_identification[0m [1;30mLevel 1[0m _identify(src/lanhailidar_ros_ws/src/bluesea-ros2-main/bluesea-ros2) by extension 'colcon_meta'
[1.798s] [34mcolcon.colcon_core.package_identification[0m [1;30mLevel 1[0m _identify(src/lanhailidar_ros_ws/src/bluesea-ros2-main/bluesea-ros2) by extensions ['ros']
[1.798s] [34mcolcon.colcon_core.package_identification[0m [1;30mLevel 1[0m _identify(src/lanhailidar_ros_ws/src/bluesea-ros2-main/bluesea-ros2) by extension 'ros'
[1.800s] [34mcolcon.colcon_core.package_identification[0m [1;30mDEBUG[0m [32mPackage 'src/lanhailidar_ros_ws/src/bluesea-ros2-main/bluesea-ros2' with type 'ros.ament_cmake' and name 'bluesea2'[0m
[1.801s] [34mcolcon.colcon_core.package_identification[0m [1;30mLevel 1[0m _identify(src/laser_shotting_car) by extensions ['ignore', 'ignore_ament_install']
[1.801s] [34mcolcon.colcon_core.package_identification[0m [1;30mLevel 1[0m _identify(src/laser_shotting_car) by extension 'ignore'
[1.801s] [34mcolcon.colcon_core.package_identification[0m [1;30mLevel 1[0m _identify(src/laser_shotting_car) by extension 'ignore_ament_install'
[1.801s] [34mcolcon.colcon_core.package_identification[0m [1;30mLevel 1[0m _identify(src/laser_shotting_car) by extensions ['colcon_pkg']
[1.801s] [34mcolcon.colcon_core.package_identification[0m [1;30mLevel 1[0m _identify(src/laser_shotting_car) by extension 'colcon_pkg'
[1.801s] [34mcolcon.colcon_core.package_identification[0m [1;30mLevel 1[0m _identify(src/laser_shotting_car) by extensions ['colcon_meta']
[1.801s] [34mcolcon.colcon_core.package_identification[0m [1;30mLevel 1[0m _identify(src/laser_shotting_car) by extension 'colcon_meta'
[1.801s] [34mcolcon.colcon_core.package_identification[0m [1;30mLevel 1[0m _identify(src/laser_shotting_car) by extensions ['ros']
[1.801s] [34mcolcon.colcon_core.package_identification[0m [1;30mLevel 1[0m _identify(src/laser_shotting_car) by extension 'ros'
[1.803s] [34mcolcon.colcon_core.package_identification[0m [1;30mDEBUG[0m [32mPackage 'src/laser_shotting_car' with type 'ros.ament_python' and name 'laser_shotting_car'[0m
[1.803s] [34mcolcon.colcon_core.package_discovery[0m [1;30mLevel 1[0m discover_packages(recursive) using defaults
[1.804s] [34mcolcon.colcon_core.package_discovery[0m [1;30mLevel 1[0m discover_packages(ignore) discover
[1.804s] [34mcolcon.colcon_core.package_discovery[0m [1;30mLevel 1[0m discover_packages(ignore) using defaults
[1.804s] [34mcolcon.colcon_core.package_discovery[0m [1;30mLevel 1[0m discover_packages(path) discover
[1.804s] [34mcolcon.colcon_core.package_discovery[0m [1;30mLevel 1[0m discover_packages(path) using defaults
[1.914s] [34mcolcon.colcon_core.verb[0m [1;30mLevel 5[0m set package 'base' build argument 'cmake_args' from command line to 'None'
[1.914s] [34mcolcon.colcon_core.verb[0m [1;30mLevel 5[0m set package 'base' build argument 'cmake_target' from command line to 'None'
[1.914s] [34mcolcon.colcon_core.verb[0m [1;30mLevel 5[0m set package 'base' build argument 'cmake_target_skip_unavailable' from command line to 'False'
[1.914s] [34mcolcon.colcon_core.verb[0m [1;30mLevel 5[0m set package 'base' build argument 'cmake_clean_cache' from command line to 'False'
[1.914s] [34mcolcon.colcon_core.verb[0m [1;30mLevel 5[0m set package 'base' build argument 'cmake_clean_first' from command line to 'False'
[1.914s] [34mcolcon.colcon_core.verb[0m [1;30mLevel 5[0m set package 'base' build argument 'cmake_force_configure' from command line to 'False'
[1.915s] [34mcolcon.colcon_core.verb[0m [1;30mLevel 5[0m set package 'base' build argument 'ament_cmake_args' from command line to 'None'
[1.915s] [34mcolcon.colcon_core.verb[0m [1;30mLevel 5[0m set package 'base' build argument 'catkin_cmake_args' from command line to 'None'
[1.915s] [34mcolcon.colcon_core.verb[0m [1;30mLevel 5[0m set package 'base' build argument 'catkin_skip_building_tests' from command line to 'False'
[1.915s] [34mcolcon.colcon_core.verb[0m [1;30mDEBUG[0m [32mBuilding package 'base' with the following arguments: {'ament_cmake_args': None, 'build_base': '/home/orangepi/ros2_workspace/school_competition/build/base', 'catkin_cmake_args': None, 'catkin_skip_building_tests': False, 'cmake_args': None, 'cmake_clean_cache': False, 'cmake_clean_first': False, 'cmake_force_configure': False, 'cmake_target': None, 'cmake_target_skip_unavailable': False, 'install_base': '/home/orangepi/ros2_workspace/school_competition/install', 'merge_install': True, 'path': '/home/orangepi/ros2_workspace/school_competition/src/lanhailidar_ros_ws/src/bluesea-ros2-main/base', 'symlink_install': False, 'test_result_base': None}[0m
[1.916s] [34mcolcon.colcon_core.verb[0m [1;30mLevel 5[0m set package 'car_t265' build argument 'cmake_args' from command line to 'None'
[1.916s] [34mcolcon.colcon_core.verb[0m [1;30mLevel 5[0m set package 'car_t265' build argument 'cmake_target' from command line to 'None'
[1.916s] [34mcolcon.colcon_core.verb[0m [1;30mLevel 5[0m set package 'car_t265' build argument 'cmake_target_skip_unavailable' from command line to 'False'
[1.916s] [34mcolcon.colcon_core.verb[0m [1;30mLevel 5[0m set package 'car_t265' build argument 'cmake_clean_cache' from command line to 'False'
[1.916s] [34mcolcon.colcon_core.verb[0m [1;30mLevel 5[0m set package 'car_t265' build argument 'cmake_clean_first' from command line to 'False'
[1.916s] [34mcolcon.colcon_core.verb[0m [1;30mLevel 5[0m set package 'car_t265' build argument 'cmake_force_configure' from command line to 'False'
[1.916s] [34mcolcon.colcon_core.verb[0m [1;30mLevel 5[0m set package 'car_t265' build argument 'ament_cmake_args' from command line to 'None'
[1.916s] [34mcolcon.colcon_core.verb[0m [1;30mLevel 5[0m set package 'car_t265' build argument 'catkin_cmake_args' from command line to 'None'
[1.916s] [34mcolcon.colcon_core.verb[0m [1;30mLevel 5[0m set package 'car_t265' build argument 'catkin_skip_building_tests' from command line to 'False'
[1.916s] [34mcolcon.colcon_core.verb[0m [1;30mDEBUG[0m [32mBuilding package 'car_t265' with the following arguments: {'ament_cmake_args': None, 'build_base': '/home/orangepi/ros2_workspace/school_competition/build/car_t265', 'catkin_cmake_args': None, 'catkin_skip_building_tests': False, 'cmake_args': None, 'cmake_clean_cache': False, 'cmake_clean_first': False, 'cmake_force_configure': False, 'cmake_target': None, 'cmake_target_skip_unavailable': False, 'install_base': '/home/orangepi/ros2_workspace/school_competition/install', 'merge_install': True, 'path': '/home/orangepi/ros2_workspace/school_competition/src/car_t265', 'symlink_install': False, 'test_result_base': None}[0m
[1.917s] [34mcolcon.colcon_core.verb[0m [1;30mLevel 5[0m set package 'laser_shotting_car' build argument 'cmake_args' from command line to 'None'
[1.917s] [34mcolcon.colcon_core.verb[0m [1;30mLevel 5[0m set package 'laser_shotting_car' build argument 'cmake_target' from command line to 'None'
[1.917s] [34mcolcon.colcon_core.verb[0m [1;30mLevel 5[0m set package 'laser_shotting_car' build argument 'cmake_target_skip_unavailable' from command line to 'False'
[1.917s] [34mcolcon.colcon_core.verb[0m [1;30mLevel 5[0m set package 'laser_shotting_car' build argument 'cmake_clean_cache' from command line to 'False'
[1.917s] [34mcolcon.colcon_core.verb[0m [1;30mLevel 5[0m set package 'laser_shotting_car' build argument 'cmake_clean_first' from command line to 'False'
[1.917s] [34mcolcon.colcon_core.verb[0m [1;30mLevel 5[0m set package 'laser_shotting_car' build argument 'cmake_force_configure' from command line to 'False'
[1.917s] [34mcolcon.colcon_core.verb[0m [1;30mLevel 5[0m set package 'laser_shotting_car' build argument 'ament_cmake_args' from command line to 'None'
[1.917s] [34mcolcon.colcon_core.verb[0m [1;30mLevel 5[0m set package 'laser_shotting_car' build argument 'catkin_cmake_args' from command line to 'None'
[1.917s] [34mcolcon.colcon_core.verb[0m [1;30mLevel 5[0m set package 'laser_shotting_car' build argument 'catkin_skip_building_tests' from command line to 'False'
[1.917s] [34mcolcon.colcon_core.verb[0m [1;30mDEBUG[0m [32mBuilding package 'laser_shotting_car' with the following arguments: {'ament_cmake_args': None, 'build_base': '/home/orangepi/ros2_workspace/school_competition/build/laser_shotting_car', 'catkin_cmake_args': None, 'catkin_skip_building_tests': False, 'cmake_args': None, 'cmake_clean_cache': False, 'cmake_clean_first': False, 'cmake_force_configure': False, 'cmake_target': None, 'cmake_target_skip_unavailable': False, 'install_base': '/home/orangepi/ros2_workspace/school_competition/install', 'merge_install': True, 'path': '/home/orangepi/ros2_workspace/school_competition/src/laser_shotting_car', 'symlink_install': False, 'test_result_base': None}[0m
[1.918s] [34mcolcon.colcon_core.verb[0m [1;30mLevel 5[0m set package 'bluesea2' build argument 'cmake_args' from command line to 'None'
[1.918s] [34mcolcon.colcon_core.verb[0m [1;30mLevel 5[0m set package 'bluesea2' build argument 'cmake_target' from command line to 'None'
[1.918s] [34mcolcon.colcon_core.verb[0m [1;30mLevel 5[0m set package 'bluesea2' build argument 'cmake_target_skip_unavailable' from command line to 'False'
[1.918s] [34mcolcon.colcon_core.verb[0m [1;30mLevel 5[0m set package 'bluesea2' build argument 'cmake_clean_cache' from command line to 'False'
[1.918s] [34mcolcon.colcon_core.verb[0m [1;30mLevel 5[0m set package 'bluesea2' build argument 'cmake_clean_first' from command line to 'False'
[1.918s] [34mcolcon.colcon_core.verb[0m [1;30mLevel 5[0m set package 'bluesea2' build argument 'cmake_force_configure' from command line to 'False'
[1.918s] [34mcolcon.colcon_core.verb[0m [1;30mLevel 5[0m set package 'bluesea2' build argument 'ament_cmake_args' from command line to 'None'
[1.918s] [34mcolcon.colcon_core.verb[0m [1;30mLevel 5[0m set package 'bluesea2' build argument 'catkin_cmake_args' from command line to 'None'
[1.918s] [34mcolcon.colcon_core.verb[0m [1;30mLevel 5[0m set package 'bluesea2' build argument 'catkin_skip_building_tests' from command line to 'False'
[1.919s] [34mcolcon.colcon_core.verb[0m [1;30mDEBUG[0m [32mBuilding package 'bluesea2' with the following arguments: {'ament_cmake_args': None, 'build_base': '/home/orangepi/ros2_workspace/school_competition/build/bluesea2', 'catkin_cmake_args': None, 'catkin_skip_building_tests': False, 'cmake_args': None, 'cmake_clean_cache': False, 'cmake_clean_first': False, 'cmake_force_configure': False, 'cmake_target': None, 'cmake_target_skip_unavailable': False, 'install_base': '/home/orangepi/ros2_workspace/school_competition/install', 'merge_install': True, 'path': '/home/orangepi/ros2_workspace/school_competition/src/lanhailidar_ros_ws/src/bluesea-ros2-main/bluesea-ros2', 'symlink_install': False, 'test_result_base': None}[0m
[1.919s] [34mcolcon.colcon_core.executor[0m [1;30mINFO[0m Executing jobs using 'parallel' executor
[1.921s] [34mcolcon.colcon_parallel_executor.executor.parallel[0m [1;30mDEBUG[0m [32mrun_until_complete[0m
[1.922s] [34mcolcon.colcon_ros.task.ament_cmake.build[0m [1;30mINFO[0m Building ROS package in '/home/orangepi/ros2_workspace/school_competition/src/lanhailidar_ros_ws/src/bluesea-ros2-main/base' with build type 'ament_cmake'
[1.922s] [34mcolcon.colcon_cmake.task.cmake.build[0m [1;30mINFO[0m Building CMake package in '/home/orangepi/ros2_workspace/school_competition/src/lanhailidar_ros_ws/src/bluesea-ros2-main/base'
[1.932s] [34mcolcon.colcon_core.plugin_system[0m [1;30mINFO[0m Skipping extension 'colcon_core.shell.bat': Not used on non-Windows systems
[1.932s] [34mcolcon.colcon_core.shell[0m [1;30mINFO[0m Skip shell extension 'powershell' for command environment: Not usable outside of PowerShell
[1.932s] [34mcolcon.colcon_core.shell[0m [1;30mDEBUG[0m [32mSkip shell extension 'dsv' for command environment[0m
[1.951s] [34mcolcon.colcon_ros.task.ament_python.build[0m [1;30mINFO[0m Building ROS package in '/home/orangepi/ros2_workspace/school_competition/src/car_t265' with build type 'ament_python'
[1.951s] [34mcolcon.colcon_core.shell[0m [1;30mLevel 1[0m create_environment_hook('car_t265', 'ament_prefix_path')
[1.952s] [34mcolcon.colcon_core.shell[0m [1;30mINFO[0m Creating environment hook '/home/orangepi/ros2_workspace/school_competition/install/share/car_t265/hook/ament_prefix_path.ps1'
[1.954s] [34mcolcon.colcon_core.shell[0m [1;30mINFO[0m Creating environment descriptor '/home/orangepi/ros2_workspace/school_competition/install/share/car_t265/hook/ament_prefix_path.dsv'
[1.958s] [34mcolcon.colcon_core.shell[0m [1;30mINFO[0m Creating environment hook '/home/orangepi/ros2_workspace/school_competition/install/share/car_t265/hook/ament_prefix_path.sh'
[1.961s] [34mcolcon.colcon_core.shell[0m [1;30mINFO[0m Skip shell extension 'powershell' for command environment: Not usable outside of PowerShell
[1.961s] [34mcolcon.colcon_core.shell[0m [1;30mDEBUG[0m [32mSkip shell extension 'dsv' for command environment[0m
[1.969s] [34mcolcon.colcon_ros.task.ament_python.build[0m [1;30mINFO[0m Building ROS package in '/home/orangepi/ros2_workspace/school_competition/src/laser_shotting_car' with build type 'ament_python'
[1.969s] [34mcolcon.colcon_core.shell[0m [1;30mLevel 1[0m create_environment_hook('laser_shotting_car', 'ament_prefix_path')
[1.969s] [34mcolcon.colcon_core.shell[0m [1;30mINFO[0m Creating environment hook '/home/orangepi/ros2_workspace/school_competition/install/share/laser_shotting_car/hook/ament_prefix_path.ps1'
[1.971s] [34mcolcon.colcon_core.shell[0m [1;30mINFO[0m Creating environment descriptor '/home/orangepi/ros2_workspace/school_competition/install/share/laser_shotting_car/hook/ament_prefix_path.dsv'
[1.972s] [34mcolcon.colcon_core.shell[0m [1;30mINFO[0m Creating environment hook '/home/orangepi/ros2_workspace/school_competition/install/share/laser_shotting_car/hook/ament_prefix_path.sh'
[1.973s] [34mcolcon.colcon_core.shell[0m [1;30mINFO[0m Skip shell extension 'powershell' for command environment: Not usable outside of PowerShell
[1.974s] [34mcolcon.colcon_core.shell[0m [1;30mDEBUG[0m [32mSkip shell extension 'dsv' for command environment[0m
[1.996s] [34mcolcon.colcon_core.event_handler.log_command[0m [1;30mDEBUG[0m [32mInvoking command in '/home/orangepi/ros2_workspace/school_competition/build/base': CMAKE_PREFIX_PATH=${CMAKE_PREFIX_PATH}:/root/lanhailidar_ros_ws/install/scan_subscriber:/opt/ros/humble /usr/bin/cmake --build /home/orangepi/ros2_workspace/school_competition/build/base -- -j8 -l8[0m
[2.387s] [34mcolcon.colcon_core.task.python.build[0m [1;30mINFO[0m Building Python package in '/home/orangepi/ros2_workspace/school_competition/src/car_t265'
[2.387s] [34mcolcon.colcon_core.shell[0m [1;30mINFO[0m Skip shell extension 'powershell' for command environment: Not usable outside of PowerShell
[2.388s] [34mcolcon.colcon_core.shell[0m [1;30mDEBUG[0m [32mSkip shell extension 'dsv' for command environment[0m
[2.787s] [34mcolcon.colcon_core.task.python.build[0m [1;30mINFO[0m Building Python package in '/home/orangepi/ros2_workspace/school_competition/src/laser_shotting_car'
[2.789s] [34mcolcon.colcon_core.shell[0m [1;30mINFO[0m Skip shell extension 'powershell' for command environment: Not usable outside of PowerShell
[2.789s] [34mcolcon.colcon_core.shell[0m [1;30mDEBUG[0m [32mSkip shell extension 'dsv' for command environment[0m
[3.576s] [34mcolcon.colcon_core.event_handler.log_command[0m [1;30mDEBUG[0m [32mInvoking command in '/home/orangepi/ros2_workspace/school_competition/src/laser_shotting_car': PYTHONPATH=/home/orangepi/ros2_workspace/school_competition/build/laser_shotting_car/prefix_override:/usr/lib/python3/dist-packages/colcon_core/task/python/colcon_distutils_commands:/home/orangepi/ros2_workspace/school_competition/install/lib/python3.10/site-packages:${PYTHONPATH} /usr/bin/python3 -W ignore:setup.py install is deprecated -W ignore:easy_install command is deprecated setup.py egg_info --egg-base ../../build/laser_shotting_car build --build-base /home/orangepi/ros2_workspace/school_competition/build/laser_shotting_car/build install --record /home/orangepi/ros2_workspace/school_competition/build/laser_shotting_car/install.log --single-version-externally-managed install_data[0m
[3.585s] [34mcolcon.colcon_core.event_handler.log_command[0m [1;30mDEBUG[0m [32mInvoking command in '/home/orangepi/ros2_workspace/school_competition/src/car_t265': PYTHONPATH=/home/orangepi/ros2_workspace/school_competition/build/car_t265/prefix_override:/usr/lib/python3/dist-packages/colcon_core/task/python/colcon_distutils_commands:/home/orangepi/ros2_workspace/school_competition/install/lib/python3.10/site-packages:${PYTHONPATH} /usr/bin/python3 -W ignore:setup.py install is deprecated -W ignore:easy_install command is deprecated setup.py egg_info --egg-base ../../build/car_t265 build --build-base /home/orangepi/ros2_workspace/school_competition/build/car_t265/build install --record /home/orangepi/ros2_workspace/school_competition/build/car_t265/install.log --single-version-externally-managed install_data[0m
[4.054s] [34mcolcon.colcon_core.event_handler.log_command[0m [1;30mDEBUG[0m [32mInvoked command in '/home/orangepi/ros2_workspace/school_competition/src/car_t265' returned '0': PYTHONPATH=/home/orangepi/ros2_workspace/school_competition/build/car_t265/prefix_override:/usr/lib/python3/dist-packages/colcon_core/task/python/colcon_distutils_commands:/home/orangepi/ros2_workspace/school_competition/install/lib/python3.10/site-packages:${PYTHONPATH} /usr/bin/python3 -W ignore:setup.py install is deprecated -W ignore:easy_install command is deprecated setup.py egg_info --egg-base ../../build/car_t265 build --build-base /home/orangepi/ros2_workspace/school_competition/build/car_t265/build install --record /home/orangepi/ros2_workspace/school_competition/build/car_t265/install.log --single-version-externally-managed install_data[0m
[4.069s] [34mcolcon.colcon_core.environment[0m [1;30mLevel 1[0m checking '/home/orangepi/ros2_workspace/school_competition/install' for CMake module files
[4.070s] [34mcolcon.colcon_core.environment[0m [1;30mLevel 1[0m checking '/home/orangepi/ros2_workspace/school_competition/install' for CMake config files
[4.071s] [34mcolcon.colcon_core.shell[0m [1;30mLevel 1[0m create_environment_hook('car_t265', 'cmake_prefix_path')
[4.072s] [34mcolcon.colcon_core.shell[0m [1;30mINFO[0m Creating environment hook '/home/orangepi/ros2_workspace/school_competition/install/share/car_t265/hook/cmake_prefix_path.ps1'
[4.073s] [34mcolcon.colcon_core.shell[0m [1;30mINFO[0m Creating environment descriptor '/home/orangepi/ros2_workspace/school_competition/install/share/car_t265/hook/cmake_prefix_path.dsv'
[4.073s] [34mcolcon.colcon_core.shell[0m [1;30mINFO[0m Creating environment hook '/home/orangepi/ros2_workspace/school_competition/install/share/car_t265/hook/cmake_prefix_path.sh'
[4.074s] [34mcolcon.colcon_core.environment[0m [1;30mLevel 1[0m checking '/home/orangepi/ros2_workspace/school_competition/install/lib'
[4.075s] [34mcolcon.colcon_core.shell[0m [1;30mLevel 1[0m create_environment_hook('car_t265', 'ld_library_path_lib')
[4.075s] [34mcolcon.colcon_core.shell[0m [1;30mINFO[0m Creating environment hook '/home/orangepi/ros2_workspace/school_competition/install/share/car_t265/hook/ld_library_path_lib.ps1'
[4.075s] [34mcolcon.colcon_core.shell[0m [1;30mINFO[0m Creating environment descriptor '/home/orangepi/ros2_workspace/school_competition/install/share/car_t265/hook/ld_library_path_lib.dsv'
[4.076s] [34mcolcon.colcon_core.shell[0m [1;30mINFO[0m Creating environment hook '/home/orangepi/ros2_workspace/school_competition/install/share/car_t265/hook/ld_library_path_lib.sh'
[4.078s] [34mcolcon.colcon_core.environment[0m [1;30mLevel 1[0m checking '/home/orangepi/ros2_workspace/school_competition/install/bin'
[4.078s] [34mcolcon.colcon_core.environment[0m [1;30mLevel 1[0m checking '/home/orangepi/ros2_workspace/school_competition/install/lib/pkgconfig/car_t265.pc'
[4.079s] [34mcolcon.colcon_core.environment[0m [1;30mLevel 1[0m checking '/home/orangepi/ros2_workspace/school_competition/install/lib/python3.10/site-packages'
[4.079s] [34mcolcon.colcon_core.shell[0m [1;30mLevel 1[0m create_environment_hook('car_t265', 'pythonpath')
[4.079s] [34mcolcon.colcon_core.shell[0m [1;30mINFO[0m Creating environment hook '/home/orangepi/ros2_workspace/school_competition/install/share/car_t265/hook/pythonpath.ps1'
[4.080s] [34mcolcon.colcon_core.shell[0m [1;30mINFO[0m Creating environment descriptor '/home/orangepi/ros2_workspace/school_competition/install/share/car_t265/hook/pythonpath.dsv'
[4.081s] [34mcolcon.colcon_core.shell[0m [1;30mINFO[0m Creating environment hook '/home/orangepi/ros2_workspace/school_competition/install/share/car_t265/hook/pythonpath.sh'
[4.083s] [34mcolcon.colcon_core.environment[0m [1;30mLevel 1[0m checking '/home/orangepi/ros2_workspace/school_competition/install/bin'
[4.083s] [34mcolcon.colcon_core.environment[0m [1;30mLevel 1[0m create_environment_scripts_only(car_t265)
[4.084s] [34mcolcon.colcon_core.shell[0m [1;30mINFO[0m Creating package script '/home/orangepi/ros2_workspace/school_competition/install/share/car_t265/package.ps1'
[4.089s] [34mcolcon.colcon_core.shell[0m [1;30mINFO[0m Creating package descriptor '/home/orangepi/ros2_workspace/school_competition/install/share/car_t265/package.dsv'
[4.093s] [34mcolcon.colcon_core.shell[0m [1;30mINFO[0m Creating package script '/home/orangepi/ros2_workspace/school_competition/install/share/car_t265/package.sh'
[4.096s] [34mcolcon.colcon_core.shell[0m [1;30mINFO[0m Creating package script '/home/orangepi/ros2_workspace/school_competition/install/share/car_t265/package.bash'
[4.100s] [34mcolcon.colcon_core.shell[0m [1;30mINFO[0m Creating package script '/home/orangepi/ros2_workspace/school_competition/install/share/car_t265/package.zsh'
[4.103s] [34mcolcon.colcon_core.environment[0m [1;30mLevel 1[0m create_file_with_runtime_dependencies(/home/orangepi/ros2_workspace/school_competition/install/share/colcon-core/packages/car_t265)
[4.106s] [34mcolcon.colcon_core.environment[0m [1;30mLevel 1[0m checking '/home/orangepi/ros2_workspace/school_competition/install' for CMake module files
[4.108s] [34mcolcon.colcon_core.event_handler.log_command[0m [1;30mDEBUG[0m [32mInvoked command in '/home/orangepi/ros2_workspace/school_competition/src/laser_shotting_car' returned '0': PYTHONPATH=/home/orangepi/ros2_workspace/school_competition/build/laser_shotting_car/prefix_override:/usr/lib/python3/dist-packages/colcon_core/task/python/colcon_distutils_commands:/home/orangepi/ros2_workspace/school_competition/install/lib/python3.10/site-packages:${PYTHONPATH} /usr/bin/python3 -W ignore:setup.py install is deprecated -W ignore:easy_install command is deprecated setup.py egg_info --egg-base ../../build/laser_shotting_car build --build-base /home/orangepi/ros2_workspace/school_competition/build/laser_shotting_car/build install --record /home/orangepi/ros2_workspace/school_competition/build/laser_shotting_car/install.log --single-version-externally-managed install_data[0m
[4.109s] [34mcolcon.colcon_core.environment[0m [1;30mLevel 1[0m checking '/home/orangepi/ros2_workspace/school_competition/install' for CMake config files
[4.111s] [34mcolcon.colcon_core.shell[0m [1;30mLevel 1[0m create_environment_hook('laser_shotting_car', 'cmake_prefix_path')
[4.111s] [34mcolcon.colcon_core.shell[0m [1;30mINFO[0m Creating environment hook '/home/orangepi/ros2_workspace/school_competition/install/share/laser_shotting_car/hook/cmake_prefix_path.ps1'
[4.112s] [34mcolcon.colcon_core.shell[0m [1;30mINFO[0m Creating environment descriptor '/home/orangepi/ros2_workspace/school_competition/install/share/laser_shotting_car/hook/cmake_prefix_path.dsv'
[4.113s] [34mcolcon.colcon_core.shell[0m [1;30mINFO[0m Creating environment hook '/home/orangepi/ros2_workspace/school_competition/install/share/laser_shotting_car/hook/cmake_prefix_path.sh'
[4.114s] [34mcolcon.colcon_core.environment[0m [1;30mLevel 1[0m checking '/home/orangepi/ros2_workspace/school_competition/install/lib'
[4.115s] [34mcolcon.colcon_core.shell[0m [1;30mLevel 1[0m create_environment_hook('laser_shotting_car', 'ld_library_path_lib')
[4.115s] [34mcolcon.colcon_core.shell[0m [1;30mINFO[0m Creating environment hook '/home/orangepi/ros2_workspace/school_competition/install/share/laser_shotting_car/hook/ld_library_path_lib.ps1'
[4.116s] [34mcolcon.colcon_core.shell[0m [1;30mINFO[0m Creating environment descriptor '/home/orangepi/ros2_workspace/school_competition/install/share/laser_shotting_car/hook/ld_library_path_lib.dsv'
[4.117s] [34mcolcon.colcon_core.shell[0m [1;30mINFO[0m Creating environment hook '/home/orangepi/ros2_workspace/school_competition/install/share/laser_shotting_car/hook/ld_library_path_lib.sh'
[4.118s] [34mcolcon.colcon_core.environment[0m [1;30mLevel 1[0m checking '/home/orangepi/ros2_workspace/school_competition/install/bin'
[4.118s] [34mcolcon.colcon_core.environment[0m [1;30mLevel 1[0m checking '/home/orangepi/ros2_workspace/school_competition/install/lib/pkgconfig/laser_shotting_car.pc'
[4.118s] [34mcolcon.colcon_core.environment[0m [1;30mLevel 1[0m checking '/home/orangepi/ros2_workspace/school_competition/install/lib/python3.10/site-packages'
[4.118s] [34mcolcon.colcon_core.shell[0m [1;30mLevel 1[0m create_environment_hook('laser_shotting_car', 'pythonpath')
[4.119s] [34mcolcon.colcon_core.shell[0m [1;30mINFO[0m Creating environment hook '/home/orangepi/ros2_workspace/school_competition/install/share/laser_shotting_car/hook/pythonpath.ps1'
[4.120s] [34mcolcon.colcon_core.shell[0m [1;30mINFO[0m Creating environment descriptor '/home/orangepi/ros2_workspace/school_competition/install/share/laser_shotting_car/hook/pythonpath.dsv'
[4.120s] [34mcolcon.colcon_core.shell[0m [1;30mINFO[0m Creating environment hook '/home/orangepi/ros2_workspace/school_competition/install/share/laser_shotting_car/hook/pythonpath.sh'
[4.121s] [34mcolcon.colcon_core.environment[0m [1;30mLevel 1[0m checking '/home/orangepi/ros2_workspace/school_competition/install/bin'
[4.121s] [34mcolcon.colcon_core.environment[0m [1;30mLevel 1[0m create_environment_scripts_only(laser_shotting_car)
[4.122s] [34mcolcon.colcon_core.shell[0m [1;30mINFO[0m Creating package script '/home/orangepi/ros2_workspace/school_competition/install/share/laser_shotting_car/package.ps1'
[4.123s] [34mcolcon.colcon_core.shell[0m [1;30mINFO[0m Creating package descriptor '/home/orangepi/ros2_workspace/school_competition/install/share/laser_shotting_car/package.dsv'
[4.124s] [34mcolcon.colcon_core.shell[0m [1;30mINFO[0m Creating package script '/home/orangepi/ros2_workspace/school_competition/install/share/laser_shotting_car/package.sh'
[4.125s] [34mcolcon.colcon_core.shell[0m [1;30mINFO[0m Creating package script '/home/orangepi/ros2_workspace/school_competition/install/share/laser_shotting_car/package.bash'
[4.125s] [34mcolcon.colcon_core.shell[0m [1;30mINFO[0m Creating package script '/home/orangepi/ros2_workspace/school_competition/install/share/laser_shotting_car/package.zsh'
[4.126s] [34mcolcon.colcon_core.environment[0m [1;30mLevel 1[0m create_file_with_runtime_dependencies(/home/orangepi/ros2_workspace/school_competition/install/share/colcon-core/packages/laser_shotting_car)
[4.264s] [34mcolcon.colcon_core.event_handler.log_command[0m [1;30mDEBUG[0m [32mInvoked command in '/home/orangepi/ros2_workspace/school_competition/build/base' returned '0': CMAKE_PREFIX_PATH=${CMAKE_PREFIX_PATH}:/root/lanhailidar_ros_ws/install/scan_subscriber:/opt/ros/humble /usr/bin/cmake --build /home/orangepi/ros2_workspace/school_competition/build/base -- -j8 -l8[0m
[4.282s] [34mcolcon.colcon_core.event_handler.log_command[0m [1;30mDEBUG[0m [32mInvoking command in '/home/orangepi/ros2_workspace/school_competition/build/base': CMAKE_PREFIX_PATH=${CMAKE_PREFIX_PATH}:/root/lanhailidar_ros_ws/install/scan_subscriber:/opt/ros/humble /usr/bin/cmake --install /home/orangepi/ros2_workspace/school_competition/build/base[0m
[4.457s] [34mcolcon.colcon_core.environment[0m [1;30mLevel 1[0m create_environment_scripts_only(base)
[4.458s] [34mcolcon.colcon_core.environment[0m [1;30mLevel 1[0m checking '/home/orangepi/ros2_workspace/school_competition/install' for CMake module files
[4.461s] [34mcolcon.colcon_core.event_handler.log_command[0m [1;30mDEBUG[0m [32mInvoked command in '/home/orangepi/ros2_workspace/school_competition/build/base' returned '0': CMAKE_PREFIX_PATH=${CMAKE_PREFIX_PATH}:/root/lanhailidar_ros_ws/install/scan_subscriber:/opt/ros/humble /usr/bin/cmake --install /home/orangepi/ros2_workspace/school_competition/build/base[0m
[4.464s] [34mcolcon.colcon_core.environment[0m [1;30mLevel 1[0m checking '/home/orangepi/ros2_workspace/school_competition/install' for CMake config files
[4.468s] [34mcolcon.colcon_core.shell[0m [1;30mLevel 1[0m create_environment_hook('base', 'cmake_prefix_path')
[4.469s] [34mcolcon.colcon_core.shell[0m [1;30mINFO[0m Creating environment hook '/home/orangepi/ros2_workspace/school_competition/install/share/base/hook/cmake_prefix_path.ps1'
[4.471s] [34mcolcon.colcon_core.shell[0m [1;30mINFO[0m Creating environment descriptor '/home/orangepi/ros2_workspace/school_competition/install/share/base/hook/cmake_prefix_path.dsv'
[4.472s] [34mcolcon.colcon_core.shell[0m [1;30mINFO[0m Creating environment hook '/home/orangepi/ros2_workspace/school_competition/install/share/base/hook/cmake_prefix_path.sh'
[4.474s] [34mcolcon.colcon_core.environment[0m [1;30mLevel 1[0m checking '/home/orangepi/ros2_workspace/school_competition/install/lib'
[4.475s] [34mcolcon.colcon_core.shell[0m [1;30mLevel 1[0m create_environment_hook('base', 'ld_library_path_lib')
[4.476s] [34mcolcon.colcon_core.shell[0m [1;30mINFO[0m Creating environment hook '/home/orangepi/ros2_workspace/school_competition/install/share/base/hook/ld_library_path_lib.ps1'
[4.478s] [34mcolcon.colcon_core.shell[0m [1;30mINFO[0m Creating environment descriptor '/home/orangepi/ros2_workspace/school_competition/install/share/base/hook/ld_library_path_lib.dsv'
[4.479s] [34mcolcon.colcon_core.shell[0m [1;30mINFO[0m Creating environment hook '/home/orangepi/ros2_workspace/school_competition/install/share/base/hook/ld_library_path_lib.sh'
[4.482s] [34mcolcon.colcon_core.environment[0m [1;30mLevel 1[0m checking '/home/orangepi/ros2_workspace/school_competition/install/bin'
[4.482s] [34mcolcon.colcon_core.environment[0m [1;30mLevel 1[0m checking '/home/orangepi/ros2_workspace/school_competition/install/lib/pkgconfig/base.pc'
[4.483s] [34mcolcon.colcon_core.environment[0m [1;30mLevel 1[0m checking '/home/orangepi/ros2_workspace/school_competition/install/lib/python3.10/site-packages'
[4.483s] [34mcolcon.colcon_core.shell[0m [1;30mLevel 1[0m create_environment_hook('base', 'pythonpath')
[4.484s] [34mcolcon.colcon_core.shell[0m [1;30mINFO[0m Creating environment hook '/home/orangepi/ros2_workspace/school_competition/install/share/base/hook/pythonpath.ps1'
[4.486s] [34mcolcon.colcon_core.shell[0m [1;30mINFO[0m Creating environment descriptor '/home/orangepi/ros2_workspace/school_competition/install/share/base/hook/pythonpath.dsv'
[4.487s] [34mcolcon.colcon_core.shell[0m [1;30mINFO[0m Creating environment hook '/home/orangepi/ros2_workspace/school_competition/install/share/base/hook/pythonpath.sh'
[4.490s] [34mcolcon.colcon_core.environment[0m [1;30mLevel 1[0m checking '/home/orangepi/ros2_workspace/school_competition/install/bin'
[4.491s] [34mcolcon.colcon_core.shell[0m [1;30mINFO[0m Creating package script '/home/orangepi/ros2_workspace/school_competition/install/share/base/package.ps1'
[4.494s] [34mcolcon.colcon_core.shell[0m [1;30mINFO[0m Creating package descriptor '/home/orangepi/ros2_workspace/school_competition/install/share/base/package.dsv'
[4.496s] [34mcolcon.colcon_core.shell[0m [1;30mINFO[0m Creating package script '/home/orangepi/ros2_workspace/school_competition/install/share/base/package.sh'
[4.497s] [34mcolcon.colcon_core.shell[0m [1;30mINFO[0m Creating package script '/home/orangepi/ros2_workspace/school_competition/install/share/base/package.bash'
[4.499s] [34mcolcon.colcon_core.shell[0m [1;30mINFO[0m Creating package script '/home/orangepi/ros2_workspace/school_competition/install/share/base/package.zsh'
[4.500s] [34mcolcon.colcon_core.environment[0m [1;30mLevel 1[0m create_file_with_runtime_dependencies(/home/orangepi/ros2_workspace/school_competition/install/share/colcon-core/packages/base)
[4.503s] [34mcolcon.colcon_core.environment[0m [1;30mLevel 1[0m create_environment_scripts_only(base)
[4.504s] [34mcolcon.colcon_core.environment[0m [1;30mLevel 1[0m checking '/home/orangepi/ros2_workspace/school_competition/install' for CMake module files
[4.507s] [34mcolcon.colcon_core.environment[0m [1;30mLevel 1[0m checking '/home/orangepi/ros2_workspace/school_competition/install' for CMake config files
[4.512s] [34mcolcon.colcon_core.shell[0m [1;30mLevel 1[0m create_environment_hook('base', 'cmake_prefix_path')
[4.513s] [34mcolcon.colcon_core.shell[0m [1;30mINFO[0m Creating environment hook '/home/orangepi/ros2_workspace/school_competition/install/share/base/hook/cmake_prefix_path.ps1'
[4.515s] [34mcolcon.colcon_core.shell[0m [1;30mINFO[0m Creating environment descriptor '/home/orangepi/ros2_workspace/school_competition/install/share/base/hook/cmake_prefix_path.dsv'
[4.516s] [34mcolcon.colcon_core.shell[0m [1;30mINFO[0m Creating environment hook '/home/orangepi/ros2_workspace/school_competition/install/share/base/hook/cmake_prefix_path.sh'
[4.519s] [34mcolcon.colcon_core.environment[0m [1;30mLevel 1[0m checking '/home/orangepi/ros2_workspace/school_competition/install/lib'
[4.519s] [34mcolcon.colcon_core.shell[0m [1;30mLevel 1[0m create_environment_hook('base', 'ld_library_path_lib')
[4.519s] [34mcolcon.colcon_core.shell[0m [1;30mINFO[0m Creating environment hook '/home/orangepi/ros2_workspace/school_competition/install/share/base/hook/ld_library_path_lib.ps1'
[4.520s] [34mcolcon.colcon_core.shell[0m [1;30mINFO[0m Creating environment descriptor '/home/orangepi/ros2_workspace/school_competition/install/share/base/hook/ld_library_path_lib.dsv'
[4.521s] [34mcolcon.colcon_core.shell[0m [1;30mINFO[0m Creating environment hook '/home/orangepi/ros2_workspace/school_competition/install/share/base/hook/ld_library_path_lib.sh'
[4.522s] [34mcolcon.colcon_core.environment[0m [1;30mLevel 1[0m checking '/home/orangepi/ros2_workspace/school_competition/install/bin'
[4.522s] [34mcolcon.colcon_core.environment[0m [1;30mLevel 1[0m checking '/home/orangepi/ros2_workspace/school_competition/install/lib/pkgconfig/base.pc'
[4.523s] [34mcolcon.colcon_core.environment[0m [1;30mLevel 1[0m checking '/home/orangepi/ros2_workspace/school_competition/install/lib/python3.10/site-packages'
[4.523s] [34mcolcon.colcon_core.shell[0m [1;30mLevel 1[0m create_environment_hook('base', 'pythonpath')
[4.524s] [34mcolcon.colcon_core.shell[0m [1;30mINFO[0m Creating environment hook '/home/orangepi/ros2_workspace/school_competition/install/share/base/hook/pythonpath.ps1'
[4.525s] [34mcolcon.colcon_core.shell[0m [1;30mINFO[0m Creating environment descriptor '/home/orangepi/ros2_workspace/school_competition/install/share/base/hook/pythonpath.dsv'
[4.526s] [34mcolcon.colcon_core.shell[0m [1;30mINFO[0m Creating environment hook '/home/orangepi/ros2_workspace/school_competition/install/share/base/hook/pythonpath.sh'
[4.528s] [34mcolcon.colcon_core.environment[0m [1;30mLevel 1[0m checking '/home/orangepi/ros2_workspace/school_competition/install/bin'
[4.529s] [34mcolcon.colcon_core.shell[0m [1;30mINFO[0m Creating package script '/home/orangepi/ros2_workspace/school_competition/install/share/base/package.ps1'
[4.531s] [34mcolcon.colcon_core.shell[0m [1;30mINFO[0m Creating package descriptor '/home/orangepi/ros2_workspace/school_competition/install/share/base/package.dsv'
[4.532s] [34mcolcon.colcon_core.shell[0m [1;30mINFO[0m Creating package script '/home/orangepi/ros2_workspace/school_competition/install/share/base/package.sh'
[4.533s] [34mcolcon.colcon_core.shell[0m [1;30mINFO[0m Creating package script '/home/orangepi/ros2_workspace/school_competition/install/share/base/package.bash'
[4.534s] [34mcolcon.colcon_core.shell[0m [1;30mINFO[0m Creating package script '/home/orangepi/ros2_workspace/school_competition/install/share/base/package.zsh'
[4.534s] [34mcolcon.colcon_core.environment[0m [1;30mLevel 1[0m create_file_with_runtime_dependencies(/home/orangepi/ros2_workspace/school_competition/install/share/colcon-core/packages/base)
[4.535s] [34mcolcon.colcon_ros.task.ament_cmake.build[0m [1;30mINFO[0m Building ROS package in '/home/orangepi/ros2_workspace/school_competition/src/lanhailidar_ros_ws/src/bluesea-ros2-main/bluesea-ros2' with build type 'ament_cmake'
[4.535s] [34mcolcon.colcon_cmake.task.cmake.build[0m [1;30mINFO[0m Building CMake package in '/home/orangepi/ros2_workspace/school_competition/src/lanhailidar_ros_ws/src/bluesea-ros2-main/bluesea-ros2'
[4.535s] [34mcolcon.colcon_core.shell[0m [1;30mINFO[0m Skip shell extension 'powershell' for command environment: Not usable outside of PowerShell
[4.536s] [34mcolcon.colcon_core.shell[0m [1;30mDEBUG[0m [32mSkip shell extension 'dsv' for command environment[0m
[4.590s] [34mcolcon.colcon_core.event_handler.log_command[0m [1;30mDEBUG[0m [32mInvoking command in '/home/orangepi/ros2_workspace/school_competition/build/bluesea2': CMAKE_PREFIX_PATH=${CMAKE_PREFIX_PATH}:/root/lanhailidar_ros_ws/install/scan_subscriber:/opt/ros/humble PYTHONPATH=/home/orangepi/ros2_workspace/school_competition/install/lib/python3.10/site-packages:/home/orangepi/ros2_workspace/school_competition/install/local/lib/python3.10/dist-packages:/root/lanhailidar_ros_ws/install/scan_subscriber/lib/python3.10/site-packages:/root/lanhailidar_ros_ws/install/base/local/lib/python3.10/dist-packages:/opt/ros/humble/lib/python3.10/site-packages:/opt/ros/humble/local/lib/python3.10/dist-packages /usr/bin/cmake --build /home/orangepi/ros2_workspace/school_competition/build/bluesea2 -- -j8 -l8[0m
[5.164s] [34mcolcon.colcon_core.event_handler.log_command[0m [1;30mDEBUG[0m [32mInvoked command in '/home/orangepi/ros2_workspace/school_competition/build/bluesea2' returned '0': CMAKE_PREFIX_PATH=${CMAKE_PREFIX_PATH}:/root/lanhailidar_ros_ws/install/scan_subscriber:/opt/ros/humble PYTHONPATH=/home/orangepi/ros2_workspace/school_competition/install/lib/python3.10/site-packages:/home/orangepi/ros2_workspace/school_competition/install/local/lib/python3.10/dist-packages:/root/lanhailidar_ros_ws/install/scan_subscriber/lib/python3.10/site-packages:/root/lanhailidar_ros_ws/install/base/local/lib/python3.10/dist-packages:/opt/ros/humble/lib/python3.10/site-packages:/opt/ros/humble/local/lib/python3.10/dist-packages /usr/bin/cmake --build /home/orangepi/ros2_workspace/school_competition/build/bluesea2 -- -j8 -l8[0m
[5.172s] [34mcolcon.colcon_core.event_handler.log_command[0m [1;30mDEBUG[0m [32mInvoking command in '/home/orangepi/ros2_workspace/school_competition/build/bluesea2': CMAKE_PREFIX_PATH=${CMAKE_PREFIX_PATH}:/root/lanhailidar_ros_ws/install/scan_subscriber:/opt/ros/humble PYTHONPATH=/home/orangepi/ros2_workspace/school_competition/install/lib/python3.10/site-packages:/home/orangepi/ros2_workspace/school_competition/install/local/lib/python3.10/dist-packages:/root/lanhailidar_ros_ws/install/scan_subscriber/lib/python3.10/site-packages:/root/lanhailidar_ros_ws/install/base/local/lib/python3.10/dist-packages:/opt/ros/humble/lib/python3.10/site-packages:/opt/ros/humble/local/lib/python3.10/dist-packages /usr/bin/cmake --install /home/orangepi/ros2_workspace/school_competition/build/bluesea2[0m
[5.217s] [34mcolcon.colcon_core.environment[0m [1;30mLevel 1[0m create_environment_scripts_only(bluesea2)
[5.218s] [34mcolcon.colcon_core.environment[0m [1;30mLevel 1[0m checking '/home/orangepi/ros2_workspace/school_competition/install' for CMake module files
[5.227s] [34mcolcon.colcon_core.environment[0m [1;30mLevel 1[0m checking '/home/orangepi/ros2_workspace/school_competition/install' for CMake config files
[5.230s] [34mcolcon.colcon_core.event_handler.log_command[0m [1;30mDEBUG[0m [32mInvoked command in '/home/orangepi/ros2_workspace/school_competition/build/bluesea2' returned '0': CMAKE_PREFIX_PATH=${CMAKE_PREFIX_PATH}:/root/lanhailidar_ros_ws/install/scan_subscriber:/opt/ros/humble PYTHONPATH=/home/orangepi/ros2_workspace/school_competition/install/lib/python3.10/site-packages:/home/orangepi/ros2_workspace/school_competition/install/local/lib/python3.10/dist-packages:/root/lanhailidar_ros_ws/install/scan_subscriber/lib/python3.10/site-packages:/root/lanhailidar_ros_ws/install/base/local/lib/python3.10/dist-packages:/opt/ros/humble/lib/python3.10/site-packages:/opt/ros/humble/local/lib/python3.10/dist-packages /usr/bin/cmake --install /home/orangepi/ros2_workspace/school_competition/build/bluesea2[0m
[5.234s] [34mcolcon.colcon_core.shell[0m [1;30mLevel 1[0m create_environment_hook('bluesea2', 'cmake_prefix_path')
[5.236s] [34mcolcon.colcon_core.shell[0m [1;30mINFO[0m Creating environment hook '/home/orangepi/ros2_workspace/school_competition/install/share/bluesea2/hook/cmake_prefix_path.ps1'
[5.237s] [34mcolcon.colcon_core.shell[0m [1;30mINFO[0m Creating environment descriptor '/home/orangepi/ros2_workspace/school_competition/install/share/bluesea2/hook/cmake_prefix_path.dsv'
[5.239s] [34mcolcon.colcon_core.shell[0m [1;30mINFO[0m Creating environment hook '/home/orangepi/ros2_workspace/school_competition/install/share/bluesea2/hook/cmake_prefix_path.sh'
[5.242s] [34mcolcon.colcon_core.environment[0m [1;30mLevel 1[0m checking '/home/orangepi/ros2_workspace/school_competition/install/lib'
[5.242s] [34mcolcon.colcon_core.shell[0m [1;30mLevel 1[0m create_environment_hook('bluesea2', 'ld_library_path_lib')
[5.243s] [34mcolcon.colcon_core.shell[0m [1;30mINFO[0m Creating environment hook '/home/orangepi/ros2_workspace/school_competition/install/share/bluesea2/hook/ld_library_path_lib.ps1'
[5.245s] [34mcolcon.colcon_core.shell[0m [1;30mINFO[0m Creating environment descriptor '/home/orangepi/ros2_workspace/school_competition/install/share/bluesea2/hook/ld_library_path_lib.dsv'
[5.246s] [34mcolcon.colcon_core.shell[0m [1;30mINFO[0m Creating environment hook '/home/orangepi/ros2_workspace/school_competition/install/share/bluesea2/hook/ld_library_path_lib.sh'
[5.248s] [34mcolcon.colcon_core.environment[0m [1;30mLevel 1[0m checking '/home/orangepi/ros2_workspace/school_competition/install/bin'
[5.248s] [34mcolcon.colcon_core.environment[0m [1;30mLevel 1[0m checking '/home/orangepi/ros2_workspace/school_competition/install/lib/pkgconfig/bluesea2.pc'
[5.249s] [34mcolcon.colcon_core.environment[0m [1;30mLevel 1[0m checking '/home/orangepi/ros2_workspace/school_competition/install/lib/python3.10/site-packages'
[5.249s] [34mcolcon.colcon_core.shell[0m [1;30mLevel 1[0m create_environment_hook('bluesea2', 'pythonpath')
[5.251s] [34mcolcon.colcon_core.shell[0m [1;30mINFO[0m Creating environment hook '/home/orangepi/ros2_workspace/school_competition/install/share/bluesea2/hook/pythonpath.ps1'
[5.252s] [34mcolcon.colcon_core.shell[0m [1;30mINFO[0m Creating environment descriptor '/home/orangepi/ros2_workspace/school_competition/install/share/bluesea2/hook/pythonpath.dsv'
[5.254s] [34mcolcon.colcon_core.shell[0m [1;30mINFO[0m Creating environment hook '/home/orangepi/ros2_workspace/school_competition/install/share/bluesea2/hook/pythonpath.sh'
[5.256s] [34mcolcon.colcon_core.environment[0m [1;30mLevel 1[0m checking '/home/orangepi/ros2_workspace/school_competition/install/bin'
[5.258s] [34mcolcon.colcon_core.shell[0m [1;30mINFO[0m Creating package script '/home/orangepi/ros2_workspace/school_competition/install/share/bluesea2/package.ps1'
[5.260s] [34mcolcon.colcon_core.shell[0m [1;30mINFO[0m Creating package descriptor '/home/orangepi/ros2_workspace/school_competition/install/share/bluesea2/package.dsv'
[5.262s] [34mcolcon.colcon_core.shell[0m [1;30mINFO[0m Creating package script '/home/orangepi/ros2_workspace/school_competition/install/share/bluesea2/package.sh'
[5.264s] [34mcolcon.colcon_core.shell[0m [1;30mINFO[0m Creating package script '/home/orangepi/ros2_workspace/school_competition/install/share/bluesea2/package.bash'
[5.265s] [34mcolcon.colcon_core.shell[0m [1;30mINFO[0m Creating package script '/home/orangepi/ros2_workspace/school_competition/install/share/bluesea2/package.zsh'
[5.267s] [34mcolcon.colcon_core.environment[0m [1;30mLevel 1[0m create_file_with_runtime_dependencies(/home/orangepi/ros2_workspace/school_competition/install/share/colcon-core/packages/bluesea2)
[5.269s] [34mcolcon.colcon_core.environment[0m [1;30mLevel 1[0m create_environment_scripts_only(bluesea2)
[5.270s] [34mcolcon.colcon_core.environment[0m [1;30mLevel 1[0m checking '/home/orangepi/ros2_workspace/school_competition/install' for CMake module files
[5.272s] [34mcolcon.colcon_core.environment[0m [1;30mLevel 1[0m checking '/home/orangepi/ros2_workspace/school_competition/install' for CMake config files
[5.276s] [34mcolcon.colcon_core.shell[0m [1;30mLevel 1[0m create_environment_hook('bluesea2', 'cmake_prefix_path')
[5.276s] [34mcolcon.colcon_core.shell[0m [1;30mINFO[0m Creating environment hook '/home/orangepi/ros2_workspace/school_competition/install/share/bluesea2/hook/cmake_prefix_path.ps1'
[5.277s] [34mcolcon.colcon_core.shell[0m [1;30mINFO[0m Creating environment descriptor '/home/orangepi/ros2_workspace/school_competition/install/share/bluesea2/hook/cmake_prefix_path.dsv'
[5.279s] [34mcolcon.colcon_core.shell[0m [1;30mINFO[0m Creating environment hook '/home/orangepi/ros2_workspace/school_competition/install/share/bluesea2/hook/cmake_prefix_path.sh'
[5.281s] [34mcolcon.colcon_core.environment[0m [1;30mLevel 1[0m checking '/home/orangepi/ros2_workspace/school_competition/install/lib'
[5.281s] [34mcolcon.colcon_core.shell[0m [1;30mLevel 1[0m create_environment_hook('bluesea2', 'ld_library_path_lib')
[5.282s] [34mcolcon.colcon_core.shell[0m [1;30mINFO[0m Creating environment hook '/home/orangepi/ros2_workspace/school_competition/install/share/bluesea2/hook/ld_library_path_lib.ps1'
[5.283s] [34mcolcon.colcon_core.shell[0m [1;30mINFO[0m Creating environment descriptor '/home/orangepi/ros2_workspace/school_competition/install/share/bluesea2/hook/ld_library_path_lib.dsv'
[5.284s] [34mcolcon.colcon_core.shell[0m [1;30mINFO[0m Creating environment hook '/home/orangepi/ros2_workspace/school_competition/install/share/bluesea2/hook/ld_library_path_lib.sh'
[5.285s] [34mcolcon.colcon_core.environment[0m [1;30mLevel 1[0m checking '/home/orangepi/ros2_workspace/school_competition/install/bin'
[5.286s] [34mcolcon.colcon_core.environment[0m [1;30mLevel 1[0m checking '/home/orangepi/ros2_workspace/school_competition/install/lib/pkgconfig/bluesea2.pc'
[5.286s] [34mcolcon.colcon_core.environment[0m [1;30mLevel 1[0m checking '/home/orangepi/ros2_workspace/school_competition/install/lib/python3.10/site-packages'
[5.287s] [34mcolcon.colcon_core.shell[0m [1;30mLevel 1[0m create_environment_hook('bluesea2', 'pythonpath')
[5.287s] [34mcolcon.colcon_core.shell[0m [1;30mINFO[0m Creating environment hook '/home/orangepi/ros2_workspace/school_competition/install/share/bluesea2/hook/pythonpath.ps1'
[5.288s] [34mcolcon.colcon_core.shell[0m [1;30mINFO[0m Creating environment descriptor '/home/orangepi/ros2_workspace/school_competition/install/share/bluesea2/hook/pythonpath.dsv'
[5.289s] [34mcolcon.colcon_core.shell[0m [1;30mINFO[0m Creating environment hook '/home/orangepi/ros2_workspace/school_competition/install/share/bluesea2/hook/pythonpath.sh'
[5.291s] [34mcolcon.colcon_core.environment[0m [1;30mLevel 1[0m checking '/home/orangepi/ros2_workspace/school_competition/install/bin'
[5.291s] [34mcolcon.colcon_core.shell[0m [1;30mINFO[0m Creating package script '/home/orangepi/ros2_workspace/school_competition/install/share/bluesea2/package.ps1'
[5.293s] [34mcolcon.colcon_core.shell[0m [1;30mINFO[0m Creating package descriptor '/home/orangepi/ros2_workspace/school_competition/install/share/bluesea2/package.dsv'
[5.294s] [34mcolcon.colcon_core.shell[0m [1;30mINFO[0m Creating package script '/home/orangepi/ros2_workspace/school_competition/install/share/bluesea2/package.sh'
[5.295s] [34mcolcon.colcon_core.shell[0m [1;30mINFO[0m Creating package script '/home/orangepi/ros2_workspace/school_competition/install/share/bluesea2/package.bash'
[5.296s] [34mcolcon.colcon_core.shell[0m [1;30mINFO[0m Creating package script '/home/orangepi/ros2_workspace/school_competition/install/share/bluesea2/package.zsh'
[5.297s] [34mcolcon.colcon_core.environment[0m [1;30mLevel 1[0m create_file_with_runtime_dependencies(/home/orangepi/ros2_workspace/school_competition/install/share/colcon-core/packages/bluesea2)
[5.297s] [34mcolcon.colcon_parallel_executor.executor.parallel[0m [1;30mDEBUG[0m [32mclosing loop[0m
[5.298s] [34mcolcon.colcon_parallel_executor.executor.parallel[0m [1;30mDEBUG[0m [32mloop closed[0m
[5.298s] [34mcolcon.colcon_parallel_executor.executor.parallel[0m [1;30mDEBUG[0m [32mrun_until_complete finished with '0'[0m
[5.298s] [34mcolcon.colcon_core.event_reactor[0m [1;30mDEBUG[0m [32mjoining thread[0m
[5.326s] [34mcolcon.colcon_core.plugin_system[0m [1;30mINFO[0m Skipping extension 'colcon_notification.desktop_notification.terminal_notifier': Not used on non-Darwin systems
[5.326s] [34mcolcon.colcon_core.plugin_system[0m [1;30mINFO[0m Skipping extension 'colcon_notification.desktop_notification.win32': Not used on non-Windows systems
[5.326s] [34mcolcon.colcon_notification.desktop_notification[0m [1;30mINFO[0m Sending desktop notification using 'notify2'
[5.350s] [34mcolcon.colcon_core.event_reactor[0m [1;30mDEBUG[0m [32mjoined thread[0m
[5.351s] [34mcolcon.colcon_core.shell[0m [1;30mINFO[0m Creating prefix script '/home/orangepi/ros2_workspace/school_competition/install/local_setup.ps1'
[5.357s] [34mcolcon.colcon_core.shell[0m [1;30mINFO[0m Creating prefix util module '/home/orangepi/ros2_workspace/school_competition/install/_local_setup_util_ps1.py'
[5.364s] [34mcolcon.colcon_core.shell[0m [1;30mINFO[0m Creating prefix chain script '/home/orangepi/ros2_workspace/school_competition/install/setup.ps1'
[5.368s] [34mcolcon.colcon_core.shell[0m [1;30mINFO[0m Creating prefix script '/home/orangepi/ros2_workspace/school_competition/install/local_setup.sh'
[5.372s] [34mcolcon.colcon_core.shell[0m [1;30mINFO[0m Creating prefix util module '/home/orangepi/ros2_workspace/school_competition/install/_local_setup_util_sh.py'
[5.373s] [34mcolcon.colcon_core.shell[0m [1;30mINFO[0m Creating prefix chain script '/home/orangepi/ros2_workspace/school_competition/install/setup.sh'
[5.380s] [34mcolcon.colcon_core.shell[0m [1;30mINFO[0m Creating prefix script '/home/orangepi/ros2_workspace/school_competition/install/local_setup.bash'
[5.384s] [34mcolcon.colcon_core.shell[0m [1;30mINFO[0m Creating prefix chain script '/home/orangepi/ros2_workspace/school_competition/install/setup.bash'
[5.387s] [34mcolcon.colcon_core.shell[0m [1;30mINFO[0m Creating prefix script '/home/orangepi/ros2_workspace/school_competition/install/local_setup.zsh'
[5.390s] [34mcolcon.colcon_core.shell[0m [1;30mINFO[0m Creating prefix chain script '/home/orangepi/ros2_workspace/school_competition/install/setup.zsh'
