[0.047s] Invoking command in '/home/orangepi/ros2_workspace/school_competition/build/base': CMAKE_PREFIX_PATH=${CMAKE_PREFIX_PATH}:/root/lanhailidar_ros_ws/install/scan_subscriber:/opt/ros/humble /usr/bin/cmake --build /home/orangepi/ros2_workspace/school_competition/build/base -- -j8 -l8
[0.431s] [  9%] Built target base__rosidl_generator_c
[0.432s] [ 12%] Built target base__cpp
[0.432s] [ 12%] Built target ament_cmake_python_copy_base
[0.432s] [ 22%] Built target base__rosidl_typesupport_fastrtps_cpp
[0.433s] [ 32%] Built target base__rosidl_typesupport_cpp
[0.433s] [ 41%] Built target base__rosidl_typesupport_introspection_c
[0.434s] [ 51%] Built target base__rosidl_typesupport_introspection_cpp
[0.434s] [ 61%] Built target base__rosidl_typesupport_c
[0.434s] [ 70%] Built target base__rosidl_typesupport_fastrtps_c
[0.436s] [ 70%] Built target base
[0.436s] [ 74%] Built target base__py
[0.443s] [ 80%] Built target base__rosidl_generator_py
[0.491s] [ 87%] Built target base__rosidl_typesupport_fastrtps_c__pyext
[0.495s] [ 93%] Built target base__rosidl_typesupport_c__pyext
[0.512s] [100%] Built target base__rosidl_typesupport_introspection_c__pyext
[0.607s] running egg_info
[0.608s] writing base.egg-info/PKG-INFO
[0.609s] writing dependency_links to base.egg-info/dependency_links.txt
[0.616s] writing top-level names to base.egg-info/top_level.txt
[0.620s] reading manifest file 'base.egg-info/SOURCES.txt'
[0.621s] writing manifest file 'base.egg-info/SOURCES.txt'
[0.689s] [100%] Built target ament_cmake_python_build_base_egg
[0.827s] Invoked command in '/home/orangepi/ros2_workspace/school_competition/build/base' returned '0': CMAKE_PREFIX_PATH=${CMAKE_PREFIX_PATH}:/root/lanhailidar_ros_ws/install/scan_subscriber:/opt/ros/humble /usr/bin/cmake --build /home/orangepi/ros2_workspace/school_competition/build/base -- -j8 -l8
[0.849s] Invoking command in '/home/orangepi/ros2_workspace/school_competition/build/base': CMAKE_PREFIX_PATH=${CMAKE_PREFIX_PATH}:/root/lanhailidar_ros_ws/install/scan_subscriber:/opt/ros/humble /usr/bin/cmake --install /home/orangepi/ros2_workspace/school_competition/build/base
[0.874s] -- Install configuration: ""
[0.875s] -- Up-to-date: /home/orangepi/ros2_workspace/school_competition/install/share/ament_index/resource_index/rosidl_interfaces/base
[0.876s] -- Up-to-date: /home/orangepi/ros2_workspace/school_competition/install/include/base/base
[0.876s] -- Up-to-date: /home/orangepi/ros2_workspace/school_competition/install/include/base/base/msg
[0.877s] -- Up-to-date: /home/orangepi/ros2_workspace/school_competition/install/include/base/base/msg/rosidl_generator_c__visibility_control.h
[0.877s] -- Up-to-date: /home/orangepi/ros2_workspace/school_competition/install/include/base/base/srv
[0.879s] -- Up-to-date: /home/orangepi/ros2_workspace/school_competition/install/include/base/base/srv/detail
[0.880s] -- Up-to-date: /home/orangepi/ros2_workspace/school_competition/install/include/base/base/srv/detail/control__type_support.h
[0.880s] -- Up-to-date: /home/orangepi/ros2_workspace/school_competition/install/include/base/base/srv/detail/control__struct.h
[0.881s] -- Up-to-date: /home/orangepi/ros2_workspace/school_competition/install/include/base/base/srv/detail/control__functions.c
[0.881s] -- Up-to-date: /home/orangepi/ros2_workspace/school_competition/install/include/base/base/srv/detail/control__functions.h
[0.881s] -- Up-to-date: /home/orangepi/ros2_workspace/school_competition/install/include/base/base/srv/control.h
[0.882s] -- Up-to-date: /home/orangepi/ros2_workspace/school_competition/install/share/base/environment/library_path.sh
[0.882s] -- Up-to-date: /home/orangepi/ros2_workspace/school_competition/install/share/base/environment/library_path.dsv
[0.883s] -- Up-to-date: /home/orangepi/ros2_workspace/school_competition/install/lib/libbase__rosidl_generator_c.so
[0.883s] -- Up-to-date: /home/orangepi/ros2_workspace/school_competition/install/include/base/base
[0.883s] -- Up-to-date: /home/orangepi/ros2_workspace/school_competition/install/include/base/base/msg
[0.884s] -- Up-to-date: /home/orangepi/ros2_workspace/school_competition/install/include/base/base/msg/rosidl_typesupport_fastrtps_c__visibility_control.h
[0.884s] -- Up-to-date: /home/orangepi/ros2_workspace/school_competition/install/include/base/base/srv
[0.885s] -- Up-to-date: /home/orangepi/ros2_workspace/school_competition/install/include/base/base/srv/detail
[0.885s] -- Up-to-date: /home/orangepi/ros2_workspace/school_competition/install/include/base/base/srv/detail/control__rosidl_typesupport_fastrtps_c.h
[0.886s] -- Up-to-date: /home/orangepi/ros2_workspace/school_competition/install/lib/libbase__rosidl_typesupport_fastrtps_c.so
[0.886s] -- Up-to-date: /home/orangepi/ros2_workspace/school_competition/install/include/base/base
[0.887s] -- Up-to-date: /home/orangepi/ros2_workspace/school_competition/install/include/base/base/msg
[0.887s] -- Up-to-date: /home/orangepi/ros2_workspace/school_competition/install/include/base/base/msg/rosidl_generator_cpp__visibility_control.hpp
[0.887s] -- Up-to-date: /home/orangepi/ros2_workspace/school_competition/install/include/base/base/srv
[0.888s] -- Up-to-date: /home/orangepi/ros2_workspace/school_competition/install/include/base/base/srv/detail
[0.888s] -- Up-to-date: /home/orangepi/ros2_workspace/school_competition/install/include/base/base/srv/detail/control__traits.hpp
[0.889s] -- Up-to-date: /home/orangepi/ros2_workspace/school_competition/install/include/base/base/srv/detail/control__builder.hpp
[0.889s] -- Up-to-date: /home/orangepi/ros2_workspace/school_competition/install/include/base/base/srv/detail/control__struct.hpp
[0.889s] -- Up-to-date: /home/orangepi/ros2_workspace/school_competition/install/include/base/base/srv/detail/control__type_support.hpp
[0.890s] -- Up-to-date: /home/orangepi/ros2_workspace/school_competition/install/include/base/base/srv/control.hpp
[0.890s] -- Up-to-date: /home/orangepi/ros2_workspace/school_competition/install/include/base/base
[0.891s] -- Up-to-date: /home/orangepi/ros2_workspace/school_competition/install/include/base/base/msg
[0.891s] -- Up-to-date: /home/orangepi/ros2_workspace/school_competition/install/include/base/base/msg/rosidl_typesupport_fastrtps_cpp__visibility_control.h
[0.891s] -- Up-to-date: /home/orangepi/ros2_workspace/school_competition/install/include/base/base/srv
[0.892s] -- Up-to-date: /home/orangepi/ros2_workspace/school_competition/install/include/base/base/srv/detail
[0.892s] -- Up-to-date: /home/orangepi/ros2_workspace/school_competition/install/include/base/base/srv/detail/control__rosidl_typesupport_fastrtps_cpp.hpp
[0.893s] -- Up-to-date: /home/orangepi/ros2_workspace/school_competition/install/include/base/base/srv/detail/dds_fastrtps
[0.893s] -- Up-to-date: /home/orangepi/ros2_workspace/school_competition/install/lib/libbase__rosidl_typesupport_fastrtps_cpp.so
[0.893s] -- Up-to-date: /home/orangepi/ros2_workspace/school_competition/install/include/base/base
[0.894s] -- Up-to-date: /home/orangepi/ros2_workspace/school_competition/install/include/base/base/msg
[0.894s] -- Up-to-date: /home/orangepi/ros2_workspace/school_competition/install/include/base/base/msg/rosidl_typesupport_introspection_c__visibility_control.h
[0.895s] -- Up-to-date: /home/orangepi/ros2_workspace/school_competition/install/include/base/base/srv
[0.895s] -- Up-to-date: /home/orangepi/ros2_workspace/school_competition/install/include/base/base/srv/detail
[0.896s] -- Up-to-date: /home/orangepi/ros2_workspace/school_competition/install/include/base/base/srv/detail/control__type_support.c
[0.896s] -- Up-to-date: /home/orangepi/ros2_workspace/school_competition/install/include/base/base/srv/detail/control__rosidl_typesupport_introspection_c.h
[0.896s] -- Up-to-date: /home/orangepi/ros2_workspace/school_competition/install/lib/libbase__rosidl_typesupport_introspection_c.so
[0.897s] -- Up-to-date: /home/orangepi/ros2_workspace/school_competition/install/lib/libbase__rosidl_typesupport_c.so
[0.897s] -- Up-to-date: /home/orangepi/ros2_workspace/school_competition/install/include/base/base
[0.898s] -- Up-to-date: /home/orangepi/ros2_workspace/school_competition/install/include/base/base/srv
[0.898s] -- Up-to-date: /home/orangepi/ros2_workspace/school_competition/install/include/base/base/srv/detail
[0.898s] -- Up-to-date: /home/orangepi/ros2_workspace/school_competition/install/include/base/base/srv/detail/control__type_support.cpp
[0.899s] -- Up-to-date: /home/orangepi/ros2_workspace/school_competition/install/include/base/base/srv/detail/control__rosidl_typesupport_introspection_cpp.hpp
[0.899s] -- Up-to-date: /home/orangepi/ros2_workspace/school_competition/install/lib/libbase__rosidl_typesupport_introspection_cpp.so
[0.900s] -- Up-to-date: /home/orangepi/ros2_workspace/school_competition/install/lib/libbase__rosidl_typesupport_cpp.so
[0.900s] -- Up-to-date: /home/orangepi/ros2_workspace/school_competition/install/share/base/environment/pythonpath.sh
[0.901s] -- Up-to-date: /home/orangepi/ros2_workspace/school_competition/install/share/base/environment/pythonpath.dsv
[0.901s] -- Up-to-date: /home/orangepi/ros2_workspace/school_competition/install/local/lib/python3.10/dist-packages/base-0.0.0-py3.10.egg-info
[0.902s] -- Installing: /home/orangepi/ros2_workspace/school_competition/install/local/lib/python3.10/dist-packages/base-0.0.0-py3.10.egg-info/PKG-INFO
[0.902s] -- Installing: /home/orangepi/ros2_workspace/school_competition/install/local/lib/python3.10/dist-packages/base-0.0.0-py3.10.egg-info/dependency_links.txt
[0.903s] -- Installing: /home/orangepi/ros2_workspace/school_competition/install/local/lib/python3.10/dist-packages/base-0.0.0-py3.10.egg-info/SOURCES.txt
[0.903s] -- Installing: /home/orangepi/ros2_workspace/school_competition/install/local/lib/python3.10/dist-packages/base-0.0.0-py3.10.egg-info/top_level.txt
[0.904s] -- Up-to-date: /home/orangepi/ros2_workspace/school_competition/install/local/lib/python3.10/dist-packages/base
[0.904s] -- Up-to-date: /home/orangepi/ros2_workspace/school_competition/install/local/lib/python3.10/dist-packages/base/srv
[0.904s] -- Up-to-date: /home/orangepi/ros2_workspace/school_competition/install/local/lib/python3.10/dist-packages/base/srv/_control.py
[0.905s] -- Up-to-date: /home/orangepi/ros2_workspace/school_competition/install/local/lib/python3.10/dist-packages/base/srv/_control_s.c
[0.905s] -- Up-to-date: /home/orangepi/ros2_workspace/school_competition/install/local/lib/python3.10/dist-packages/base/srv/__init__.py
[0.906s] -- Up-to-date: /home/orangepi/ros2_workspace/school_competition/install/local/lib/python3.10/dist-packages/base/base_s__rosidl_typesupport_fastrtps_c.cpython-310-aarch64-linux-gnu.so
[0.906s] -- Up-to-date: /home/orangepi/ros2_workspace/school_competition/install/local/lib/python3.10/dist-packages/base/__init__.py
[0.906s] -- Up-to-date: /home/orangepi/ros2_workspace/school_competition/install/local/lib/python3.10/dist-packages/base/_base_s.ep.rosidl_typesupport_fastrtps_c.c
[0.907s] -- Up-to-date: /home/orangepi/ros2_workspace/school_competition/install/local/lib/python3.10/dist-packages/base/libbase__rosidl_generator_py.so
[0.907s] -- Up-to-date: /home/orangepi/ros2_workspace/school_competition/install/local/lib/python3.10/dist-packages/base/base_s__rosidl_typesupport_introspection_c.cpython-310-aarch64-linux-gnu.so
[0.908s] -- Up-to-date: /home/orangepi/ros2_workspace/school_competition/install/local/lib/python3.10/dist-packages/base/_base_s.ep.rosidl_typesupport_c.c
[0.908s] -- Up-to-date: /home/orangepi/ros2_workspace/school_competition/install/local/lib/python3.10/dist-packages/base/base_s__rosidl_typesupport_c.cpython-310-aarch64-linux-gnu.so
[0.908s] -- Up-to-date: /home/orangepi/ros2_workspace/school_competition/install/local/lib/python3.10/dist-packages/base/_base_s.ep.rosidl_typesupport_introspection_c.c
[0.950s] Listing '/home/orangepi/ros2_workspace/school_competition/install/local/lib/python3.10/dist-packages/base'...
[0.951s] Listing '/home/orangepi/ros2_workspace/school_competition/install/local/lib/python3.10/dist-packages/base/srv'...
[0.961s] -- Up-to-date: /home/orangepi/ros2_workspace/school_competition/install/local/lib/python3.10/dist-packages/base/base_s__rosidl_typesupport_fastrtps_c.cpython-310-aarch64-linux-gnu.so
[0.962s] -- Up-to-date: /home/orangepi/ros2_workspace/school_competition/install/local/lib/python3.10/dist-packages/base/base_s__rosidl_typesupport_introspection_c.cpython-310-aarch64-linux-gnu.so
[0.963s] -- Up-to-date: /home/orangepi/ros2_workspace/school_competition/install/local/lib/python3.10/dist-packages/base/base_s__rosidl_typesupport_c.cpython-310-aarch64-linux-gnu.so
[0.964s] -- Up-to-date: /home/orangepi/ros2_workspace/school_competition/install/lib/libbase__rosidl_generator_py.so
[0.965s] -- Up-to-date: /home/orangepi/ros2_workspace/school_competition/install/share/base/srv/Control.idl
[0.965s] -- Up-to-date: /home/orangepi/ros2_workspace/school_competition/install/share/base/srv/Control.srv
[0.966s] -- Up-to-date: /home/orangepi/ros2_workspace/school_competition/install/share/base/srv/Control_Request.msg
[0.966s] -- Up-to-date: /home/orangepi/ros2_workspace/school_competition/install/share/base/srv/Control_Response.msg
[0.967s] -- Up-to-date: /home/orangepi/ros2_workspace/school_competition/install/share/ament_index/resource_index/package_run_dependencies/base
[0.967s] -- Up-to-date: /home/orangepi/ros2_workspace/school_competition/install/share/ament_index/resource_index/parent_prefix_path/base
[0.969s] -- Up-to-date: /home/orangepi/ros2_workspace/school_competition/install/share/base/environment/ament_prefix_path.sh
[0.970s] -- Up-to-date: /home/orangepi/ros2_workspace/school_competition/install/share/base/environment/ament_prefix_path.dsv
[0.972s] -- Up-to-date: /home/orangepi/ros2_workspace/school_competition/install/share/base/environment/path.sh
[0.972s] -- Up-to-date: /home/orangepi/ros2_workspace/school_competition/install/share/base/environment/path.dsv
[0.973s] -- Up-to-date: /home/orangepi/ros2_workspace/school_competition/install/share/base/local_setup.bash
[0.974s] -- Up-to-date: /home/orangepi/ros2_workspace/school_competition/install/share/base/local_setup.sh
[0.975s] -- Up-to-date: /home/orangepi/ros2_workspace/school_competition/install/share/base/local_setup.zsh
[0.976s] -- Up-to-date: /home/orangepi/ros2_workspace/school_competition/install/share/base/local_setup.dsv
[0.976s] -- Installing: /home/orangepi/ros2_workspace/school_competition/install/share/base/package.dsv
[0.977s] -- Up-to-date: /home/orangepi/ros2_workspace/school_competition/install/share/ament_index/resource_index/packages/base
[0.978s] -- Up-to-date: /home/orangepi/ros2_workspace/school_competition/install/share/base/cmake/export_base__rosidl_generator_cExport.cmake
[0.979s] -- Up-to-date: /home/orangepi/ros2_workspace/school_competition/install/share/base/cmake/export_base__rosidl_generator_cExport-noconfig.cmake
[0.979s] -- Up-to-date: /home/orangepi/ros2_workspace/school_competition/install/share/base/cmake/export_base__rosidl_typesupport_fastrtps_cExport.cmake
[0.980s] -- Up-to-date: /home/orangepi/ros2_workspace/school_competition/install/share/base/cmake/export_base__rosidl_typesupport_fastrtps_cExport-noconfig.cmake
[0.981s] -- Up-to-date: /home/orangepi/ros2_workspace/school_competition/install/share/base/cmake/export_base__rosidl_generator_cppExport.cmake
[0.982s] -- Up-to-date: /home/orangepi/ros2_workspace/school_competition/install/share/base/cmake/export_base__rosidl_typesupport_fastrtps_cppExport.cmake
[0.982s] -- Up-to-date: /home/orangepi/ros2_workspace/school_competition/install/share/base/cmake/export_base__rosidl_typesupport_fastrtps_cppExport-noconfig.cmake
[0.983s] -- Up-to-date: /home/orangepi/ros2_workspace/school_competition/install/share/base/cmake/base__rosidl_typesupport_introspection_cExport.cmake
[0.984s] -- Up-to-date: /home/orangepi/ros2_workspace/school_competition/install/share/base/cmake/base__rosidl_typesupport_introspection_cExport-noconfig.cmake
[0.984s] -- Up-to-date: /home/orangepi/ros2_workspace/school_competition/install/share/base/cmake/base__rosidl_typesupport_cExport.cmake
[0.985s] -- Up-to-date: /home/orangepi/ros2_workspace/school_competition/install/share/base/cmake/base__rosidl_typesupport_cExport-noconfig.cmake
[0.985s] -- Up-to-date: /home/orangepi/ros2_workspace/school_competition/install/share/base/cmake/base__rosidl_typesupport_introspection_cppExport.cmake
[0.986s] -- Up-to-date: /home/orangepi/ros2_workspace/school_competition/install/share/base/cmake/base__rosidl_typesupport_introspection_cppExport-noconfig.cmake
[0.987s] -- Up-to-date: /home/orangepi/ros2_workspace/school_competition/install/share/base/cmake/base__rosidl_typesupport_cppExport.cmake
[0.988s] -- Up-to-date: /home/orangepi/ros2_workspace/school_competition/install/share/base/cmake/base__rosidl_typesupport_cppExport-noconfig.cmake
[0.988s] -- Up-to-date: /home/orangepi/ros2_workspace/school_competition/install/share/base/cmake/export_base__rosidl_generator_pyExport.cmake
[0.989s] -- Up-to-date: /home/orangepi/ros2_workspace/school_competition/install/share/base/cmake/export_base__rosidl_generator_pyExport-noconfig.cmake
[0.989s] -- Up-to-date: /home/orangepi/ros2_workspace/school_competition/install/share/base/cmake/rosidl_cmake-extras.cmake
[0.990s] -- Up-to-date: /home/orangepi/ros2_workspace/school_competition/install/share/base/cmake/ament_cmake_export_include_directories-extras.cmake
[0.990s] -- Up-to-date: /home/orangepi/ros2_workspace/school_competition/install/share/base/cmake/ament_cmake_export_libraries-extras.cmake
[0.991s] -- Up-to-date: /home/orangepi/ros2_workspace/school_competition/install/share/base/cmake/ament_cmake_export_targets-extras.cmake
[0.991s] -- Up-to-date: /home/orangepi/ros2_workspace/school_competition/install/share/base/cmake/rosidl_cmake_export_typesupport_targets-extras.cmake
[0.992s] -- Up-to-date: /home/orangepi/ros2_workspace/school_competition/install/share/base/cmake/ament_cmake_export_dependencies-extras.cmake
[0.992s] -- Up-to-date: /home/orangepi/ros2_workspace/school_competition/install/share/base/cmake/rosidl_cmake_export_typesupport_libraries-extras.cmake
[0.993s] -- Up-to-date: /home/orangepi/ros2_workspace/school_competition/install/share/base/cmake/baseConfig.cmake
[0.993s] -- Up-to-date: /home/orangepi/ros2_workspace/school_competition/install/share/base/cmake/baseConfig-version.cmake
[0.994s] -- Up-to-date: /home/orangepi/ros2_workspace/school_competition/install/share/base/package.xml
[0.995s] Invoked command in '/home/orangepi/ros2_workspace/school_competition/build/base' returned '0': CMAKE_PREFIX_PATH=${CMAKE_PREFIX_PATH}:/root/lanhailidar_ros_ws/install/scan_subscriber:/opt/ros/humble /usr/bin/cmake --install /home/orangepi/ros2_workspace/school_competition/build/base
