[0.020s] Invoking command in '/home/orangepi/ros2_workspace/school_competition/build/bluesea2': AMENT_PREFIX_PATH=/home/orangepi/ros2_workspace/school_competition/install:${AMENT_PREFIX_PATH} CMAKE_PREFIX_PATH=/home/orangepi/ros2_workspace/school_competition/install:/root/lanhailidar_ros_ws/install/bluesea2:/root/lanhailidar_ros_ws/install/base:/root/lanhailidar_ros_ws/install/scan_subscriber:/opt/ros/humble LD_LIBRARY_PATH=/home/orangepi/ros2_workspace/school_competition/install/lib:${LD_LIBRARY_PATH} PYTHONPATH=/home/orangepi/ros2_workspace/school_competition/install/local/lib/python3.10/dist-packages:/home/orangepi/ros2_workspace/school_competition/install/lib/python3.10/site-packages:${PYTHONPATH} /usr/bin/cmake /home/orangepi/ros2_workspace/school_competition/src/lanhailidar_ros_ws/src/bluesea-ros2-main/bluesea-ros2 -DCMAKE_INSTALL_PREFIX=/home/orangepi/ros2_workspace/school_competition/install
[0.146s] -- The C compiler identification is GNU 11.4.0
[0.273s] -- The CXX compiler identification is GNU 11.4.0
[0.285s] -- Detecting C compiler ABI info
[0.501s] -- Detecting C compiler ABI info - done
[0.505s] -- Check for working C compiler: /usr/bin/cc - skipped
[0.505s] -- Detecting C compile features
[0.505s] -- Detecting C compile features - done
[0.510s] -- Detecting CXX compiler ABI info
[0.696s] -- Detecting CXX compiler ABI info - done
[0.714s] -- Check for working CXX compiler: /usr/bin/c++ - skipped
[0.714s] -- Detecting CXX compile features
[0.715s] -- Detecting CXX compile features - done
[0.718s] -- Found ament_cmake: 1.3.11 (/opt/ros/humble/share/ament_cmake/cmake)
[1.121s] -- Found Python3: /usr/bin/python3 (found version "3.10.12") found components: Interpreter 
[1.365s] -- Found rclcpp: 16.0.12 (/opt/ros/humble/share/rclcpp/cmake)
[1.489s] -- Found rosidl_generator_c: 3.1.6 (/opt/ros/humble/share/rosidl_generator_c/cmake)
[1.497s] -- Found rosidl_adapter: 3.1.6 (/opt/ros/humble/share/rosidl_adapter/cmake)
[1.509s] -- Found rosidl_generator_cpp: 3.1.6 (/opt/ros/humble/share/rosidl_generator_cpp/cmake)
[1.527s] -- Using all available rosidl_typesupport_c: rosidl_typesupport_fastrtps_c;rosidl_typesupport_introspection_c
[1.551s] -- Using all available rosidl_typesupport_cpp: rosidl_typesupport_fastrtps_cpp;rosidl_typesupport_introspection_cpp
[1.743s] -- Found rmw_implementation_cmake: 6.1.2 (/opt/ros/humble/share/rmw_implementation_cmake/cmake)
[1.756s] -- Found rmw_fastrtps_cpp: 6.2.7 (/opt/ros/humble/share/rmw_fastrtps_cpp/cmake)
[2.184s] -- Found OpenSSL: /usr/lib/aarch64-linux-gnu/libcrypto.so (found version "3.0.2")  
[2.285s] -- Found FastRTPS: /opt/ros/humble/include  
[2.376s] -- Using RMW implementation 'rmw_fastrtps_cpp' as default
[2.438s] -- Looking for pthread.h
[2.678s] -- Looking for pthread.h - found
[2.679s] -- Performing Test CMAKE_HAVE_LIBC_PTHREAD
[2.909s] -- Performing Test CMAKE_HAVE_LIBC_PTHREAD - Success
[2.913s] -- Found Threads: TRUE  
[3.166s] -- Found sensor_msgs: 4.8.0 (/opt/ros/humble/share/sensor_msgs/cmake)
[3.233s] -- Found visualization_msgs: 4.8.0 (/opt/ros/humble/share/visualization_msgs/cmake)
[3.277s] -- Found base: 0.0.0 (/home/orangepi/ros2_workspace/school_competition/install/share/base/cmake)
[3.298s] -- Found std_srvs: 4.8.0 (/opt/ros/humble/share/std_srvs/cmake)
[3.331s] -- Found ament_lint_auto: 0.12.12 (/opt/ros/humble/share/ament_lint_auto/cmake)
[3.442s] -- Configuring done
[3.469s] -- Generating done
[3.481s] -- Build files have been written to: /home/orangepi/ros2_workspace/school_competition/build/bluesea2
[3.498s] Invoked command in '/home/orangepi/ros2_workspace/school_competition/build/bluesea2' returned '0': AMENT_PREFIX_PATH=/home/orangepi/ros2_workspace/school_competition/install:${AMENT_PREFIX_PATH} CMAKE_PREFIX_PATH=/home/orangepi/ros2_workspace/school_competition/install:/root/lanhailidar_ros_ws/install/bluesea2:/root/lanhailidar_ros_ws/install/base:/root/lanhailidar_ros_ws/install/scan_subscriber:/opt/ros/humble LD_LIBRARY_PATH=/home/orangepi/ros2_workspace/school_competition/install/lib:${LD_LIBRARY_PATH} PYTHONPATH=/home/orangepi/ros2_workspace/school_competition/install/local/lib/python3.10/dist-packages:/home/orangepi/ros2_workspace/school_competition/install/lib/python3.10/site-packages:${PYTHONPATH} /usr/bin/cmake /home/orangepi/ros2_workspace/school_competition/src/lanhailidar_ros_ws/src/bluesea-ros2-main/bluesea-ros2 -DCMAKE_INSTALL_PREFIX=/home/orangepi/ros2_workspace/school_competition/install
[3.500s] Invoking command in '/home/orangepi/ros2_workspace/school_competition/build/bluesea2': AMENT_PREFIX_PATH=/home/orangepi/ros2_workspace/school_competition/install:${AMENT_PREFIX_PATH} CMAKE_PREFIX_PATH=/home/orangepi/ros2_workspace/school_competition/install:/root/lanhailidar_ros_ws/install/bluesea2:/root/lanhailidar_ros_ws/install/base:/root/lanhailidar_ros_ws/install/scan_subscriber:/opt/ros/humble LD_LIBRARY_PATH=/home/orangepi/ros2_workspace/school_competition/install/lib:${LD_LIBRARY_PATH} PYTHONPATH=/home/orangepi/ros2_workspace/school_competition/install/local/lib/python3.10/dist-packages:/home/orangepi/ros2_workspace/school_competition/install/lib/python3.10/site-packages:${PYTHONPATH} /usr/bin/cmake --build /home/orangepi/ros2_workspace/school_competition/build/bluesea2 -- -j8 -l8
[3.617s] [ 15%] [32mBuilding CXX object CMakeFiles/bluesea2_node.dir/src/node.cpp.o[0m
[3.618s] [ 15%] [32mBuilding CXX object CMakeFiles/bluesea2_node.dir/sdk/src/algorithmAPI.cpp.o[0m
[3.619s] [ 23%] [32mBuilding CXX object CMakeFiles/bluesea2_node.dir/sdk/src/tcp_reader.cpp.o[0m
[3.633s] [ 30%] [32mBuilding CXX object CMakeFiles/bluesea2_node.dir/sdk/src/bluesea.cpp.o[0m
[3.636s] [ 38%] [32mBuilding CXX object CMakeFiles/bluesea2_node.dir/sdk/src/parser.cpp.o[0m
[3.636s] [ 46%] [32mBuilding CXX object CMakeFiles/bluesea2_heart_check.dir/src/heart_check.cpp.o[0m
[3.639s] [ 53%] [32mBuilding C object CMakeFiles/bluesea2_node.dir/sdk/src/uart.c.o[0m
[3.656s] [ 61%] [32mBuilding CXX object CMakeFiles/bluesea2_client.dir/src/client.cpp.o[0m
[4.028s] [ 69%] [32mBuilding CXX object CMakeFiles/bluesea2_node.dir/sdk/src/uart_reader.cpp.o[0m
[4.994s] [ 76%] [32mBuilding CXX object CMakeFiles/bluesea2_node.dir/sdk/src/udp_reader.cpp.o[0m
[10.332s] [ 84%] [32m[1mLinking CXX executable bluesea2_heart_check[0m
[10.493s] [ 92%] [32m[1mLinking CXX executable bluesea2_client[0m
[11.286s] [ 92%] Built target bluesea2_heart_check
[11.293s] [ 92%] Built target bluesea2_client
[14.092s] [100%] [32m[1mLinking CXX executable bluesea2_node[0m
[14.702s] [100%] Built target bluesea2_node
[14.733s] Invoked command in '/home/orangepi/ros2_workspace/school_competition/build/bluesea2' returned '0': AMENT_PREFIX_PATH=/home/orangepi/ros2_workspace/school_competition/install:${AMENT_PREFIX_PATH} CMAKE_PREFIX_PATH=/home/orangepi/ros2_workspace/school_competition/install:/root/lanhailidar_ros_ws/install/bluesea2:/root/lanhailidar_ros_ws/install/base:/root/lanhailidar_ros_ws/install/scan_subscriber:/opt/ros/humble LD_LIBRARY_PATH=/home/orangepi/ros2_workspace/school_competition/install/lib:${LD_LIBRARY_PATH} PYTHONPATH=/home/orangepi/ros2_workspace/school_competition/install/local/lib/python3.10/dist-packages:/home/orangepi/ros2_workspace/school_competition/install/lib/python3.10/site-packages:${PYTHONPATH} /usr/bin/cmake --build /home/orangepi/ros2_workspace/school_competition/build/bluesea2 -- -j8 -l8
[14.737s] Invoking command in '/home/orangepi/ros2_workspace/school_competition/build/bluesea2': AMENT_PREFIX_PATH=/home/orangepi/ros2_workspace/school_competition/install:${AMENT_PREFIX_PATH} CMAKE_PREFIX_PATH=/home/orangepi/ros2_workspace/school_competition/install:/root/lanhailidar_ros_ws/install/bluesea2:/root/lanhailidar_ros_ws/install/base:/root/lanhailidar_ros_ws/install/scan_subscriber:/opt/ros/humble LD_LIBRARY_PATH=/home/orangepi/ros2_workspace/school_competition/install/lib:${LD_LIBRARY_PATH} PYTHONPATH=/home/orangepi/ros2_workspace/school_competition/install/local/lib/python3.10/dist-packages:/home/orangepi/ros2_workspace/school_competition/install/lib/python3.10/site-packages:${PYTHONPATH} /usr/bin/cmake --install /home/orangepi/ros2_workspace/school_competition/build/bluesea2
[14.760s] -- Install configuration: ""
[14.761s] -- Installing: /home/orangepi/ros2_workspace/school_competition/install/lib/bluesea2/bluesea2_node
[14.767s] -- Set runtime path of "/home/orangepi/ros2_workspace/school_competition/install/lib/bluesea2/bluesea2_node" to ""
[14.768s] -- Installing: /home/orangepi/ros2_workspace/school_competition/install/lib/bluesea2/bluesea2_client
[14.769s] -- Set runtime path of "/home/orangepi/ros2_workspace/school_competition/install/lib/bluesea2/bluesea2_client" to ""
[14.769s] -- Installing: /home/orangepi/ros2_workspace/school_competition/install/lib/bluesea2/bluesea2_heart_check
[14.770s] -- Set runtime path of "/home/orangepi/ros2_workspace/school_competition/install/lib/bluesea2/bluesea2_heart_check" to ""
[14.771s] -- Installing: /home/orangepi/ros2_workspace/school_competition/install/share/bluesea2/launch
[14.771s] -- Installing: /home/orangepi/ros2_workspace/school_competition/install/share/bluesea2/launch/dual_udp_lidar.launch
[14.771s] -- Installing: /home/orangepi/ros2_workspace/school_competition/install/share/bluesea2/launch/udp_lidar.launch
[14.772s] -- Installing: /home/orangepi/ros2_workspace/school_competition/install/share/bluesea2/launch/vpc_lidar.launch
[14.772s] -- Installing: /home/orangepi/ros2_workspace/school_competition/install/share/bluesea2/launch/LDS-U50C-S.launch
[14.772s] -- Installing: /home/orangepi/ros2_workspace/school_competition/install/share/bluesea2/launch/heart_check.launch
[14.773s] -- Installing: /home/orangepi/ros2_workspace/school_competition/install/share/bluesea2/launch/LDS-U80C-S.launch
[14.773s] -- Installing: /home/orangepi/ros2_workspace/school_competition/install/share/bluesea2/launch/uart_lidar.launch
[14.773s] -- Installing: /home/orangepi/ros2_workspace/school_competition/install/share/bluesea2/params
[14.774s] -- Installing: /home/orangepi/ros2_workspace/school_competition/install/share/bluesea2/params/LDS-U80C-S.yaml
[14.774s] -- Installing: /home/orangepi/ros2_workspace/school_competition/install/share/bluesea2/params/dual_udp_lidar.yaml
[14.774s] -- Installing: /home/orangepi/ros2_workspace/school_competition/install/share/bluesea2/params/udp_lidar.yaml
[14.775s] -- Installing: /home/orangepi/ros2_workspace/school_competition/install/share/bluesea2/params/vpc_lidar.yaml
[14.775s] -- Installing: /home/orangepi/ros2_workspace/school_competition/install/share/bluesea2/params/uart_lidar.yaml
[14.776s] -- Installing: /home/orangepi/ros2_workspace/school_competition/install/share/bluesea2/params/LDS-U50C-S.yaml
[14.776s] -- Installing: /home/orangepi/ros2_workspace/school_competition/install/share/bluesea2/params/other
[14.776s] -- Installing: /home/orangepi/ros2_workspace/school_competition/install/share/ament_index/resource_index/package_run_dependencies/bluesea2
[14.776s] -- Installing: /home/orangepi/ros2_workspace/school_competition/install/share/ament_index/resource_index/parent_prefix_path/bluesea2
[14.777s] -- Installing: /home/orangepi/ros2_workspace/school_competition/install/share/bluesea2/environment/ament_prefix_path.sh
[14.777s] -- Installing: /home/orangepi/ros2_workspace/school_competition/install/share/bluesea2/environment/ament_prefix_path.dsv
[14.779s] -- Installing: /home/orangepi/ros2_workspace/school_competition/install/share/bluesea2/environment/path.sh
[14.782s] -- Installing: /home/orangepi/ros2_workspace/school_competition/install/share/bluesea2/environment/path.dsv
[14.782s] -- Installing: /home/orangepi/ros2_workspace/school_competition/install/share/bluesea2/local_setup.bash
[14.783s] -- Installing: /home/orangepi/ros2_workspace/school_competition/install/share/bluesea2/local_setup.sh
[14.783s] -- Installing: /home/orangepi/ros2_workspace/school_competition/install/share/bluesea2/local_setup.zsh
[14.783s] -- Installing: /home/orangepi/ros2_workspace/school_competition/install/share/bluesea2/local_setup.dsv
[14.783s] -- Installing: /home/orangepi/ros2_workspace/school_competition/install/share/bluesea2/package.dsv
[14.783s] -- Installing: /home/orangepi/ros2_workspace/school_competition/install/share/ament_index/resource_index/packages/bluesea2
[14.783s] -- Installing: /home/orangepi/ros2_workspace/school_competition/install/share/bluesea2/cmake/bluesea2Config.cmake
[14.783s] -- Installing: /home/orangepi/ros2_workspace/school_competition/install/share/bluesea2/cmake/bluesea2Config-version.cmake
[14.783s] -- Installing: /home/orangepi/ros2_workspace/school_competition/install/share/bluesea2/package.xml
[14.784s] Invoked command in '/home/orangepi/ros2_workspace/school_competition/build/bluesea2' returned '0': AMENT_PREFIX_PATH=/home/orangepi/ros2_workspace/school_competition/install:${AMENT_PREFIX_PATH} CMAKE_PREFIX_PATH=/home/orangepi/ros2_workspace/school_competition/install:/root/lanhailidar_ros_ws/install/bluesea2:/root/lanhailidar_ros_ws/install/base:/root/lanhailidar_ros_ws/install/scan_subscriber:/opt/ros/humble LD_LIBRARY_PATH=/home/orangepi/ros2_workspace/school_competition/install/lib:${LD_LIBRARY_PATH} PYTHONPATH=/home/orangepi/ros2_workspace/school_competition/install/local/lib/python3.10/dist-packages:/home/orangepi/ros2_workspace/school_competition/install/lib/python3.10/site-packages:${PYTHONPATH} /usr/bin/cmake --install /home/orangepi/ros2_workspace/school_competition/build/bluesea2
