[0.036s] Invoking command in '/home/orangepi/ros2_workspace/school_competition/build/base': CMAKE_PREFIX_PATH=${CMAKE_PREFIX_PATH}:/root/lanhailidar_ros_ws/install/scan_subscriber:/opt/ros/humble /usr/bin/cmake --build /home/orangepi/ros2_workspace/school_competition/build/base -- -j8 -l8
[0.451s] [  3%] Built target base__cpp
[0.452s] [  3%] Built target ament_cmake_python_copy_base
[0.452s] [ 12%] Built target base__rosidl_typesupport_introspection_cpp
[0.719s] running egg_info
[0.721s] writing base.egg-info/PKG-INFO
[0.721s] writing dependency_links to base.egg-info/dependency_links.txt
[0.727s] writing top-level names to base.egg-info/top_level.txt
[0.732s] reading manifest file 'base.egg-info/SOURCES.txt'
[0.733s] writing manifest file 'base.egg-info/SOURCES.txt'
[0.804s] [ 12%] Built target ament_cmake_python_build_base_egg
[0.879s] [ 22%] Built target base__rosidl_typesupport_fastrtps_cpp
[0.945s] [ 32%] Built target base__rosidl_typesupport_cpp
[1.010s] [ 41%] Built target base__rosidl_generator_c
[1.079s] [ 51%] Built target base__rosidl_typesupport_fastrtps_c
[1.143s] [ 61%] Built target base__rosidl_typesupport_c
[1.207s] [ 70%] Built target base__rosidl_typesupport_introspection_c
[1.269s] [ 70%] Built target base
[1.333s] [ 74%] Built target base__py
[1.397s] [ 80%] Built target base__rosidl_generator_py
[1.441s] [ 87%] Built target base__rosidl_typesupport_fastrtps_c__pyext
[1.513s] [ 93%] Built target base__rosidl_typesupport_c__pyext
[1.584s] [100%] Built target base__rosidl_typesupport_introspection_c__pyext
[1.604s] Invoked command in '/home/orangepi/ros2_workspace/school_competition/build/base' returned '0': CMAKE_PREFIX_PATH=${CMAKE_PREFIX_PATH}:/root/lanhailidar_ros_ws/install/scan_subscriber:/opt/ros/humble /usr/bin/cmake --build /home/orangepi/ros2_workspace/school_competition/build/base -- -j8 -l8
[1.634s] Invoking command in '/home/orangepi/ros2_workspace/school_competition/build/base': CMAKE_PREFIX_PATH=${CMAKE_PREFIX_PATH}:/root/lanhailidar_ros_ws/install/scan_subscriber:/opt/ros/humble /usr/bin/cmake --install /home/orangepi/ros2_workspace/school_competition/build/base
[1.646s] -- Install configuration: ""
[1.647s] -- Up-to-date: /home/orangepi/ros2_workspace/school_competition/install/share/ament_index/resource_index/rosidl_interfaces/base
[1.647s] -- Up-to-date: /home/orangepi/ros2_workspace/school_competition/install/include/base/base
[1.648s] -- Up-to-date: /home/orangepi/ros2_workspace/school_competition/install/include/base/base/msg
[1.648s] -- Up-to-date: /home/orangepi/ros2_workspace/school_competition/install/include/base/base/msg/rosidl_generator_c__visibility_control.h
[1.649s] -- Up-to-date: /home/orangepi/ros2_workspace/school_competition/install/include/base/base/srv
[1.650s] -- Up-to-date: /home/orangepi/ros2_workspace/school_competition/install/include/base/base/srv/detail
[1.651s] -- Up-to-date: /home/orangepi/ros2_workspace/school_competition/install/include/base/base/srv/detail/control__type_support.h
[1.651s] -- Up-to-date: /home/orangepi/ros2_workspace/school_competition/install/include/base/base/srv/detail/control__struct.h
[1.651s] -- Up-to-date: /home/orangepi/ros2_workspace/school_competition/install/include/base/base/srv/detail/control__functions.c
[1.652s] -- Up-to-date: /home/orangepi/ros2_workspace/school_competition/install/include/base/base/srv/detail/control__functions.h
[1.653s] -- Up-to-date: /home/orangepi/ros2_workspace/school_competition/install/include/base/base/srv/control.h
[1.653s] -- Up-to-date: /home/orangepi/ros2_workspace/school_competition/install/share/base/environment/library_path.sh
[1.654s] -- Up-to-date: /home/orangepi/ros2_workspace/school_competition/install/share/base/environment/library_path.dsv
[1.654s] -- Up-to-date: /home/orangepi/ros2_workspace/school_competition/install/lib/libbase__rosidl_generator_c.so
[1.655s] -- Up-to-date: /home/orangepi/ros2_workspace/school_competition/install/include/base/base
[1.655s] -- Up-to-date: /home/orangepi/ros2_workspace/school_competition/install/include/base/base/msg
[1.656s] -- Up-to-date: /home/orangepi/ros2_workspace/school_competition/install/include/base/base/msg/rosidl_typesupport_fastrtps_c__visibility_control.h
[1.656s] -- Up-to-date: /home/orangepi/ros2_workspace/school_competition/install/include/base/base/srv
[1.657s] -- Up-to-date: /home/orangepi/ros2_workspace/school_competition/install/include/base/base/srv/detail
[1.657s] -- Up-to-date: /home/orangepi/ros2_workspace/school_competition/install/include/base/base/srv/detail/control__rosidl_typesupport_fastrtps_c.h
[1.657s] -- Up-to-date: /home/orangepi/ros2_workspace/school_competition/install/lib/libbase__rosidl_typesupport_fastrtps_c.so
[1.658s] -- Up-to-date: /home/orangepi/ros2_workspace/school_competition/install/include/base/base
[1.658s] -- Up-to-date: /home/orangepi/ros2_workspace/school_competition/install/include/base/base/msg
[1.659s] -- Up-to-date: /home/orangepi/ros2_workspace/school_competition/install/include/base/base/msg/rosidl_generator_cpp__visibility_control.hpp
[1.659s] -- Up-to-date: /home/orangepi/ros2_workspace/school_competition/install/include/base/base/srv
[1.660s] -- Up-to-date: /home/orangepi/ros2_workspace/school_competition/install/include/base/base/srv/detail
[1.660s] -- Up-to-date: /home/orangepi/ros2_workspace/school_competition/install/include/base/base/srv/detail/control__traits.hpp
[1.661s] -- Up-to-date: /home/orangepi/ros2_workspace/school_competition/install/include/base/base/srv/detail/control__builder.hpp
[1.661s] -- Up-to-date: /home/orangepi/ros2_workspace/school_competition/install/include/base/base/srv/detail/control__struct.hpp
[1.662s] -- Up-to-date: /home/orangepi/ros2_workspace/school_competition/install/include/base/base/srv/detail/control__type_support.hpp
[1.662s] -- Up-to-date: /home/orangepi/ros2_workspace/school_competition/install/include/base/base/srv/control.hpp
[1.662s] -- Up-to-date: /home/orangepi/ros2_workspace/school_competition/install/include/base/base
[1.663s] -- Up-to-date: /home/orangepi/ros2_workspace/school_competition/install/include/base/base/msg
[1.663s] -- Up-to-date: /home/orangepi/ros2_workspace/school_competition/install/include/base/base/msg/rosidl_typesupport_fastrtps_cpp__visibility_control.h
[1.664s] -- Up-to-date: /home/orangepi/ros2_workspace/school_competition/install/include/base/base/srv
[1.664s] -- Up-to-date: /home/orangepi/ros2_workspace/school_competition/install/include/base/base/srv/detail
[1.665s] -- Up-to-date: /home/orangepi/ros2_workspace/school_competition/install/include/base/base/srv/detail/control__rosidl_typesupport_fastrtps_cpp.hpp
[1.665s] -- Up-to-date: /home/orangepi/ros2_workspace/school_competition/install/include/base/base/srv/detail/dds_fastrtps
[1.666s] -- Up-to-date: /home/orangepi/ros2_workspace/school_competition/install/lib/libbase__rosidl_typesupport_fastrtps_cpp.so
[1.666s] -- Up-to-date: /home/orangepi/ros2_workspace/school_competition/install/include/base/base
[1.667s] -- Up-to-date: /home/orangepi/ros2_workspace/school_competition/install/include/base/base/msg
[1.667s] -- Up-to-date: /home/orangepi/ros2_workspace/school_competition/install/include/base/base/msg/rosidl_typesupport_introspection_c__visibility_control.h
[1.668s] -- Up-to-date: /home/orangepi/ros2_workspace/school_competition/install/include/base/base/srv
[1.668s] -- Up-to-date: /home/orangepi/ros2_workspace/school_competition/install/include/base/base/srv/detail
[1.669s] -- Up-to-date: /home/orangepi/ros2_workspace/school_competition/install/include/base/base/srv/detail/control__type_support.c
[1.669s] -- Up-to-date: /home/orangepi/ros2_workspace/school_competition/install/include/base/base/srv/detail/control__rosidl_typesupport_introspection_c.h
[1.669s] -- Up-to-date: /home/orangepi/ros2_workspace/school_competition/install/lib/libbase__rosidl_typesupport_introspection_c.so
[1.670s] -- Up-to-date: /home/orangepi/ros2_workspace/school_competition/install/lib/libbase__rosidl_typesupport_c.so
[1.670s] -- Up-to-date: /home/orangepi/ros2_workspace/school_competition/install/include/base/base
[1.671s] -- Up-to-date: /home/orangepi/ros2_workspace/school_competition/install/include/base/base/srv
[1.671s] -- Up-to-date: /home/orangepi/ros2_workspace/school_competition/install/include/base/base/srv/detail
[1.672s] -- Up-to-date: /home/orangepi/ros2_workspace/school_competition/install/include/base/base/srv/detail/control__type_support.cpp
[1.672s] -- Up-to-date: /home/orangepi/ros2_workspace/school_competition/install/include/base/base/srv/detail/control__rosidl_typesupport_introspection_cpp.hpp
[1.673s] -- Up-to-date: /home/orangepi/ros2_workspace/school_competition/install/lib/libbase__rosidl_typesupport_introspection_cpp.so
[1.673s] -- Up-to-date: /home/orangepi/ros2_workspace/school_competition/install/lib/libbase__rosidl_typesupport_cpp.so
[1.674s] -- Up-to-date: /home/orangepi/ros2_workspace/school_competition/install/share/base/environment/pythonpath.sh
[1.674s] -- Up-to-date: /home/orangepi/ros2_workspace/school_competition/install/share/base/environment/pythonpath.dsv
[1.674s] -- Up-to-date: /home/orangepi/ros2_workspace/school_competition/install/local/lib/python3.10/dist-packages/base-0.0.0-py3.10.egg-info
[1.675s] -- Installing: /home/orangepi/ros2_workspace/school_competition/install/local/lib/python3.10/dist-packages/base-0.0.0-py3.10.egg-info/PKG-INFO
[1.675s] -- Installing: /home/orangepi/ros2_workspace/school_competition/install/local/lib/python3.10/dist-packages/base-0.0.0-py3.10.egg-info/dependency_links.txt
[1.676s] -- Installing: /home/orangepi/ros2_workspace/school_competition/install/local/lib/python3.10/dist-packages/base-0.0.0-py3.10.egg-info/SOURCES.txt
[1.676s] -- Installing: /home/orangepi/ros2_workspace/school_competition/install/local/lib/python3.10/dist-packages/base-0.0.0-py3.10.egg-info/top_level.txt
[1.677s] -- Up-to-date: /home/orangepi/ros2_workspace/school_competition/install/local/lib/python3.10/dist-packages/base
[1.677s] -- Up-to-date: /home/orangepi/ros2_workspace/school_competition/install/local/lib/python3.10/dist-packages/base/srv
[1.678s] -- Up-to-date: /home/orangepi/ros2_workspace/school_competition/install/local/lib/python3.10/dist-packages/base/srv/_control.py
[1.678s] -- Up-to-date: /home/orangepi/ros2_workspace/school_competition/install/local/lib/python3.10/dist-packages/base/srv/_control_s.c
[1.679s] -- Up-to-date: /home/orangepi/ros2_workspace/school_competition/install/local/lib/python3.10/dist-packages/base/srv/__init__.py
[1.679s] -- Up-to-date: /home/orangepi/ros2_workspace/school_competition/install/local/lib/python3.10/dist-packages/base/base_s__rosidl_typesupport_fastrtps_c.cpython-310-aarch64-linux-gnu.so
[1.680s] -- Up-to-date: /home/orangepi/ros2_workspace/school_competition/install/local/lib/python3.10/dist-packages/base/__init__.py
[1.680s] -- Up-to-date: /home/orangepi/ros2_workspace/school_competition/install/local/lib/python3.10/dist-packages/base/_base_s.ep.rosidl_typesupport_fastrtps_c.c
[1.680s] -- Up-to-date: /home/orangepi/ros2_workspace/school_competition/install/local/lib/python3.10/dist-packages/base/libbase__rosidl_generator_py.so
[1.681s] -- Up-to-date: /home/orangepi/ros2_workspace/school_competition/install/local/lib/python3.10/dist-packages/base/base_s__rosidl_typesupport_introspection_c.cpython-310-aarch64-linux-gnu.so
[1.681s] -- Up-to-date: /home/orangepi/ros2_workspace/school_competition/install/local/lib/python3.10/dist-packages/base/_base_s.ep.rosidl_typesupport_c.c
[1.682s] -- Up-to-date: /home/orangepi/ros2_workspace/school_competition/install/local/lib/python3.10/dist-packages/base/base_s__rosidl_typesupport_c.cpython-310-aarch64-linux-gnu.so
[1.682s] -- Up-to-date: /home/orangepi/ros2_workspace/school_competition/install/local/lib/python3.10/dist-packages/base/_base_s.ep.rosidl_typesupport_introspection_c.c
[1.701s] Listing '/home/orangepi/ros2_workspace/school_competition/install/local/lib/python3.10/dist-packages/base'...
[1.701s] Listing '/home/orangepi/ros2_workspace/school_competition/install/local/lib/python3.10/dist-packages/base/srv'...
[1.712s] -- Up-to-date: /home/orangepi/ros2_workspace/school_competition/install/local/lib/python3.10/dist-packages/base/base_s__rosidl_typesupport_fastrtps_c.cpython-310-aarch64-linux-gnu.so
[1.713s] -- Up-to-date: /home/orangepi/ros2_workspace/school_competition/install/local/lib/python3.10/dist-packages/base/base_s__rosidl_typesupport_introspection_c.cpython-310-aarch64-linux-gnu.so
[1.714s] -- Up-to-date: /home/orangepi/ros2_workspace/school_competition/install/local/lib/python3.10/dist-packages/base/base_s__rosidl_typesupport_c.cpython-310-aarch64-linux-gnu.so
[1.715s] -- Up-to-date: /home/orangepi/ros2_workspace/school_competition/install/lib/libbase__rosidl_generator_py.so
[1.716s] -- Up-to-date: /home/orangepi/ros2_workspace/school_competition/install/share/base/srv/Control.idl
[1.717s] -- Up-to-date: /home/orangepi/ros2_workspace/school_competition/install/share/base/srv/Control.srv
[1.717s] -- Up-to-date: /home/orangepi/ros2_workspace/school_competition/install/share/base/srv/Control_Request.msg
[1.718s] -- Up-to-date: /home/orangepi/ros2_workspace/school_competition/install/share/base/srv/Control_Response.msg
[1.718s] -- Up-to-date: /home/orangepi/ros2_workspace/school_competition/install/share/ament_index/resource_index/package_run_dependencies/base
[1.720s] -- Up-to-date: /home/orangepi/ros2_workspace/school_competition/install/share/ament_index/resource_index/parent_prefix_path/base
[1.722s] -- Up-to-date: /home/orangepi/ros2_workspace/school_competition/install/share/base/environment/ament_prefix_path.sh
[1.723s] -- Up-to-date: /home/orangepi/ros2_workspace/school_competition/install/share/base/environment/ament_prefix_path.dsv
[1.724s] -- Up-to-date: /home/orangepi/ros2_workspace/school_competition/install/share/base/environment/path.sh
[1.725s] -- Up-to-date: /home/orangepi/ros2_workspace/school_competition/install/share/base/environment/path.dsv
[1.726s] -- Up-to-date: /home/orangepi/ros2_workspace/school_competition/install/share/base/local_setup.bash
[1.726s] -- Up-to-date: /home/orangepi/ros2_workspace/school_competition/install/share/base/local_setup.sh
[1.727s] -- Up-to-date: /home/orangepi/ros2_workspace/school_competition/install/share/base/local_setup.zsh
[1.728s] -- Up-to-date: /home/orangepi/ros2_workspace/school_competition/install/share/base/local_setup.dsv
[1.730s] -- Installing: /home/orangepi/ros2_workspace/school_competition/install/share/base/package.dsv
[1.730s] -- Up-to-date: /home/orangepi/ros2_workspace/school_competition/install/share/ament_index/resource_index/packages/base
[1.731s] -- Up-to-date: /home/orangepi/ros2_workspace/school_competition/install/share/base/cmake/export_base__rosidl_generator_cExport.cmake
[1.731s] -- Up-to-date: /home/orangepi/ros2_workspace/school_competition/install/share/base/cmake/export_base__rosidl_generator_cExport-noconfig.cmake
[1.732s] -- Up-to-date: /home/orangepi/ros2_workspace/school_competition/install/share/base/cmake/export_base__rosidl_typesupport_fastrtps_cExport.cmake
[1.733s] -- Up-to-date: /home/orangepi/ros2_workspace/school_competition/install/share/base/cmake/export_base__rosidl_typesupport_fastrtps_cExport-noconfig.cmake
[1.734s] -- Up-to-date: /home/orangepi/ros2_workspace/school_competition/install/share/base/cmake/export_base__rosidl_generator_cppExport.cmake
[1.734s] -- Up-to-date: /home/orangepi/ros2_workspace/school_competition/install/share/base/cmake/export_base__rosidl_typesupport_fastrtps_cppExport.cmake
[1.735s] -- Up-to-date: /home/orangepi/ros2_workspace/school_competition/install/share/base/cmake/export_base__rosidl_typesupport_fastrtps_cppExport-noconfig.cmake
[1.735s] -- Up-to-date: /home/orangepi/ros2_workspace/school_competition/install/share/base/cmake/base__rosidl_typesupport_introspection_cExport.cmake
[1.736s] -- Up-to-date: /home/orangepi/ros2_workspace/school_competition/install/share/base/cmake/base__rosidl_typesupport_introspection_cExport-noconfig.cmake
[1.737s] -- Up-to-date: /home/orangepi/ros2_workspace/school_competition/install/share/base/cmake/base__rosidl_typesupport_cExport.cmake
[1.737s] -- Up-to-date: /home/orangepi/ros2_workspace/school_competition/install/share/base/cmake/base__rosidl_typesupport_cExport-noconfig.cmake
[1.738s] -- Up-to-date: /home/orangepi/ros2_workspace/school_competition/install/share/base/cmake/base__rosidl_typesupport_introspection_cppExport.cmake
[1.738s] -- Up-to-date: /home/orangepi/ros2_workspace/school_competition/install/share/base/cmake/base__rosidl_typesupport_introspection_cppExport-noconfig.cmake
[1.739s] -- Up-to-date: /home/orangepi/ros2_workspace/school_competition/install/share/base/cmake/base__rosidl_typesupport_cppExport.cmake
[1.739s] -- Up-to-date: /home/orangepi/ros2_workspace/school_competition/install/share/base/cmake/base__rosidl_typesupport_cppExport-noconfig.cmake
[1.740s] -- Up-to-date: /home/orangepi/ros2_workspace/school_competition/install/share/base/cmake/export_base__rosidl_generator_pyExport.cmake
[1.740s] -- Up-to-date: /home/orangepi/ros2_workspace/school_competition/install/share/base/cmake/export_base__rosidl_generator_pyExport-noconfig.cmake
[1.741s] -- Up-to-date: /home/orangepi/ros2_workspace/school_competition/install/share/base/cmake/rosidl_cmake-extras.cmake
[1.741s] -- Up-to-date: /home/orangepi/ros2_workspace/school_competition/install/share/base/cmake/ament_cmake_export_include_directories-extras.cmake
[1.742s] -- Up-to-date: /home/orangepi/ros2_workspace/school_competition/install/share/base/cmake/ament_cmake_export_libraries-extras.cmake
[1.742s] -- Up-to-date: /home/orangepi/ros2_workspace/school_competition/install/share/base/cmake/ament_cmake_export_targets-extras.cmake
[1.743s] -- Up-to-date: /home/orangepi/ros2_workspace/school_competition/install/share/base/cmake/rosidl_cmake_export_typesupport_targets-extras.cmake
[1.744s] -- Up-to-date: /home/orangepi/ros2_workspace/school_competition/install/share/base/cmake/ament_cmake_export_dependencies-extras.cmake
[1.744s] -- Up-to-date: /home/orangepi/ros2_workspace/school_competition/install/share/base/cmake/rosidl_cmake_export_typesupport_libraries-extras.cmake
[1.745s] -- Up-to-date: /home/orangepi/ros2_workspace/school_competition/install/share/base/cmake/baseConfig.cmake
[1.745s] -- Up-to-date: /home/orangepi/ros2_workspace/school_competition/install/share/base/cmake/baseConfig-version.cmake
[1.746s] -- Up-to-date: /home/orangepi/ros2_workspace/school_competition/install/share/base/package.xml
[1.746s] Invoked command in '/home/orangepi/ros2_workspace/school_competition/build/base' returned '0': CMAKE_PREFIX_PATH=${CMAKE_PREFIX_PATH}:/root/lanhailidar_ros_ws/install/scan_subscriber:/opt/ros/humble /usr/bin/cmake --install /home/orangepi/ros2_workspace/school_competition/build/base
