[0.041s] Invoking command in '/home/orangepi/ros2_workspace/school_competition/build/base': CMAKE_PREFIX_PATH=${CMAKE_PREFIX_PATH}:/root/lanhailidar_ros_ws/install/scan_subscriber:/opt/ros/humble /usr/bin/cmake --build /home/orangepi/ros2_workspace/school_competition/build/base -- -j8 -l8
[0.536s] [  9%] Built target base__rosidl_generator_c
[0.537s] [  9%] Built target ament_cmake_python_copy_base
[0.537s] [ 12%] Built target base__cpp
[0.537s] [ 22%] Built target base__rosidl_typesupport_introspection_c
[0.537s] [ 32%] Built target base__rosidl_typesupport_introspection_cpp
[0.537s] [ 41%] Built target base__rosidl_typesupport_c
[0.562s] [ 51%] Built target base__rosidl_typesupport_fastrtps_cpp
[0.563s] [ 61%] Built target base__rosidl_typesupport_fastrtps_c
[0.564s] [ 70%] Built target base__rosidl_typesupport_cpp
[0.565s] [ 70%] Built target base
[0.568s] [ 74%] Built target base__py
[0.570s] [ 80%] Built target base__rosidl_generator_py
[0.571s] [ 87%] Built target base__rosidl_typesupport_fastrtps_c__pyext
[0.573s] [ 93%] Built target base__rosidl_typesupport_introspection_c__pyext
[0.608s] running egg_info
[0.610s] writing base.egg-info/PKG-INFO
[0.611s] writing dependency_links to base.egg-info/dependency_links.txt
[0.612s] writing top-level names to base.egg-info/top_level.txt
[0.615s] reading manifest file 'base.egg-info/SOURCES.txt'
[0.622s] writing manifest file 'base.egg-info/SOURCES.txt'
[0.645s] [100%] Built target base__rosidl_typesupport_c__pyext
[0.698s] [100%] Built target ament_cmake_python_build_base_egg
[0.996s] Invoked command in '/home/orangepi/ros2_workspace/school_competition/build/base' returned '0': CMAKE_PREFIX_PATH=${CMAKE_PREFIX_PATH}:/root/lanhailidar_ros_ws/install/scan_subscriber:/opt/ros/humble /usr/bin/cmake --build /home/orangepi/ros2_workspace/school_competition/build/base -- -j8 -l8
[1.015s] Invoking command in '/home/orangepi/ros2_workspace/school_competition/build/base': CMAKE_PREFIX_PATH=${CMAKE_PREFIX_PATH}:/root/lanhailidar_ros_ws/install/scan_subscriber:/opt/ros/humble /usr/bin/cmake --install /home/orangepi/ros2_workspace/school_competition/build/base
[1.045s] -- Install configuration: ""
[1.046s] -- Up-to-date: /home/orangepi/ros2_workspace/school_competition/install/share/ament_index/resource_index/rosidl_interfaces/base
[1.047s] -- Up-to-date: /home/orangepi/ros2_workspace/school_competition/install/include/base/base
[1.047s] -- Up-to-date: /home/orangepi/ros2_workspace/school_competition/install/include/base/base/msg
[1.052s] -- Up-to-date: /home/orangepi/ros2_workspace/school_competition/install/include/base/base/msg/rosidl_generator_c__visibility_control.h
[1.053s] -- Up-to-date: /home/orangepi/ros2_workspace/school_competition/install/include/base/base/srv
[1.053s] -- Up-to-date: /home/orangepi/ros2_workspace/school_competition/install/include/base/base/srv/detail
[1.053s] -- Up-to-date: /home/orangepi/ros2_workspace/school_competition/install/include/base/base/srv/detail/control__type_support.h
[1.053s] -- Up-to-date: /home/orangepi/ros2_workspace/school_competition/install/include/base/base/srv/detail/control__struct.h
[1.053s] -- Up-to-date: /home/orangepi/ros2_workspace/school_competition/install/include/base/base/srv/detail/control__functions.c
[1.053s] -- Up-to-date: /home/orangepi/ros2_workspace/school_competition/install/include/base/base/srv/detail/control__functions.h
[1.053s] -- Up-to-date: /home/orangepi/ros2_workspace/school_competition/install/include/base/base/srv/control.h
[1.053s] -- Up-to-date: /home/orangepi/ros2_workspace/school_competition/install/share/base/environment/library_path.sh
[1.054s] -- Up-to-date: /home/orangepi/ros2_workspace/school_competition/install/share/base/environment/library_path.dsv
[1.054s] -- Up-to-date: /home/orangepi/ros2_workspace/school_competition/install/lib/libbase__rosidl_generator_c.so
[1.054s] -- Up-to-date: /home/orangepi/ros2_workspace/school_competition/install/include/base/base
[1.054s] -- Up-to-date: /home/orangepi/ros2_workspace/school_competition/install/include/base/base/msg
[1.054s] -- Up-to-date: /home/orangepi/ros2_workspace/school_competition/install/include/base/base/msg/rosidl_typesupport_fastrtps_c__visibility_control.h
[1.054s] -- Up-to-date: /home/orangepi/ros2_workspace/school_competition/install/include/base/base/srv
[1.054s] -- Up-to-date: /home/orangepi/ros2_workspace/school_competition/install/include/base/base/srv/detail
[1.054s] -- Up-to-date: /home/orangepi/ros2_workspace/school_competition/install/include/base/base/srv/detail/control__rosidl_typesupport_fastrtps_c.h
[1.055s] -- Up-to-date: /home/orangepi/ros2_workspace/school_competition/install/lib/libbase__rosidl_typesupport_fastrtps_c.so
[1.055s] -- Up-to-date: /home/orangepi/ros2_workspace/school_competition/install/include/base/base
[1.055s] -- Up-to-date: /home/orangepi/ros2_workspace/school_competition/install/include/base/base/msg
[1.055s] -- Up-to-date: /home/orangepi/ros2_workspace/school_competition/install/include/base/base/msg/rosidl_generator_cpp__visibility_control.hpp
[1.055s] -- Up-to-date: /home/orangepi/ros2_workspace/school_competition/install/include/base/base/srv
[1.055s] -- Up-to-date: /home/orangepi/ros2_workspace/school_competition/install/include/base/base/srv/detail
[1.055s] -- Up-to-date: /home/orangepi/ros2_workspace/school_competition/install/include/base/base/srv/detail/control__traits.hpp
[1.055s] -- Up-to-date: /home/orangepi/ros2_workspace/school_competition/install/include/base/base/srv/detail/control__builder.hpp
[1.055s] -- Up-to-date: /home/orangepi/ros2_workspace/school_competition/install/include/base/base/srv/detail/control__struct.hpp
[1.055s] -- Up-to-date: /home/orangepi/ros2_workspace/school_competition/install/include/base/base/srv/detail/control__type_support.hpp
[1.055s] -- Up-to-date: /home/orangepi/ros2_workspace/school_competition/install/include/base/base/srv/control.hpp
[1.056s] -- Up-to-date: /home/orangepi/ros2_workspace/school_competition/install/include/base/base
[1.056s] -- Up-to-date: /home/orangepi/ros2_workspace/school_competition/install/include/base/base/msg
[1.056s] -- Up-to-date: /home/orangepi/ros2_workspace/school_competition/install/include/base/base/msg/rosidl_typesupport_fastrtps_cpp__visibility_control.h
[1.056s] -- Up-to-date: /home/orangepi/ros2_workspace/school_competition/install/include/base/base/srv
[1.056s] -- Up-to-date: /home/orangepi/ros2_workspace/school_competition/install/include/base/base/srv/detail
[1.056s] -- Up-to-date: /home/orangepi/ros2_workspace/school_competition/install/include/base/base/srv/detail/control__rosidl_typesupport_fastrtps_cpp.hpp
[1.056s] -- Up-to-date: /home/orangepi/ros2_workspace/school_competition/install/include/base/base/srv/detail/dds_fastrtps
[1.056s] -- Up-to-date: /home/orangepi/ros2_workspace/school_competition/install/lib/libbase__rosidl_typesupport_fastrtps_cpp.so
[1.057s] -- Up-to-date: /home/orangepi/ros2_workspace/school_competition/install/include/base/base
[1.058s] -- Up-to-date: /home/orangepi/ros2_workspace/school_competition/install/include/base/base/msg
[1.058s] -- Up-to-date: /home/orangepi/ros2_workspace/school_competition/install/include/base/base/msg/rosidl_typesupport_introspection_c__visibility_control.h
[1.059s] -- Up-to-date: /home/orangepi/ros2_workspace/school_competition/install/include/base/base/srv
[1.066s] -- Up-to-date: /home/orangepi/ros2_workspace/school_competition/install/include/base/base/srv/detail
[1.067s] -- Up-to-date: /home/orangepi/ros2_workspace/school_competition/install/include/base/base/srv/detail/control__type_support.c
[1.070s] -- Up-to-date: /home/orangepi/ros2_workspace/school_competition/install/include/base/base/srv/detail/control__rosidl_typesupport_introspection_c.h
[1.071s] -- Up-to-date: /home/orangepi/ros2_workspace/school_competition/install/lib/libbase__rosidl_typesupport_introspection_c.so
[1.071s] -- Up-to-date: /home/orangepi/ros2_workspace/school_competition/install/lib/libbase__rosidl_typesupport_c.so
[1.071s] -- Up-to-date: /home/orangepi/ros2_workspace/school_competition/install/include/base/base
[1.071s] -- Up-to-date: /home/orangepi/ros2_workspace/school_competition/install/include/base/base/srv
[1.071s] -- Up-to-date: /home/orangepi/ros2_workspace/school_competition/install/include/base/base/srv/detail
[1.071s] -- Up-to-date: /home/orangepi/ros2_workspace/school_competition/install/include/base/base/srv/detail/control__type_support.cpp
[1.072s] -- Up-to-date: /home/orangepi/ros2_workspace/school_competition/install/include/base/base/srv/detail/control__rosidl_typesupport_introspection_cpp.hpp
[1.073s] -- Up-to-date: /home/orangepi/ros2_workspace/school_competition/install/lib/libbase__rosidl_typesupport_introspection_cpp.so
[1.074s] -- Up-to-date: /home/orangepi/ros2_workspace/school_competition/install/lib/libbase__rosidl_typesupport_cpp.so
[1.076s] -- Up-to-date: /home/orangepi/ros2_workspace/school_competition/install/share/base/environment/pythonpath.sh
[1.077s] -- Up-to-date: /home/orangepi/ros2_workspace/school_competition/install/share/base/environment/pythonpath.dsv
[1.078s] -- Up-to-date: /home/orangepi/ros2_workspace/school_competition/install/local/lib/python3.10/dist-packages/base-0.0.0-py3.10.egg-info
[1.079s] -- Installing: /home/orangepi/ros2_workspace/school_competition/install/local/lib/python3.10/dist-packages/base-0.0.0-py3.10.egg-info/PKG-INFO
[1.084s] -- Installing: /home/orangepi/ros2_workspace/school_competition/install/local/lib/python3.10/dist-packages/base-0.0.0-py3.10.egg-info/dependency_links.txt
[1.089s] -- Installing: /home/orangepi/ros2_workspace/school_competition/install/local/lib/python3.10/dist-packages/base-0.0.0-py3.10.egg-info/SOURCES.txt
[1.090s] -- Installing: /home/orangepi/ros2_workspace/school_competition/install/local/lib/python3.10/dist-packages/base-0.0.0-py3.10.egg-info/top_level.txt
[1.091s] -- Up-to-date: /home/orangepi/ros2_workspace/school_competition/install/local/lib/python3.10/dist-packages/base
[1.091s] -- Up-to-date: /home/orangepi/ros2_workspace/school_competition/install/local/lib/python3.10/dist-packages/base/srv
[1.092s] -- Up-to-date: /home/orangepi/ros2_workspace/school_competition/install/local/lib/python3.10/dist-packages/base/srv/_control.py
[1.093s] -- Up-to-date: /home/orangepi/ros2_workspace/school_competition/install/local/lib/python3.10/dist-packages/base/srv/_control_s.c
[1.093s] -- Up-to-date: /home/orangepi/ros2_workspace/school_competition/install/local/lib/python3.10/dist-packages/base/srv/__init__.py
[1.094s] -- Up-to-date: /home/orangepi/ros2_workspace/school_competition/install/local/lib/python3.10/dist-packages/base/base_s__rosidl_typesupport_fastrtps_c.cpython-310-aarch64-linux-gnu.so
[1.094s] -- Up-to-date: /home/orangepi/ros2_workspace/school_competition/install/local/lib/python3.10/dist-packages/base/__init__.py
[1.095s] -- Up-to-date: /home/orangepi/ros2_workspace/school_competition/install/local/lib/python3.10/dist-packages/base/_base_s.ep.rosidl_typesupport_fastrtps_c.c
[1.096s] -- Up-to-date: /home/orangepi/ros2_workspace/school_competition/install/local/lib/python3.10/dist-packages/base/libbase__rosidl_generator_py.so
[1.096s] -- Up-to-date: /home/orangepi/ros2_workspace/school_competition/install/local/lib/python3.10/dist-packages/base/base_s__rosidl_typesupport_introspection_c.cpython-310-aarch64-linux-gnu.so
[1.097s] -- Up-to-date: /home/orangepi/ros2_workspace/school_competition/install/local/lib/python3.10/dist-packages/base/_base_s.ep.rosidl_typesupport_c.c
[1.097s] -- Up-to-date: /home/orangepi/ros2_workspace/school_competition/install/local/lib/python3.10/dist-packages/base/base_s__rosidl_typesupport_c.cpython-310-aarch64-linux-gnu.so
[1.098s] -- Up-to-date: /home/orangepi/ros2_workspace/school_competition/install/local/lib/python3.10/dist-packages/base/_base_s.ep.rosidl_typesupport_introspection_c.c
[1.186s] Listing '/home/orangepi/ros2_workspace/school_competition/install/local/lib/python3.10/dist-packages/base'...
[1.186s] Listing '/home/orangepi/ros2_workspace/school_competition/install/local/lib/python3.10/dist-packages/base/srv'...
[1.194s] -- Up-to-date: /home/orangepi/ros2_workspace/school_competition/install/local/lib/python3.10/dist-packages/base/base_s__rosidl_typesupport_fastrtps_c.cpython-310-aarch64-linux-gnu.so
[1.196s] -- Up-to-date: /home/orangepi/ros2_workspace/school_competition/install/local/lib/python3.10/dist-packages/base/base_s__rosidl_typesupport_introspection_c.cpython-310-aarch64-linux-gnu.so
[1.197s] -- Up-to-date: /home/orangepi/ros2_workspace/school_competition/install/local/lib/python3.10/dist-packages/base/base_s__rosidl_typesupport_c.cpython-310-aarch64-linux-gnu.so
[1.198s] -- Up-to-date: /home/orangepi/ros2_workspace/school_competition/install/lib/libbase__rosidl_generator_py.so
[1.201s] -- Up-to-date: /home/orangepi/ros2_workspace/school_competition/install/share/base/srv/Control.idl
[1.223s] -- Up-to-date: /home/orangepi/ros2_workspace/school_competition/install/share/base/srv/Control.srv
[1.225s] -- Up-to-date: /home/orangepi/ros2_workspace/school_competition/install/share/base/srv/Control_Request.msg
[1.226s] -- Up-to-date: /home/orangepi/ros2_workspace/school_competition/install/share/base/srv/Control_Response.msg
[1.227s] -- Up-to-date: /home/orangepi/ros2_workspace/school_competition/install/share/ament_index/resource_index/package_run_dependencies/base
[1.227s] -- Up-to-date: /home/orangepi/ros2_workspace/school_competition/install/share/ament_index/resource_index/parent_prefix_path/base
[1.229s] -- Up-to-date: /home/orangepi/ros2_workspace/school_competition/install/share/base/environment/ament_prefix_path.sh
[1.229s] -- Up-to-date: /home/orangepi/ros2_workspace/school_competition/install/share/base/environment/ament_prefix_path.dsv
[1.230s] -- Up-to-date: /home/orangepi/ros2_workspace/school_competition/install/share/base/environment/path.sh
[1.231s] -- Up-to-date: /home/orangepi/ros2_workspace/school_competition/install/share/base/environment/path.dsv
[1.231s] -- Up-to-date: /home/orangepi/ros2_workspace/school_competition/install/share/base/local_setup.bash
[1.232s] -- Up-to-date: /home/orangepi/ros2_workspace/school_competition/install/share/base/local_setup.sh
[1.233s] -- Up-to-date: /home/orangepi/ros2_workspace/school_competition/install/share/base/local_setup.zsh
[1.234s] -- Up-to-date: /home/orangepi/ros2_workspace/school_competition/install/share/base/local_setup.dsv
[1.235s] -- Installing: /home/orangepi/ros2_workspace/school_competition/install/share/base/package.dsv
[1.255s] -- Up-to-date: /home/orangepi/ros2_workspace/school_competition/install/share/ament_index/resource_index/packages/base
[1.256s] -- Up-to-date: /home/orangepi/ros2_workspace/school_competition/install/share/base/cmake/export_base__rosidl_generator_cExport.cmake
[1.256s] -- Up-to-date: /home/orangepi/ros2_workspace/school_competition/install/share/base/cmake/export_base__rosidl_generator_cExport-noconfig.cmake
[1.256s] -- Up-to-date: /home/orangepi/ros2_workspace/school_competition/install/share/base/cmake/export_base__rosidl_typesupport_fastrtps_cExport.cmake
[1.256s] -- Up-to-date: /home/orangepi/ros2_workspace/school_competition/install/share/base/cmake/export_base__rosidl_typesupport_fastrtps_cExport-noconfig.cmake
[1.256s] -- Up-to-date: /home/orangepi/ros2_workspace/school_competition/install/share/base/cmake/export_base__rosidl_generator_cppExport.cmake
[1.256s] -- Up-to-date: /home/orangepi/ros2_workspace/school_competition/install/share/base/cmake/export_base__rosidl_typesupport_fastrtps_cppExport.cmake
[1.256s] -- Up-to-date: /home/orangepi/ros2_workspace/school_competition/install/share/base/cmake/export_base__rosidl_typesupport_fastrtps_cppExport-noconfig.cmake
[1.256s] -- Up-to-date: /home/orangepi/ros2_workspace/school_competition/install/share/base/cmake/base__rosidl_typesupport_introspection_cExport.cmake
[1.257s] -- Up-to-date: /home/orangepi/ros2_workspace/school_competition/install/share/base/cmake/base__rosidl_typesupport_introspection_cExport-noconfig.cmake
[1.257s] -- Up-to-date: /home/orangepi/ros2_workspace/school_competition/install/share/base/cmake/base__rosidl_typesupport_cExport.cmake
[1.257s] -- Up-to-date: /home/orangepi/ros2_workspace/school_competition/install/share/base/cmake/base__rosidl_typesupport_cExport-noconfig.cmake
[1.257s] -- Up-to-date: /home/orangepi/ros2_workspace/school_competition/install/share/base/cmake/base__rosidl_typesupport_introspection_cppExport.cmake
[1.257s] -- Up-to-date: /home/orangepi/ros2_workspace/school_competition/install/share/base/cmake/base__rosidl_typesupport_introspection_cppExport-noconfig.cmake
[1.257s] -- Up-to-date: /home/orangepi/ros2_workspace/school_competition/install/share/base/cmake/base__rosidl_typesupport_cppExport.cmake
[1.261s] -- Up-to-date: /home/orangepi/ros2_workspace/school_competition/install/share/base/cmake/base__rosidl_typesupport_cppExport-noconfig.cmake
[1.262s] -- Up-to-date: /home/orangepi/ros2_workspace/school_competition/install/share/base/cmake/export_base__rosidl_generator_pyExport.cmake
[1.262s] -- Up-to-date: /home/orangepi/ros2_workspace/school_competition/install/share/base/cmake/export_base__rosidl_generator_pyExport-noconfig.cmake
[1.262s] -- Up-to-date: /home/orangepi/ros2_workspace/school_competition/install/share/base/cmake/rosidl_cmake-extras.cmake
[1.262s] -- Up-to-date: /home/orangepi/ros2_workspace/school_competition/install/share/base/cmake/ament_cmake_export_include_directories-extras.cmake
[1.262s] -- Up-to-date: /home/orangepi/ros2_workspace/school_competition/install/share/base/cmake/ament_cmake_export_libraries-extras.cmake
[1.262s] -- Up-to-date: /home/orangepi/ros2_workspace/school_competition/install/share/base/cmake/ament_cmake_export_targets-extras.cmake
[1.263s] -- Up-to-date: /home/orangepi/ros2_workspace/school_competition/install/share/base/cmake/rosidl_cmake_export_typesupport_targets-extras.cmake
[1.263s] -- Up-to-date: /home/orangepi/ros2_workspace/school_competition/install/share/base/cmake/ament_cmake_export_dependencies-extras.cmake
[1.263s] -- Up-to-date: /home/orangepi/ros2_workspace/school_competition/install/share/base/cmake/rosidl_cmake_export_typesupport_libraries-extras.cmake
[1.263s] -- Up-to-date: /home/orangepi/ros2_workspace/school_competition/install/share/base/cmake/baseConfig.cmake
[1.263s] -- Up-to-date: /home/orangepi/ros2_workspace/school_competition/install/share/base/cmake/baseConfig-version.cmake
[1.263s] -- Up-to-date: /home/orangepi/ros2_workspace/school_competition/install/share/base/package.xml
[1.263s] Invoked command in '/home/orangepi/ros2_workspace/school_competition/build/base' returned '0': CMAKE_PREFIX_PATH=${CMAKE_PREFIX_PATH}:/root/lanhailidar_ros_ws/install/scan_subscriber:/opt/ros/humble /usr/bin/cmake --install /home/orangepi/ros2_workspace/school_competition/build/base
