[1.330s] Invoking command in '/home/orangepi/ros2_workspace/school_competition/src/car_t265': PYTHONPATH=/home/orangepi/ros2_workspace/school_competition/build/car_t265/prefix_override:/usr/lib/python3/dist-packages/colcon_core/task/python/colcon_distutils_commands:/home/orangepi/ros2_workspace/school_competition/install/lib/python3.10/site-packages:${PYTHONPATH} /usr/bin/python3 -W ignore:setup.py install is deprecated -W ignore:easy_install command is deprecated setup.py egg_info --egg-base ../../build/car_t265 build --build-base /home/orangepi/ros2_workspace/school_competition/build/car_t265/build install --record /home/orangepi/ros2_workspace/school_competition/build/car_t265/install.log --single-version-externally-managed install_data
[1.676s] running egg_info
[1.676s] writing ../../build/car_t265/car_t265.egg-info/PKG-INFO
[1.678s] writing dependency_links to ../../build/car_t265/car_t265.egg-info/dependency_links.txt
[1.680s] writing entry points to ../../build/car_t265/car_t265.egg-info/entry_points.txt
[1.681s] writing requirements to ../../build/car_t265/car_t265.egg-info/requires.txt
[1.682s] writing top-level names to ../../build/car_t265/car_t265.egg-info/top_level.txt
[1.687s] reading manifest file '../../build/car_t265/car_t265.egg-info/SOURCES.txt'
[1.695s] writing manifest file '../../build/car_t265/car_t265.egg-info/SOURCES.txt'
[1.697s] running build
[1.697s] running build_py
[1.697s] running install
[1.698s] running install_lib
[1.698s] running install_data
[1.698s] running install_egg_info
[1.699s] removing '/home/orangepi/ros2_workspace/school_competition/install/lib/python3.10/site-packages/car_t265-0.0.0-py3.10.egg-info' (and everything under it)
[1.700s] Copying ../../build/car_t265/car_t265.egg-info to /home/orangepi/ros2_workspace/school_competition/install/lib/python3.10/site-packages/car_t265-0.0.0-py3.10.egg-info
[1.701s] running install_scripts
[1.740s] Installing linear_test script to /home/orangepi/ros2_workspace/school_competition/install/lib/car_t265
[1.745s] Installing motor_controller script to /home/orangepi/ros2_workspace/school_competition/install/lib/car_t265
[1.747s] Installing navigation_controller script to /home/orangepi/ros2_workspace/school_competition/install/lib/car_t265
[1.751s] Installing t265_Imu_pub script to /home/orangepi/ros2_workspace/school_competition/install/lib/car_t265
[1.754s] Installing t265_publisher script to /home/orangepi/ros2_workspace/school_competition/install/lib/car_t265
[1.756s] Installing target_publisher script to /home/orangepi/ros2_workspace/school_competition/install/lib/car_t265
[1.759s] Installing uart_driver script to /home/orangepi/ros2_workspace/school_competition/install/lib/car_t265
[1.764s] writing list of installed files to '/home/orangepi/ros2_workspace/school_competition/build/car_t265/install.log'
[1.799s] Invoked command in '/home/orangepi/ros2_workspace/school_competition/src/car_t265' returned '0': PYTHONPATH=/home/orangepi/ros2_workspace/school_competition/build/car_t265/prefix_override:/usr/lib/python3/dist-packages/colcon_core/task/python/colcon_distutils_commands:/home/orangepi/ros2_workspace/school_competition/install/lib/python3.10/site-packages:${PYTHONPATH} /usr/bin/python3 -W ignore:setup.py install is deprecated -W ignore:easy_install command is deprecated setup.py egg_info --egg-base ../../build/car_t265 build --build-base /home/orangepi/ros2_workspace/school_competition/build/car_t265/build install --record /home/orangepi/ros2_workspace/school_competition/build/car_t265/install.log --single-version-externally-managed install_data
