[0.207s] [34mcolcon[0m [1;30mDEBUG[0m [32mCommand line arguments: ['/usr/bin/colcon', 'build', '--merge-install'][0m
[0.208s] [34mcolcon[0m [1;30mDEBUG[0m [32mParsed command line arguments: Namespace(log_base=None, log_level=None, verb_name='build', build_base='build', install_base='install', merge_install=True, symlink_install=False, test_result_base=None, continue_on_error=False, executor='parallel', parallel_workers=8, event_handlers=None, ignore_user_meta=False, metas=['./colcon.meta'], base_paths=['.'], packages_ignore=None, packages_ignore_regex=None, paths=None, packages_up_to=None, packages_up_to_regex=None, packages_above=None, packages_above_and_dependencies=None, packages_above_depth=None, packages_select_by_dep=None, packages_skip_by_dep=None, packages_skip_up_to=None, packages_select_build_failed=False, packages_skip_build_finished=False, packages_select_test_failures=False, packages_skip_test_passed=False, packages_select=None, packages_skip=None, packages_select_regex=None, packages_skip_regex=None, packages_start=None, packages_end=None, cmake_args=None, cmake_target=None, cmake_target_skip_unavailable=False, cmake_clean_cache=False, cmake_clean_first=False, cmake_force_configure=False, ament_cmake_args=None, catkin_cmake_args=None, catkin_skip_building_tests=False, verb_parser=<colcon_defaults.argument_parser.defaults.DefaultArgumentsDecorator object at 0x7f9e28ecb0>, verb_extension=<colcon_core.verb.build.BuildVerb object at 0x7f9e1cc040>, main=<bound method BuildVerb.main of <colcon_core.verb.build.BuildVerb object at 0x7f9e1cc040>>)[0m
[0.481s] [34mcolcon.colcon_core.package_discovery[0m [1;30mLevel 1[0m discover_packages(colcon_meta) check parameters
[0.482s] [34mcolcon.colcon_core.package_discovery[0m [1;30mLevel 1[0m discover_packages(recursive) check parameters
[0.482s] [34mcolcon.colcon_core.package_discovery[0m [1;30mLevel 1[0m discover_packages(ignore) check parameters
[0.482s] [34mcolcon.colcon_core.package_discovery[0m [1;30mLevel 1[0m discover_packages(path) check parameters
[0.482s] [34mcolcon.colcon_core.package_discovery[0m [1;30mLevel 1[0m discover_packages(colcon_meta) discover
[0.482s] [34mcolcon.colcon_core.package_discovery[0m [1;30mLevel 1[0m discover_packages(recursive) discover
[0.482s] [34mcolcon.colcon_core.package_discovery[0m [1;30mINFO[0m Crawling recursively for packages in '/home/orangepi/ros2_workspace/school_competition'
[0.482s] [34mcolcon.colcon_core.package_identification[0m [1;30mLevel 1[0m _identify(.) by extensions ['ignore', 'ignore_ament_install']
[0.482s] [34mcolcon.colcon_core.package_identification[0m [1;30mLevel 1[0m _identify(.) by extension 'ignore'
[0.482s] [34mcolcon.colcon_core.package_identification[0m [1;30mLevel 1[0m _identify(.) by extension 'ignore_ament_install'
[0.482s] [34mcolcon.colcon_core.package_identification[0m [1;30mLevel 1[0m _identify(.) by extensions ['colcon_pkg']
[0.483s] [34mcolcon.colcon_core.package_identification[0m [1;30mLevel 1[0m _identify(.) by extension 'colcon_pkg'
[0.483s] [34mcolcon.colcon_core.package_identification[0m [1;30mLevel 1[0m _identify(.) by extensions ['colcon_meta']
[0.483s] [34mcolcon.colcon_core.package_identification[0m [1;30mLevel 1[0m _identify(.) by extension 'colcon_meta'
[0.483s] [34mcolcon.colcon_core.package_identification[0m [1;30mLevel 1[0m _identify(.) by extensions ['ros']
[0.483s] [34mcolcon.colcon_core.package_identification[0m [1;30mLevel 1[0m _identify(.) by extension 'ros'
[0.502s] [34mcolcon.colcon_core.package_identification[0m [1;30mLevel 1[0m _identify(.) by extensions ['cmake', 'python']
[0.502s] [34mcolcon.colcon_core.package_identification[0m [1;30mLevel 1[0m _identify(.) by extension 'cmake'
[0.502s] [34mcolcon.colcon_core.package_identification[0m [1;30mLevel 1[0m _identify(.) by extension 'python'
[0.502s] [34mcolcon.colcon_core.package_identification[0m [1;30mLevel 1[0m _identify(.) by extensions ['python_setup_py']
[0.502s] [34mcolcon.colcon_core.package_identification[0m [1;30mLevel 1[0m _identify(.) by extension 'python_setup_py'
[0.502s] [34mcolcon.colcon_core.package_identification[0m [1;30mLevel 1[0m _identify(build) by extensions ['ignore', 'ignore_ament_install']
[0.503s] [34mcolcon.colcon_core.package_identification[0m [1;30mLevel 1[0m _identify(build) by extension 'ignore'
[0.503s] [34mcolcon.colcon_core.package_identification[0m [1;30mLevel 1[0m _identify(build) ignored
[0.503s] [34mcolcon.colcon_core.package_identification[0m [1;30mLevel 1[0m _identify(install) by extensions ['ignore', 'ignore_ament_install']
[0.503s] [34mcolcon.colcon_core.package_identification[0m [1;30mLevel 1[0m _identify(install) by extension 'ignore'
[0.503s] [34mcolcon.colcon_core.package_identification[0m [1;30mLevel 1[0m _identify(install) ignored
[0.503s] [34mcolcon.colcon_core.package_identification[0m [1;30mLevel 1[0m _identify(launch) by extensions ['ignore', 'ignore_ament_install']
[0.503s] [34mcolcon.colcon_core.package_identification[0m [1;30mLevel 1[0m _identify(launch) by extension 'ignore'
[0.503s] [34mcolcon.colcon_core.package_identification[0m [1;30mLevel 1[0m _identify(launch) by extension 'ignore_ament_install'
[0.503s] [34mcolcon.colcon_core.package_identification[0m [1;30mLevel 1[0m _identify(launch) by extensions ['colcon_pkg']
[0.503s] [34mcolcon.colcon_core.package_identification[0m [1;30mLevel 1[0m _identify(launch) by extension 'colcon_pkg'
[0.504s] [34mcolcon.colcon_core.package_identification[0m [1;30mLevel 1[0m _identify(launch) by extensions ['colcon_meta']
[0.504s] [34mcolcon.colcon_core.package_identification[0m [1;30mLevel 1[0m _identify(launch) by extension 'colcon_meta'
[0.504s] [34mcolcon.colcon_core.package_identification[0m [1;30mLevel 1[0m _identify(launch) by extensions ['ros']
[0.504s] [34mcolcon.colcon_core.package_identification[0m [1;30mLevel 1[0m _identify(launch) by extension 'ros'
[0.504s] [34mcolcon.colcon_core.package_identification[0m [1;30mLevel 1[0m _identify(launch) by extensions ['cmake', 'python']
[0.504s] [34mcolcon.colcon_core.package_identification[0m [1;30mLevel 1[0m _identify(launch) by extension 'cmake'
[0.504s] [34mcolcon.colcon_core.package_identification[0m [1;30mLevel 1[0m _identify(launch) by extension 'python'
[0.504s] [34mcolcon.colcon_core.package_identification[0m [1;30mLevel 1[0m _identify(launch) by extensions ['python_setup_py']
[0.504s] [34mcolcon.colcon_core.package_identification[0m [1;30mLevel 1[0m _identify(launch) by extension 'python_setup_py'
[0.504s] [34mcolcon.colcon_core.package_identification[0m [1;30mLevel 1[0m _identify(log) by extensions ['ignore', 'ignore_ament_install']
[0.504s] [34mcolcon.colcon_core.package_identification[0m [1;30mLevel 1[0m _identify(log) by extension 'ignore'
[0.504s] [34mcolcon.colcon_core.package_identification[0m [1;30mLevel 1[0m _identify(log) ignored
[0.505s] [34mcolcon.colcon_core.package_identification[0m [1;30mLevel 1[0m _identify(script) by extensions ['ignore', 'ignore_ament_install']
[0.505s] [34mcolcon.colcon_core.package_identification[0m [1;30mLevel 1[0m _identify(script) by extension 'ignore'
[0.505s] [34mcolcon.colcon_core.package_identification[0m [1;30mLevel 1[0m _identify(script) by extension 'ignore_ament_install'
[0.505s] [34mcolcon.colcon_core.package_identification[0m [1;30mLevel 1[0m _identify(script) by extensions ['colcon_pkg']
[0.505s] [34mcolcon.colcon_core.package_identification[0m [1;30mLevel 1[0m _identify(script) by extension 'colcon_pkg'
[0.505s] [34mcolcon.colcon_core.package_identification[0m [1;30mLevel 1[0m _identify(script) by extensions ['colcon_meta']
[0.505s] [34mcolcon.colcon_core.package_identification[0m [1;30mLevel 1[0m _identify(script) by extension 'colcon_meta'
[0.505s] [34mcolcon.colcon_core.package_identification[0m [1;30mLevel 1[0m _identify(script) by extensions ['ros']
[0.505s] [34mcolcon.colcon_core.package_identification[0m [1;30mLevel 1[0m _identify(script) by extension 'ros'
[0.505s] [34mcolcon.colcon_core.package_identification[0m [1;30mLevel 1[0m _identify(script) by extensions ['cmake', 'python']
[0.505s] [34mcolcon.colcon_core.package_identification[0m [1;30mLevel 1[0m _identify(script) by extension 'cmake'
[0.505s] [34mcolcon.colcon_core.package_identification[0m [1;30mLevel 1[0m _identify(script) by extension 'python'
[0.505s] [34mcolcon.colcon_core.package_identification[0m [1;30mLevel 1[0m _identify(script) by extensions ['python_setup_py']
[0.505s] [34mcolcon.colcon_core.package_identification[0m [1;30mLevel 1[0m _identify(script) by extension 'python_setup_py'
[0.505s] [34mcolcon.colcon_core.package_identification[0m [1;30mLevel 1[0m _identify(src) by extensions ['ignore', 'ignore_ament_install']
[0.506s] [34mcolcon.colcon_core.package_identification[0m [1;30mLevel 1[0m _identify(src) by extension 'ignore'
[0.506s] [34mcolcon.colcon_core.package_identification[0m [1;30mLevel 1[0m _identify(src) by extension 'ignore_ament_install'
[0.506s] [34mcolcon.colcon_core.package_identification[0m [1;30mLevel 1[0m _identify(src) by extensions ['colcon_pkg']
[0.506s] [34mcolcon.colcon_core.package_identification[0m [1;30mLevel 1[0m _identify(src) by extension 'colcon_pkg'
[0.506s] [34mcolcon.colcon_core.package_identification[0m [1;30mLevel 1[0m _identify(src) by extensions ['colcon_meta']
[0.506s] [34mcolcon.colcon_core.package_identification[0m [1;30mLevel 1[0m _identify(src) by extension 'colcon_meta'
[0.506s] [34mcolcon.colcon_core.package_identification[0m [1;30mLevel 1[0m _identify(src) by extensions ['ros']
[0.506s] [34mcolcon.colcon_core.package_identification[0m [1;30mLevel 1[0m _identify(src) by extension 'ros'
[0.506s] [34mcolcon.colcon_core.package_identification[0m [1;30mLevel 1[0m _identify(src) by extensions ['cmake', 'python']
[0.506s] [34mcolcon.colcon_core.package_identification[0m [1;30mLevel 1[0m _identify(src) by extension 'cmake'
[0.506s] [34mcolcon.colcon_core.package_identification[0m [1;30mLevel 1[0m _identify(src) by extension 'python'
[0.506s] [34mcolcon.colcon_core.package_identification[0m [1;30mLevel 1[0m _identify(src) by extensions ['python_setup_py']
[0.506s] [34mcolcon.colcon_core.package_identification[0m [1;30mLevel 1[0m _identify(src) by extension 'python_setup_py'
[0.506s] [34mcolcon.colcon_core.package_identification[0m [1;30mLevel 1[0m _identify(src/car_t265) by extensions ['ignore', 'ignore_ament_install']
[0.506s] [34mcolcon.colcon_core.package_identification[0m [1;30mLevel 1[0m _identify(src/car_t265) by extension 'ignore'
[0.507s] [34mcolcon.colcon_core.package_identification[0m [1;30mLevel 1[0m _identify(src/car_t265) by extension 'ignore_ament_install'
[0.507s] [34mcolcon.colcon_core.package_identification[0m [1;30mLevel 1[0m _identify(src/car_t265) by extensions ['colcon_pkg']
[0.507s] [34mcolcon.colcon_core.package_identification[0m [1;30mLevel 1[0m _identify(src/car_t265) by extension 'colcon_pkg'
[0.507s] [34mcolcon.colcon_core.package_identification[0m [1;30mLevel 1[0m _identify(src/car_t265) by extensions ['colcon_meta']
[0.507s] [34mcolcon.colcon_core.package_identification[0m [1;30mLevel 1[0m _identify(src/car_t265) by extension 'colcon_meta'
[0.507s] [34mcolcon.colcon_core.package_identification[0m [1;30mLevel 1[0m _identify(src/car_t265) by extensions ['ros']
[0.507s] [34mcolcon.colcon_core.package_identification[0m [1;30mLevel 1[0m _identify(src/car_t265) by extension 'ros'
[0.511s] [34mcolcon.colcon_core.package_identification[0m [1;30mDEBUG[0m [32mPackage 'src/car_t265' with type 'ros.ament_python' and name 'car_t265'[0m
[0.512s] [34mcolcon.colcon_core.package_identification[0m [1;30mLevel 1[0m _identify(src/lanhailidar_ros_ws) by extensions ['ignore', 'ignore_ament_install']
[0.512s] [34mcolcon.colcon_core.package_identification[0m [1;30mLevel 1[0m _identify(src/lanhailidar_ros_ws) by extension 'ignore'
[0.512s] [34mcolcon.colcon_core.package_identification[0m [1;30mLevel 1[0m _identify(src/lanhailidar_ros_ws) by extension 'ignore_ament_install'
[0.512s] [34mcolcon.colcon_core.package_identification[0m [1;30mLevel 1[0m _identify(src/lanhailidar_ros_ws) by extensions ['colcon_pkg']
[0.512s] [34mcolcon.colcon_core.package_identification[0m [1;30mLevel 1[0m _identify(src/lanhailidar_ros_ws) by extension 'colcon_pkg'
[0.512s] [34mcolcon.colcon_core.package_identification[0m [1;30mLevel 1[0m _identify(src/lanhailidar_ros_ws) by extensions ['colcon_meta']
[0.512s] [34mcolcon.colcon_core.package_identification[0m [1;30mLevel 1[0m _identify(src/lanhailidar_ros_ws) by extension 'colcon_meta'
[0.512s] [34mcolcon.colcon_core.package_identification[0m [1;30mLevel 1[0m _identify(src/lanhailidar_ros_ws) by extensions ['ros']
[0.512s] [34mcolcon.colcon_core.package_identification[0m [1;30mLevel 1[0m _identify(src/lanhailidar_ros_ws) by extension 'ros'
[0.512s] [34mcolcon.colcon_core.package_identification[0m [1;30mLevel 1[0m _identify(src/lanhailidar_ros_ws) by extensions ['cmake', 'python']
[0.512s] [34mcolcon.colcon_core.package_identification[0m [1;30mLevel 1[0m _identify(src/lanhailidar_ros_ws) by extension 'cmake'
[0.512s] [34mcolcon.colcon_core.package_identification[0m [1;30mLevel 1[0m _identify(src/lanhailidar_ros_ws) by extension 'python'
[0.512s] [34mcolcon.colcon_core.package_identification[0m [1;30mLevel 1[0m _identify(src/lanhailidar_ros_ws) by extensions ['python_setup_py']
[0.512s] [34mcolcon.colcon_core.package_identification[0m [1;30mLevel 1[0m _identify(src/lanhailidar_ros_ws) by extension 'python_setup_py'
[0.513s] [34mcolcon.colcon_core.package_identification[0m [1;30mLevel 1[0m _identify(src/lanhailidar_ros_ws/src) by extensions ['ignore', 'ignore_ament_install']
[0.513s] [34mcolcon.colcon_core.package_identification[0m [1;30mLevel 1[0m _identify(src/lanhailidar_ros_ws/src) by extension 'ignore'
[0.513s] [34mcolcon.colcon_core.package_identification[0m [1;30mLevel 1[0m _identify(src/lanhailidar_ros_ws/src) by extension 'ignore_ament_install'
[0.513s] [34mcolcon.colcon_core.package_identification[0m [1;30mLevel 1[0m _identify(src/lanhailidar_ros_ws/src) by extensions ['colcon_pkg']
[0.513s] [34mcolcon.colcon_core.package_identification[0m [1;30mLevel 1[0m _identify(src/lanhailidar_ros_ws/src) by extension 'colcon_pkg'
[0.513s] [34mcolcon.colcon_core.package_identification[0m [1;30mLevel 1[0m _identify(src/lanhailidar_ros_ws/src) by extensions ['colcon_meta']
[0.513s] [34mcolcon.colcon_core.package_identification[0m [1;30mLevel 1[0m _identify(src/lanhailidar_ros_ws/src) by extension 'colcon_meta'
[0.513s] [34mcolcon.colcon_core.package_identification[0m [1;30mLevel 1[0m _identify(src/lanhailidar_ros_ws/src) by extensions ['ros']
[0.513s] [34mcolcon.colcon_core.package_identification[0m [1;30mLevel 1[0m _identify(src/lanhailidar_ros_ws/src) by extension 'ros'
[0.514s] [34mcolcon.colcon_core.package_identification[0m [1;30mLevel 1[0m _identify(src/lanhailidar_ros_ws/src) by extensions ['cmake', 'python']
[0.514s] [34mcolcon.colcon_core.package_identification[0m [1;30mLevel 1[0m _identify(src/lanhailidar_ros_ws/src) by extension 'cmake'
[0.514s] [34mcolcon.colcon_core.package_identification[0m [1;30mLevel 1[0m _identify(src/lanhailidar_ros_ws/src) by extension 'python'
[0.514s] [34mcolcon.colcon_core.package_identification[0m [1;30mLevel 1[0m _identify(src/lanhailidar_ros_ws/src) by extensions ['python_setup_py']
[0.514s] [34mcolcon.colcon_core.package_identification[0m [1;30mLevel 1[0m _identify(src/lanhailidar_ros_ws/src) by extension 'python_setup_py'
[0.514s] [34mcolcon.colcon_core.package_identification[0m [1;30mLevel 1[0m _identify(src/lanhailidar_ros_ws/src/bluesea-ros2-main) by extensions ['ignore', 'ignore_ament_install']
[0.514s] [34mcolcon.colcon_core.package_identification[0m [1;30mLevel 1[0m _identify(src/lanhailidar_ros_ws/src/bluesea-ros2-main) by extension 'ignore'
[0.514s] [34mcolcon.colcon_core.package_identification[0m [1;30mLevel 1[0m _identify(src/lanhailidar_ros_ws/src/bluesea-ros2-main) by extension 'ignore_ament_install'
[0.514s] [34mcolcon.colcon_core.package_identification[0m [1;30mLevel 1[0m _identify(src/lanhailidar_ros_ws/src/bluesea-ros2-main) by extensions ['colcon_pkg']
[0.514s] [34mcolcon.colcon_core.package_identification[0m [1;30mLevel 1[0m _identify(src/lanhailidar_ros_ws/src/bluesea-ros2-main) by extension 'colcon_pkg'
[0.514s] [34mcolcon.colcon_core.package_identification[0m [1;30mLevel 1[0m _identify(src/lanhailidar_ros_ws/src/bluesea-ros2-main) by extensions ['colcon_meta']
[0.514s] [34mcolcon.colcon_core.package_identification[0m [1;30mLevel 1[0m _identify(src/lanhailidar_ros_ws/src/bluesea-ros2-main) by extension 'colcon_meta'
[0.514s] [34mcolcon.colcon_core.package_identification[0m [1;30mLevel 1[0m _identify(src/lanhailidar_ros_ws/src/bluesea-ros2-main) by extensions ['ros']
[0.515s] [34mcolcon.colcon_core.package_identification[0m [1;30mLevel 1[0m _identify(src/lanhailidar_ros_ws/src/bluesea-ros2-main) by extension 'ros'
[0.515s] [34mcolcon.colcon_core.package_identification[0m [1;30mLevel 1[0m _identify(src/lanhailidar_ros_ws/src/bluesea-ros2-main) by extensions ['cmake', 'python']
[0.515s] [34mcolcon.colcon_core.package_identification[0m [1;30mLevel 1[0m _identify(src/lanhailidar_ros_ws/src/bluesea-ros2-main) by extension 'cmake'
[0.515s] [34mcolcon.colcon_core.package_identification[0m [1;30mLevel 1[0m _identify(src/lanhailidar_ros_ws/src/bluesea-ros2-main) by extension 'python'
[0.515s] [34mcolcon.colcon_core.package_identification[0m [1;30mLevel 1[0m _identify(src/lanhailidar_ros_ws/src/bluesea-ros2-main) by extensions ['python_setup_py']
[0.515s] [34mcolcon.colcon_core.package_identification[0m [1;30mLevel 1[0m _identify(src/lanhailidar_ros_ws/src/bluesea-ros2-main) by extension 'python_setup_py'
[0.515s] [34mcolcon.colcon_core.package_identification[0m [1;30mLevel 1[0m _identify(src/lanhailidar_ros_ws/src/bluesea-ros2-main/base) by extensions ['ignore', 'ignore_ament_install']
[0.515s] [34mcolcon.colcon_core.package_identification[0m [1;30mLevel 1[0m _identify(src/lanhailidar_ros_ws/src/bluesea-ros2-main/base) by extension 'ignore'
[0.515s] [34mcolcon.colcon_core.package_identification[0m [1;30mLevel 1[0m _identify(src/lanhailidar_ros_ws/src/bluesea-ros2-main/base) by extension 'ignore_ament_install'
[0.515s] [34mcolcon.colcon_core.package_identification[0m [1;30mLevel 1[0m _identify(src/lanhailidar_ros_ws/src/bluesea-ros2-main/base) by extensions ['colcon_pkg']
[0.515s] [34mcolcon.colcon_core.package_identification[0m [1;30mLevel 1[0m _identify(src/lanhailidar_ros_ws/src/bluesea-ros2-main/base) by extension 'colcon_pkg'
[0.515s] [34mcolcon.colcon_core.package_identification[0m [1;30mLevel 1[0m _identify(src/lanhailidar_ros_ws/src/bluesea-ros2-main/base) by extensions ['colcon_meta']
[0.515s] [34mcolcon.colcon_core.package_identification[0m [1;30mLevel 1[0m _identify(src/lanhailidar_ros_ws/src/bluesea-ros2-main/base) by extension 'colcon_meta'
[0.515s] [34mcolcon.colcon_core.package_identification[0m [1;30mLevel 1[0m _identify(src/lanhailidar_ros_ws/src/bluesea-ros2-main/base) by extensions ['ros']
[0.515s] [34mcolcon.colcon_core.package_identification[0m [1;30mLevel 1[0m _identify(src/lanhailidar_ros_ws/src/bluesea-ros2-main/base) by extension 'ros'
[0.516s] [34mcolcon.colcon_core.package_identification[0m [1;30mDEBUG[0m [32mPackage 'src/lanhailidar_ros_ws/src/bluesea-ros2-main/base' with type 'ros.ament_cmake' and name 'base'[0m
[0.517s] [34mcolcon.colcon_core.package_identification[0m [1;30mLevel 1[0m _identify(src/lanhailidar_ros_ws/src/bluesea-ros2-main/bluesea-ros2) by extensions ['ignore', 'ignore_ament_install']
[0.517s] [34mcolcon.colcon_core.package_identification[0m [1;30mLevel 1[0m _identify(src/lanhailidar_ros_ws/src/bluesea-ros2-main/bluesea-ros2) by extension 'ignore'
[0.517s] [34mcolcon.colcon_core.package_identification[0m [1;30mLevel 1[0m _identify(src/lanhailidar_ros_ws/src/bluesea-ros2-main/bluesea-ros2) by extension 'ignore_ament_install'
[0.517s] [34mcolcon.colcon_core.package_identification[0m [1;30mLevel 1[0m _identify(src/lanhailidar_ros_ws/src/bluesea-ros2-main/bluesea-ros2) by extensions ['colcon_pkg']
[0.517s] [34mcolcon.colcon_core.package_identification[0m [1;30mLevel 1[0m _identify(src/lanhailidar_ros_ws/src/bluesea-ros2-main/bluesea-ros2) by extension 'colcon_pkg'
[0.517s] [34mcolcon.colcon_core.package_identification[0m [1;30mLevel 1[0m _identify(src/lanhailidar_ros_ws/src/bluesea-ros2-main/bluesea-ros2) by extensions ['colcon_meta']
[0.517s] [34mcolcon.colcon_core.package_identification[0m [1;30mLevel 1[0m _identify(src/lanhailidar_ros_ws/src/bluesea-ros2-main/bluesea-ros2) by extension 'colcon_meta'
[0.517s] [34mcolcon.colcon_core.package_identification[0m [1;30mLevel 1[0m _identify(src/lanhailidar_ros_ws/src/bluesea-ros2-main/bluesea-ros2) by extensions ['ros']
[0.517s] [34mcolcon.colcon_core.package_identification[0m [1;30mLevel 1[0m _identify(src/lanhailidar_ros_ws/src/bluesea-ros2-main/bluesea-ros2) by extension 'ros'
[0.519s] [34mcolcon.colcon_core.package_identification[0m [1;30mDEBUG[0m [32mPackage 'src/lanhailidar_ros_ws/src/bluesea-ros2-main/bluesea-ros2' with type 'ros.ament_cmake' and name 'bluesea2'[0m
[0.519s] [34mcolcon.colcon_core.package_identification[0m [1;30mLevel 1[0m _identify(src/laser_shotting_car) by extensions ['ignore', 'ignore_ament_install']
[0.519s] [34mcolcon.colcon_core.package_identification[0m [1;30mLevel 1[0m _identify(src/laser_shotting_car) by extension 'ignore'
[0.519s] [34mcolcon.colcon_core.package_identification[0m [1;30mLevel 1[0m _identify(src/laser_shotting_car) by extension 'ignore_ament_install'
[0.519s] [34mcolcon.colcon_core.package_identification[0m [1;30mLevel 1[0m _identify(src/laser_shotting_car) by extensions ['colcon_pkg']
[0.519s] [34mcolcon.colcon_core.package_identification[0m [1;30mLevel 1[0m _identify(src/laser_shotting_car) by extension 'colcon_pkg'
[0.519s] [34mcolcon.colcon_core.package_identification[0m [1;30mLevel 1[0m _identify(src/laser_shotting_car) by extensions ['colcon_meta']
[0.519s] [34mcolcon.colcon_core.package_identification[0m [1;30mLevel 1[0m _identify(src/laser_shotting_car) by extension 'colcon_meta'
[0.519s] [34mcolcon.colcon_core.package_identification[0m [1;30mLevel 1[0m _identify(src/laser_shotting_car) by extensions ['ros']
[0.519s] [34mcolcon.colcon_core.package_identification[0m [1;30mLevel 1[0m _identify(src/laser_shotting_car) by extension 'ros'
[0.521s] [34mcolcon.colcon_core.package_identification[0m [1;30mDEBUG[0m [32mPackage 'src/laser_shotting_car' with type 'ros.ament_python' and name 'laser_shotting_car'[0m
[0.521s] [34mcolcon.colcon_core.package_discovery[0m [1;30mLevel 1[0m discover_packages(recursive) using defaults
[0.521s] [34mcolcon.colcon_core.package_discovery[0m [1;30mLevel 1[0m discover_packages(ignore) discover
[0.521s] [34mcolcon.colcon_core.package_discovery[0m [1;30mLevel 1[0m discover_packages(ignore) using defaults
[0.521s] [34mcolcon.colcon_core.package_discovery[0m [1;30mLevel 1[0m discover_packages(path) discover
[0.521s] [34mcolcon.colcon_core.package_discovery[0m [1;30mLevel 1[0m discover_packages(path) using defaults
[0.572s] [34mcolcon.colcon_core.verb[0m [1;30mLevel 5[0m set package 'base' build argument 'cmake_args' from command line to 'None'
[0.572s] [34mcolcon.colcon_core.verb[0m [1;30mLevel 5[0m set package 'base' build argument 'cmake_target' from command line to 'None'
[0.572s] [34mcolcon.colcon_core.verb[0m [1;30mLevel 5[0m set package 'base' build argument 'cmake_target_skip_unavailable' from command line to 'False'
[0.572s] [34mcolcon.colcon_core.verb[0m [1;30mLevel 5[0m set package 'base' build argument 'cmake_clean_cache' from command line to 'False'
[0.572s] [34mcolcon.colcon_core.verb[0m [1;30mLevel 5[0m set package 'base' build argument 'cmake_clean_first' from command line to 'False'
[0.572s] [34mcolcon.colcon_core.verb[0m [1;30mLevel 5[0m set package 'base' build argument 'cmake_force_configure' from command line to 'False'
[0.572s] [34mcolcon.colcon_core.verb[0m [1;30mLevel 5[0m set package 'base' build argument 'ament_cmake_args' from command line to 'None'
[0.572s] [34mcolcon.colcon_core.verb[0m [1;30mLevel 5[0m set package 'base' build argument 'catkin_cmake_args' from command line to 'None'
[0.572s] [34mcolcon.colcon_core.verb[0m [1;30mLevel 5[0m set package 'base' build argument 'catkin_skip_building_tests' from command line to 'False'
[0.572s] [34mcolcon.colcon_core.verb[0m [1;30mDEBUG[0m [32mBuilding package 'base' with the following arguments: {'ament_cmake_args': None, 'build_base': '/home/orangepi/ros2_workspace/school_competition/build/base', 'catkin_cmake_args': None, 'catkin_skip_building_tests': False, 'cmake_args': None, 'cmake_clean_cache': False, 'cmake_clean_first': False, 'cmake_force_configure': False, 'cmake_target': None, 'cmake_target_skip_unavailable': False, 'install_base': '/home/orangepi/ros2_workspace/school_competition/install', 'merge_install': True, 'path': '/home/orangepi/ros2_workspace/school_competition/src/lanhailidar_ros_ws/src/bluesea-ros2-main/base', 'symlink_install': False, 'test_result_base': None}[0m
[0.573s] [34mcolcon.colcon_core.verb[0m [1;30mLevel 5[0m set package 'car_t265' build argument 'cmake_args' from command line to 'None'
[0.573s] [34mcolcon.colcon_core.verb[0m [1;30mLevel 5[0m set package 'car_t265' build argument 'cmake_target' from command line to 'None'
[0.573s] [34mcolcon.colcon_core.verb[0m [1;30mLevel 5[0m set package 'car_t265' build argument 'cmake_target_skip_unavailable' from command line to 'False'
[0.573s] [34mcolcon.colcon_core.verb[0m [1;30mLevel 5[0m set package 'car_t265' build argument 'cmake_clean_cache' from command line to 'False'
[0.573s] [34mcolcon.colcon_core.verb[0m [1;30mLevel 5[0m set package 'car_t265' build argument 'cmake_clean_first' from command line to 'False'
[0.573s] [34mcolcon.colcon_core.verb[0m [1;30mLevel 5[0m set package 'car_t265' build argument 'cmake_force_configure' from command line to 'False'
[0.573s] [34mcolcon.colcon_core.verb[0m [1;30mLevel 5[0m set package 'car_t265' build argument 'ament_cmake_args' from command line to 'None'
[0.573s] [34mcolcon.colcon_core.verb[0m [1;30mLevel 5[0m set package 'car_t265' build argument 'catkin_cmake_args' from command line to 'None'
[0.573s] [34mcolcon.colcon_core.verb[0m [1;30mLevel 5[0m set package 'car_t265' build argument 'catkin_skip_building_tests' from command line to 'False'
[0.573s] [34mcolcon.colcon_core.verb[0m [1;30mDEBUG[0m [32mBuilding package 'car_t265' with the following arguments: {'ament_cmake_args': None, 'build_base': '/home/orangepi/ros2_workspace/school_competition/build/car_t265', 'catkin_cmake_args': None, 'catkin_skip_building_tests': False, 'cmake_args': None, 'cmake_clean_cache': False, 'cmake_clean_first': False, 'cmake_force_configure': False, 'cmake_target': None, 'cmake_target_skip_unavailable': False, 'install_base': '/home/orangepi/ros2_workspace/school_competition/install', 'merge_install': True, 'path': '/home/orangepi/ros2_workspace/school_competition/src/car_t265', 'symlink_install': False, 'test_result_base': None}[0m
[0.574s] [34mcolcon.colcon_core.verb[0m [1;30mLevel 5[0m set package 'laser_shotting_car' build argument 'cmake_args' from command line to 'None'
[0.574s] [34mcolcon.colcon_core.verb[0m [1;30mLevel 5[0m set package 'laser_shotting_car' build argument 'cmake_target' from command line to 'None'
[0.574s] [34mcolcon.colcon_core.verb[0m [1;30mLevel 5[0m set package 'laser_shotting_car' build argument 'cmake_target_skip_unavailable' from command line to 'False'
[0.574s] [34mcolcon.colcon_core.verb[0m [1;30mLevel 5[0m set package 'laser_shotting_car' build argument 'cmake_clean_cache' from command line to 'False'
[0.574s] [34mcolcon.colcon_core.verb[0m [1;30mLevel 5[0m set package 'laser_shotting_car' build argument 'cmake_clean_first' from command line to 'False'
[0.574s] [34mcolcon.colcon_core.verb[0m [1;30mLevel 5[0m set package 'laser_shotting_car' build argument 'cmake_force_configure' from command line to 'False'
[0.574s] [34mcolcon.colcon_core.verb[0m [1;30mLevel 5[0m set package 'laser_shotting_car' build argument 'ament_cmake_args' from command line to 'None'
[0.574s] [34mcolcon.colcon_core.verb[0m [1;30mLevel 5[0m set package 'laser_shotting_car' build argument 'catkin_cmake_args' from command line to 'None'
[0.574s] [34mcolcon.colcon_core.verb[0m [1;30mLevel 5[0m set package 'laser_shotting_car' build argument 'catkin_skip_building_tests' from command line to 'False'
[0.574s] [34mcolcon.colcon_core.verb[0m [1;30mDEBUG[0m [32mBuilding package 'laser_shotting_car' with the following arguments: {'ament_cmake_args': None, 'build_base': '/home/orangepi/ros2_workspace/school_competition/build/laser_shotting_car', 'catkin_cmake_args': None, 'catkin_skip_building_tests': False, 'cmake_args': None, 'cmake_clean_cache': False, 'cmake_clean_first': False, 'cmake_force_configure': False, 'cmake_target': None, 'cmake_target_skip_unavailable': False, 'install_base': '/home/orangepi/ros2_workspace/school_competition/install', 'merge_install': True, 'path': '/home/orangepi/ros2_workspace/school_competition/src/laser_shotting_car', 'symlink_install': False, 'test_result_base': None}[0m
[0.575s] [34mcolcon.colcon_core.verb[0m [1;30mLevel 5[0m set package 'bluesea2' build argument 'cmake_args' from command line to 'None'
[0.575s] [34mcolcon.colcon_core.verb[0m [1;30mLevel 5[0m set package 'bluesea2' build argument 'cmake_target' from command line to 'None'
[0.575s] [34mcolcon.colcon_core.verb[0m [1;30mLevel 5[0m set package 'bluesea2' build argument 'cmake_target_skip_unavailable' from command line to 'False'
[0.575s] [34mcolcon.colcon_core.verb[0m [1;30mLevel 5[0m set package 'bluesea2' build argument 'cmake_clean_cache' from command line to 'False'
[0.575s] [34mcolcon.colcon_core.verb[0m [1;30mLevel 5[0m set package 'bluesea2' build argument 'cmake_clean_first' from command line to 'False'
[0.575s] [34mcolcon.colcon_core.verb[0m [1;30mLevel 5[0m set package 'bluesea2' build argument 'cmake_force_configure' from command line to 'False'
[0.575s] [34mcolcon.colcon_core.verb[0m [1;30mLevel 5[0m set package 'bluesea2' build argument 'ament_cmake_args' from command line to 'None'
[0.575s] [34mcolcon.colcon_core.verb[0m [1;30mLevel 5[0m set package 'bluesea2' build argument 'catkin_cmake_args' from command line to 'None'
[0.575s] [34mcolcon.colcon_core.verb[0m [1;30mLevel 5[0m set package 'bluesea2' build argument 'catkin_skip_building_tests' from command line to 'False'
[0.575s] [34mcolcon.colcon_core.verb[0m [1;30mDEBUG[0m [32mBuilding package 'bluesea2' with the following arguments: {'ament_cmake_args': None, 'build_base': '/home/orangepi/ros2_workspace/school_competition/build/bluesea2', 'catkin_cmake_args': None, 'catkin_skip_building_tests': False, 'cmake_args': None, 'cmake_clean_cache': False, 'cmake_clean_first': False, 'cmake_force_configure': False, 'cmake_target': None, 'cmake_target_skip_unavailable': False, 'install_base': '/home/orangepi/ros2_workspace/school_competition/install', 'merge_install': True, 'path': '/home/orangepi/ros2_workspace/school_competition/src/lanhailidar_ros_ws/src/bluesea-ros2-main/bluesea-ros2', 'symlink_install': False, 'test_result_base': None}[0m
[0.576s] [34mcolcon.colcon_core.executor[0m [1;30mINFO[0m Executing jobs using 'parallel' executor
[0.578s] [34mcolcon.colcon_parallel_executor.executor.parallel[0m [1;30mDEBUG[0m [32mrun_until_complete[0m
[0.579s] [34mcolcon.colcon_ros.task.ament_cmake.build[0m [1;30mINFO[0m Building ROS package in '/home/orangepi/ros2_workspace/school_competition/src/lanhailidar_ros_ws/src/bluesea-ros2-main/base' with build type 'ament_cmake'
[0.580s] [34mcolcon.colcon_cmake.task.cmake.build[0m [1;30mINFO[0m Building CMake package in '/home/orangepi/ros2_workspace/school_competition/src/lanhailidar_ros_ws/src/bluesea-ros2-main/base'
[0.587s] [34mcolcon.colcon_core.plugin_system[0m [1;30mINFO[0m Skipping extension 'colcon_core.shell.bat': Not used on non-Windows systems
[0.587s] [34mcolcon.colcon_core.shell[0m [1;30mINFO[0m Skip shell extension 'powershell' for command environment: Not usable outside of PowerShell
[0.587s] [34mcolcon.colcon_core.shell[0m [1;30mDEBUG[0m [32mSkip shell extension 'dsv' for command environment[0m
[0.604s] [34mcolcon.colcon_ros.task.ament_python.build[0m [1;30mINFO[0m Building ROS package in '/home/orangepi/ros2_workspace/school_competition/src/car_t265' with build type 'ament_python'
[0.605s] [34mcolcon.colcon_core.shell[0m [1;30mLevel 1[0m create_environment_hook('car_t265', 'ament_prefix_path')
[0.606s] [34mcolcon.colcon_core.shell[0m [1;30mINFO[0m Creating environment hook '/home/orangepi/ros2_workspace/school_competition/install/share/car_t265/hook/ament_prefix_path.ps1'
[0.609s] [34mcolcon.colcon_core.shell[0m [1;30mINFO[0m Creating environment descriptor '/home/orangepi/ros2_workspace/school_competition/install/share/car_t265/hook/ament_prefix_path.dsv'
[0.612s] [34mcolcon.colcon_core.shell[0m [1;30mINFO[0m Creating environment hook '/home/orangepi/ros2_workspace/school_competition/install/share/car_t265/hook/ament_prefix_path.sh'
[0.615s] [34mcolcon.colcon_core.shell[0m [1;30mINFO[0m Skip shell extension 'powershell' for command environment: Not usable outside of PowerShell
[0.615s] [34mcolcon.colcon_core.shell[0m [1;30mDEBUG[0m [32mSkip shell extension 'dsv' for command environment[0m
[0.622s] [34mcolcon.colcon_ros.task.ament_python.build[0m [1;30mINFO[0m Building ROS package in '/home/orangepi/ros2_workspace/school_competition/src/laser_shotting_car' with build type 'ament_python'
[0.623s] [34mcolcon.colcon_core.shell[0m [1;30mLevel 1[0m create_environment_hook('laser_shotting_car', 'ament_prefix_path')
[0.623s] [34mcolcon.colcon_core.shell[0m [1;30mINFO[0m Creating environment hook '/home/orangepi/ros2_workspace/school_competition/install/share/laser_shotting_car/hook/ament_prefix_path.ps1'
[0.624s] [34mcolcon.colcon_core.shell[0m [1;30mINFO[0m Creating environment descriptor '/home/orangepi/ros2_workspace/school_competition/install/share/laser_shotting_car/hook/ament_prefix_path.dsv'
[0.625s] [34mcolcon.colcon_core.shell[0m [1;30mINFO[0m Creating environment hook '/home/orangepi/ros2_workspace/school_competition/install/share/laser_shotting_car/hook/ament_prefix_path.sh'
[0.626s] [34mcolcon.colcon_core.shell[0m [1;30mINFO[0m Skip shell extension 'powershell' for command environment: Not usable outside of PowerShell
[0.626s] [34mcolcon.colcon_core.shell[0m [1;30mDEBUG[0m [32mSkip shell extension 'dsv' for command environment[0m
[0.643s] [34mcolcon.colcon_core.event_handler.log_command[0m [1;30mDEBUG[0m [32mInvoking command in '/home/orangepi/ros2_workspace/school_competition/build/base': CMAKE_PREFIX_PATH=${CMAKE_PREFIX_PATH}:/root/lanhailidar_ros_ws/install/scan_subscriber:/opt/ros/humble /usr/bin/cmake --build /home/orangepi/ros2_workspace/school_competition/build/base -- -j8 -l8[0m
[1.106s] [34mcolcon.colcon_core.task.python.build[0m [1;30mINFO[0m Building Python package in '/home/orangepi/ros2_workspace/school_competition/src/car_t265'
[1.107s] [34mcolcon.colcon_core.shell[0m [1;30mINFO[0m Skip shell extension 'powershell' for command environment: Not usable outside of PowerShell
[1.108s] [34mcolcon.colcon_core.shell[0m [1;30mDEBUG[0m [32mSkip shell extension 'dsv' for command environment[0m
[1.630s] [34mcolcon.colcon_core.task.python.build[0m [1;30mINFO[0m Building Python package in '/home/orangepi/ros2_workspace/school_competition/src/laser_shotting_car'
[1.631s] [34mcolcon.colcon_core.shell[0m [1;30mINFO[0m Skip shell extension 'powershell' for command environment: Not usable outside of PowerShell
[1.631s] [34mcolcon.colcon_core.shell[0m [1;30mDEBUG[0m [32mSkip shell extension 'dsv' for command environment[0m
[2.413s] [34mcolcon.colcon_core.event_handler.log_command[0m [1;30mDEBUG[0m [32mInvoking command in '/home/orangepi/ros2_workspace/school_competition/src/car_t265': PYTHONPATH=/home/orangepi/ros2_workspace/school_competition/build/car_t265/prefix_override:/usr/lib/python3/dist-packages/colcon_core/task/python/colcon_distutils_commands:/home/orangepi/ros2_workspace/school_competition/install/lib/python3.10/site-packages:${PYTHONPATH} /usr/bin/python3 -W ignore:setup.py install is deprecated -W ignore:easy_install command is deprecated setup.py egg_info --egg-base ../../build/car_t265 build --build-base /home/orangepi/ros2_workspace/school_competition/build/car_t265/build install --record /home/orangepi/ros2_workspace/school_competition/build/car_t265/install.log --single-version-externally-managed install_data[0m
[2.470s] [34mcolcon.colcon_core.event_handler.log_command[0m [1;30mDEBUG[0m [32mInvoking command in '/home/orangepi/ros2_workspace/school_competition/src/laser_shotting_car': PYTHONPATH=/home/orangepi/ros2_workspace/school_competition/build/laser_shotting_car/prefix_override:/usr/lib/python3/dist-packages/colcon_core/task/python/colcon_distutils_commands:/home/orangepi/ros2_workspace/school_competition/install/lib/python3.10/site-packages:${PYTHONPATH} /usr/bin/python3 -W ignore:setup.py install is deprecated -W ignore:easy_install command is deprecated setup.py egg_info --egg-base ../../build/laser_shotting_car build --build-base /home/orangepi/ros2_workspace/school_competition/build/laser_shotting_car/build install --record /home/orangepi/ros2_workspace/school_competition/build/laser_shotting_car/install.log --single-version-externally-managed install_data[0m
[2.569s] [34mcolcon.colcon_core.event_handler.log_command[0m [1;30mDEBUG[0m [32mInvoked command in '/home/orangepi/ros2_workspace/school_competition/build/base' returned '0': CMAKE_PREFIX_PATH=${CMAKE_PREFIX_PATH}:/root/lanhailidar_ros_ws/install/scan_subscriber:/opt/ros/humble /usr/bin/cmake --build /home/orangepi/ros2_workspace/school_competition/build/base -- -j8 -l8[0m
[2.620s] [34mcolcon.colcon_core.event_handler.log_command[0m [1;30mDEBUG[0m [32mInvoking command in '/home/orangepi/ros2_workspace/school_competition/build/base': CMAKE_PREFIX_PATH=${CMAKE_PREFIX_PATH}:/root/lanhailidar_ros_ws/install/scan_subscriber:/opt/ros/humble /usr/bin/cmake --install /home/orangepi/ros2_workspace/school_competition/build/base[0m
[2.805s] [34mcolcon.colcon_core.environment[0m [1;30mLevel 1[0m create_environment_scripts_only(base)
[2.809s] [34mcolcon.colcon_core.environment[0m [1;30mLevel 1[0m checking '/home/orangepi/ros2_workspace/school_competition/install' for CMake module files
[2.810s] [34mcolcon.colcon_core.environment[0m [1;30mLevel 1[0m checking '/home/orangepi/ros2_workspace/school_competition/install' for CMake config files
[2.812s] [34mcolcon.colcon_core.shell[0m [1;30mLevel 1[0m create_environment_hook('base', 'cmake_prefix_path')
[2.812s] [34mcolcon.colcon_core.shell[0m [1;30mINFO[0m Creating environment hook '/home/orangepi/ros2_workspace/school_competition/install/share/base/hook/cmake_prefix_path.ps1'
[2.813s] [34mcolcon.colcon_core.shell[0m [1;30mINFO[0m Creating environment descriptor '/home/orangepi/ros2_workspace/school_competition/install/share/base/hook/cmake_prefix_path.dsv'
[2.818s] [34mcolcon.colcon_core.event_handler.log_command[0m [1;30mDEBUG[0m [32mInvoked command in '/home/orangepi/ros2_workspace/school_competition/build/base' returned '0': CMAKE_PREFIX_PATH=${CMAKE_PREFIX_PATH}:/root/lanhailidar_ros_ws/install/scan_subscriber:/opt/ros/humble /usr/bin/cmake --install /home/orangepi/ros2_workspace/school_competition/build/base[0m
[2.819s] [34mcolcon.colcon_core.shell[0m [1;30mINFO[0m Creating environment hook '/home/orangepi/ros2_workspace/school_competition/install/share/base/hook/cmake_prefix_path.sh'
[2.821s] [34mcolcon.colcon_core.environment[0m [1;30mLevel 1[0m checking '/home/orangepi/ros2_workspace/school_competition/install/lib'
[2.821s] [34mcolcon.colcon_core.shell[0m [1;30mLevel 1[0m create_environment_hook('base', 'ld_library_path_lib')
[2.822s] [34mcolcon.colcon_core.shell[0m [1;30mINFO[0m Creating environment hook '/home/orangepi/ros2_workspace/school_competition/install/share/base/hook/ld_library_path_lib.ps1'
[2.823s] [34mcolcon.colcon_core.shell[0m [1;30mINFO[0m Creating environment descriptor '/home/orangepi/ros2_workspace/school_competition/install/share/base/hook/ld_library_path_lib.dsv'
[2.826s] [34mcolcon.colcon_core.shell[0m [1;30mINFO[0m Creating environment hook '/home/orangepi/ros2_workspace/school_competition/install/share/base/hook/ld_library_path_lib.sh'
[2.828s] [34mcolcon.colcon_core.environment[0m [1;30mLevel 1[0m checking '/home/orangepi/ros2_workspace/school_competition/install/bin'
[2.828s] [34mcolcon.colcon_core.environment[0m [1;30mLevel 1[0m checking '/home/orangepi/ros2_workspace/school_competition/install/lib/pkgconfig/base.pc'
[2.829s] [34mcolcon.colcon_core.environment[0m [1;30mLevel 1[0m checking '/home/orangepi/ros2_workspace/school_competition/install/lib/python3.10/site-packages'
[2.830s] [34mcolcon.colcon_core.shell[0m [1;30mLevel 1[0m create_environment_hook('base', 'pythonpath')
[2.831s] [34mcolcon.colcon_core.shell[0m [1;30mINFO[0m Creating environment hook '/home/orangepi/ros2_workspace/school_competition/install/share/base/hook/pythonpath.ps1'
[2.832s] [34mcolcon.colcon_core.shell[0m [1;30mINFO[0m Creating environment descriptor '/home/orangepi/ros2_workspace/school_competition/install/share/base/hook/pythonpath.dsv'
[2.848s] [34mcolcon.colcon_core.shell[0m [1;30mINFO[0m Creating environment hook '/home/orangepi/ros2_workspace/school_competition/install/share/base/hook/pythonpath.sh'
[2.856s] [34mcolcon.colcon_core.environment[0m [1;30mLevel 1[0m checking '/home/orangepi/ros2_workspace/school_competition/install/bin'
[2.860s] [34mcolcon.colcon_core.shell[0m [1;30mINFO[0m Creating package script '/home/orangepi/ros2_workspace/school_competition/install/share/base/package.ps1'
[2.871s] [34mcolcon.colcon_core.shell[0m [1;30mINFO[0m Creating package descriptor '/home/orangepi/ros2_workspace/school_competition/install/share/base/package.dsv'
[2.880s] [34mcolcon.colcon_core.shell[0m [1;30mINFO[0m Creating package script '/home/orangepi/ros2_workspace/school_competition/install/share/base/package.sh'
[2.893s] [34mcolcon.colcon_core.shell[0m [1;30mINFO[0m Creating package script '/home/orangepi/ros2_workspace/school_competition/install/share/base/package.bash'
[2.899s] [34mcolcon.colcon_core.shell[0m [1;30mINFO[0m Creating package script '/home/orangepi/ros2_workspace/school_competition/install/share/base/package.zsh'
[2.901s] [34mcolcon.colcon_core.environment[0m [1;30mLevel 1[0m create_file_with_runtime_dependencies(/home/orangepi/ros2_workspace/school_competition/install/share/colcon-core/packages/base)
[2.903s] [34mcolcon.colcon_core.environment[0m [1;30mLevel 1[0m create_environment_scripts_only(base)
[2.903s] [34mcolcon.colcon_core.environment[0m [1;30mLevel 1[0m checking '/home/orangepi/ros2_workspace/school_competition/install' for CMake module files
[2.904s] [34mcolcon.colcon_core.environment[0m [1;30mLevel 1[0m checking '/home/orangepi/ros2_workspace/school_competition/install' for CMake config files
[2.905s] [34mcolcon.colcon_core.shell[0m [1;30mLevel 1[0m create_environment_hook('base', 'cmake_prefix_path')
[2.906s] [34mcolcon.colcon_core.shell[0m [1;30mINFO[0m Creating environment hook '/home/orangepi/ros2_workspace/school_competition/install/share/base/hook/cmake_prefix_path.ps1'
[2.907s] [34mcolcon.colcon_core.shell[0m [1;30mINFO[0m Creating environment descriptor '/home/orangepi/ros2_workspace/school_competition/install/share/base/hook/cmake_prefix_path.dsv'
[2.918s] [34mcolcon.colcon_core.shell[0m [1;30mINFO[0m Creating environment hook '/home/orangepi/ros2_workspace/school_competition/install/share/base/hook/cmake_prefix_path.sh'
[2.919s] [34mcolcon.colcon_core.environment[0m [1;30mLevel 1[0m checking '/home/orangepi/ros2_workspace/school_competition/install/lib'
[2.919s] [34mcolcon.colcon_core.shell[0m [1;30mLevel 1[0m create_environment_hook('base', 'ld_library_path_lib')
[2.920s] [34mcolcon.colcon_core.shell[0m [1;30mINFO[0m Creating environment hook '/home/orangepi/ros2_workspace/school_competition/install/share/base/hook/ld_library_path_lib.ps1'
[2.920s] [34mcolcon.colcon_core.shell[0m [1;30mINFO[0m Creating environment descriptor '/home/orangepi/ros2_workspace/school_competition/install/share/base/hook/ld_library_path_lib.dsv'
[2.922s] [34mcolcon.colcon_core.shell[0m [1;30mINFO[0m Creating environment hook '/home/orangepi/ros2_workspace/school_competition/install/share/base/hook/ld_library_path_lib.sh'
[2.923s] [34mcolcon.colcon_core.environment[0m [1;30mLevel 1[0m checking '/home/orangepi/ros2_workspace/school_competition/install/bin'
[2.924s] [34mcolcon.colcon_core.environment[0m [1;30mLevel 1[0m checking '/home/orangepi/ros2_workspace/school_competition/install/lib/pkgconfig/base.pc'
[2.924s] [34mcolcon.colcon_core.environment[0m [1;30mLevel 1[0m checking '/home/orangepi/ros2_workspace/school_competition/install/lib/python3.10/site-packages'
[2.924s] [34mcolcon.colcon_core.shell[0m [1;30mLevel 1[0m create_environment_hook('base', 'pythonpath')
[2.925s] [34mcolcon.colcon_core.shell[0m [1;30mINFO[0m Creating environment hook '/home/orangepi/ros2_workspace/school_competition/install/share/base/hook/pythonpath.ps1'
[2.925s] [34mcolcon.colcon_core.shell[0m [1;30mINFO[0m Creating environment descriptor '/home/orangepi/ros2_workspace/school_competition/install/share/base/hook/pythonpath.dsv'
[2.927s] [34mcolcon.colcon_core.shell[0m [1;30mINFO[0m Creating environment hook '/home/orangepi/ros2_workspace/school_competition/install/share/base/hook/pythonpath.sh'
[2.928s] [34mcolcon.colcon_core.environment[0m [1;30mLevel 1[0m checking '/home/orangepi/ros2_workspace/school_competition/install/bin'
[2.929s] [34mcolcon.colcon_core.shell[0m [1;30mINFO[0m Creating package script '/home/orangepi/ros2_workspace/school_competition/install/share/base/package.ps1'
[2.930s] [34mcolcon.colcon_core.shell[0m [1;30mINFO[0m Creating package descriptor '/home/orangepi/ros2_workspace/school_competition/install/share/base/package.dsv'
[2.934s] [34mcolcon.colcon_core.shell[0m [1;30mINFO[0m Creating package script '/home/orangepi/ros2_workspace/school_competition/install/share/base/package.sh'
[2.935s] [34mcolcon.colcon_core.shell[0m [1;30mINFO[0m Creating package script '/home/orangepi/ros2_workspace/school_competition/install/share/base/package.bash'
[2.939s] [34mcolcon.colcon_core.shell[0m [1;30mINFO[0m Creating package script '/home/orangepi/ros2_workspace/school_competition/install/share/base/package.zsh'
[2.940s] [34mcolcon.colcon_core.environment[0m [1;30mLevel 1[0m create_file_with_runtime_dependencies(/home/orangepi/ros2_workspace/school_competition/install/share/colcon-core/packages/base)
[2.941s] [34mcolcon.colcon_ros.task.ament_cmake.build[0m [1;30mINFO[0m Building ROS package in '/home/orangepi/ros2_workspace/school_competition/src/lanhailidar_ros_ws/src/bluesea-ros2-main/bluesea-ros2' with build type 'ament_cmake'
[2.965s] [34mcolcon.colcon_cmake.task.cmake.build[0m [1;30mINFO[0m Building CMake package in '/home/orangepi/ros2_workspace/school_competition/src/lanhailidar_ros_ws/src/bluesea-ros2-main/bluesea-ros2'
[2.967s] [34mcolcon.colcon_core.shell[0m [1;30mINFO[0m Skip shell extension 'powershell' for command environment: Not usable outside of PowerShell
[2.968s] [34mcolcon.colcon_core.shell[0m [1;30mDEBUG[0m [32mSkip shell extension 'dsv' for command environment[0m
[3.086s] [34mcolcon.colcon_core.event_handler.log_command[0m [1;30mDEBUG[0m [32mInvoking command in '/home/orangepi/ros2_workspace/school_competition/build/bluesea2': CMAKE_PREFIX_PATH=${CMAKE_PREFIX_PATH}:/root/lanhailidar_ros_ws/install/scan_subscriber:/opt/ros/humble PYTHONPATH=/home/orangepi/ros2_workspace/school_competition/install/lib/python3.10/site-packages:/home/orangepi/ros2_workspace/school_competition/install/local/lib/python3.10/dist-packages:/root/lanhailidar_ros_ws/install/scan_subscriber/lib/python3.10/site-packages:/root/lanhailidar_ros_ws/install/base/local/lib/python3.10/dist-packages:/opt/ros/humble/lib/python3.10/site-packages:/opt/ros/humble/local/lib/python3.10/dist-packages /usr/bin/cmake --build /home/orangepi/ros2_workspace/school_competition/build/bluesea2 -- -j8 -l8[0m
[3.090s] [34mcolcon.colcon_core.environment[0m [1;30mLevel 1[0m checking '/home/orangepi/ros2_workspace/school_competition/install' for CMake module files
[3.100s] [34mcolcon.colcon_core.event_handler.log_command[0m [1;30mDEBUG[0m [32mInvoked command in '/home/orangepi/ros2_workspace/school_competition/src/car_t265' returned '0': PYTHONPATH=/home/orangepi/ros2_workspace/school_competition/build/car_t265/prefix_override:/usr/lib/python3/dist-packages/colcon_core/task/python/colcon_distutils_commands:/home/orangepi/ros2_workspace/school_competition/install/lib/python3.10/site-packages:${PYTHONPATH} /usr/bin/python3 -W ignore:setup.py install is deprecated -W ignore:easy_install command is deprecated setup.py egg_info --egg-base ../../build/car_t265 build --build-base /home/orangepi/ros2_workspace/school_competition/build/car_t265/build install --record /home/orangepi/ros2_workspace/school_competition/build/car_t265/install.log --single-version-externally-managed install_data[0m
[3.103s] [34mcolcon.colcon_core.environment[0m [1;30mLevel 1[0m checking '/home/orangepi/ros2_workspace/school_competition/install' for CMake config files
[3.110s] [34mcolcon.colcon_core.shell[0m [1;30mLevel 1[0m create_environment_hook('car_t265', 'cmake_prefix_path')
[3.112s] [34mcolcon.colcon_core.shell[0m [1;30mINFO[0m Creating environment hook '/home/orangepi/ros2_workspace/school_competition/install/share/car_t265/hook/cmake_prefix_path.ps1'
[3.116s] [34mcolcon.colcon_core.shell[0m [1;30mINFO[0m Creating environment descriptor '/home/orangepi/ros2_workspace/school_competition/install/share/car_t265/hook/cmake_prefix_path.dsv'
[3.118s] [34mcolcon.colcon_core.shell[0m [1;30mINFO[0m Creating environment hook '/home/orangepi/ros2_workspace/school_competition/install/share/car_t265/hook/cmake_prefix_path.sh'
[3.122s] [34mcolcon.colcon_core.environment[0m [1;30mLevel 1[0m checking '/home/orangepi/ros2_workspace/school_competition/install/lib'
[3.122s] [34mcolcon.colcon_core.shell[0m [1;30mLevel 1[0m create_environment_hook('car_t265', 'ld_library_path_lib')
[3.124s] [34mcolcon.colcon_core.shell[0m [1;30mINFO[0m Creating environment hook '/home/orangepi/ros2_workspace/school_competition/install/share/car_t265/hook/ld_library_path_lib.ps1'
[3.148s] [34mcolcon.colcon_core.shell[0m [1;30mINFO[0m Creating environment descriptor '/home/orangepi/ros2_workspace/school_competition/install/share/car_t265/hook/ld_library_path_lib.dsv'
[3.154s] [34mcolcon.colcon_core.shell[0m [1;30mINFO[0m Creating environment hook '/home/orangepi/ros2_workspace/school_competition/install/share/car_t265/hook/ld_library_path_lib.sh'
[3.166s] [34mcolcon.colcon_core.environment[0m [1;30mLevel 1[0m checking '/home/orangepi/ros2_workspace/school_competition/install/bin'
[3.168s] [34mcolcon.colcon_core.environment[0m [1;30mLevel 1[0m checking '/home/orangepi/ros2_workspace/school_competition/install/lib/pkgconfig/car_t265.pc'
[3.170s] [34mcolcon.colcon_core.environment[0m [1;30mLevel 1[0m checking '/home/orangepi/ros2_workspace/school_competition/install/lib/python3.10/site-packages'
[3.171s] [34mcolcon.colcon_core.shell[0m [1;30mLevel 1[0m create_environment_hook('car_t265', 'pythonpath')
[3.173s] [34mcolcon.colcon_core.shell[0m [1;30mINFO[0m Creating environment hook '/home/orangepi/ros2_workspace/school_competition/install/share/car_t265/hook/pythonpath.ps1'
[3.179s] [34mcolcon.colcon_core.shell[0m [1;30mINFO[0m Creating environment descriptor '/home/orangepi/ros2_workspace/school_competition/install/share/car_t265/hook/pythonpath.dsv'
[3.192s] [34mcolcon.colcon_core.shell[0m [1;30mINFO[0m Creating environment hook '/home/orangepi/ros2_workspace/school_competition/install/share/car_t265/hook/pythonpath.sh'
[3.198s] [34mcolcon.colcon_core.environment[0m [1;30mLevel 1[0m checking '/home/orangepi/ros2_workspace/school_competition/install/bin'
[3.198s] [34mcolcon.colcon_core.environment[0m [1;30mLevel 1[0m create_environment_scripts_only(car_t265)
[3.205s] [34mcolcon.colcon_core.shell[0m [1;30mINFO[0m Creating package script '/home/orangepi/ros2_workspace/school_competition/install/share/car_t265/package.ps1'
[3.211s] [34mcolcon.colcon_core.shell[0m [1;30mINFO[0m Creating package descriptor '/home/orangepi/ros2_workspace/school_competition/install/share/car_t265/package.dsv'
[3.218s] [34mcolcon.colcon_core.shell[0m [1;30mINFO[0m Creating package script '/home/orangepi/ros2_workspace/school_competition/install/share/car_t265/package.sh'
[3.223s] [34mcolcon.colcon_core.shell[0m [1;30mINFO[0m Creating package script '/home/orangepi/ros2_workspace/school_competition/install/share/car_t265/package.bash'
[3.226s] [34mcolcon.colcon_core.shell[0m [1;30mINFO[0m Creating package script '/home/orangepi/ros2_workspace/school_competition/install/share/car_t265/package.zsh'
[3.228s] [34mcolcon.colcon_core.environment[0m [1;30mLevel 1[0m create_file_with_runtime_dependencies(/home/orangepi/ros2_workspace/school_competition/install/share/colcon-core/packages/car_t265)
[3.234s] [34mcolcon.colcon_core.environment[0m [1;30mLevel 1[0m checking '/home/orangepi/ros2_workspace/school_competition/install' for CMake module files
[3.235s] [34mcolcon.colcon_core.event_handler.log_command[0m [1;30mDEBUG[0m [32mInvoked command in '/home/orangepi/ros2_workspace/school_competition/src/laser_shotting_car' returned '0': PYTHONPATH=/home/orangepi/ros2_workspace/school_competition/build/laser_shotting_car/prefix_override:/usr/lib/python3/dist-packages/colcon_core/task/python/colcon_distutils_commands:/home/orangepi/ros2_workspace/school_competition/install/lib/python3.10/site-packages:${PYTHONPATH} /usr/bin/python3 -W ignore:setup.py install is deprecated -W ignore:easy_install command is deprecated setup.py egg_info --egg-base ../../build/laser_shotting_car build --build-base /home/orangepi/ros2_workspace/school_competition/build/laser_shotting_car/build install --record /home/orangepi/ros2_workspace/school_competition/build/laser_shotting_car/install.log --single-version-externally-managed install_data[0m
[3.235s] [34mcolcon.colcon_core.environment[0m [1;30mLevel 1[0m checking '/home/orangepi/ros2_workspace/school_competition/install' for CMake config files
[3.237s] [34mcolcon.colcon_core.shell[0m [1;30mLevel 1[0m create_environment_hook('laser_shotting_car', 'cmake_prefix_path')
[3.237s] [34mcolcon.colcon_core.shell[0m [1;30mINFO[0m Creating environment hook '/home/orangepi/ros2_workspace/school_competition/install/share/laser_shotting_car/hook/cmake_prefix_path.ps1'
[3.238s] [34mcolcon.colcon_core.shell[0m [1;30mINFO[0m Creating environment descriptor '/home/orangepi/ros2_workspace/school_competition/install/share/laser_shotting_car/hook/cmake_prefix_path.dsv'
[3.239s] [34mcolcon.colcon_core.shell[0m [1;30mINFO[0m Creating environment hook '/home/orangepi/ros2_workspace/school_competition/install/share/laser_shotting_car/hook/cmake_prefix_path.sh'
[3.243s] [34mcolcon.colcon_core.environment[0m [1;30mLevel 1[0m checking '/home/orangepi/ros2_workspace/school_competition/install/lib'
[3.243s] [34mcolcon.colcon_core.shell[0m [1;30mLevel 1[0m create_environment_hook('laser_shotting_car', 'ld_library_path_lib')
[3.245s] [34mcolcon.colcon_core.shell[0m [1;30mINFO[0m Creating environment hook '/home/orangepi/ros2_workspace/school_competition/install/share/laser_shotting_car/hook/ld_library_path_lib.ps1'
[3.248s] [34mcolcon.colcon_core.shell[0m [1;30mINFO[0m Creating environment descriptor '/home/orangepi/ros2_workspace/school_competition/install/share/laser_shotting_car/hook/ld_library_path_lib.dsv'
[3.250s] [34mcolcon.colcon_core.shell[0m [1;30mINFO[0m Creating environment hook '/home/orangepi/ros2_workspace/school_competition/install/share/laser_shotting_car/hook/ld_library_path_lib.sh'
[3.253s] [34mcolcon.colcon_core.environment[0m [1;30mLevel 1[0m checking '/home/orangepi/ros2_workspace/school_competition/install/bin'
[3.253s] [34mcolcon.colcon_core.environment[0m [1;30mLevel 1[0m checking '/home/orangepi/ros2_workspace/school_competition/install/lib/pkgconfig/laser_shotting_car.pc'
[3.255s] [34mcolcon.colcon_core.environment[0m [1;30mLevel 1[0m checking '/home/orangepi/ros2_workspace/school_competition/install/lib/python3.10/site-packages'
[3.258s] [34mcolcon.colcon_core.shell[0m [1;30mLevel 1[0m create_environment_hook('laser_shotting_car', 'pythonpath')
[3.260s] [34mcolcon.colcon_core.shell[0m [1;30mINFO[0m Creating environment hook '/home/orangepi/ros2_workspace/school_competition/install/share/laser_shotting_car/hook/pythonpath.ps1'
[3.264s] [34mcolcon.colcon_core.shell[0m [1;30mINFO[0m Creating environment descriptor '/home/orangepi/ros2_workspace/school_competition/install/share/laser_shotting_car/hook/pythonpath.dsv'
[3.270s] [34mcolcon.colcon_core.shell[0m [1;30mINFO[0m Creating environment hook '/home/orangepi/ros2_workspace/school_competition/install/share/laser_shotting_car/hook/pythonpath.sh'
[3.272s] [34mcolcon.colcon_core.environment[0m [1;30mLevel 1[0m checking '/home/orangepi/ros2_workspace/school_competition/install/bin'
[3.272s] [34mcolcon.colcon_core.environment[0m [1;30mLevel 1[0m create_environment_scripts_only(laser_shotting_car)
[3.273s] [34mcolcon.colcon_core.shell[0m [1;30mINFO[0m Creating package script '/home/orangepi/ros2_workspace/school_competition/install/share/laser_shotting_car/package.ps1'
[3.275s] [34mcolcon.colcon_core.shell[0m [1;30mINFO[0m Creating package descriptor '/home/orangepi/ros2_workspace/school_competition/install/share/laser_shotting_car/package.dsv'
[3.276s] [34mcolcon.colcon_core.shell[0m [1;30mINFO[0m Creating package script '/home/orangepi/ros2_workspace/school_competition/install/share/laser_shotting_car/package.sh'
[3.277s] [34mcolcon.colcon_core.shell[0m [1;30mINFO[0m Creating package script '/home/orangepi/ros2_workspace/school_competition/install/share/laser_shotting_car/package.bash'
[3.278s] [34mcolcon.colcon_core.shell[0m [1;30mINFO[0m Creating package script '/home/orangepi/ros2_workspace/school_competition/install/share/laser_shotting_car/package.zsh'
[3.279s] [34mcolcon.colcon_core.environment[0m [1;30mLevel 1[0m create_file_with_runtime_dependencies(/home/orangepi/ros2_workspace/school_competition/install/share/colcon-core/packages/laser_shotting_car)
[3.401s] [34mcolcon.colcon_core.event_handler.log_command[0m [1;30mDEBUG[0m [32mInvoked command in '/home/orangepi/ros2_workspace/school_competition/build/bluesea2' returned '0': CMAKE_PREFIX_PATH=${CMAKE_PREFIX_PATH}:/root/lanhailidar_ros_ws/install/scan_subscriber:/opt/ros/humble PYTHONPATH=/home/orangepi/ros2_workspace/school_competition/install/lib/python3.10/site-packages:/home/orangepi/ros2_workspace/school_competition/install/local/lib/python3.10/dist-packages:/root/lanhailidar_ros_ws/install/scan_subscriber/lib/python3.10/site-packages:/root/lanhailidar_ros_ws/install/base/local/lib/python3.10/dist-packages:/opt/ros/humble/lib/python3.10/site-packages:/opt/ros/humble/local/lib/python3.10/dist-packages /usr/bin/cmake --build /home/orangepi/ros2_workspace/school_competition/build/bluesea2 -- -j8 -l8[0m
[3.403s] [34mcolcon.colcon_core.event_handler.log_command[0m [1;30mDEBUG[0m [32mInvoking command in '/home/orangepi/ros2_workspace/school_competition/build/bluesea2': CMAKE_PREFIX_PATH=${CMAKE_PREFIX_PATH}:/root/lanhailidar_ros_ws/install/scan_subscriber:/opt/ros/humble PYTHONPATH=/home/orangepi/ros2_workspace/school_competition/install/lib/python3.10/site-packages:/home/orangepi/ros2_workspace/school_competition/install/local/lib/python3.10/dist-packages:/root/lanhailidar_ros_ws/install/scan_subscriber/lib/python3.10/site-packages:/root/lanhailidar_ros_ws/install/base/local/lib/python3.10/dist-packages:/opt/ros/humble/lib/python3.10/site-packages:/opt/ros/humble/local/lib/python3.10/dist-packages /usr/bin/cmake --install /home/orangepi/ros2_workspace/school_competition/build/bluesea2[0m
[3.419s] [34mcolcon.colcon_core.environment[0m [1;30mLevel 1[0m create_environment_scripts_only(bluesea2)
[3.421s] [34mcolcon.colcon_core.environment[0m [1;30mLevel 1[0m checking '/home/orangepi/ros2_workspace/school_competition/install' for CMake module files
[3.424s] [34mcolcon.colcon_core.environment[0m [1;30mLevel 1[0m checking '/home/orangepi/ros2_workspace/school_competition/install' for CMake config files
[3.437s] [34mcolcon.colcon_core.shell[0m [1;30mLevel 1[0m create_environment_hook('bluesea2', 'cmake_prefix_path')
[3.439s] [34mcolcon.colcon_core.shell[0m [1;30mINFO[0m Creating environment hook '/home/orangepi/ros2_workspace/school_competition/install/share/bluesea2/hook/cmake_prefix_path.ps1'
[3.445s] [34mcolcon.colcon_core.shell[0m [1;30mINFO[0m Creating environment descriptor '/home/orangepi/ros2_workspace/school_competition/install/share/bluesea2/hook/cmake_prefix_path.dsv'
[3.450s] [34mcolcon.colcon_core.event_handler.log_command[0m [1;30mDEBUG[0m [32mInvoked command in '/home/orangepi/ros2_workspace/school_competition/build/bluesea2' returned '0': CMAKE_PREFIX_PATH=${CMAKE_PREFIX_PATH}:/root/lanhailidar_ros_ws/install/scan_subscriber:/opt/ros/humble PYTHONPATH=/home/orangepi/ros2_workspace/school_competition/install/lib/python3.10/site-packages:/home/orangepi/ros2_workspace/school_competition/install/local/lib/python3.10/dist-packages:/root/lanhailidar_ros_ws/install/scan_subscriber/lib/python3.10/site-packages:/root/lanhailidar_ros_ws/install/base/local/lib/python3.10/dist-packages:/opt/ros/humble/lib/python3.10/site-packages:/opt/ros/humble/local/lib/python3.10/dist-packages /usr/bin/cmake --install /home/orangepi/ros2_workspace/school_competition/build/bluesea2[0m
[3.453s] [34mcolcon.colcon_core.shell[0m [1;30mINFO[0m Creating environment hook '/home/orangepi/ros2_workspace/school_competition/install/share/bluesea2/hook/cmake_prefix_path.sh'
[3.456s] [34mcolcon.colcon_core.environment[0m [1;30mLevel 1[0m checking '/home/orangepi/ros2_workspace/school_competition/install/lib'
[3.457s] [34mcolcon.colcon_core.shell[0m [1;30mLevel 1[0m create_environment_hook('bluesea2', 'ld_library_path_lib')
[3.458s] [34mcolcon.colcon_core.shell[0m [1;30mINFO[0m Creating environment hook '/home/orangepi/ros2_workspace/school_competition/install/share/bluesea2/hook/ld_library_path_lib.ps1'
[3.461s] [34mcolcon.colcon_core.shell[0m [1;30mINFO[0m Creating environment descriptor '/home/orangepi/ros2_workspace/school_competition/install/share/bluesea2/hook/ld_library_path_lib.dsv'
[3.463s] [34mcolcon.colcon_core.shell[0m [1;30mINFO[0m Creating environment hook '/home/orangepi/ros2_workspace/school_competition/install/share/bluesea2/hook/ld_library_path_lib.sh'
[3.466s] [34mcolcon.colcon_core.environment[0m [1;30mLevel 1[0m checking '/home/orangepi/ros2_workspace/school_competition/install/bin'
[3.466s] [34mcolcon.colcon_core.environment[0m [1;30mLevel 1[0m checking '/home/orangepi/ros2_workspace/school_competition/install/lib/pkgconfig/bluesea2.pc'
[3.467s] [34mcolcon.colcon_core.environment[0m [1;30mLevel 1[0m checking '/home/orangepi/ros2_workspace/school_competition/install/lib/python3.10/site-packages'
[3.467s] [34mcolcon.colcon_core.shell[0m [1;30mLevel 1[0m create_environment_hook('bluesea2', 'pythonpath')
[3.468s] [34mcolcon.colcon_core.shell[0m [1;30mINFO[0m Creating environment hook '/home/orangepi/ros2_workspace/school_competition/install/share/bluesea2/hook/pythonpath.ps1'
[3.469s] [34mcolcon.colcon_core.shell[0m [1;30mINFO[0m Creating environment descriptor '/home/orangepi/ros2_workspace/school_competition/install/share/bluesea2/hook/pythonpath.dsv'
[3.470s] [34mcolcon.colcon_core.shell[0m [1;30mINFO[0m Creating environment hook '/home/orangepi/ros2_workspace/school_competition/install/share/bluesea2/hook/pythonpath.sh'
[3.471s] [34mcolcon.colcon_core.environment[0m [1;30mLevel 1[0m checking '/home/orangepi/ros2_workspace/school_competition/install/bin'
[3.472s] [34mcolcon.colcon_core.shell[0m [1;30mINFO[0m Creating package script '/home/orangepi/ros2_workspace/school_competition/install/share/bluesea2/package.ps1'
[3.474s] [34mcolcon.colcon_core.shell[0m [1;30mINFO[0m Creating package descriptor '/home/orangepi/ros2_workspace/school_competition/install/share/bluesea2/package.dsv'
[3.475s] [34mcolcon.colcon_core.shell[0m [1;30mINFO[0m Creating package script '/home/orangepi/ros2_workspace/school_competition/install/share/bluesea2/package.sh'
[3.477s] [34mcolcon.colcon_core.shell[0m [1;30mINFO[0m Creating package script '/home/orangepi/ros2_workspace/school_competition/install/share/bluesea2/package.bash'
[3.478s] [34mcolcon.colcon_core.shell[0m [1;30mINFO[0m Creating package script '/home/orangepi/ros2_workspace/school_competition/install/share/bluesea2/package.zsh'
[3.479s] [34mcolcon.colcon_core.environment[0m [1;30mLevel 1[0m create_file_with_runtime_dependencies(/home/orangepi/ros2_workspace/school_competition/install/share/colcon-core/packages/bluesea2)
[3.481s] [34mcolcon.colcon_core.environment[0m [1;30mLevel 1[0m create_environment_scripts_only(bluesea2)
[3.482s] [34mcolcon.colcon_core.environment[0m [1;30mLevel 1[0m checking '/home/orangepi/ros2_workspace/school_competition/install' for CMake module files
[3.483s] [34mcolcon.colcon_core.environment[0m [1;30mLevel 1[0m checking '/home/orangepi/ros2_workspace/school_competition/install' for CMake config files
[3.485s] [34mcolcon.colcon_core.shell[0m [1;30mLevel 1[0m create_environment_hook('bluesea2', 'cmake_prefix_path')
[3.486s] [34mcolcon.colcon_core.shell[0m [1;30mINFO[0m Creating environment hook '/home/orangepi/ros2_workspace/school_competition/install/share/bluesea2/hook/cmake_prefix_path.ps1'
[3.487s] [34mcolcon.colcon_core.shell[0m [1;30mINFO[0m Creating environment descriptor '/home/orangepi/ros2_workspace/school_competition/install/share/bluesea2/hook/cmake_prefix_path.dsv'
[3.488s] [34mcolcon.colcon_core.shell[0m [1;30mINFO[0m Creating environment hook '/home/orangepi/ros2_workspace/school_competition/install/share/bluesea2/hook/cmake_prefix_path.sh'
[3.490s] [34mcolcon.colcon_core.environment[0m [1;30mLevel 1[0m checking '/home/orangepi/ros2_workspace/school_competition/install/lib'
[3.490s] [34mcolcon.colcon_core.shell[0m [1;30mLevel 1[0m create_environment_hook('bluesea2', 'ld_library_path_lib')
[3.491s] [34mcolcon.colcon_core.shell[0m [1;30mINFO[0m Creating environment hook '/home/orangepi/ros2_workspace/school_competition/install/share/bluesea2/hook/ld_library_path_lib.ps1'
[3.494s] [34mcolcon.colcon_core.shell[0m [1;30mINFO[0m Creating environment descriptor '/home/orangepi/ros2_workspace/school_competition/install/share/bluesea2/hook/ld_library_path_lib.dsv'
[3.495s] [34mcolcon.colcon_core.shell[0m [1;30mINFO[0m Creating environment hook '/home/orangepi/ros2_workspace/school_competition/install/share/bluesea2/hook/ld_library_path_lib.sh'
[3.496s] [34mcolcon.colcon_core.environment[0m [1;30mLevel 1[0m checking '/home/orangepi/ros2_workspace/school_competition/install/bin'
[3.497s] [34mcolcon.colcon_core.environment[0m [1;30mLevel 1[0m checking '/home/orangepi/ros2_workspace/school_competition/install/lib/pkgconfig/bluesea2.pc'
[3.497s] [34mcolcon.colcon_core.environment[0m [1;30mLevel 1[0m checking '/home/orangepi/ros2_workspace/school_competition/install/lib/python3.10/site-packages'
[3.497s] [34mcolcon.colcon_core.shell[0m [1;30mLevel 1[0m create_environment_hook('bluesea2', 'pythonpath')
[3.498s] [34mcolcon.colcon_core.shell[0m [1;30mINFO[0m Creating environment hook '/home/orangepi/ros2_workspace/school_competition/install/share/bluesea2/hook/pythonpath.ps1'
[3.499s] [34mcolcon.colcon_core.shell[0m [1;30mINFO[0m Creating environment descriptor '/home/orangepi/ros2_workspace/school_competition/install/share/bluesea2/hook/pythonpath.dsv'
[3.500s] [34mcolcon.colcon_core.shell[0m [1;30mINFO[0m Creating environment hook '/home/orangepi/ros2_workspace/school_competition/install/share/bluesea2/hook/pythonpath.sh'
[3.502s] [34mcolcon.colcon_core.environment[0m [1;30mLevel 1[0m checking '/home/orangepi/ros2_workspace/school_competition/install/bin'
[3.504s] [34mcolcon.colcon_core.shell[0m [1;30mINFO[0m Creating package script '/home/orangepi/ros2_workspace/school_competition/install/share/bluesea2/package.ps1'
[3.506s] [34mcolcon.colcon_core.shell[0m [1;30mINFO[0m Creating package descriptor '/home/orangepi/ros2_workspace/school_competition/install/share/bluesea2/package.dsv'
[3.508s] [34mcolcon.colcon_core.shell[0m [1;30mINFO[0m Creating package script '/home/orangepi/ros2_workspace/school_competition/install/share/bluesea2/package.sh'
[3.509s] [34mcolcon.colcon_core.shell[0m [1;30mINFO[0m Creating package script '/home/orangepi/ros2_workspace/school_competition/install/share/bluesea2/package.bash'
[3.510s] [34mcolcon.colcon_core.shell[0m [1;30mINFO[0m Creating package script '/home/orangepi/ros2_workspace/school_competition/install/share/bluesea2/package.zsh'
[3.512s] [34mcolcon.colcon_core.environment[0m [1;30mLevel 1[0m create_file_with_runtime_dependencies(/home/orangepi/ros2_workspace/school_competition/install/share/colcon-core/packages/bluesea2)
[3.514s] [34mcolcon.colcon_parallel_executor.executor.parallel[0m [1;30mDEBUG[0m [32mclosing loop[0m
[3.514s] [34mcolcon.colcon_parallel_executor.executor.parallel[0m [1;30mDEBUG[0m [32mloop closed[0m
[3.515s] [34mcolcon.colcon_parallel_executor.executor.parallel[0m [1;30mDEBUG[0m [32mrun_until_complete finished with '0'[0m
[3.515s] [34mcolcon.colcon_core.event_reactor[0m [1;30mDEBUG[0m [32mjoining thread[0m
[3.529s] [34mcolcon.colcon_core.plugin_system[0m [1;30mINFO[0m Skipping extension 'colcon_notification.desktop_notification.terminal_notifier': Not used on non-Darwin systems
[3.529s] [34mcolcon.colcon_core.plugin_system[0m [1;30mINFO[0m Skipping extension 'colcon_notification.desktop_notification.win32': Not used on non-Windows systems
[3.529s] [34mcolcon.colcon_notification.desktop_notification[0m [1;30mINFO[0m Sending desktop notification using 'notify2'
[3.547s] [34mcolcon.colcon_core.event_reactor[0m [1;30mDEBUG[0m [32mjoined thread[0m
[3.547s] [34mcolcon.colcon_core.shell[0m [1;30mINFO[0m Creating prefix script '/home/orangepi/ros2_workspace/school_competition/install/local_setup.ps1'
[3.550s] [34mcolcon.colcon_core.shell[0m [1;30mINFO[0m Creating prefix util module '/home/orangepi/ros2_workspace/school_competition/install/_local_setup_util_ps1.py'
[3.556s] [34mcolcon.colcon_core.shell[0m [1;30mINFO[0m Creating prefix chain script '/home/orangepi/ros2_workspace/school_competition/install/setup.ps1'
[3.561s] [34mcolcon.colcon_core.shell[0m [1;30mINFO[0m Creating prefix script '/home/orangepi/ros2_workspace/school_competition/install/local_setup.sh'
[3.565s] [34mcolcon.colcon_core.shell[0m [1;30mINFO[0m Creating prefix util module '/home/orangepi/ros2_workspace/school_competition/install/_local_setup_util_sh.py'
[3.567s] [34mcolcon.colcon_core.shell[0m [1;30mINFO[0m Creating prefix chain script '/home/orangepi/ros2_workspace/school_competition/install/setup.sh'
[3.573s] [34mcolcon.colcon_core.shell[0m [1;30mINFO[0m Creating prefix script '/home/orangepi/ros2_workspace/school_competition/install/local_setup.bash'
[3.575s] [34mcolcon.colcon_core.shell[0m [1;30mINFO[0m Creating prefix chain script '/home/orangepi/ros2_workspace/school_competition/install/setup.bash'
[3.580s] [34mcolcon.colcon_core.shell[0m [1;30mINFO[0m Creating prefix script '/home/orangepi/ros2_workspace/school_competition/install/local_setup.zsh'
[3.582s] [34mcolcon.colcon_core.shell[0m [1;30mINFO[0m Creating prefix chain script '/home/orangepi/ros2_workspace/school_competition/install/setup.zsh'
