/home/orangepi/ros2_workspace/school_competition/install/lib/python3.10/site-packages/laser_shotting_car/gimbal_control_node.py
/home/orangepi/ros2_workspace/school_competition/install/lib/python3.10/site-packages/laser_shotting_car/camera_publisher.py
/home/orangepi/ros2_workspace/school_competition/install/lib/python3.10/site-packages/laser_shotting_car/func.py
/home/orangepi/ros2_workspace/school_competition/install/lib/python3.10/site-packages/laser_shotting_car/__init__.py
/home/orangepi/ros2_workspace/school_competition/install/lib/python3.10/site-packages/laser_shotting_car/circle_laser_detector.py
/home/orangepi/ros2_workspace/school_competition/install/lib/python3.10/site-packages/laser_shotting_car/vision_tracking_node.py
/home/orangepi/ros2_workspace/school_competition/install/lib/python3.10/site-packages/laser_shotting_car/gray_thred.py
/home/orangepi/ros2_workspace/school_competition/install/lib/python3.10/site-packages/laser_shotting_car/lidar_processor.py
/home/orangepi/ros2_workspace/school_competition/install/lib/python3.10/site-packages/laser_shotting_car/rknnpool.py
/home/orangepi/ros2_workspace/school_competition/install/lib/python3.10/site-packages/laser_shotting_car/main_controller.py
/home/orangepi/ros2_workspace/school_competition/install/lib/python3.10/site-packages/laser_shotting_car/yolov8_detector.py
/home/orangepi/ros2_workspace/school_competition/install/lib/python3.10/site-packages/laser_shotting_car/__pycache__/gimbal_control_node.cpython-310.pyc
/home/orangepi/ros2_workspace/school_competition/install/lib/python3.10/site-packages/laser_shotting_car/__pycache__/camera_publisher.cpython-310.pyc
/home/orangepi/ros2_workspace/school_competition/install/lib/python3.10/site-packages/laser_shotting_car/__pycache__/func.cpython-310.pyc
/home/orangepi/ros2_workspace/school_competition/install/lib/python3.10/site-packages/laser_shotting_car/__pycache__/__init__.cpython-310.pyc
/home/orangepi/ros2_workspace/school_competition/install/lib/python3.10/site-packages/laser_shotting_car/__pycache__/circle_laser_detector.cpython-310.pyc
/home/orangepi/ros2_workspace/school_competition/install/lib/python3.10/site-packages/laser_shotting_car/__pycache__/vision_tracking_node.cpython-310.pyc
/home/orangepi/ros2_workspace/school_competition/install/lib/python3.10/site-packages/laser_shotting_car/__pycache__/gray_thred.cpython-310.pyc
/home/orangepi/ros2_workspace/school_competition/install/lib/python3.10/site-packages/laser_shotting_car/__pycache__/lidar_processor.cpython-310.pyc
/home/orangepi/ros2_workspace/school_competition/install/lib/python3.10/site-packages/laser_shotting_car/__pycache__/rknnpool.cpython-310.pyc
/home/orangepi/ros2_workspace/school_competition/install/lib/python3.10/site-packages/laser_shotting_car/__pycache__/main_controller.cpython-310.pyc
/home/orangepi/ros2_workspace/school_competition/install/lib/python3.10/site-packages/laser_shotting_car/__pycache__/yolov8_detector.cpython-310.pyc
/home/orangepi/ros2_workspace/school_competition/install/share/ament_index/resource_index/packages/laser_shotting_car
/home/orangepi/ros2_workspace/school_competition/install/share/laser_shotting_car/package.xml
/home/orangepi/ros2_workspace/school_competition/install/share/laser_shotting_car/launch/all_nodes.launch.py
/home/orangepi/ros2_workspace/school_competition/install/share/laser_shotting_car/launch/uart.launch.py
/home/orangepi/ros2_workspace/school_competition/install/lib/python3.10/site-packages/laser_shotting_car-0.0.0-py3.10.egg-info/PKG-INFO
/home/orangepi/ros2_workspace/school_competition/install/lib/python3.10/site-packages/laser_shotting_car-0.0.0-py3.10.egg-info/entry_points.txt
/home/orangepi/ros2_workspace/school_competition/install/lib/python3.10/site-packages/laser_shotting_car-0.0.0-py3.10.egg-info/zip-safe
/home/orangepi/ros2_workspace/school_competition/install/lib/python3.10/site-packages/laser_shotting_car-0.0.0-py3.10.egg-info/dependency_links.txt
/home/orangepi/ros2_workspace/school_competition/install/lib/python3.10/site-packages/laser_shotting_car-0.0.0-py3.10.egg-info/requires.txt
/home/orangepi/ros2_workspace/school_competition/install/lib/python3.10/site-packages/laser_shotting_car-0.0.0-py3.10.egg-info/SOURCES.txt
/home/orangepi/ros2_workspace/school_competition/install/lib/python3.10/site-packages/laser_shotting_car-0.0.0-py3.10.egg-info/top_level.txt
/home/orangepi/ros2_workspace/school_competition/install/lib/laser_shotting_car/camera_publisher
/home/orangepi/ros2_workspace/school_competition/install/lib/laser_shotting_car/circle_detect1
/home/orangepi/ros2_workspace/school_competition/install/lib/laser_shotting_car/circle_laser_detector
/home/orangepi/ros2_workspace/school_competition/install/lib/laser_shotting_car/gimbal_control_node
/home/orangepi/ros2_workspace/school_competition/install/lib/laser_shotting_car/lidar_processor
/home/orangepi/ros2_workspace/school_competition/install/lib/laser_shotting_car/main_controller
/home/orangepi/ros2_workspace/school_competition/install/lib/laser_shotting_car/vision_tracking_node
/home/orangepi/ros2_workspace/school_competition/install/lib/laser_shotting_car/yolov8_detector
