[0.028s] Invoking command in '/home/orangepi/ros2_workspace/school_competition/build/bluesea2': CMAKE_PREFIX_PATH=${CMAKE_PREFIX_PATH}:/root/lanhailidar_ros_ws/install/scan_subscriber:/opt/ros/humble PYTHONPATH=/home/orangepi/ros2_workspace/school_competition/install/lib/python3.10/site-packages:/home/orangepi/ros2_workspace/school_competition/install/local/lib/python3.10/dist-packages:/root/lanhailidar_ros_ws/install/scan_subscriber/lib/python3.10/site-packages:/root/lanhailidar_ros_ws/install/base/local/lib/python3.10/dist-packages:/opt/ros/humble/lib/python3.10/site-packages:/opt/ros/humble/local/lib/python3.10/dist-packages /usr/bin/cmake --build /home/orangepi/ros2_workspace/school_competition/build/bluesea2 -- -j8 -l8
[0.171s] [ 15%] Built target bluesea2_heart_check
[0.202s] [ 30%] Built target bluesea2_client
[0.221s] [100%] Built target bluesea2_node
[0.263s] Invoked command in '/home/orangepi/ros2_workspace/school_competition/build/bluesea2' returned '0': CMAKE_PREFIX_PATH=${CMAKE_PREFIX_PATH}:/root/lanhailidar_ros_ws/install/scan_subscriber:/opt/ros/humble PYTHONPATH=/home/orangepi/ros2_workspace/school_competition/install/lib/python3.10/site-packages:/home/orangepi/ros2_workspace/school_competition/install/local/lib/python3.10/dist-packages:/root/lanhailidar_ros_ws/install/scan_subscriber/lib/python3.10/site-packages:/root/lanhailidar_ros_ws/install/base/local/lib/python3.10/dist-packages:/opt/ros/humble/lib/python3.10/site-packages:/opt/ros/humble/local/lib/python3.10/dist-packages /usr/bin/cmake --build /home/orangepi/ros2_workspace/school_competition/build/bluesea2 -- -j8 -l8
[0.267s] Invoking command in '/home/orangepi/ros2_workspace/school_competition/build/bluesea2': CMAKE_PREFIX_PATH=${CMAKE_PREFIX_PATH}:/root/lanhailidar_ros_ws/install/scan_subscriber:/opt/ros/humble PYTHONPATH=/home/orangepi/ros2_workspace/school_competition/install/lib/python3.10/site-packages:/home/orangepi/ros2_workspace/school_competition/install/local/lib/python3.10/dist-packages:/root/lanhailidar_ros_ws/install/scan_subscriber/lib/python3.10/site-packages:/root/lanhailidar_ros_ws/install/base/local/lib/python3.10/dist-packages:/opt/ros/humble/lib/python3.10/site-packages:/opt/ros/humble/local/lib/python3.10/dist-packages /usr/bin/cmake --install /home/orangepi/ros2_workspace/school_competition/build/bluesea2
[0.295s] -- Install configuration: ""
[0.296s] -- Up-to-date: /home/orangepi/ros2_workspace/school_competition/install/lib/bluesea2/bluesea2_node
[0.297s] -- Up-to-date: /home/orangepi/ros2_workspace/school_competition/install/lib/bluesea2/bluesea2_client
[0.299s] -- Up-to-date: /home/orangepi/ros2_workspace/school_competition/install/lib/bluesea2/bluesea2_heart_check
[0.300s] -- Up-to-date: /home/orangepi/ros2_workspace/school_competition/install/share/bluesea2/launch
[0.300s] -- Up-to-date: /home/orangepi/ros2_workspace/school_competition/install/share/bluesea2/launch/dual_udp_lidar.launch
[0.301s] -- Up-to-date: /home/orangepi/ros2_workspace/school_competition/install/share/bluesea2/launch/udp_lidar.launch
[0.302s] -- Up-to-date: /home/orangepi/ros2_workspace/school_competition/install/share/bluesea2/launch/vpc_lidar.launch
[0.302s] -- Up-to-date: /home/orangepi/ros2_workspace/school_competition/install/share/bluesea2/launch/LDS-U50C-S.launch
[0.303s] -- Up-to-date: /home/orangepi/ros2_workspace/school_competition/install/share/bluesea2/launch/heart_check.launch
[0.303s] -- Up-to-date: /home/orangepi/ros2_workspace/school_competition/install/share/bluesea2/launch/LDS-U80C-S.launch
[0.304s] -- Up-to-date: /home/orangepi/ros2_workspace/school_competition/install/share/bluesea2/launch/uart_lidar.launch
[0.306s] -- Up-to-date: /home/orangepi/ros2_workspace/school_competition/install/share/bluesea2/params
[0.306s] -- Up-to-date: /home/orangepi/ros2_workspace/school_competition/install/share/bluesea2/params/LDS-U80C-S.yaml
[0.307s] -- Up-to-date: /home/orangepi/ros2_workspace/school_competition/install/share/bluesea2/params/dual_udp_lidar.yaml
[0.308s] -- Up-to-date: /home/orangepi/ros2_workspace/school_competition/install/share/bluesea2/params/udp_lidar.yaml
[0.308s] -- Up-to-date: /home/orangepi/ros2_workspace/school_competition/install/share/bluesea2/params/vpc_lidar.yaml
[0.309s] -- Up-to-date: /home/orangepi/ros2_workspace/school_competition/install/share/bluesea2/params/uart_lidar.yaml
[0.309s] -- Up-to-date: /home/orangepi/ros2_workspace/school_competition/install/share/bluesea2/params/LDS-U50C-S.yaml
[0.310s] -- Up-to-date: /home/orangepi/ros2_workspace/school_competition/install/share/bluesea2/params/other
[0.310s] -- Up-to-date: /home/orangepi/ros2_workspace/school_competition/install/share/ament_index/resource_index/package_run_dependencies/bluesea2
[0.312s] -- Up-to-date: /home/orangepi/ros2_workspace/school_competition/install/share/ament_index/resource_index/parent_prefix_path/bluesea2
[0.316s] -- Up-to-date: /home/orangepi/ros2_workspace/school_competition/install/share/bluesea2/environment/ament_prefix_path.sh
[0.317s] -- Up-to-date: /home/orangepi/ros2_workspace/school_competition/install/share/bluesea2/environment/ament_prefix_path.dsv
[0.318s] -- Up-to-date: /home/orangepi/ros2_workspace/school_competition/install/share/bluesea2/environment/path.sh
[0.318s] -- Up-to-date: /home/orangepi/ros2_workspace/school_competition/install/share/bluesea2/environment/path.dsv
[0.319s] -- Up-to-date: /home/orangepi/ros2_workspace/school_competition/install/share/bluesea2/local_setup.bash
[0.320s] -- Up-to-date: /home/orangepi/ros2_workspace/school_competition/install/share/bluesea2/local_setup.sh
[0.321s] -- Up-to-date: /home/orangepi/ros2_workspace/school_competition/install/share/bluesea2/local_setup.zsh
[0.321s] -- Up-to-date: /home/orangepi/ros2_workspace/school_competition/install/share/bluesea2/local_setup.dsv
[0.323s] -- Installing: /home/orangepi/ros2_workspace/school_competition/install/share/bluesea2/package.dsv
[0.323s] -- Up-to-date: /home/orangepi/ros2_workspace/school_competition/install/share/ament_index/resource_index/packages/bluesea2
[0.325s] -- Up-to-date: /home/orangepi/ros2_workspace/school_competition/install/share/bluesea2/cmake/bluesea2Config.cmake
[0.326s] -- Up-to-date: /home/orangepi/ros2_workspace/school_competition/install/share/bluesea2/cmake/bluesea2Config-version.cmake
[0.326s] -- Up-to-date: /home/orangepi/ros2_workspace/school_competition/install/share/bluesea2/package.xml
[0.327s] Invoked command in '/home/orangepi/ros2_workspace/school_competition/build/bluesea2' returned '0': CMAKE_PREFIX_PATH=${CMAKE_PREFIX_PATH}:/root/lanhailidar_ros_ws/install/scan_subscriber:/opt/ros/humble PYTHONPATH=/home/orangepi/ros2_workspace/school_competition/install/lib/python3.10/site-packages:/home/orangepi/ros2_workspace/school_competition/install/local/lib/python3.10/dist-packages:/root/lanhailidar_ros_ws/install/scan_subscriber/lib/python3.10/site-packages:/root/lanhailidar_ros_ws/install/base/local/lib/python3.10/dist-packages:/opt/ros/humble/lib/python3.10/site-packages:/opt/ros/humble/local/lib/python3.10/dist-packages /usr/bin/cmake --install /home/orangepi/ros2_workspace/school_competition/build/bluesea2
