[2.569s] Invoking command in '/home/orangepi/ros2_workspace/school_competition/src/car_t265': PYTHONPATH=/home/orangepi/ros2_workspace/school_competition/build/car_t265/prefix_override:/usr/lib/python3/dist-packages/colcon_core/task/python/colcon_distutils_commands:/home/orangepi/ros2_workspace/school_competition/install/lib/python3.10/site-packages:${PYTHONPATH} /usr/bin/python3 -W ignore:setup.py install is deprecated -W ignore:easy_install command is deprecated setup.py egg_info --egg-base ../../build/car_t265 build --build-base /home/orangepi/ros2_workspace/school_competition/build/car_t265/build install --record /home/orangepi/ros2_workspace/school_competition/build/car_t265/install.log --single-version-externally-managed install_data
[2.912s] running egg_info
[2.913s] writing ../../build/car_t265/car_t265.egg-info/PKG-INFO
[2.914s] writing dependency_links to ../../build/car_t265/car_t265.egg-info/dependency_links.txt
[2.915s] writing entry points to ../../build/car_t265/car_t265.egg-info/entry_points.txt
[2.915s] writing requirements to ../../build/car_t265/car_t265.egg-info/requires.txt
[2.916s] writing top-level names to ../../build/car_t265/car_t265.egg-info/top_level.txt
[2.917s] reading manifest file '../../build/car_t265/car_t265.egg-info/SOURCES.txt'
[2.918s] writing manifest file '../../build/car_t265/car_t265.egg-info/SOURCES.txt'
[2.919s] running build
[2.919s] running build_py
[2.920s] running install
[2.920s] running install_lib
[2.922s] running install_data
[2.923s] running install_egg_info
[2.925s] removing '/home/orangepi/ros2_workspace/school_competition/install/lib/python3.10/site-packages/car_t265-0.0.0-py3.10.egg-info' (and everything under it)
[2.925s] Copying ../../build/car_t265/car_t265.egg-info to /home/orangepi/ros2_workspace/school_competition/install/lib/python3.10/site-packages/car_t265-0.0.0-py3.10.egg-info
[2.926s] running install_scripts
[2.957s] Installing linear_test script to /home/orangepi/ros2_workspace/school_competition/install/lib/car_t265
[2.958s] Installing motor_controller script to /home/orangepi/ros2_workspace/school_competition/install/lib/car_t265
[2.958s] Installing navigation_controller script to /home/orangepi/ros2_workspace/school_competition/install/lib/car_t265
[2.959s] Installing t265_Imu_pub script to /home/orangepi/ros2_workspace/school_competition/install/lib/car_t265
[2.959s] Installing t265_publisher script to /home/orangepi/ros2_workspace/school_competition/install/lib/car_t265
[2.959s] Installing target_publisher script to /home/orangepi/ros2_workspace/school_competition/install/lib/car_t265
[2.960s] Installing uart_driver script to /home/orangepi/ros2_workspace/school_competition/install/lib/car_t265
[2.960s] writing list of installed files to '/home/orangepi/ros2_workspace/school_competition/build/car_t265/install.log'
[3.019s] Invoked command in '/home/orangepi/ros2_workspace/school_competition/src/car_t265' returned '0': PYTHONPATH=/home/orangepi/ros2_workspace/school_competition/build/car_t265/prefix_override:/usr/lib/python3/dist-packages/colcon_core/task/python/colcon_distutils_commands:/home/orangepi/ros2_workspace/school_competition/install/lib/python3.10/site-packages:${PYTHONPATH} /usr/bin/python3 -W ignore:setup.py install is deprecated -W ignore:easy_install command is deprecated setup.py egg_info --egg-base ../../build/car_t265 build --build-base /home/orangepi/ros2_workspace/school_competition/build/car_t265/build install --record /home/orangepi/ros2_workspace/school_competition/build/car_t265/install.log --single-version-externally-managed install_data
