[1.696s] Invoking command in '/home/orangepi/ros2_workspace/school_competition/src/laser_shotting_car': PYTHONPATH=/home/orangepi/ros2_workspace/school_competition/build/laser_shotting_car/prefix_override:/usr/lib/python3/dist-packages/colcon_core/task/python/colcon_distutils_commands:/home/orangepi/ros2_workspace/school_competition/install/lib/python3.10/site-packages:${PYTHONPATH} /usr/bin/python3 -W ignore:setup.py install is deprecated -W ignore:easy_install command is deprecated setup.py egg_info --egg-base ../../build/laser_shotting_car build --build-base /home/orangepi/ros2_workspace/school_competition/build/laser_shotting_car/build install --record /home/orangepi/ros2_workspace/school_competition/build/laser_shotting_car/install.log --single-version-externally-managed install_data
[2.198s] running egg_info
[2.198s] writing ../../build/laser_shotting_car/laser_shotting_car.egg-info/PKG-INFO
[2.199s] writing dependency_links to ../../build/laser_shotting_car/laser_shotting_car.egg-info/dependency_links.txt
[2.199s] writing entry points to ../../build/laser_shotting_car/laser_shotting_car.egg-info/entry_points.txt
[2.199s] writing requirements to ../../build/laser_shotting_car/laser_shotting_car.egg-info/requires.txt
[2.199s] writing top-level names to ../../build/laser_shotting_car/laser_shotting_car.egg-info/top_level.txt
[2.199s] reading manifest file '../../build/laser_shotting_car/laser_shotting_car.egg-info/SOURCES.txt'
[2.200s] writing manifest file '../../build/laser_shotting_car/laser_shotting_car.egg-info/SOURCES.txt'
[2.200s] running build
[2.200s] running build_py
[2.201s] copying laser_shotting_car/main_controller.py -> /home/orangepi/ros2_workspace/school_competition/build/laser_shotting_car/build/lib/laser_shotting_car
[2.201s] running install
[2.201s] running install_lib
[2.202s] copying /home/orangepi/ros2_workspace/school_competition/build/laser_shotting_car/build/lib/laser_shotting_car/main_controller.py -> /home/orangepi/ros2_workspace/school_competition/install/lib/python3.10/site-packages/laser_shotting_car
[2.202s] byte-compiling /home/orangepi/ros2_workspace/school_competition/install/lib/python3.10/site-packages/laser_shotting_car/main_controller.py to main_controller.cpython-310.pyc
[2.203s] running install_data
[2.204s] running install_egg_info
[2.208s] removing '/home/orangepi/ros2_workspace/school_competition/install/lib/python3.10/site-packages/laser_shotting_car-0.0.0-py3.10.egg-info' (and everything under it)
[2.209s] Copying ../../build/laser_shotting_car/laser_shotting_car.egg-info to /home/orangepi/ros2_workspace/school_competition/install/lib/python3.10/site-packages/laser_shotting_car-0.0.0-py3.10.egg-info
[2.209s] running install_scripts
[2.259s] Installing camera_publisher script to /home/orangepi/ros2_workspace/school_competition/install/lib/laser_shotting_car
[2.268s] Installing circle_laser_detector script to /home/orangepi/ros2_workspace/school_competition/install/lib/laser_shotting_car
[2.268s] Installing lidar_processor script to /home/orangepi/ros2_workspace/school_competition/install/lib/laser_shotting_car
[2.268s] Installing main_controller script to /home/orangepi/ros2_workspace/school_competition/install/lib/laser_shotting_car
[2.268s] Installing yolov8_detector script to /home/orangepi/ros2_workspace/school_competition/install/lib/laser_shotting_car
[2.268s] writing list of installed files to '/home/orangepi/ros2_workspace/school_competition/build/laser_shotting_car/install.log'
[2.467s] Invoked command in '/home/orangepi/ros2_workspace/school_competition/src/laser_shotting_car' returned '0': PYTHONPATH=/home/orangepi/ros2_workspace/school_competition/build/laser_shotting_car/prefix_override:/usr/lib/python3/dist-packages/colcon_core/task/python/colcon_distutils_commands:/home/orangepi/ros2_workspace/school_competition/install/lib/python3.10/site-packages:${PYTHONPATH} /usr/bin/python3 -W ignore:setup.py install is deprecated -W ignore:easy_install command is deprecated setup.py egg_info --egg-base ../../build/laser_shotting_car build --build-base /home/orangepi/ros2_workspace/school_competition/build/laser_shotting_car/build install --record /home/orangepi/ros2_workspace/school_competition/build/laser_shotting_car/install.log --single-version-externally-managed install_data
