[0.072s] Invoking command in '/home/orangepi/ros2_workspace/school_competition/build/base': CMAKE_PREFIX_PATH=${CMAKE_PREFIX_PATH}:/root/lanhailidar_ros_ws/install/scan_subscriber:/opt/ros/humble /usr/bin/cmake --build /home/orangepi/ros2_workspace/school_competition/build/base -- -j8 -l8
[0.504s] [  3%] [34m[1mGenerating C code for ROS interfaces[0m
[0.505s] [  6%] [34m[1mGenerating C++ code for ROS interfaces[0m
[0.505s] [  6%] Built target ament_cmake_python_copy_base
[0.582s] running egg_info
[0.583s] creating base.egg-info
[0.584s] writing base.egg-info/PKG-INFO
[0.585s] writing dependency_links to base.egg-info/dependency_links.txt
[0.585s] writing top-level names to base.egg-info/top_level.txt
[0.586s] writing manifest file 'base.egg-info/SOURCES.txt'
[0.589s] reading manifest file 'base.egg-info/SOURCES.txt'
[0.590s] writing manifest file 'base.egg-info/SOURCES.txt'
[0.654s] [  6%] Built target ament_cmake_python_build_base_egg
[0.670s] [  6%] Built target base__cpp
[0.683s] [  9%] [32mBuilding C object CMakeFiles/base__rosidl_generator_c.dir/rosidl_generator_c/base/srv/detail/control__functions.c.o[0m
[0.697s] [ 16%] [34m[1mGenerating C++ type support dispatch for ROS interfaces[0m
[0.697s] [ 16%] [34m[1mGenerating C++ introspection for ROS interfaces[0m
[0.697s] [ 19%] [34m[1mGenerating C++ type support for eProsima Fast-RTPS[0m
[0.829s] [ 22%] [32m[1mLinking C shared library libbase__rosidl_generator_c.so[0m
[0.949s] [ 22%] Built target base__rosidl_generator_c
[0.968s] [ 25%] [34m[1mGenerating C type support for eProsima Fast-RTPS[0m
[0.981s] [ 29%] [34m[1mGenerating C introspection for ROS interfaces[0m
[0.984s] [ 32%] [34m[1mGenerating C type support dispatch for ROS interfaces[0m
[1.066s] [ 35%] [32mBuilding CXX object CMakeFiles/base__rosidl_typesupport_cpp.dir/rosidl_typesupport_cpp/base/srv/control__type_support.cpp.o[0m
[1.099s] [ 38%] [32mBuilding CXX object CMakeFiles/base__rosidl_typesupport_introspection_cpp.dir/rosidl_typesupport_introspection_cpp/base/srv/detail/control__type_support.cpp.o[0m
[1.149s] [ 41%] [32mBuilding CXX object CMakeFiles/base__rosidl_typesupport_fastrtps_cpp.dir/rosidl_typesupport_fastrtps_cpp/base/srv/detail/dds_fastrtps/control__type_support.cpp.o[0m
[1.447s] [ 45%] [32mBuilding CXX object CMakeFiles/base__rosidl_typesupport_fastrtps_c.dir/rosidl_typesupport_fastrtps_c/base/srv/detail/control__type_support_c.cpp.o[0m
[1.450s] [ 48%] [32mBuilding CXX object CMakeFiles/base__rosidl_typesupport_c.dir/rosidl_typesupport_c/base/srv/control__type_support.cpp.o[0m
[1.457s] [ 51%] [32m[1mLinking CXX shared library libbase__rosidl_typesupport_cpp.so[0m
[1.494s] [ 54%] [32m[1mLinking CXX shared library libbase__rosidl_typesupport_c.so[0m
[1.529s] [ 54%] Built target base__rosidl_typesupport_cpp
[1.560s] [ 54%] Built target base__rosidl_typesupport_c
[1.882s] [ 58%] [32mBuilding C object CMakeFiles/base__rosidl_typesupport_introspection_c.dir/rosidl_typesupport_introspection_c/base/srv/detail/control__type_support.c.o[0m
[1.909s] [ 61%] [32m[1mLinking CXX shared library libbase__rosidl_typesupport_introspection_cpp.so[0m
[1.947s] [ 64%] [32m[1mLinking C shared library libbase__rosidl_typesupport_introspection_c.so[0m
[2.002s] [ 64%] Built target base__rosidl_typesupport_introspection_c
[2.044s] [ 64%] Built target base__rosidl_typesupport_introspection_cpp
[2.331s] [ 67%] [32m[1mLinking CXX shared library libbase__rosidl_typesupport_fastrtps_cpp.so[0m
[2.451s] [ 70%] [32m[1mLinking CXX shared library libbase__rosidl_typesupport_fastrtps_c.so[0m
[2.528s] [ 70%] Built target base__rosidl_typesupport_fastrtps_cpp
[2.629s] [ 70%] Built target base__rosidl_typesupport_fastrtps_c
[2.690s] [ 70%] Built target base
[2.745s] [ 74%] [34m[1mGenerating Python code for ROS interfaces[0m
[3.292s] [ 74%] Built target base__py
[3.350s] [ 77%] [32mBuilding C object CMakeFiles/base__rosidl_generator_py.dir/rosidl_generator_py/base/srv/_control_s.c.o[0m
[3.576s] [ 80%] [32m[1mLinking C shared library rosidl_generator_py/base/libbase__rosidl_generator_py.so[0m
[3.683s] [ 80%] Built target base__rosidl_generator_py
[3.717s] [ 83%] [32mBuilding C object CMakeFiles/base__rosidl_typesupport_c__pyext.dir/rosidl_generator_py/base/_base_s.ep.rosidl_typesupport_c.c.o[0m
[3.728s] [ 87%] [32mBuilding C object CMakeFiles/base__rosidl_typesupport_introspection_c__pyext.dir/rosidl_generator_py/base/_base_s.ep.rosidl_typesupport_introspection_c.c.o[0m
[3.740s] [ 90%] [32mBuilding C object CMakeFiles/base__rosidl_typesupport_fastrtps_c__pyext.dir/rosidl_generator_py/base/_base_s.ep.rosidl_typesupport_fastrtps_c.c.o[0m
[3.885s] [ 93%] [32m[1mLinking C shared library rosidl_generator_py/base/base_s__rosidl_typesupport_introspection_c.cpython-310-aarch64-linux-gnu.so[0m
[3.899s] [ 96%] [32m[1mLinking C shared library rosidl_generator_py/base/base_s__rosidl_typesupport_c.cpython-310-aarch64-linux-gnu.so[0m
[3.908s] [100%] [32m[1mLinking C shared library rosidl_generator_py/base/base_s__rosidl_typesupport_fastrtps_c.cpython-310-aarch64-linux-gnu.so[0m
[3.965s] [100%] Built target base__rosidl_typesupport_introspection_c__pyext
[3.970s] [100%] Built target base__rosidl_typesupport_c__pyext
[4.011s] [100%] Built target base__rosidl_typesupport_fastrtps_c__pyext
[4.047s] Invoked command in '/home/orangepi/ros2_workspace/school_competition/build/base' returned '0': CMAKE_PREFIX_PATH=${CMAKE_PREFIX_PATH}:/root/lanhailidar_ros_ws/install/scan_subscriber:/opt/ros/humble /usr/bin/cmake --build /home/orangepi/ros2_workspace/school_competition/build/base -- -j8 -l8
[4.072s] Invoking command in '/home/orangepi/ros2_workspace/school_competition/build/base': CMAKE_PREFIX_PATH=${CMAKE_PREFIX_PATH}:/root/lanhailidar_ros_ws/install/scan_subscriber:/opt/ros/humble /usr/bin/cmake --install /home/orangepi/ros2_workspace/school_competition/build/base
[4.099s] -- Install configuration: ""
[4.100s] -- Installing: /home/orangepi/ros2_workspace/school_competition/install/share/ament_index/resource_index/rosidl_interfaces/base
[4.101s] -- Installing: /home/orangepi/ros2_workspace/school_competition/install/include/base/base
[4.102s] -- Installing: /home/orangepi/ros2_workspace/school_competition/install/include/base/base/msg
[4.102s] -- Installing: /home/orangepi/ros2_workspace/school_competition/install/include/base/base/msg/rosidl_generator_c__visibility_control.h
[4.103s] -- Installing: /home/orangepi/ros2_workspace/school_competition/install/include/base/base/srv
[4.103s] -- Installing: /home/orangepi/ros2_workspace/school_competition/install/include/base/base/srv/detail
[4.103s] -- Installing: /home/orangepi/ros2_workspace/school_competition/install/include/base/base/srv/detail/control__type_support.h
[4.104s] -- Installing: /home/orangepi/ros2_workspace/school_competition/install/include/base/base/srv/detail/control__struct.h
[4.105s] -- Installing: /home/orangepi/ros2_workspace/school_competition/install/include/base/base/srv/detail/control__functions.c
[4.106s] -- Installing: /home/orangepi/ros2_workspace/school_competition/install/include/base/base/srv/detail/control__functions.h
[4.107s] -- Installing: /home/orangepi/ros2_workspace/school_competition/install/include/base/base/srv/control.h
[4.108s] -- Installing: /home/orangepi/ros2_workspace/school_competition/install/share/base/environment/library_path.sh
[4.109s] -- Installing: /home/orangepi/ros2_workspace/school_competition/install/share/base/environment/library_path.dsv
[4.110s] -- Installing: /home/orangepi/ros2_workspace/school_competition/install/lib/libbase__rosidl_generator_c.so
[4.112s] -- Set runtime path of "/home/orangepi/ros2_workspace/school_competition/install/lib/libbase__rosidl_generator_c.so" to ""
[4.112s] -- Up-to-date: /home/orangepi/ros2_workspace/school_competition/install/include/base/base
[4.112s] -- Up-to-date: /home/orangepi/ros2_workspace/school_competition/install/include/base/base/msg
[4.113s] -- Installing: /home/orangepi/ros2_workspace/school_competition/install/include/base/base/msg/rosidl_typesupport_fastrtps_c__visibility_control.h
[4.113s] -- Up-to-date: /home/orangepi/ros2_workspace/school_competition/install/include/base/base/srv
[4.113s] -- Up-to-date: /home/orangepi/ros2_workspace/school_competition/install/include/base/base/srv/detail
[4.113s] -- Installing: /home/orangepi/ros2_workspace/school_competition/install/include/base/base/srv/detail/control__rosidl_typesupport_fastrtps_c.h
[4.113s] -- Installing: /home/orangepi/ros2_workspace/school_competition/install/lib/libbase__rosidl_typesupport_fastrtps_c.so
[4.113s] -- Set runtime path of "/home/orangepi/ros2_workspace/school_competition/install/lib/libbase__rosidl_typesupport_fastrtps_c.so" to ""
[4.113s] -- Up-to-date: /home/orangepi/ros2_workspace/school_competition/install/include/base/base
[4.114s] -- Up-to-date: /home/orangepi/ros2_workspace/school_competition/install/include/base/base/msg
[4.114s] -- Installing: /home/orangepi/ros2_workspace/school_competition/install/include/base/base/msg/rosidl_generator_cpp__visibility_control.hpp
[4.114s] -- Up-to-date: /home/orangepi/ros2_workspace/school_competition/install/include/base/base/srv
[4.114s] -- Up-to-date: /home/orangepi/ros2_workspace/school_competition/install/include/base/base/srv/detail
[4.114s] -- Installing: /home/orangepi/ros2_workspace/school_competition/install/include/base/base/srv/detail/control__traits.hpp
[4.114s] -- Installing: /home/orangepi/ros2_workspace/school_competition/install/include/base/base/srv/detail/control__builder.hpp
[4.114s] -- Installing: /home/orangepi/ros2_workspace/school_competition/install/include/base/base/srv/detail/control__struct.hpp
[4.115s] -- Installing: /home/orangepi/ros2_workspace/school_competition/install/include/base/base/srv/detail/control__type_support.hpp
[4.115s] -- Installing: /home/orangepi/ros2_workspace/school_competition/install/include/base/base/srv/control.hpp
[4.115s] -- Up-to-date: /home/orangepi/ros2_workspace/school_competition/install/include/base/base
[4.115s] -- Up-to-date: /home/orangepi/ros2_workspace/school_competition/install/include/base/base/msg
[4.115s] -- Installing: /home/orangepi/ros2_workspace/school_competition/install/include/base/base/msg/rosidl_typesupport_fastrtps_cpp__visibility_control.h
[4.115s] -- Up-to-date: /home/orangepi/ros2_workspace/school_competition/install/include/base/base/srv
[4.115s] -- Up-to-date: /home/orangepi/ros2_workspace/school_competition/install/include/base/base/srv/detail
[4.115s] -- Installing: /home/orangepi/ros2_workspace/school_competition/install/include/base/base/srv/detail/control__rosidl_typesupport_fastrtps_cpp.hpp
[4.115s] -- Installing: /home/orangepi/ros2_workspace/school_competition/install/include/base/base/srv/detail/dds_fastrtps
[4.116s] -- Installing: /home/orangepi/ros2_workspace/school_competition/install/lib/libbase__rosidl_typesupport_fastrtps_cpp.so
[4.116s] -- Set runtime path of "/home/orangepi/ros2_workspace/school_competition/install/lib/libbase__rosidl_typesupport_fastrtps_cpp.so" to ""
[4.116s] -- Up-to-date: /home/orangepi/ros2_workspace/school_competition/install/include/base/base
[4.116s] -- Up-to-date: /home/orangepi/ros2_workspace/school_competition/install/include/base/base/msg
[4.116s] -- Installing: /home/orangepi/ros2_workspace/school_competition/install/include/base/base/msg/rosidl_typesupport_introspection_c__visibility_control.h
[4.116s] -- Up-to-date: /home/orangepi/ros2_workspace/school_competition/install/include/base/base/srv
[4.116s] -- Up-to-date: /home/orangepi/ros2_workspace/school_competition/install/include/base/base/srv/detail
[4.116s] -- Installing: /home/orangepi/ros2_workspace/school_competition/install/include/base/base/srv/detail/control__type_support.c
[4.117s] -- Installing: /home/orangepi/ros2_workspace/school_competition/install/include/base/base/srv/detail/control__rosidl_typesupport_introspection_c.h
[4.117s] -- Installing: /home/orangepi/ros2_workspace/school_competition/install/lib/libbase__rosidl_typesupport_introspection_c.so
[4.117s] -- Set runtime path of "/home/orangepi/ros2_workspace/school_competition/install/lib/libbase__rosidl_typesupport_introspection_c.so" to ""
[4.117s] -- Installing: /home/orangepi/ros2_workspace/school_competition/install/lib/libbase__rosidl_typesupport_c.so
[4.117s] -- Set runtime path of "/home/orangepi/ros2_workspace/school_competition/install/lib/libbase__rosidl_typesupport_c.so" to ""
[4.117s] -- Up-to-date: /home/orangepi/ros2_workspace/school_competition/install/include/base/base
[4.117s] -- Up-to-date: /home/orangepi/ros2_workspace/school_competition/install/include/base/base/srv
[4.117s] -- Up-to-date: /home/orangepi/ros2_workspace/school_competition/install/include/base/base/srv/detail
[4.117s] -- Installing: /home/orangepi/ros2_workspace/school_competition/install/include/base/base/srv/detail/control__type_support.cpp
[4.118s] -- Installing: /home/orangepi/ros2_workspace/school_competition/install/include/base/base/srv/detail/control__rosidl_typesupport_introspection_cpp.hpp
[4.118s] -- Installing: /home/orangepi/ros2_workspace/school_competition/install/lib/libbase__rosidl_typesupport_introspection_cpp.so
[4.118s] -- Set runtime path of "/home/orangepi/ros2_workspace/school_competition/install/lib/libbase__rosidl_typesupport_introspection_cpp.so" to ""
[4.118s] -- Installing: /home/orangepi/ros2_workspace/school_competition/install/lib/libbase__rosidl_typesupport_cpp.so
[4.118s] -- Set runtime path of "/home/orangepi/ros2_workspace/school_competition/install/lib/libbase__rosidl_typesupport_cpp.so" to ""
[4.118s] -- Installing: /home/orangepi/ros2_workspace/school_competition/install/share/base/environment/pythonpath.sh
[4.119s] -- Installing: /home/orangepi/ros2_workspace/school_competition/install/share/base/environment/pythonpath.dsv
[4.119s] -- Installing: /home/orangepi/ros2_workspace/school_competition/install/local/lib/python3.10/dist-packages/base-0.0.0-py3.10.egg-info
[4.119s] -- Installing: /home/orangepi/ros2_workspace/school_competition/install/local/lib/python3.10/dist-packages/base-0.0.0-py3.10.egg-info/PKG-INFO
[4.119s] -- Installing: /home/orangepi/ros2_workspace/school_competition/install/local/lib/python3.10/dist-packages/base-0.0.0-py3.10.egg-info/dependency_links.txt
[4.119s] -- Installing: /home/orangepi/ros2_workspace/school_competition/install/local/lib/python3.10/dist-packages/base-0.0.0-py3.10.egg-info/SOURCES.txt
[4.119s] -- Installing: /home/orangepi/ros2_workspace/school_competition/install/local/lib/python3.10/dist-packages/base-0.0.0-py3.10.egg-info/top_level.txt
[4.120s] -- Installing: /home/orangepi/ros2_workspace/school_competition/install/local/lib/python3.10/dist-packages/base
[4.120s] -- Installing: /home/orangepi/ros2_workspace/school_competition/install/local/lib/python3.10/dist-packages/base/srv
[4.120s] -- Installing: /home/orangepi/ros2_workspace/school_competition/install/local/lib/python3.10/dist-packages/base/srv/_control.py
[4.120s] -- Installing: /home/orangepi/ros2_workspace/school_competition/install/local/lib/python3.10/dist-packages/base/srv/_control_s.c
[4.120s] -- Installing: /home/orangepi/ros2_workspace/school_competition/install/local/lib/python3.10/dist-packages/base/srv/__init__.py
[4.120s] -- Installing: /home/orangepi/ros2_workspace/school_competition/install/local/lib/python3.10/dist-packages/base/base_s__rosidl_typesupport_fastrtps_c.cpython-310-aarch64-linux-gnu.so
[4.120s] -- Installing: /home/orangepi/ros2_workspace/school_competition/install/local/lib/python3.10/dist-packages/base/__init__.py
[4.120s] -- Installing: /home/orangepi/ros2_workspace/school_competition/install/local/lib/python3.10/dist-packages/base/_base_s.ep.rosidl_typesupport_fastrtps_c.c
[4.121s] -- Installing: /home/orangepi/ros2_workspace/school_competition/install/local/lib/python3.10/dist-packages/base/libbase__rosidl_generator_py.so
[4.121s] -- Installing: /home/orangepi/ros2_workspace/school_competition/install/local/lib/python3.10/dist-packages/base/base_s__rosidl_typesupport_introspection_c.cpython-310-aarch64-linux-gnu.so
[4.121s] -- Installing: /home/orangepi/ros2_workspace/school_competition/install/local/lib/python3.10/dist-packages/base/_base_s.ep.rosidl_typesupport_c.c
[4.121s] -- Installing: /home/orangepi/ros2_workspace/school_competition/install/local/lib/python3.10/dist-packages/base/base_s__rosidl_typesupport_c.cpython-310-aarch64-linux-gnu.so
[4.121s] -- Installing: /home/orangepi/ros2_workspace/school_competition/install/local/lib/python3.10/dist-packages/base/_base_s.ep.rosidl_typesupport_introspection_c.c
[4.213s] Listing '/home/orangepi/ros2_workspace/school_competition/install/local/lib/python3.10/dist-packages/base'...
[4.213s] Compiling '/home/orangepi/ros2_workspace/school_competition/install/local/lib/python3.10/dist-packages/base/__init__.py'...
[4.213s] Listing '/home/orangepi/ros2_workspace/school_competition/install/local/lib/python3.10/dist-packages/base/srv'...
[4.213s] Compiling '/home/orangepi/ros2_workspace/school_competition/install/local/lib/python3.10/dist-packages/base/srv/__init__.py'...
[4.213s] Compiling '/home/orangepi/ros2_workspace/school_competition/install/local/lib/python3.10/dist-packages/base/srv/_control.py'...
[4.222s] -- Installing: /home/orangepi/ros2_workspace/school_competition/install/local/lib/python3.10/dist-packages/base/base_s__rosidl_typesupport_fastrtps_c.cpython-310-aarch64-linux-gnu.so
[4.222s] -- Set runtime path of "/home/orangepi/ros2_workspace/school_competition/install/local/lib/python3.10/dist-packages/base/base_s__rosidl_typesupport_fastrtps_c.cpython-310-aarch64-linux-gnu.so" to ""
[4.223s] -- Installing: /home/orangepi/ros2_workspace/school_competition/install/local/lib/python3.10/dist-packages/base/base_s__rosidl_typesupport_introspection_c.cpython-310-aarch64-linux-gnu.so
[4.223s] -- Set runtime path of "/home/orangepi/ros2_workspace/school_competition/install/local/lib/python3.10/dist-packages/base/base_s__rosidl_typesupport_introspection_c.cpython-310-aarch64-linux-gnu.so" to ""
[4.223s] -- Installing: /home/orangepi/ros2_workspace/school_competition/install/local/lib/python3.10/dist-packages/base/base_s__rosidl_typesupport_c.cpython-310-aarch64-linux-gnu.so
[4.223s] -- Set runtime path of "/home/orangepi/ros2_workspace/school_competition/install/local/lib/python3.10/dist-packages/base/base_s__rosidl_typesupport_c.cpython-310-aarch64-linux-gnu.so" to ""
[4.224s] -- Installing: /home/orangepi/ros2_workspace/school_competition/install/lib/libbase__rosidl_generator_py.so
[4.224s] -- Set runtime path of "/home/orangepi/ros2_workspace/school_competition/install/lib/libbase__rosidl_generator_py.so" to ""
[4.224s] -- Installing: /home/orangepi/ros2_workspace/school_competition/install/share/base/srv/Control.idl
[4.224s] -- Installing: /home/orangepi/ros2_workspace/school_competition/install/share/base/srv/Control.srv
[4.225s] -- Installing: /home/orangepi/ros2_workspace/school_competition/install/share/base/srv/Control_Request.msg
[4.225s] -- Installing: /home/orangepi/ros2_workspace/school_competition/install/share/base/srv/Control_Response.msg
[4.225s] -- Installing: /home/orangepi/ros2_workspace/school_competition/install/share/ament_index/resource_index/package_run_dependencies/base
[4.225s] -- Installing: /home/orangepi/ros2_workspace/school_competition/install/share/ament_index/resource_index/parent_prefix_path/base
[4.225s] -- Installing: /home/orangepi/ros2_workspace/school_competition/install/share/base/environment/ament_prefix_path.sh
[4.225s] -- Installing: /home/orangepi/ros2_workspace/school_competition/install/share/base/environment/ament_prefix_path.dsv
[4.226s] -- Installing: /home/orangepi/ros2_workspace/school_competition/install/share/base/environment/path.sh
[4.226s] -- Installing: /home/orangepi/ros2_workspace/school_competition/install/share/base/environment/path.dsv
[4.226s] -- Installing: /home/orangepi/ros2_workspace/school_competition/install/share/base/local_setup.bash
[4.226s] -- Installing: /home/orangepi/ros2_workspace/school_competition/install/share/base/local_setup.sh
[4.226s] -- Installing: /home/orangepi/ros2_workspace/school_competition/install/share/base/local_setup.zsh
[4.226s] -- Installing: /home/orangepi/ros2_workspace/school_competition/install/share/base/local_setup.dsv
[4.226s] -- Installing: /home/orangepi/ros2_workspace/school_competition/install/share/base/package.dsv
[4.227s] -- Installing: /home/orangepi/ros2_workspace/school_competition/install/share/ament_index/resource_index/packages/base
[4.227s] -- Installing: /home/orangepi/ros2_workspace/school_competition/install/share/base/cmake/export_base__rosidl_generator_cExport.cmake
[4.227s] -- Installing: /home/orangepi/ros2_workspace/school_competition/install/share/base/cmake/export_base__rosidl_generator_cExport-noconfig.cmake
[4.227s] -- Installing: /home/orangepi/ros2_workspace/school_competition/install/share/base/cmake/export_base__rosidl_typesupport_fastrtps_cExport.cmake
[4.227s] -- Installing: /home/orangepi/ros2_workspace/school_competition/install/share/base/cmake/export_base__rosidl_typesupport_fastrtps_cExport-noconfig.cmake
[4.228s] -- Installing: /home/orangepi/ros2_workspace/school_competition/install/share/base/cmake/export_base__rosidl_generator_cppExport.cmake
[4.228s] -- Installing: /home/orangepi/ros2_workspace/school_competition/install/share/base/cmake/export_base__rosidl_typesupport_fastrtps_cppExport.cmake
[4.228s] -- Installing: /home/orangepi/ros2_workspace/school_competition/install/share/base/cmake/export_base__rosidl_typesupport_fastrtps_cppExport-noconfig.cmake
[4.228s] -- Installing: /home/orangepi/ros2_workspace/school_competition/install/share/base/cmake/base__rosidl_typesupport_introspection_cExport.cmake
[4.228s] -- Installing: /home/orangepi/ros2_workspace/school_competition/install/share/base/cmake/base__rosidl_typesupport_introspection_cExport-noconfig.cmake
[4.228s] -- Installing: /home/orangepi/ros2_workspace/school_competition/install/share/base/cmake/base__rosidl_typesupport_cExport.cmake
[4.229s] -- Installing: /home/orangepi/ros2_workspace/school_competition/install/share/base/cmake/base__rosidl_typesupport_cExport-noconfig.cmake
[4.229s] -- Installing: /home/orangepi/ros2_workspace/school_competition/install/share/base/cmake/base__rosidl_typesupport_introspection_cppExport.cmake
[4.229s] -- Installing: /home/orangepi/ros2_workspace/school_competition/install/share/base/cmake/base__rosidl_typesupport_introspection_cppExport-noconfig.cmake
[4.229s] -- Installing: /home/orangepi/ros2_workspace/school_competition/install/share/base/cmake/base__rosidl_typesupport_cppExport.cmake
[4.229s] -- Installing: /home/orangepi/ros2_workspace/school_competition/install/share/base/cmake/base__rosidl_typesupport_cppExport-noconfig.cmake
[4.230s] -- Installing: /home/orangepi/ros2_workspace/school_competition/install/share/base/cmake/export_base__rosidl_generator_pyExport.cmake
[4.230s] -- Installing: /home/orangepi/ros2_workspace/school_competition/install/share/base/cmake/export_base__rosidl_generator_pyExport-noconfig.cmake
[4.230s] -- Installing: /home/orangepi/ros2_workspace/school_competition/install/share/base/cmake/rosidl_cmake-extras.cmake
[4.230s] -- Installing: /home/orangepi/ros2_workspace/school_competition/install/share/base/cmake/ament_cmake_export_include_directories-extras.cmake
[4.230s] -- Installing: /home/orangepi/ros2_workspace/school_competition/install/share/base/cmake/ament_cmake_export_libraries-extras.cmake
[4.230s] -- Installing: /home/orangepi/ros2_workspace/school_competition/install/share/base/cmake/ament_cmake_export_targets-extras.cmake
[4.231s] -- Installing: /home/orangepi/ros2_workspace/school_competition/install/share/base/cmake/rosidl_cmake_export_typesupport_targets-extras.cmake
[4.231s] -- Installing: /home/orangepi/ros2_workspace/school_competition/install/share/base/cmake/ament_cmake_export_dependencies-extras.cmake
[4.231s] -- Installing: /home/orangepi/ros2_workspace/school_competition/install/share/base/cmake/rosidl_cmake_export_typesupport_libraries-extras.cmake
[4.231s] -- Installing: /home/orangepi/ros2_workspace/school_competition/install/share/base/cmake/baseConfig.cmake
[4.231s] -- Installing: /home/orangepi/ros2_workspace/school_competition/install/share/base/cmake/baseConfig-version.cmake
[4.231s] -- Installing: /home/orangepi/ros2_workspace/school_competition/install/share/base/package.xml
[4.235s] Invoked command in '/home/orangepi/ros2_workspace/school_competition/build/base' returned '0': CMAKE_PREFIX_PATH=${CMAKE_PREFIX_PATH}:/root/lanhailidar_ros_ws/install/scan_subscriber:/opt/ros/humble /usr/bin/cmake --install /home/orangepi/ros2_workspace/school_competition/build/base
