[0.188s] Invoking command in '/home/orangepi/ros2_workspace/school_competition/build/bluesea2': CMAKE_PREFIX_PATH=${CMAKE_PREFIX_PATH}:/root/lanhailidar_ros_ws/install/scan_subscriber:/opt/ros/humble PYTHONPATH=/home/orangepi/ros2_workspace/school_competition/install/lib/python3.10/site-packages:/home/orangepi/ros2_workspace/school_competition/install/local/lib/python3.10/dist-packages:/root/lanhailidar_ros_ws/install/scan_subscriber/lib/python3.10/site-packages:/root/lanhailidar_ros_ws/install/base/local/lib/python3.10/dist-packages:/opt/ros/humble/lib/python3.10/site-packages:/opt/ros/humble/local/lib/python3.10/dist-packages /usr/bin/cmake --build /home/orangepi/ros2_workspace/school_competition/build/bluesea2 -- -j8 -l8
[0.598s] [ 69%] Built target bluesea2_node
[0.770s] [ 84%] Built target bluesea2_heart_check
[0.875s] [100%] Built target bluesea2_client
[0.934s] Invoked command in '/home/orangepi/ros2_workspace/school_competition/build/bluesea2' returned '0': CMAKE_PREFIX_PATH=${CMAKE_PREFIX_PATH}:/root/lanhailidar_ros_ws/install/scan_subscriber:/opt/ros/humble PYTHONPATH=/home/orangepi/ros2_workspace/school_competition/install/lib/python3.10/site-packages:/home/orangepi/ros2_workspace/school_competition/install/local/lib/python3.10/dist-packages:/root/lanhailidar_ros_ws/install/scan_subscriber/lib/python3.10/site-packages:/root/lanhailidar_ros_ws/install/base/local/lib/python3.10/dist-packages:/opt/ros/humble/lib/python3.10/site-packages:/opt/ros/humble/local/lib/python3.10/dist-packages /usr/bin/cmake --build /home/orangepi/ros2_workspace/school_competition/build/bluesea2 -- -j8 -l8
[0.935s] Invoking command in '/home/orangepi/ros2_workspace/school_competition/build/bluesea2': CMAKE_PREFIX_PATH=${CMAKE_PREFIX_PATH}:/root/lanhailidar_ros_ws/install/scan_subscriber:/opt/ros/humble PYTHONPATH=/home/orangepi/ros2_workspace/school_competition/install/lib/python3.10/site-packages:/home/orangepi/ros2_workspace/school_competition/install/local/lib/python3.10/dist-packages:/root/lanhailidar_ros_ws/install/scan_subscriber/lib/python3.10/site-packages:/root/lanhailidar_ros_ws/install/base/local/lib/python3.10/dist-packages:/opt/ros/humble/lib/python3.10/site-packages:/opt/ros/humble/local/lib/python3.10/dist-packages /usr/bin/cmake --install /home/orangepi/ros2_workspace/school_competition/build/bluesea2
[0.958s] -- Install configuration: ""
[0.958s] -- Up-to-date: /home/orangepi/ros2_workspace/school_competition/install/lib/bluesea2/bluesea2_node
[0.959s] -- Up-to-date: /home/orangepi/ros2_workspace/school_competition/install/lib/bluesea2/bluesea2_client
[0.967s] -- Up-to-date: /home/orangepi/ros2_workspace/school_competition/install/lib/bluesea2/bluesea2_heart_check
[0.968s] -- Up-to-date: /home/orangepi/ros2_workspace/school_competition/install/share/bluesea2/launch
[0.969s] -- Up-to-date: /home/orangepi/ros2_workspace/school_competition/install/share/bluesea2/launch/dual_udp_lidar.launch
[0.971s] -- Up-to-date: /home/orangepi/ros2_workspace/school_competition/install/share/bluesea2/launch/udp_lidar.launch
[0.972s] -- Up-to-date: /home/orangepi/ros2_workspace/school_competition/install/share/bluesea2/launch/vpc_lidar.launch
[0.980s] -- Up-to-date: /home/orangepi/ros2_workspace/school_competition/install/share/bluesea2/launch/LDS-U50C-S.launch
[0.981s] -- Up-to-date: /home/orangepi/ros2_workspace/school_competition/install/share/bluesea2/launch/heart_check.launch
[0.981s] -- Up-to-date: /home/orangepi/ros2_workspace/school_competition/install/share/bluesea2/launch/LDS-U80C-S.launch
[0.981s] -- Up-to-date: /home/orangepi/ros2_workspace/school_competition/install/share/bluesea2/launch/uart_lidar.launch
[0.981s] -- Up-to-date: /home/orangepi/ros2_workspace/school_competition/install/share/bluesea2/params
[0.981s] -- Up-to-date: /home/orangepi/ros2_workspace/school_competition/install/share/bluesea2/params/LDS-U80C-S.yaml
[0.981s] -- Up-to-date: /home/orangepi/ros2_workspace/school_competition/install/share/bluesea2/params/dual_udp_lidar.yaml
[0.981s] -- Up-to-date: /home/orangepi/ros2_workspace/school_competition/install/share/bluesea2/params/udp_lidar.yaml
[0.982s] -- Up-to-date: /home/orangepi/ros2_workspace/school_competition/install/share/bluesea2/params/vpc_lidar.yaml
[0.987s] -- Up-to-date: /home/orangepi/ros2_workspace/school_competition/install/share/bluesea2/params/uart_lidar.yaml
[0.989s] -- Up-to-date: /home/orangepi/ros2_workspace/school_competition/install/share/bluesea2/params/LDS-U50C-S.yaml
[0.993s] -- Up-to-date: /home/orangepi/ros2_workspace/school_competition/install/share/bluesea2/params/other
[1.001s] -- Up-to-date: /home/orangepi/ros2_workspace/school_competition/install/share/ament_index/resource_index/package_run_dependencies/bluesea2
[1.002s] -- Up-to-date: /home/orangepi/ros2_workspace/school_competition/install/share/ament_index/resource_index/parent_prefix_path/bluesea2
[1.002s] -- Up-to-date: /home/orangepi/ros2_workspace/school_competition/install/share/bluesea2/environment/ament_prefix_path.sh
[1.002s] -- Up-to-date: /home/orangepi/ros2_workspace/school_competition/install/share/bluesea2/environment/ament_prefix_path.dsv
[1.002s] -- Up-to-date: /home/orangepi/ros2_workspace/school_competition/install/share/bluesea2/environment/path.sh
[1.002s] -- Up-to-date: /home/orangepi/ros2_workspace/school_competition/install/share/bluesea2/environment/path.dsv
[1.002s] -- Up-to-date: /home/orangepi/ros2_workspace/school_competition/install/share/bluesea2/local_setup.bash
[1.002s] -- Up-to-date: /home/orangepi/ros2_workspace/school_competition/install/share/bluesea2/local_setup.sh
[1.003s] -- Up-to-date: /home/orangepi/ros2_workspace/school_competition/install/share/bluesea2/local_setup.zsh
[1.003s] -- Up-to-date: /home/orangepi/ros2_workspace/school_competition/install/share/bluesea2/local_setup.dsv
[1.003s] -- Installing: /home/orangepi/ros2_workspace/school_competition/install/share/bluesea2/package.dsv
[1.003s] -- Up-to-date: /home/orangepi/ros2_workspace/school_competition/install/share/ament_index/resource_index/packages/bluesea2
[1.003s] -- Up-to-date: /home/orangepi/ros2_workspace/school_competition/install/share/bluesea2/cmake/bluesea2Config.cmake
[1.006s] -- Up-to-date: /home/orangepi/ros2_workspace/school_competition/install/share/bluesea2/cmake/bluesea2Config-version.cmake
[1.006s] -- Up-to-date: /home/orangepi/ros2_workspace/school_competition/install/share/bluesea2/package.xml
[1.006s] Invoked command in '/home/orangepi/ros2_workspace/school_competition/build/bluesea2' returned '0': CMAKE_PREFIX_PATH=${CMAKE_PREFIX_PATH}:/root/lanhailidar_ros_ws/install/scan_subscriber:/opt/ros/humble PYTHONPATH=/home/orangepi/ros2_workspace/school_competition/install/lib/python3.10/site-packages:/home/orangepi/ros2_workspace/school_competition/install/local/lib/python3.10/dist-packages:/root/lanhailidar_ros_ws/install/scan_subscriber/lib/python3.10/site-packages:/root/lanhailidar_ros_ws/install/base/local/lib/python3.10/dist-packages:/opt/ros/humble/lib/python3.10/site-packages:/opt/ros/humble/local/lib/python3.10/dist-packages /usr/bin/cmake --install /home/orangepi/ros2_workspace/school_competition/build/bluesea2
