[0.041s] Invoking command in '/home/orangepi/ros2_workspace/school_competition/build/base': CMAKE_PREFIX_PATH=${CMAKE_PREFIX_PATH}:/root/lanhailidar_ros_ws/install/scan_subscriber:/opt/ros/humble /usr/bin/cmake --build /home/orangepi/ros2_workspace/school_competition/build/base -- -j8 -l8
[0.505s] [  3%] Built target base__cpp
[0.505s] [ 12%] Built target base__rosidl_generator_c
[0.506s] [ 22%] Built target base__rosidl_typesupport_introspection_cpp
[0.506s] [ 22%] Built target ament_cmake_python_copy_base
[0.506s] [ 32%] Built target base__rosidl_typesupport_introspection_c
[0.507s] [ 41%] Built target base__rosidl_typesupport_fastrtps_c
[0.507s] [ 54%] Built target base__rosidl_typesupport_fastrtps_cpp
[0.507s] [ 61%] Built target base__rosidl_typesupport_cpp
[0.507s] [ 70%] Built target base__rosidl_typesupport_c
[0.507s] [ 70%] Built target base
[0.507s] [ 74%] Built target base__py
[0.507s] [ 80%] Built target base__rosidl_generator_py
[0.574s] [ 87%] Built target base__rosidl_typesupport_introspection_c__pyext
[0.585s] [ 93%] Built target base__rosidl_typesupport_c__pyext
[0.586s] [100%] Built target base__rosidl_typesupport_fastrtps_c__pyext
[0.644s] running egg_info
[0.645s] writing base.egg-info/PKG-INFO
[0.646s] writing dependency_links to base.egg-info/dependency_links.txt
[0.651s] writing top-level names to base.egg-info/top_level.txt
[0.656s] reading manifest file 'base.egg-info/SOURCES.txt'
[0.656s] writing manifest file 'base.egg-info/SOURCES.txt'
[0.717s] [100%] Built target ament_cmake_python_build_base_egg
[0.990s] Invoked command in '/home/orangepi/ros2_workspace/school_competition/build/base' returned '0': CMAKE_PREFIX_PATH=${CMAKE_PREFIX_PATH}:/root/lanhailidar_ros_ws/install/scan_subscriber:/opt/ros/humble /usr/bin/cmake --build /home/orangepi/ros2_workspace/school_competition/build/base -- -j8 -l8
[1.046s] Invoking command in '/home/orangepi/ros2_workspace/school_competition/build/base': CMAKE_PREFIX_PATH=${CMAKE_PREFIX_PATH}:/root/lanhailidar_ros_ws/install/scan_subscriber:/opt/ros/humble /usr/bin/cmake --install /home/orangepi/ros2_workspace/school_competition/build/base
[1.066s] -- Install configuration: ""
[1.066s] -- Up-to-date: /home/orangepi/ros2_workspace/school_competition/install/share/ament_index/resource_index/rosidl_interfaces/base
[1.067s] -- Up-to-date: /home/orangepi/ros2_workspace/school_competition/install/include/base/base
[1.067s] -- Up-to-date: /home/orangepi/ros2_workspace/school_competition/install/include/base/base/msg
[1.067s] -- Up-to-date: /home/orangepi/ros2_workspace/school_competition/install/include/base/base/msg/rosidl_generator_c__visibility_control.h
[1.067s] -- Up-to-date: /home/orangepi/ros2_workspace/school_competition/install/include/base/base/srv
[1.067s] -- Up-to-date: /home/orangepi/ros2_workspace/school_competition/install/include/base/base/srv/detail
[1.067s] -- Up-to-date: /home/orangepi/ros2_workspace/school_competition/install/include/base/base/srv/detail/control__type_support.h
[1.067s] -- Up-to-date: /home/orangepi/ros2_workspace/school_competition/install/include/base/base/srv/detail/control__struct.h
[1.067s] -- Up-to-date: /home/orangepi/ros2_workspace/school_competition/install/include/base/base/srv/detail/control__functions.c
[1.067s] -- Up-to-date: /home/orangepi/ros2_workspace/school_competition/install/include/base/base/srv/detail/control__functions.h
[1.067s] -- Up-to-date: /home/orangepi/ros2_workspace/school_competition/install/include/base/base/srv/control.h
[1.068s] -- Up-to-date: /home/orangepi/ros2_workspace/school_competition/install/share/base/environment/library_path.sh
[1.068s] -- Up-to-date: /home/orangepi/ros2_workspace/school_competition/install/share/base/environment/library_path.dsv
[1.068s] -- Up-to-date: /home/orangepi/ros2_workspace/school_competition/install/lib/libbase__rosidl_generator_c.so
[1.068s] -- Up-to-date: /home/orangepi/ros2_workspace/school_competition/install/include/base/base
[1.068s] -- Up-to-date: /home/orangepi/ros2_workspace/school_competition/install/include/base/base/msg
[1.068s] -- Up-to-date: /home/orangepi/ros2_workspace/school_competition/install/include/base/base/msg/rosidl_typesupport_fastrtps_c__visibility_control.h
[1.068s] -- Up-to-date: /home/orangepi/ros2_workspace/school_competition/install/include/base/base/srv
[1.068s] -- Up-to-date: /home/orangepi/ros2_workspace/school_competition/install/include/base/base/srv/detail
[1.068s] -- Up-to-date: /home/orangepi/ros2_workspace/school_competition/install/include/base/base/srv/detail/control__rosidl_typesupport_fastrtps_c.h
[1.068s] -- Up-to-date: /home/orangepi/ros2_workspace/school_competition/install/lib/libbase__rosidl_typesupport_fastrtps_c.so
[1.068s] -- Up-to-date: /home/orangepi/ros2_workspace/school_competition/install/include/base/base
[1.069s] -- Up-to-date: /home/orangepi/ros2_workspace/school_competition/install/include/base/base/msg
[1.069s] -- Up-to-date: /home/orangepi/ros2_workspace/school_competition/install/include/base/base/msg/rosidl_generator_cpp__visibility_control.hpp
[1.069s] -- Up-to-date: /home/orangepi/ros2_workspace/school_competition/install/include/base/base/srv
[1.069s] -- Up-to-date: /home/orangepi/ros2_workspace/school_competition/install/include/base/base/srv/detail
[1.069s] -- Up-to-date: /home/orangepi/ros2_workspace/school_competition/install/include/base/base/srv/detail/control__traits.hpp
[1.069s] -- Up-to-date: /home/orangepi/ros2_workspace/school_competition/install/include/base/base/srv/detail/control__builder.hpp
[1.069s] -- Up-to-date: /home/orangepi/ros2_workspace/school_competition/install/include/base/base/srv/detail/control__struct.hpp
[1.069s] -- Up-to-date: /home/orangepi/ros2_workspace/school_competition/install/include/base/base/srv/detail/control__type_support.hpp
[1.069s] -- Up-to-date: /home/orangepi/ros2_workspace/school_competition/install/include/base/base/srv/control.hpp
[1.069s] -- Up-to-date: /home/orangepi/ros2_workspace/school_competition/install/include/base/base
[1.069s] -- Up-to-date: /home/orangepi/ros2_workspace/school_competition/install/include/base/base/msg
[1.070s] -- Up-to-date: /home/orangepi/ros2_workspace/school_competition/install/include/base/base/msg/rosidl_typesupport_fastrtps_cpp__visibility_control.h
[1.070s] -- Up-to-date: /home/orangepi/ros2_workspace/school_competition/install/include/base/base/srv
[1.070s] -- Up-to-date: /home/orangepi/ros2_workspace/school_competition/install/include/base/base/srv/detail
[1.070s] -- Up-to-date: /home/orangepi/ros2_workspace/school_competition/install/include/base/base/srv/detail/control__rosidl_typesupport_fastrtps_cpp.hpp
[1.070s] -- Up-to-date: /home/orangepi/ros2_workspace/school_competition/install/include/base/base/srv/detail/dds_fastrtps
[1.070s] -- Up-to-date: /home/orangepi/ros2_workspace/school_competition/install/lib/libbase__rosidl_typesupport_fastrtps_cpp.so
[1.070s] -- Up-to-date: /home/orangepi/ros2_workspace/school_competition/install/include/base/base
[1.070s] -- Up-to-date: /home/orangepi/ros2_workspace/school_competition/install/include/base/base/msg
[1.070s] -- Up-to-date: /home/orangepi/ros2_workspace/school_competition/install/include/base/base/msg/rosidl_typesupport_introspection_c__visibility_control.h
[1.070s] -- Up-to-date: /home/orangepi/ros2_workspace/school_competition/install/include/base/base/srv
[1.070s] -- Up-to-date: /home/orangepi/ros2_workspace/school_competition/install/include/base/base/srv/detail
[1.070s] -- Up-to-date: /home/orangepi/ros2_workspace/school_competition/install/include/base/base/srv/detail/control__type_support.c
[1.071s] -- Up-to-date: /home/orangepi/ros2_workspace/school_competition/install/include/base/base/srv/detail/control__rosidl_typesupport_introspection_c.h
[1.071s] -- Up-to-date: /home/orangepi/ros2_workspace/school_competition/install/lib/libbase__rosidl_typesupport_introspection_c.so
[1.071s] -- Up-to-date: /home/orangepi/ros2_workspace/school_competition/install/lib/libbase__rosidl_typesupport_c.so
[1.071s] -- Up-to-date: /home/orangepi/ros2_workspace/school_competition/install/include/base/base
[1.071s] -- Up-to-date: /home/orangepi/ros2_workspace/school_competition/install/include/base/base/srv
[1.071s] -- Up-to-date: /home/orangepi/ros2_workspace/school_competition/install/include/base/base/srv/detail
[1.081s] -- Up-to-date: /home/orangepi/ros2_workspace/school_competition/install/include/base/base/srv/detail/control__type_support.cpp
[1.082s] -- Up-to-date: /home/orangepi/ros2_workspace/school_competition/install/include/base/base/srv/detail/control__rosidl_typesupport_introspection_cpp.hpp
[1.082s] -- Up-to-date: /home/orangepi/ros2_workspace/school_competition/install/lib/libbase__rosidl_typesupport_introspection_cpp.so
[1.082s] -- Up-to-date: /home/orangepi/ros2_workspace/school_competition/install/lib/libbase__rosidl_typesupport_cpp.so
[1.082s] -- Up-to-date: /home/orangepi/ros2_workspace/school_competition/install/share/base/environment/pythonpath.sh
[1.082s] -- Up-to-date: /home/orangepi/ros2_workspace/school_competition/install/share/base/environment/pythonpath.dsv
[1.082s] -- Up-to-date: /home/orangepi/ros2_workspace/school_competition/install/local/lib/python3.10/dist-packages/base-0.0.0-py3.10.egg-info
[1.082s] -- Installing: /home/orangepi/ros2_workspace/school_competition/install/local/lib/python3.10/dist-packages/base-0.0.0-py3.10.egg-info/PKG-INFO
[1.082s] -- Installing: /home/orangepi/ros2_workspace/school_competition/install/local/lib/python3.10/dist-packages/base-0.0.0-py3.10.egg-info/dependency_links.txt
[1.082s] -- Installing: /home/orangepi/ros2_workspace/school_competition/install/local/lib/python3.10/dist-packages/base-0.0.0-py3.10.egg-info/SOURCES.txt
[1.083s] -- Installing: /home/orangepi/ros2_workspace/school_competition/install/local/lib/python3.10/dist-packages/base-0.0.0-py3.10.egg-info/top_level.txt
[1.083s] -- Up-to-date: /home/orangepi/ros2_workspace/school_competition/install/local/lib/python3.10/dist-packages/base
[1.083s] -- Up-to-date: /home/orangepi/ros2_workspace/school_competition/install/local/lib/python3.10/dist-packages/base/srv
[1.083s] -- Up-to-date: /home/orangepi/ros2_workspace/school_competition/install/local/lib/python3.10/dist-packages/base/srv/_control.py
[1.083s] -- Up-to-date: /home/orangepi/ros2_workspace/school_competition/install/local/lib/python3.10/dist-packages/base/srv/_control_s.c
[1.083s] -- Up-to-date: /home/orangepi/ros2_workspace/school_competition/install/local/lib/python3.10/dist-packages/base/srv/__init__.py
[1.083s] -- Up-to-date: /home/orangepi/ros2_workspace/school_competition/install/local/lib/python3.10/dist-packages/base/base_s__rosidl_typesupport_fastrtps_c.cpython-310-aarch64-linux-gnu.so
[1.083s] -- Up-to-date: /home/orangepi/ros2_workspace/school_competition/install/local/lib/python3.10/dist-packages/base/__init__.py
[1.084s] -- Up-to-date: /home/orangepi/ros2_workspace/school_competition/install/local/lib/python3.10/dist-packages/base/_base_s.ep.rosidl_typesupport_fastrtps_c.c
[1.084s] -- Up-to-date: /home/orangepi/ros2_workspace/school_competition/install/local/lib/python3.10/dist-packages/base/libbase__rosidl_generator_py.so
[1.084s] -- Up-to-date: /home/orangepi/ros2_workspace/school_competition/install/local/lib/python3.10/dist-packages/base/base_s__rosidl_typesupport_introspection_c.cpython-310-aarch64-linux-gnu.so
[1.084s] -- Up-to-date: /home/orangepi/ros2_workspace/school_competition/install/local/lib/python3.10/dist-packages/base/_base_s.ep.rosidl_typesupport_c.c
[1.084s] -- Up-to-date: /home/orangepi/ros2_workspace/school_competition/install/local/lib/python3.10/dist-packages/base/base_s__rosidl_typesupport_c.cpython-310-aarch64-linux-gnu.so
[1.084s] -- Up-to-date: /home/orangepi/ros2_workspace/school_competition/install/local/lib/python3.10/dist-packages/base/_base_s.ep.rosidl_typesupport_introspection_c.c
[1.143s] Listing '/home/orangepi/ros2_workspace/school_competition/install/local/lib/python3.10/dist-packages/base'...
[1.143s] Listing '/home/orangepi/ros2_workspace/school_competition/install/local/lib/python3.10/dist-packages/base/srv'...
[1.158s] -- Up-to-date: /home/orangepi/ros2_workspace/school_competition/install/local/lib/python3.10/dist-packages/base/base_s__rosidl_typesupport_fastrtps_c.cpython-310-aarch64-linux-gnu.so
[1.161s] -- Up-to-date: /home/orangepi/ros2_workspace/school_competition/install/local/lib/python3.10/dist-packages/base/base_s__rosidl_typesupport_introspection_c.cpython-310-aarch64-linux-gnu.so
[1.165s] -- Up-to-date: /home/orangepi/ros2_workspace/school_competition/install/local/lib/python3.10/dist-packages/base/base_s__rosidl_typesupport_c.cpython-310-aarch64-linux-gnu.so
[1.167s] -- Up-to-date: /home/orangepi/ros2_workspace/school_competition/install/lib/libbase__rosidl_generator_py.so
[1.169s] -- Up-to-date: /home/orangepi/ros2_workspace/school_competition/install/share/base/srv/Control.idl
[1.172s] -- Up-to-date: /home/orangepi/ros2_workspace/school_competition/install/share/base/srv/Control.srv
[1.174s] -- Up-to-date: /home/orangepi/ros2_workspace/school_competition/install/share/base/srv/Control_Request.msg
[1.176s] -- Up-to-date: /home/orangepi/ros2_workspace/school_competition/install/share/base/srv/Control_Response.msg
[1.177s] -- Up-to-date: /home/orangepi/ros2_workspace/school_competition/install/share/ament_index/resource_index/package_run_dependencies/base
[1.179s] -- Up-to-date: /home/orangepi/ros2_workspace/school_competition/install/share/ament_index/resource_index/parent_prefix_path/base
[1.180s] -- Up-to-date: /home/orangepi/ros2_workspace/school_competition/install/share/base/environment/ament_prefix_path.sh
[1.181s] -- Up-to-date: /home/orangepi/ros2_workspace/school_competition/install/share/base/environment/ament_prefix_path.dsv
[1.183s] -- Up-to-date: /home/orangepi/ros2_workspace/school_competition/install/share/base/environment/path.sh
[1.184s] -- Up-to-date: /home/orangepi/ros2_workspace/school_competition/install/share/base/environment/path.dsv
[1.186s] -- Up-to-date: /home/orangepi/ros2_workspace/school_competition/install/share/base/local_setup.bash
[1.188s] -- Up-to-date: /home/orangepi/ros2_workspace/school_competition/install/share/base/local_setup.sh
[1.189s] -- Up-to-date: /home/orangepi/ros2_workspace/school_competition/install/share/base/local_setup.zsh
[1.191s] -- Up-to-date: /home/orangepi/ros2_workspace/school_competition/install/share/base/local_setup.dsv
[1.193s] -- Installing: /home/orangepi/ros2_workspace/school_competition/install/share/base/package.dsv
[1.194s] -- Up-to-date: /home/orangepi/ros2_workspace/school_competition/install/share/ament_index/resource_index/packages/base
[1.196s] -- Up-to-date: /home/orangepi/ros2_workspace/school_competition/install/share/base/cmake/export_base__rosidl_generator_cExport.cmake
[1.204s] -- Up-to-date: /home/orangepi/ros2_workspace/school_competition/install/share/base/cmake/export_base__rosidl_generator_cExport-noconfig.cmake
[1.208s] -- Up-to-date: /home/orangepi/ros2_workspace/school_competition/install/share/base/cmake/export_base__rosidl_typesupport_fastrtps_cExport.cmake
[1.215s] -- Up-to-date: /home/orangepi/ros2_workspace/school_competition/install/share/base/cmake/export_base__rosidl_typesupport_fastrtps_cExport-noconfig.cmake
[1.218s] -- Up-to-date: /home/orangepi/ros2_workspace/school_competition/install/share/base/cmake/export_base__rosidl_generator_cppExport.cmake
[1.220s] -- Up-to-date: /home/orangepi/ros2_workspace/school_competition/install/share/base/cmake/export_base__rosidl_typesupport_fastrtps_cppExport.cmake
[1.226s] -- Up-to-date: /home/orangepi/ros2_workspace/school_competition/install/share/base/cmake/export_base__rosidl_typesupport_fastrtps_cppExport-noconfig.cmake
[1.228s] -- Up-to-date: /home/orangepi/ros2_workspace/school_competition/install/share/base/cmake/base__rosidl_typesupport_introspection_cExport.cmake
[1.230s] -- Up-to-date: /home/orangepi/ros2_workspace/school_competition/install/share/base/cmake/base__rosidl_typesupport_introspection_cExport-noconfig.cmake
[1.284s] -- Up-to-date: /home/orangepi/ros2_workspace/school_competition/install/share/base/cmake/base__rosidl_typesupport_cExport.cmake
[1.285s] -- Up-to-date: /home/orangepi/ros2_workspace/school_competition/install/share/base/cmake/base__rosidl_typesupport_cExport-noconfig.cmake
[1.285s] -- Up-to-date: /home/orangepi/ros2_workspace/school_competition/install/share/base/cmake/base__rosidl_typesupport_introspection_cppExport.cmake
[1.285s] -- Up-to-date: /home/orangepi/ros2_workspace/school_competition/install/share/base/cmake/base__rosidl_typesupport_introspection_cppExport-noconfig.cmake
[1.285s] -- Up-to-date: /home/orangepi/ros2_workspace/school_competition/install/share/base/cmake/base__rosidl_typesupport_cppExport.cmake
[1.285s] -- Up-to-date: /home/orangepi/ros2_workspace/school_competition/install/share/base/cmake/base__rosidl_typesupport_cppExport-noconfig.cmake
[1.285s] -- Up-to-date: /home/orangepi/ros2_workspace/school_competition/install/share/base/cmake/export_base__rosidl_generator_pyExport.cmake
[1.285s] -- Up-to-date: /home/orangepi/ros2_workspace/school_competition/install/share/base/cmake/export_base__rosidl_generator_pyExport-noconfig.cmake
[1.285s] -- Up-to-date: /home/orangepi/ros2_workspace/school_competition/install/share/base/cmake/rosidl_cmake-extras.cmake
[1.285s] -- Up-to-date: /home/orangepi/ros2_workspace/school_competition/install/share/base/cmake/ament_cmake_export_include_directories-extras.cmake
[1.285s] -- Up-to-date: /home/orangepi/ros2_workspace/school_competition/install/share/base/cmake/ament_cmake_export_libraries-extras.cmake
[1.286s] -- Up-to-date: /home/orangepi/ros2_workspace/school_competition/install/share/base/cmake/ament_cmake_export_targets-extras.cmake
[1.286s] -- Up-to-date: /home/orangepi/ros2_workspace/school_competition/install/share/base/cmake/rosidl_cmake_export_typesupport_targets-extras.cmake
[1.286s] -- Up-to-date: /home/orangepi/ros2_workspace/school_competition/install/share/base/cmake/ament_cmake_export_dependencies-extras.cmake
[1.286s] -- Up-to-date: /home/orangepi/ros2_workspace/school_competition/install/share/base/cmake/rosidl_cmake_export_typesupport_libraries-extras.cmake
[1.286s] -- Up-to-date: /home/orangepi/ros2_workspace/school_competition/install/share/base/cmake/baseConfig.cmake
[1.286s] -- Up-to-date: /home/orangepi/ros2_workspace/school_competition/install/share/base/cmake/baseConfig-version.cmake
[1.286s] -- Up-to-date: /home/orangepi/ros2_workspace/school_competition/install/share/base/package.xml
[1.286s] Invoked command in '/home/orangepi/ros2_workspace/school_competition/build/base' returned '0': CMAKE_PREFIX_PATH=${CMAKE_PREFIX_PATH}:/root/lanhailidar_ros_ws/install/scan_subscriber:/opt/ros/humble /usr/bin/cmake --install /home/orangepi/ros2_workspace/school_competition/build/base
