[1.699s] Invoking command in '/home/orangepi/ros2_workspace/school_competition/src/car_t265': PYTHONPATH=/home/orangepi/ros2_workspace/school_competition/build/car_t265/prefix_override:/usr/lib/python3/dist-packages/colcon_core/task/python/colcon_distutils_commands:/home/orangepi/ros2_workspace/school_competition/install/lib/python3.10/site-packages:${PYTHONPATH} /usr/bin/python3 -W ignore:setup.py install is deprecated -W ignore:easy_install command is deprecated setup.py egg_info --egg-base ../../build/car_t265 build --build-base /home/orangepi/ros2_workspace/school_competition/build/car_t265/build install --record /home/orangepi/ros2_workspace/school_competition/build/car_t265/install.log --single-version-externally-managed install_data
[2.112s] running egg_info
[2.113s] writing ../../build/car_t265/car_t265.egg-info/PKG-INFO
[2.114s] writing dependency_links to ../../build/car_t265/car_t265.egg-info/dependency_links.txt
[2.134s] writing entry points to ../../build/car_t265/car_t265.egg-info/entry_points.txt
[2.134s] writing requirements to ../../build/car_t265/car_t265.egg-info/requires.txt
[2.135s] writing top-level names to ../../build/car_t265/car_t265.egg-info/top_level.txt
[2.137s] reading manifest file '../../build/car_t265/car_t265.egg-info/SOURCES.txt'
[2.145s] writing manifest file '../../build/car_t265/car_t265.egg-info/SOURCES.txt'
[2.146s] running build
[2.146s] running build_py
[2.151s] running install
[2.153s] running install_lib
[2.167s] running install_data
[2.171s] running install_egg_info
[2.198s] removing '/home/orangepi/ros2_workspace/school_competition/install/lib/python3.10/site-packages/car_t265-0.0.0-py3.10.egg-info' (and everything under it)
[2.200s] Copying ../../build/car_t265/car_t265.egg-info to /home/orangepi/ros2_workspace/school_competition/install/lib/python3.10/site-packages/car_t265-0.0.0-py3.10.egg-info
[2.206s] running install_scripts
[2.335s] Installing linear_test script to /home/orangepi/ros2_workspace/school_competition/install/lib/car_t265
[2.335s] Installing motor_controller script to /home/orangepi/ros2_workspace/school_competition/install/lib/car_t265
[2.336s] Installing navigation_controller script to /home/orangepi/ros2_workspace/school_competition/install/lib/car_t265
[2.337s] Installing t265_Imu_pub script to /home/orangepi/ros2_workspace/school_competition/install/lib/car_t265
[2.346s] Installing t265_publisher script to /home/orangepi/ros2_workspace/school_competition/install/lib/car_t265
[2.346s] Installing target_publisher script to /home/orangepi/ros2_workspace/school_competition/install/lib/car_t265
[2.346s] Installing uart_driver script to /home/orangepi/ros2_workspace/school_competition/install/lib/car_t265
[2.347s] writing list of installed files to '/home/orangepi/ros2_workspace/school_competition/build/car_t265/install.log'
[2.441s] Invoked command in '/home/orangepi/ros2_workspace/school_competition/src/car_t265' returned '0': PYTHONPATH=/home/orangepi/ros2_workspace/school_competition/build/car_t265/prefix_override:/usr/lib/python3/dist-packages/colcon_core/task/python/colcon_distutils_commands:/home/orangepi/ros2_workspace/school_competition/install/lib/python3.10/site-packages:${PYTHONPATH} /usr/bin/python3 -W ignore:setup.py install is deprecated -W ignore:easy_install command is deprecated setup.py egg_info --egg-base ../../build/car_t265 build --build-base /home/orangepi/ros2_workspace/school_competition/build/car_t265/build install --record /home/orangepi/ros2_workspace/school_competition/build/car_t265/install.log --single-version-externally-managed install_data
