[1.542s] Invoking command in '/home/orangepi/ros2_workspace/school_competition/src/laser_shotting_car': PYTHONPATH=/home/orangepi/ros2_workspace/school_competition/build/laser_shotting_car/prefix_override:/usr/lib/python3/dist-packages/colcon_core/task/python/colcon_distutils_commands:/home/orangepi/ros2_workspace/school_competition/install/lib/python3.10/site-packages:${PYTHONPATH} /usr/bin/python3 -W ignore:setup.py install is deprecated -W ignore:easy_install command is deprecated setup.py egg_info --egg-base ../../build/laser_shotting_car build --build-base /home/orangepi/ros2_workspace/school_competition/build/laser_shotting_car/build install --record /home/orangepi/ros2_workspace/school_competition/build/laser_shotting_car/install.log --single-version-externally-managed install_data
[1.982s] running egg_info
[1.985s] writing ../../build/laser_shotting_car/laser_shotting_car.egg-info/PKG-INFO
[1.986s] writing dependency_links to ../../build/laser_shotting_car/laser_shotting_car.egg-info/dependency_links.txt
[1.987s] writing entry points to ../../build/laser_shotting_car/laser_shotting_car.egg-info/entry_points.txt
[1.987s] writing requirements to ../../build/laser_shotting_car/laser_shotting_car.egg-info/requires.txt
[1.988s] writing top-level names to ../../build/laser_shotting_car/laser_shotting_car.egg-info/top_level.txt
[1.991s] reading manifest file '../../build/laser_shotting_car/laser_shotting_car.egg-info/SOURCES.txt'
[1.992s] writing manifest file '../../build/laser_shotting_car/laser_shotting_car.egg-info/SOURCES.txt'
[1.994s] running build
[1.994s] running build_py
[1.995s] copying laser_shotting_car/circle_laser_detector.py -> /home/orangepi/ros2_workspace/school_competition/build/laser_shotting_car/build/lib/laser_shotting_car
[1.996s] running install
[1.997s] running install_lib
[1.998s] copying /home/orangepi/ros2_workspace/school_competition/build/laser_shotting_car/build/lib/laser_shotting_car/circle_laser_detector.py -> /home/orangepi/ros2_workspace/school_competition/install/lib/python3.10/site-packages/laser_shotting_car
[2.004s] byte-compiling /home/orangepi/ros2_workspace/school_competition/install/lib/python3.10/site-packages/laser_shotting_car/circle_laser_detector.py to circle_laser_detector.cpython-310.pyc
[2.005s] running install_data
[2.005s] running install_egg_info
[2.006s] removing '/home/orangepi/ros2_workspace/school_competition/install/lib/python3.10/site-packages/laser_shotting_car-0.0.0-py3.10.egg-info' (and everything under it)
[2.007s] Copying ../../build/laser_shotting_car/laser_shotting_car.egg-info to /home/orangepi/ros2_workspace/school_competition/install/lib/python3.10/site-packages/laser_shotting_car-0.0.0-py3.10.egg-info
[2.008s] running install_scripts
[2.041s] Installing camera_publisher script to /home/orangepi/ros2_workspace/school_competition/install/lib/laser_shotting_car
[2.042s] Installing circle_laser_detector script to /home/orangepi/ros2_workspace/school_competition/install/lib/laser_shotting_car
[2.048s] Installing lidar_processor script to /home/orangepi/ros2_workspace/school_competition/install/lib/laser_shotting_car
[2.051s] Installing main_controller script to /home/orangepi/ros2_workspace/school_competition/install/lib/laser_shotting_car
[2.052s] Installing yolov8_detector script to /home/orangepi/ros2_workspace/school_competition/install/lib/laser_shotting_car
[2.055s] writing list of installed files to '/home/orangepi/ros2_workspace/school_competition/build/laser_shotting_car/install.log'
[2.141s] Invoked command in '/home/orangepi/ros2_workspace/school_competition/src/laser_shotting_car' returned '0': PYTHONPATH=/home/orangepi/ros2_workspace/school_competition/build/laser_shotting_car/prefix_override:/usr/lib/python3/dist-packages/colcon_core/task/python/colcon_distutils_commands:/home/orangepi/ros2_workspace/school_competition/install/lib/python3.10/site-packages:${PYTHONPATH} /usr/bin/python3 -W ignore:setup.py install is deprecated -W ignore:easy_install command is deprecated setup.py egg_info --egg-base ../../build/laser_shotting_car build --build-base /home/orangepi/ros2_workspace/school_competition/build/laser_shotting_car/build install --record /home/orangepi/ros2_workspace/school_competition/build/laser_shotting_car/install.log --single-version-externally-managed install_data
