[1.472s] Invoking command in '/home/orangepi/ros2_workspace/school_competition/src/car_t265': PYTHONPATH=/home/orangepi/ros2_workspace/school_competition/build/car_t265/prefix_override:/usr/lib/python3/dist-packages/colcon_core/task/python/colcon_distutils_commands:/home/orangepi/ros2_workspace/school_competition/install/lib/python3.10/site-packages:${PYTHONPATH} /usr/bin/python3 -W ignore:setup.py install is deprecated -W ignore:easy_install command is deprecated setup.py egg_info --egg-base ../../build/car_t265 build --build-base /home/orangepi/ros2_workspace/school_competition/build/car_t265/build install --record /home/orangepi/ros2_workspace/school_competition/build/car_t265/install.log --single-version-externally-managed install_data
[1.795s] running egg_info
[1.796s] writing ../../build/car_t265/car_t265.egg-info/PKG-INFO
[1.796s] writing dependency_links to ../../build/car_t265/car_t265.egg-info/dependency_links.txt
[1.803s] writing entry points to ../../build/car_t265/car_t265.egg-info/entry_points.txt
[1.803s] writing requirements to ../../build/car_t265/car_t265.egg-info/requires.txt
[1.804s] writing top-level names to ../../build/car_t265/car_t265.egg-info/top_level.txt
[1.809s] reading manifest file '../../build/car_t265/car_t265.egg-info/SOURCES.txt'
[1.810s] writing manifest file '../../build/car_t265/car_t265.egg-info/SOURCES.txt'
[1.811s] running build
[1.811s] running build_py
[1.812s] running install
[1.812s] running install_lib
[1.816s] running install_data
[1.816s] running install_egg_info
[1.819s] removing '/home/orangepi/ros2_workspace/school_competition/install/lib/python3.10/site-packages/car_t265-0.0.0-py3.10.egg-info' (and everything under it)
[1.820s] Copying ../../build/car_t265/car_t265.egg-info to /home/orangepi/ros2_workspace/school_competition/install/lib/python3.10/site-packages/car_t265-0.0.0-py3.10.egg-info
[1.822s] running install_scripts
[1.853s] Installing linear_test script to /home/orangepi/ros2_workspace/school_competition/install/lib/car_t265
[1.854s] Installing motor_controller script to /home/orangepi/ros2_workspace/school_competition/install/lib/car_t265
[1.855s] Installing navigation_controller script to /home/orangepi/ros2_workspace/school_competition/install/lib/car_t265
[1.856s] Installing t265_Imu_pub script to /home/orangepi/ros2_workspace/school_competition/install/lib/car_t265
[1.856s] Installing t265_publisher script to /home/orangepi/ros2_workspace/school_competition/install/lib/car_t265
[1.857s] Installing target_publisher script to /home/orangepi/ros2_workspace/school_competition/install/lib/car_t265
[1.858s] Installing uart_driver script to /home/orangepi/ros2_workspace/school_competition/install/lib/car_t265
[1.860s] writing list of installed files to '/home/orangepi/ros2_workspace/school_competition/build/car_t265/install.log'
[1.917s] Invoked command in '/home/orangepi/ros2_workspace/school_competition/src/car_t265' returned '0': PYTHONPATH=/home/orangepi/ros2_workspace/school_competition/build/car_t265/prefix_override:/usr/lib/python3/dist-packages/colcon_core/task/python/colcon_distutils_commands:/home/orangepi/ros2_workspace/school_competition/install/lib/python3.10/site-packages:${PYTHONPATH} /usr/bin/python3 -W ignore:setup.py install is deprecated -W ignore:easy_install command is deprecated setup.py egg_info --egg-base ../../build/car_t265 build --build-base /home/orangepi/ros2_workspace/school_competition/build/car_t265/build install --record /home/orangepi/ros2_workspace/school_competition/build/car_t265/install.log --single-version-externally-managed install_data
