[0.338s] [34mcolcon[0m [1;30mDEBUG[0m [32mCommand line arguments: ['/usr/bin/colcon', 'build', '--merge-install'][0m
[0.338s] [34mcolcon[0m [1;30mDEBUG[0m [32mParsed command line arguments: Namespace(log_base=None, log_level=None, verb_name='build', build_base='build', install_base='install', merge_install=True, symlink_install=False, test_result_base=None, continue_on_error=False, executor='parallel', parallel_workers=8, event_handlers=None, ignore_user_meta=False, metas=['./colcon.meta'], base_paths=['.'], packages_ignore=None, packages_ignore_regex=None, paths=None, packages_up_to=None, packages_up_to_regex=None, packages_above=None, packages_above_and_dependencies=None, packages_above_depth=None, packages_select_by_dep=None, packages_skip_by_dep=None, packages_skip_up_to=None, packages_select_build_failed=False, packages_skip_build_finished=False, packages_select_test_failures=False, packages_skip_test_passed=False, packages_select=None, packages_skip=None, packages_select_regex=None, packages_skip_regex=None, packages_start=None, packages_end=None, cmake_args=None, cmake_target=None, cmake_target_skip_unavailable=False, cmake_clean_cache=False, cmake_clean_first=False, cmake_force_configure=False, ament_cmake_args=None, catkin_cmake_args=None, catkin_skip_building_tests=False, verb_parser=<colcon_defaults.argument_parser.defaults.DefaultArgumentsDecorator object at 0x7fb4a4ecb0>, verb_extension=<colcon_core.verb.build.BuildVerb object at 0x7fb498c040>, main=<bound method BuildVerb.main of <colcon_core.verb.build.BuildVerb object at 0x7fb498c040>>)[0m
[0.745s] [34mcolcon.colcon_core.package_discovery[0m [1;30mLevel 1[0m discover_packages(colcon_meta) check parameters
[0.746s] [34mcolcon.colcon_core.package_discovery[0m [1;30mLevel 1[0m discover_packages(recursive) check parameters
[0.746s] [34mcolcon.colcon_core.package_discovery[0m [1;30mLevel 1[0m discover_packages(ignore) check parameters
[0.746s] [34mcolcon.colcon_core.package_discovery[0m [1;30mLevel 1[0m discover_packages(path) check parameters
[0.746s] [34mcolcon.colcon_core.package_discovery[0m [1;30mLevel 1[0m discover_packages(colcon_meta) discover
[0.746s] [34mcolcon.colcon_core.package_discovery[0m [1;30mLevel 1[0m discover_packages(recursive) discover
[0.746s] [34mcolcon.colcon_core.package_discovery[0m [1;30mINFO[0m Crawling recursively for packages in '/home/orangepi/ros2_workspace/school_competition'
[0.746s] [34mcolcon.colcon_core.package_identification[0m [1;30mLevel 1[0m _identify(.) by extensions ['ignore', 'ignore_ament_install']
[0.746s] [34mcolcon.colcon_core.package_identification[0m [1;30mLevel 1[0m _identify(.) by extension 'ignore'
[0.747s] [34mcolcon.colcon_core.package_identification[0m [1;30mLevel 1[0m _identify(.) by extension 'ignore_ament_install'
[0.747s] [34mcolcon.colcon_core.package_identification[0m [1;30mLevel 1[0m _identify(.) by extensions ['colcon_pkg']
[0.747s] [34mcolcon.colcon_core.package_identification[0m [1;30mLevel 1[0m _identify(.) by extension 'colcon_pkg'
[0.747s] [34mcolcon.colcon_core.package_identification[0m [1;30mLevel 1[0m _identify(.) by extensions ['colcon_meta']
[0.747s] [34mcolcon.colcon_core.package_identification[0m [1;30mLevel 1[0m _identify(.) by extension 'colcon_meta'
[0.747s] [34mcolcon.colcon_core.package_identification[0m [1;30mLevel 1[0m _identify(.) by extensions ['ros']
[0.747s] [34mcolcon.colcon_core.package_identification[0m [1;30mLevel 1[0m _identify(.) by extension 'ros'
[0.774s] [34mcolcon.colcon_core.package_identification[0m [1;30mLevel 1[0m _identify(.) by extensions ['cmake', 'python']
[0.774s] [34mcolcon.colcon_core.package_identification[0m [1;30mLevel 1[0m _identify(.) by extension 'cmake'
[0.774s] [34mcolcon.colcon_core.package_identification[0m [1;30mLevel 1[0m _identify(.) by extension 'python'
[0.774s] [34mcolcon.colcon_core.package_identification[0m [1;30mLevel 1[0m _identify(.) by extensions ['python_setup_py']
[0.775s] [34mcolcon.colcon_core.package_identification[0m [1;30mLevel 1[0m _identify(.) by extension 'python_setup_py'
[0.775s] [34mcolcon.colcon_core.package_identification[0m [1;30mLevel 1[0m _identify(build) by extensions ['ignore', 'ignore_ament_install']
[0.775s] [34mcolcon.colcon_core.package_identification[0m [1;30mLevel 1[0m _identify(build) by extension 'ignore'
[0.775s] [34mcolcon.colcon_core.package_identification[0m [1;30mLevel 1[0m _identify(build) ignored
[0.775s] [34mcolcon.colcon_core.package_identification[0m [1;30mLevel 1[0m _identify(install) by extensions ['ignore', 'ignore_ament_install']
[0.776s] [34mcolcon.colcon_core.package_identification[0m [1;30mLevel 1[0m _identify(install) by extension 'ignore'
[0.776s] [34mcolcon.colcon_core.package_identification[0m [1;30mLevel 1[0m _identify(install) ignored
[0.776s] [34mcolcon.colcon_core.package_identification[0m [1;30mLevel 1[0m _identify(launch) by extensions ['ignore', 'ignore_ament_install']
[0.776s] [34mcolcon.colcon_core.package_identification[0m [1;30mLevel 1[0m _identify(launch) by extension 'ignore'
[0.776s] [34mcolcon.colcon_core.package_identification[0m [1;30mLevel 1[0m _identify(launch) by extension 'ignore_ament_install'
[0.776s] [34mcolcon.colcon_core.package_identification[0m [1;30mLevel 1[0m _identify(launch) by extensions ['colcon_pkg']
[0.776s] [34mcolcon.colcon_core.package_identification[0m [1;30mLevel 1[0m _identify(launch) by extension 'colcon_pkg'
[0.776s] [34mcolcon.colcon_core.package_identification[0m [1;30mLevel 1[0m _identify(launch) by extensions ['colcon_meta']
[0.776s] [34mcolcon.colcon_core.package_identification[0m [1;30mLevel 1[0m _identify(launch) by extension 'colcon_meta'
[0.776s] [34mcolcon.colcon_core.package_identification[0m [1;30mLevel 1[0m _identify(launch) by extensions ['ros']
[0.776s] [34mcolcon.colcon_core.package_identification[0m [1;30mLevel 1[0m _identify(launch) by extension 'ros'
[0.777s] [34mcolcon.colcon_core.package_identification[0m [1;30mLevel 1[0m _identify(launch) by extensions ['cmake', 'python']
[0.777s] [34mcolcon.colcon_core.package_identification[0m [1;30mLevel 1[0m _identify(launch) by extension 'cmake'
[0.777s] [34mcolcon.colcon_core.package_identification[0m [1;30mLevel 1[0m _identify(launch) by extension 'python'
[0.777s] [34mcolcon.colcon_core.package_identification[0m [1;30mLevel 1[0m _identify(launch) by extensions ['python_setup_py']
[0.777s] [34mcolcon.colcon_core.package_identification[0m [1;30mLevel 1[0m _identify(launch) by extension 'python_setup_py'
[0.777s] [34mcolcon.colcon_core.package_identification[0m [1;30mLevel 1[0m _identify(log) by extensions ['ignore', 'ignore_ament_install']
[0.777s] [34mcolcon.colcon_core.package_identification[0m [1;30mLevel 1[0m _identify(log) by extension 'ignore'
[0.778s] [34mcolcon.colcon_core.package_identification[0m [1;30mLevel 1[0m _identify(log) ignored
[0.778s] [34mcolcon.colcon_core.package_identification[0m [1;30mLevel 1[0m _identify(script) by extensions ['ignore', 'ignore_ament_install']
[0.778s] [34mcolcon.colcon_core.package_identification[0m [1;30mLevel 1[0m _identify(script) by extension 'ignore'
[0.778s] [34mcolcon.colcon_core.package_identification[0m [1;30mLevel 1[0m _identify(script) by extension 'ignore_ament_install'
[0.778s] [34mcolcon.colcon_core.package_identification[0m [1;30mLevel 1[0m _identify(script) by extensions ['colcon_pkg']
[0.778s] [34mcolcon.colcon_core.package_identification[0m [1;30mLevel 1[0m _identify(script) by extension 'colcon_pkg'
[0.778s] [34mcolcon.colcon_core.package_identification[0m [1;30mLevel 1[0m _identify(script) by extensions ['colcon_meta']
[0.778s] [34mcolcon.colcon_core.package_identification[0m [1;30mLevel 1[0m _identify(script) by extension 'colcon_meta'
[0.778s] [34mcolcon.colcon_core.package_identification[0m [1;30mLevel 1[0m _identify(script) by extensions ['ros']
[0.778s] [34mcolcon.colcon_core.package_identification[0m [1;30mLevel 1[0m _identify(script) by extension 'ros'
[0.779s] [34mcolcon.colcon_core.package_identification[0m [1;30mLevel 1[0m _identify(script) by extensions ['cmake', 'python']
[0.779s] [34mcolcon.colcon_core.package_identification[0m [1;30mLevel 1[0m _identify(script) by extension 'cmake'
[0.779s] [34mcolcon.colcon_core.package_identification[0m [1;30mLevel 1[0m _identify(script) by extension 'python'
[0.779s] [34mcolcon.colcon_core.package_identification[0m [1;30mLevel 1[0m _identify(script) by extensions ['python_setup_py']
[0.779s] [34mcolcon.colcon_core.package_identification[0m [1;30mLevel 1[0m _identify(script) by extension 'python_setup_py'
[0.779s] [34mcolcon.colcon_core.package_identification[0m [1;30mLevel 1[0m _identify(src) by extensions ['ignore', 'ignore_ament_install']
[0.779s] [34mcolcon.colcon_core.package_identification[0m [1;30mLevel 1[0m _identify(src) by extension 'ignore'
[0.779s] [34mcolcon.colcon_core.package_identification[0m [1;30mLevel 1[0m _identify(src) by extension 'ignore_ament_install'
[0.779s] [34mcolcon.colcon_core.package_identification[0m [1;30mLevel 1[0m _identify(src) by extensions ['colcon_pkg']
[0.779s] [34mcolcon.colcon_core.package_identification[0m [1;30mLevel 1[0m _identify(src) by extension 'colcon_pkg'
[0.779s] [34mcolcon.colcon_core.package_identification[0m [1;30mLevel 1[0m _identify(src) by extensions ['colcon_meta']
[0.780s] [34mcolcon.colcon_core.package_identification[0m [1;30mLevel 1[0m _identify(src) by extension 'colcon_meta'
[0.780s] [34mcolcon.colcon_core.package_identification[0m [1;30mLevel 1[0m _identify(src) by extensions ['ros']
[0.780s] [34mcolcon.colcon_core.package_identification[0m [1;30mLevel 1[0m _identify(src) by extension 'ros'
[0.780s] [34mcolcon.colcon_core.package_identification[0m [1;30mLevel 1[0m _identify(src) by extensions ['cmake', 'python']
[0.780s] [34mcolcon.colcon_core.package_identification[0m [1;30mLevel 1[0m _identify(src) by extension 'cmake'
[0.780s] [34mcolcon.colcon_core.package_identification[0m [1;30mLevel 1[0m _identify(src) by extension 'python'
[0.780s] [34mcolcon.colcon_core.package_identification[0m [1;30mLevel 1[0m _identify(src) by extensions ['python_setup_py']
[0.780s] [34mcolcon.colcon_core.package_identification[0m [1;30mLevel 1[0m _identify(src) by extension 'python_setup_py'
[0.780s] [34mcolcon.colcon_core.package_identification[0m [1;30mLevel 1[0m _identify(src/car_t265) by extensions ['ignore', 'ignore_ament_install']
[0.780s] [34mcolcon.colcon_core.package_identification[0m [1;30mLevel 1[0m _identify(src/car_t265) by extension 'ignore'
[0.780s] [34mcolcon.colcon_core.package_identification[0m [1;30mLevel 1[0m _identify(src/car_t265) by extension 'ignore_ament_install'
[0.781s] [34mcolcon.colcon_core.package_identification[0m [1;30mLevel 1[0m _identify(src/car_t265) by extensions ['colcon_pkg']
[0.781s] [34mcolcon.colcon_core.package_identification[0m [1;30mLevel 1[0m _identify(src/car_t265) by extension 'colcon_pkg'
[0.781s] [34mcolcon.colcon_core.package_identification[0m [1;30mLevel 1[0m _identify(src/car_t265) by extensions ['colcon_meta']
[0.781s] [34mcolcon.colcon_core.package_identification[0m [1;30mLevel 1[0m _identify(src/car_t265) by extension 'colcon_meta'
[0.781s] [34mcolcon.colcon_core.package_identification[0m [1;30mLevel 1[0m _identify(src/car_t265) by extensions ['ros']
[0.781s] [34mcolcon.colcon_core.package_identification[0m [1;30mLevel 1[0m _identify(src/car_t265) by extension 'ros'
[0.793s] [34mcolcon.colcon_core.package_identification[0m [1;30mDEBUG[0m [32mPackage 'src/car_t265' with type 'ros.ament_python' and name 'car_t265'[0m
[0.794s] [34mcolcon.colcon_core.package_identification[0m [1;30mLevel 1[0m _identify(src/lanhailidar_ros_ws) by extensions ['ignore', 'ignore_ament_install']
[0.794s] [34mcolcon.colcon_core.package_identification[0m [1;30mLevel 1[0m _identify(src/lanhailidar_ros_ws) by extension 'ignore'
[0.794s] [34mcolcon.colcon_core.package_identification[0m [1;30mLevel 1[0m _identify(src/lanhailidar_ros_ws) by extension 'ignore_ament_install'
[0.794s] [34mcolcon.colcon_core.package_identification[0m [1;30mLevel 1[0m _identify(src/lanhailidar_ros_ws) by extensions ['colcon_pkg']
[0.794s] [34mcolcon.colcon_core.package_identification[0m [1;30mLevel 1[0m _identify(src/lanhailidar_ros_ws) by extension 'colcon_pkg'
[0.794s] [34mcolcon.colcon_core.package_identification[0m [1;30mLevel 1[0m _identify(src/lanhailidar_ros_ws) by extensions ['colcon_meta']
[0.794s] [34mcolcon.colcon_core.package_identification[0m [1;30mLevel 1[0m _identify(src/lanhailidar_ros_ws) by extension 'colcon_meta'
[0.794s] [34mcolcon.colcon_core.package_identification[0m [1;30mLevel 1[0m _identify(src/lanhailidar_ros_ws) by extensions ['ros']
[0.794s] [34mcolcon.colcon_core.package_identification[0m [1;30mLevel 1[0m _identify(src/lanhailidar_ros_ws) by extension 'ros'
[0.795s] [34mcolcon.colcon_core.package_identification[0m [1;30mLevel 1[0m _identify(src/lanhailidar_ros_ws) by extensions ['cmake', 'python']
[0.795s] [34mcolcon.colcon_core.package_identification[0m [1;30mLevel 1[0m _identify(src/lanhailidar_ros_ws) by extension 'cmake'
[0.795s] [34mcolcon.colcon_core.package_identification[0m [1;30mLevel 1[0m _identify(src/lanhailidar_ros_ws) by extension 'python'
[0.795s] [34mcolcon.colcon_core.package_identification[0m [1;30mLevel 1[0m _identify(src/lanhailidar_ros_ws) by extensions ['python_setup_py']
[0.795s] [34mcolcon.colcon_core.package_identification[0m [1;30mLevel 1[0m _identify(src/lanhailidar_ros_ws) by extension 'python_setup_py'
[0.795s] [34mcolcon.colcon_core.package_identification[0m [1;30mLevel 1[0m _identify(src/lanhailidar_ros_ws/src) by extensions ['ignore', 'ignore_ament_install']
[0.796s] [34mcolcon.colcon_core.package_identification[0m [1;30mLevel 1[0m _identify(src/lanhailidar_ros_ws/src) by extension 'ignore'
[0.796s] [34mcolcon.colcon_core.package_identification[0m [1;30mLevel 1[0m _identify(src/lanhailidar_ros_ws/src) by extension 'ignore_ament_install'
[0.796s] [34mcolcon.colcon_core.package_identification[0m [1;30mLevel 1[0m _identify(src/lanhailidar_ros_ws/src) by extensions ['colcon_pkg']
[0.796s] [34mcolcon.colcon_core.package_identification[0m [1;30mLevel 1[0m _identify(src/lanhailidar_ros_ws/src) by extension 'colcon_pkg'
[0.796s] [34mcolcon.colcon_core.package_identification[0m [1;30mLevel 1[0m _identify(src/lanhailidar_ros_ws/src) by extensions ['colcon_meta']
[0.796s] [34mcolcon.colcon_core.package_identification[0m [1;30mLevel 1[0m _identify(src/lanhailidar_ros_ws/src) by extension 'colcon_meta'
[0.796s] [34mcolcon.colcon_core.package_identification[0m [1;30mLevel 1[0m _identify(src/lanhailidar_ros_ws/src) by extensions ['ros']
[0.796s] [34mcolcon.colcon_core.package_identification[0m [1;30mLevel 1[0m _identify(src/lanhailidar_ros_ws/src) by extension 'ros'
[0.796s] [34mcolcon.colcon_core.package_identification[0m [1;30mLevel 1[0m _identify(src/lanhailidar_ros_ws/src) by extensions ['cmake', 'python']
[0.796s] [34mcolcon.colcon_core.package_identification[0m [1;30mLevel 1[0m _identify(src/lanhailidar_ros_ws/src) by extension 'cmake'
[0.796s] [34mcolcon.colcon_core.package_identification[0m [1;30mLevel 1[0m _identify(src/lanhailidar_ros_ws/src) by extension 'python'
[0.797s] [34mcolcon.colcon_core.package_identification[0m [1;30mLevel 1[0m _identify(src/lanhailidar_ros_ws/src) by extensions ['python_setup_py']
[0.797s] [34mcolcon.colcon_core.package_identification[0m [1;30mLevel 1[0m _identify(src/lanhailidar_ros_ws/src) by extension 'python_setup_py'
[0.797s] [34mcolcon.colcon_core.package_identification[0m [1;30mLevel 1[0m _identify(src/lanhailidar_ros_ws/src/bluesea-ros2-main) by extensions ['ignore', 'ignore_ament_install']
[0.797s] [34mcolcon.colcon_core.package_identification[0m [1;30mLevel 1[0m _identify(src/lanhailidar_ros_ws/src/bluesea-ros2-main) by extension 'ignore'
[0.797s] [34mcolcon.colcon_core.package_identification[0m [1;30mLevel 1[0m _identify(src/lanhailidar_ros_ws/src/bluesea-ros2-main) by extension 'ignore_ament_install'
[0.797s] [34mcolcon.colcon_core.package_identification[0m [1;30mLevel 1[0m _identify(src/lanhailidar_ros_ws/src/bluesea-ros2-main) by extensions ['colcon_pkg']
[0.797s] [34mcolcon.colcon_core.package_identification[0m [1;30mLevel 1[0m _identify(src/lanhailidar_ros_ws/src/bluesea-ros2-main) by extension 'colcon_pkg'
[0.797s] [34mcolcon.colcon_core.package_identification[0m [1;30mLevel 1[0m _identify(src/lanhailidar_ros_ws/src/bluesea-ros2-main) by extensions ['colcon_meta']
[0.797s] [34mcolcon.colcon_core.package_identification[0m [1;30mLevel 1[0m _identify(src/lanhailidar_ros_ws/src/bluesea-ros2-main) by extension 'colcon_meta'
[0.797s] [34mcolcon.colcon_core.package_identification[0m [1;30mLevel 1[0m _identify(src/lanhailidar_ros_ws/src/bluesea-ros2-main) by extensions ['ros']
[0.798s] [34mcolcon.colcon_core.package_identification[0m [1;30mLevel 1[0m _identify(src/lanhailidar_ros_ws/src/bluesea-ros2-main) by extension 'ros'
[0.798s] [34mcolcon.colcon_core.package_identification[0m [1;30mLevel 1[0m _identify(src/lanhailidar_ros_ws/src/bluesea-ros2-main) by extensions ['cmake', 'python']
[0.798s] [34mcolcon.colcon_core.package_identification[0m [1;30mLevel 1[0m _identify(src/lanhailidar_ros_ws/src/bluesea-ros2-main) by extension 'cmake'
[0.798s] [34mcolcon.colcon_core.package_identification[0m [1;30mLevel 1[0m _identify(src/lanhailidar_ros_ws/src/bluesea-ros2-main) by extension 'python'
[0.798s] [34mcolcon.colcon_core.package_identification[0m [1;30mLevel 1[0m _identify(src/lanhailidar_ros_ws/src/bluesea-ros2-main) by extensions ['python_setup_py']
[0.798s] [34mcolcon.colcon_core.package_identification[0m [1;30mLevel 1[0m _identify(src/lanhailidar_ros_ws/src/bluesea-ros2-main) by extension 'python_setup_py'
[0.798s] [34mcolcon.colcon_core.package_identification[0m [1;30mLevel 1[0m _identify(src/lanhailidar_ros_ws/src/bluesea-ros2-main/base) by extensions ['ignore', 'ignore_ament_install']
[0.798s] [34mcolcon.colcon_core.package_identification[0m [1;30mLevel 1[0m _identify(src/lanhailidar_ros_ws/src/bluesea-ros2-main/base) by extension 'ignore'
[0.798s] [34mcolcon.colcon_core.package_identification[0m [1;30mLevel 1[0m _identify(src/lanhailidar_ros_ws/src/bluesea-ros2-main/base) by extension 'ignore_ament_install'
[0.798s] [34mcolcon.colcon_core.package_identification[0m [1;30mLevel 1[0m _identify(src/lanhailidar_ros_ws/src/bluesea-ros2-main/base) by extensions ['colcon_pkg']
[0.799s] [34mcolcon.colcon_core.package_identification[0m [1;30mLevel 1[0m _identify(src/lanhailidar_ros_ws/src/bluesea-ros2-main/base) by extension 'colcon_pkg'
[0.799s] [34mcolcon.colcon_core.package_identification[0m [1;30mLevel 1[0m _identify(src/lanhailidar_ros_ws/src/bluesea-ros2-main/base) by extensions ['colcon_meta']
[0.799s] [34mcolcon.colcon_core.package_identification[0m [1;30mLevel 1[0m _identify(src/lanhailidar_ros_ws/src/bluesea-ros2-main/base) by extension 'colcon_meta'
[0.799s] [34mcolcon.colcon_core.package_identification[0m [1;30mLevel 1[0m _identify(src/lanhailidar_ros_ws/src/bluesea-ros2-main/base) by extensions ['ros']
[0.799s] [34mcolcon.colcon_core.package_identification[0m [1;30mLevel 1[0m _identify(src/lanhailidar_ros_ws/src/bluesea-ros2-main/base) by extension 'ros'
[0.800s] [34mcolcon.colcon_core.package_identification[0m [1;30mDEBUG[0m [32mPackage 'src/lanhailidar_ros_ws/src/bluesea-ros2-main/base' with type 'ros.ament_cmake' and name 'base'[0m
[0.800s] [34mcolcon.colcon_core.package_identification[0m [1;30mLevel 1[0m _identify(src/lanhailidar_ros_ws/src/bluesea-ros2-main/bluesea-ros2) by extensions ['ignore', 'ignore_ament_install']
[0.801s] [34mcolcon.colcon_core.package_identification[0m [1;30mLevel 1[0m _identify(src/lanhailidar_ros_ws/src/bluesea-ros2-main/bluesea-ros2) by extension 'ignore'
[0.801s] [34mcolcon.colcon_core.package_identification[0m [1;30mLevel 1[0m _identify(src/lanhailidar_ros_ws/src/bluesea-ros2-main/bluesea-ros2) by extension 'ignore_ament_install'
[0.801s] [34mcolcon.colcon_core.package_identification[0m [1;30mLevel 1[0m _identify(src/lanhailidar_ros_ws/src/bluesea-ros2-main/bluesea-ros2) by extensions ['colcon_pkg']
[0.801s] [34mcolcon.colcon_core.package_identification[0m [1;30mLevel 1[0m _identify(src/lanhailidar_ros_ws/src/bluesea-ros2-main/bluesea-ros2) by extension 'colcon_pkg'
[0.801s] [34mcolcon.colcon_core.package_identification[0m [1;30mLevel 1[0m _identify(src/lanhailidar_ros_ws/src/bluesea-ros2-main/bluesea-ros2) by extensions ['colcon_meta']
[0.801s] [34mcolcon.colcon_core.package_identification[0m [1;30mLevel 1[0m _identify(src/lanhailidar_ros_ws/src/bluesea-ros2-main/bluesea-ros2) by extension 'colcon_meta'
[0.801s] [34mcolcon.colcon_core.package_identification[0m [1;30mLevel 1[0m _identify(src/lanhailidar_ros_ws/src/bluesea-ros2-main/bluesea-ros2) by extensions ['ros']
[0.801s] [34mcolcon.colcon_core.package_identification[0m [1;30mLevel 1[0m _identify(src/lanhailidar_ros_ws/src/bluesea-ros2-main/bluesea-ros2) by extension 'ros'
[0.803s] [34mcolcon.colcon_core.package_identification[0m [1;30mDEBUG[0m [32mPackage 'src/lanhailidar_ros_ws/src/bluesea-ros2-main/bluesea-ros2' with type 'ros.ament_cmake' and name 'bluesea2'[0m
[0.804s] [34mcolcon.colcon_core.package_identification[0m [1;30mLevel 1[0m _identify(src/laser_shotting_car) by extensions ['ignore', 'ignore_ament_install']
[0.804s] [34mcolcon.colcon_core.package_identification[0m [1;30mLevel 1[0m _identify(src/laser_shotting_car) by extension 'ignore'
[0.804s] [34mcolcon.colcon_core.package_identification[0m [1;30mLevel 1[0m _identify(src/laser_shotting_car) by extension 'ignore_ament_install'
[0.804s] [34mcolcon.colcon_core.package_identification[0m [1;30mLevel 1[0m _identify(src/laser_shotting_car) by extensions ['colcon_pkg']
[0.804s] [34mcolcon.colcon_core.package_identification[0m [1;30mLevel 1[0m _identify(src/laser_shotting_car) by extension 'colcon_pkg'
[0.804s] [34mcolcon.colcon_core.package_identification[0m [1;30mLevel 1[0m _identify(src/laser_shotting_car) by extensions ['colcon_meta']
[0.804s] [34mcolcon.colcon_core.package_identification[0m [1;30mLevel 1[0m _identify(src/laser_shotting_car) by extension 'colcon_meta'
[0.804s] [34mcolcon.colcon_core.package_identification[0m [1;30mLevel 1[0m _identify(src/laser_shotting_car) by extensions ['ros']
[0.804s] [34mcolcon.colcon_core.package_identification[0m [1;30mLevel 1[0m _identify(src/laser_shotting_car) by extension 'ros'
[0.806s] [34mcolcon.colcon_core.package_identification[0m [1;30mDEBUG[0m [32mPackage 'src/laser_shotting_car' with type 'ros.ament_python' and name 'laser_shotting_car'[0m
[0.807s] [34mcolcon.colcon_core.package_discovery[0m [1;30mLevel 1[0m discover_packages(recursive) using defaults
[0.807s] [34mcolcon.colcon_core.package_discovery[0m [1;30mLevel 1[0m discover_packages(ignore) discover
[0.807s] [34mcolcon.colcon_core.package_discovery[0m [1;30mLevel 1[0m discover_packages(ignore) using defaults
[0.807s] [34mcolcon.colcon_core.package_discovery[0m [1;30mLevel 1[0m discover_packages(path) discover
[0.807s] [34mcolcon.colcon_core.package_discovery[0m [1;30mLevel 1[0m discover_packages(path) using defaults
[0.899s] [34mcolcon.colcon_core.verb[0m [1;30mLevel 5[0m set package 'base' build argument 'cmake_args' from command line to 'None'
[0.899s] [34mcolcon.colcon_core.verb[0m [1;30mLevel 5[0m set package 'base' build argument 'cmake_target' from command line to 'None'
[0.899s] [34mcolcon.colcon_core.verb[0m [1;30mLevel 5[0m set package 'base' build argument 'cmake_target_skip_unavailable' from command line to 'False'
[0.899s] [34mcolcon.colcon_core.verb[0m [1;30mLevel 5[0m set package 'base' build argument 'cmake_clean_cache' from command line to 'False'
[0.899s] [34mcolcon.colcon_core.verb[0m [1;30mLevel 5[0m set package 'base' build argument 'cmake_clean_first' from command line to 'False'
[0.899s] [34mcolcon.colcon_core.verb[0m [1;30mLevel 5[0m set package 'base' build argument 'cmake_force_configure' from command line to 'False'
[0.899s] [34mcolcon.colcon_core.verb[0m [1;30mLevel 5[0m set package 'base' build argument 'ament_cmake_args' from command line to 'None'
[0.899s] [34mcolcon.colcon_core.verb[0m [1;30mLevel 5[0m set package 'base' build argument 'catkin_cmake_args' from command line to 'None'
[0.899s] [34mcolcon.colcon_core.verb[0m [1;30mLevel 5[0m set package 'base' build argument 'catkin_skip_building_tests' from command line to 'False'
[0.899s] [34mcolcon.colcon_core.verb[0m [1;30mDEBUG[0m [32mBuilding package 'base' with the following arguments: {'ament_cmake_args': None, 'build_base': '/home/orangepi/ros2_workspace/school_competition/build/base', 'catkin_cmake_args': None, 'catkin_skip_building_tests': False, 'cmake_args': None, 'cmake_clean_cache': False, 'cmake_clean_first': False, 'cmake_force_configure': False, 'cmake_target': None, 'cmake_target_skip_unavailable': False, 'install_base': '/home/orangepi/ros2_workspace/school_competition/install', 'merge_install': True, 'path': '/home/orangepi/ros2_workspace/school_competition/src/lanhailidar_ros_ws/src/bluesea-ros2-main/base', 'symlink_install': False, 'test_result_base': None}[0m
[0.900s] [34mcolcon.colcon_core.verb[0m [1;30mLevel 5[0m set package 'car_t265' build argument 'cmake_args' from command line to 'None'
[0.900s] [34mcolcon.colcon_core.verb[0m [1;30mLevel 5[0m set package 'car_t265' build argument 'cmake_target' from command line to 'None'
[0.900s] [34mcolcon.colcon_core.verb[0m [1;30mLevel 5[0m set package 'car_t265' build argument 'cmake_target_skip_unavailable' from command line to 'False'
[0.900s] [34mcolcon.colcon_core.verb[0m [1;30mLevel 5[0m set package 'car_t265' build argument 'cmake_clean_cache' from command line to 'False'
[0.900s] [34mcolcon.colcon_core.verb[0m [1;30mLevel 5[0m set package 'car_t265' build argument 'cmake_clean_first' from command line to 'False'
[0.900s] [34mcolcon.colcon_core.verb[0m [1;30mLevel 5[0m set package 'car_t265' build argument 'cmake_force_configure' from command line to 'False'
[0.900s] [34mcolcon.colcon_core.verb[0m [1;30mLevel 5[0m set package 'car_t265' build argument 'ament_cmake_args' from command line to 'None'
[0.900s] [34mcolcon.colcon_core.verb[0m [1;30mLevel 5[0m set package 'car_t265' build argument 'catkin_cmake_args' from command line to 'None'
[0.900s] [34mcolcon.colcon_core.verb[0m [1;30mLevel 5[0m set package 'car_t265' build argument 'catkin_skip_building_tests' from command line to 'False'
[0.900s] [34mcolcon.colcon_core.verb[0m [1;30mDEBUG[0m [32mBuilding package 'car_t265' with the following arguments: {'ament_cmake_args': None, 'build_base': '/home/orangepi/ros2_workspace/school_competition/build/car_t265', 'catkin_cmake_args': None, 'catkin_skip_building_tests': False, 'cmake_args': None, 'cmake_clean_cache': False, 'cmake_clean_first': False, 'cmake_force_configure': False, 'cmake_target': None, 'cmake_target_skip_unavailable': False, 'install_base': '/home/orangepi/ros2_workspace/school_competition/install', 'merge_install': True, 'path': '/home/orangepi/ros2_workspace/school_competition/src/car_t265', 'symlink_install': False, 'test_result_base': None}[0m
[0.901s] [34mcolcon.colcon_core.verb[0m [1;30mLevel 5[0m set package 'laser_shotting_car' build argument 'cmake_args' from command line to 'None'
[0.901s] [34mcolcon.colcon_core.verb[0m [1;30mLevel 5[0m set package 'laser_shotting_car' build argument 'cmake_target' from command line to 'None'
[0.901s] [34mcolcon.colcon_core.verb[0m [1;30mLevel 5[0m set package 'laser_shotting_car' build argument 'cmake_target_skip_unavailable' from command line to 'False'
[0.901s] [34mcolcon.colcon_core.verb[0m [1;30mLevel 5[0m set package 'laser_shotting_car' build argument 'cmake_clean_cache' from command line to 'False'
[0.901s] [34mcolcon.colcon_core.verb[0m [1;30mLevel 5[0m set package 'laser_shotting_car' build argument 'cmake_clean_first' from command line to 'False'
[0.901s] [34mcolcon.colcon_core.verb[0m [1;30mLevel 5[0m set package 'laser_shotting_car' build argument 'cmake_force_configure' from command line to 'False'
[0.901s] [34mcolcon.colcon_core.verb[0m [1;30mLevel 5[0m set package 'laser_shotting_car' build argument 'ament_cmake_args' from command line to 'None'
[0.901s] [34mcolcon.colcon_core.verb[0m [1;30mLevel 5[0m set package 'laser_shotting_car' build argument 'catkin_cmake_args' from command line to 'None'
[0.902s] [34mcolcon.colcon_core.verb[0m [1;30mLevel 5[0m set package 'laser_shotting_car' build argument 'catkin_skip_building_tests' from command line to 'False'
[0.902s] [34mcolcon.colcon_core.verb[0m [1;30mDEBUG[0m [32mBuilding package 'laser_shotting_car' with the following arguments: {'ament_cmake_args': None, 'build_base': '/home/orangepi/ros2_workspace/school_competition/build/laser_shotting_car', 'catkin_cmake_args': None, 'catkin_skip_building_tests': False, 'cmake_args': None, 'cmake_clean_cache': False, 'cmake_clean_first': False, 'cmake_force_configure': False, 'cmake_target': None, 'cmake_target_skip_unavailable': False, 'install_base': '/home/orangepi/ros2_workspace/school_competition/install', 'merge_install': True, 'path': '/home/orangepi/ros2_workspace/school_competition/src/laser_shotting_car', 'symlink_install': False, 'test_result_base': None}[0m
[0.902s] [34mcolcon.colcon_core.verb[0m [1;30mLevel 5[0m set package 'bluesea2' build argument 'cmake_args' from command line to 'None'
[0.902s] [34mcolcon.colcon_core.verb[0m [1;30mLevel 5[0m set package 'bluesea2' build argument 'cmake_target' from command line to 'None'
[0.902s] [34mcolcon.colcon_core.verb[0m [1;30mLevel 5[0m set package 'bluesea2' build argument 'cmake_target_skip_unavailable' from command line to 'False'
[0.902s] [34mcolcon.colcon_core.verb[0m [1;30mLevel 5[0m set package 'bluesea2' build argument 'cmake_clean_cache' from command line to 'False'
[0.902s] [34mcolcon.colcon_core.verb[0m [1;30mLevel 5[0m set package 'bluesea2' build argument 'cmake_clean_first' from command line to 'False'
[0.902s] [34mcolcon.colcon_core.verb[0m [1;30mLevel 5[0m set package 'bluesea2' build argument 'cmake_force_configure' from command line to 'False'
[0.902s] [34mcolcon.colcon_core.verb[0m [1;30mLevel 5[0m set package 'bluesea2' build argument 'ament_cmake_args' from command line to 'None'
[0.903s] [34mcolcon.colcon_core.verb[0m [1;30mLevel 5[0m set package 'bluesea2' build argument 'catkin_cmake_args' from command line to 'None'
[0.903s] [34mcolcon.colcon_core.verb[0m [1;30mLevel 5[0m set package 'bluesea2' build argument 'catkin_skip_building_tests' from command line to 'False'
[0.903s] [34mcolcon.colcon_core.verb[0m [1;30mDEBUG[0m [32mBuilding package 'bluesea2' with the following arguments: {'ament_cmake_args': None, 'build_base': '/home/orangepi/ros2_workspace/school_competition/build/bluesea2', 'catkin_cmake_args': None, 'catkin_skip_building_tests': False, 'cmake_args': None, 'cmake_clean_cache': False, 'cmake_clean_first': False, 'cmake_force_configure': False, 'cmake_target': None, 'cmake_target_skip_unavailable': False, 'install_base': '/home/orangepi/ros2_workspace/school_competition/install', 'merge_install': True, 'path': '/home/orangepi/ros2_workspace/school_competition/src/lanhailidar_ros_ws/src/bluesea-ros2-main/bluesea-ros2', 'symlink_install': False, 'test_result_base': None}[0m
[0.903s] [34mcolcon.colcon_core.executor[0m [1;30mINFO[0m Executing jobs using 'parallel' executor
[0.910s] [34mcolcon.colcon_parallel_executor.executor.parallel[0m [1;30mDEBUG[0m [32mrun_until_complete[0m
[0.910s] [34mcolcon.colcon_ros.task.ament_cmake.build[0m [1;30mINFO[0m Building ROS package in '/home/orangepi/ros2_workspace/school_competition/src/lanhailidar_ros_ws/src/bluesea-ros2-main/base' with build type 'ament_cmake'
[0.911s] [34mcolcon.colcon_cmake.task.cmake.build[0m [1;30mINFO[0m Building CMake package in '/home/orangepi/ros2_workspace/school_competition/src/lanhailidar_ros_ws/src/bluesea-ros2-main/base'
[0.914s] [34mcolcon.colcon_core.plugin_system[0m [1;30mINFO[0m Skipping extension 'colcon_core.shell.bat': Not used on non-Windows systems
[0.914s] [34mcolcon.colcon_core.shell[0m [1;30mINFO[0m Skip shell extension 'powershell' for command environment: Not usable outside of PowerShell
[0.914s] [34mcolcon.colcon_core.shell[0m [1;30mDEBUG[0m [32mSkip shell extension 'dsv' for command environment[0m
[0.932s] [34mcolcon.colcon_ros.task.ament_python.build[0m [1;30mINFO[0m Building ROS package in '/home/orangepi/ros2_workspace/school_competition/src/car_t265' with build type 'ament_python'
[0.933s] [34mcolcon.colcon_core.shell[0m [1;30mLevel 1[0m create_environment_hook('car_t265', 'ament_prefix_path')
[0.939s] [34mcolcon.colcon_core.shell[0m [1;30mINFO[0m Creating environment hook '/home/orangepi/ros2_workspace/school_competition/install/share/car_t265/hook/ament_prefix_path.ps1'
[0.941s] [34mcolcon.colcon_core.shell[0m [1;30mINFO[0m Creating environment descriptor '/home/orangepi/ros2_workspace/school_competition/install/share/car_t265/hook/ament_prefix_path.dsv'
[0.942s] [34mcolcon.colcon_core.shell[0m [1;30mINFO[0m Creating environment hook '/home/orangepi/ros2_workspace/school_competition/install/share/car_t265/hook/ament_prefix_path.sh'
[0.944s] [34mcolcon.colcon_core.shell[0m [1;30mINFO[0m Skip shell extension 'powershell' for command environment: Not usable outside of PowerShell
[0.945s] [34mcolcon.colcon_core.shell[0m [1;30mDEBUG[0m [32mSkip shell extension 'dsv' for command environment[0m
[0.961s] [34mcolcon.colcon_ros.task.ament_python.build[0m [1;30mINFO[0m Building ROS package in '/home/orangepi/ros2_workspace/school_competition/src/laser_shotting_car' with build type 'ament_python'
[0.962s] [34mcolcon.colcon_core.shell[0m [1;30mLevel 1[0m create_environment_hook('laser_shotting_car', 'ament_prefix_path')
[0.963s] [34mcolcon.colcon_core.shell[0m [1;30mINFO[0m Creating environment hook '/home/orangepi/ros2_workspace/school_competition/install/share/laser_shotting_car/hook/ament_prefix_path.ps1'
[0.964s] [34mcolcon.colcon_core.shell[0m [1;30mINFO[0m Creating environment descriptor '/home/orangepi/ros2_workspace/school_competition/install/share/laser_shotting_car/hook/ament_prefix_path.dsv'
[0.965s] [34mcolcon.colcon_core.shell[0m [1;30mINFO[0m Creating environment hook '/home/orangepi/ros2_workspace/school_competition/install/share/laser_shotting_car/hook/ament_prefix_path.sh'
[0.967s] [34mcolcon.colcon_core.shell[0m [1;30mINFO[0m Skip shell extension 'powershell' for command environment: Not usable outside of PowerShell
[0.967s] [34mcolcon.colcon_core.shell[0m [1;30mDEBUG[0m [32mSkip shell extension 'dsv' for command environment[0m
[1.004s] [34mcolcon.colcon_core.event_handler.log_command[0m [1;30mDEBUG[0m [32mInvoking command in '/home/orangepi/ros2_workspace/school_competition/build/base': CMAKE_PREFIX_PATH=${CMAKE_PREFIX_PATH}:/root/lanhailidar_ros_ws/install/scan_subscriber:/opt/ros/humble /usr/bin/cmake --build /home/orangepi/ros2_workspace/school_competition/build/base -- -j8 -l8[0m
[1.938s] [34mcolcon.colcon_core.task.python.build[0m [1;30mINFO[0m Building Python package in '/home/orangepi/ros2_workspace/school_competition/src/car_t265'
[1.938s] [34mcolcon.colcon_core.shell[0m [1;30mINFO[0m Skip shell extension 'powershell' for command environment: Not usable outside of PowerShell
[1.939s] [34mcolcon.colcon_core.shell[0m [1;30mDEBUG[0m [32mSkip shell extension 'dsv' for command environment[0m
[2.785s] [34mcolcon.colcon_core.task.python.build[0m [1;30mINFO[0m Building Python package in '/home/orangepi/ros2_workspace/school_competition/src/laser_shotting_car'
[2.786s] [34mcolcon.colcon_core.shell[0m [1;30mINFO[0m Skip shell extension 'powershell' for command environment: Not usable outside of PowerShell
[2.786s] [34mcolcon.colcon_core.shell[0m [1;30mDEBUG[0m [32mSkip shell extension 'dsv' for command environment[0m
[3.983s] [34mcolcon.colcon_core.event_handler.log_command[0m [1;30mDEBUG[0m [32mInvoking command in '/home/orangepi/ros2_workspace/school_competition/src/laser_shotting_car': PYTHONPATH=/home/orangepi/ros2_workspace/school_competition/build/laser_shotting_car/prefix_override:/usr/lib/python3/dist-packages/colcon_core/task/python/colcon_distutils_commands:/home/orangepi/ros2_workspace/school_competition/install/lib/python3.10/site-packages:${PYTHONPATH} /usr/bin/python3 -W ignore:setup.py install is deprecated -W ignore:easy_install command is deprecated setup.py egg_info --egg-base ../../build/laser_shotting_car build --build-base /home/orangepi/ros2_workspace/school_competition/build/laser_shotting_car/build install --record /home/orangepi/ros2_workspace/school_competition/build/laser_shotting_car/install.log --single-version-externally-managed install_data[0m
[4.491s] [34mcolcon.colcon_core.event_handler.log_command[0m [1;30mDEBUG[0m [32mInvoked command in '/home/orangepi/ros2_workspace/school_competition/build/base' returned '0': CMAKE_PREFIX_PATH=${CMAKE_PREFIX_PATH}:/root/lanhailidar_ros_ws/install/scan_subscriber:/opt/ros/humble /usr/bin/cmake --build /home/orangepi/ros2_workspace/school_competition/build/base -- -j8 -l8[0m
[4.509s] [34mcolcon.colcon_core.event_handler.log_command[0m [1;30mDEBUG[0m [32mInvoking command in '/home/orangepi/ros2_workspace/school_competition/build/base': CMAKE_PREFIX_PATH=${CMAKE_PREFIX_PATH}:/root/lanhailidar_ros_ws/install/scan_subscriber:/opt/ros/humble /usr/bin/cmake --install /home/orangepi/ros2_workspace/school_competition/build/base[0m
[4.735s] [34mcolcon.colcon_core.environment[0m [1;30mLevel 1[0m create_environment_scripts_only(base)
[4.740s] [34mcolcon.colcon_core.environment[0m [1;30mLevel 1[0m checking '/home/orangepi/ros2_workspace/school_competition/install' for CMake module files
[4.741s] [34mcolcon.colcon_core.environment[0m [1;30mLevel 1[0m checking '/home/orangepi/ros2_workspace/school_competition/install' for CMake config files
[4.743s] [34mcolcon.colcon_core.shell[0m [1;30mLevel 1[0m create_environment_hook('base', 'cmake_prefix_path')
[4.744s] [34mcolcon.colcon_core.shell[0m [1;30mINFO[0m Creating environment hook '/home/orangepi/ros2_workspace/school_competition/install/share/base/hook/cmake_prefix_path.ps1'
[4.745s] [34mcolcon.colcon_core.shell[0m [1;30mINFO[0m Creating environment descriptor '/home/orangepi/ros2_workspace/school_competition/install/share/base/hook/cmake_prefix_path.dsv'
[4.746s] [34mcolcon.colcon_core.event_handler.log_command[0m [1;30mDEBUG[0m [32mInvoked command in '/home/orangepi/ros2_workspace/school_competition/build/base' returned '0': CMAKE_PREFIX_PATH=${CMAKE_PREFIX_PATH}:/root/lanhailidar_ros_ws/install/scan_subscriber:/opt/ros/humble /usr/bin/cmake --install /home/orangepi/ros2_workspace/school_competition/build/base[0m
[4.748s] [34mcolcon.colcon_core.shell[0m [1;30mINFO[0m Creating environment hook '/home/orangepi/ros2_workspace/school_competition/install/share/base/hook/cmake_prefix_path.sh'
[4.756s] [34mcolcon.colcon_core.environment[0m [1;30mLevel 1[0m checking '/home/orangepi/ros2_workspace/school_competition/install/lib'
[4.757s] [34mcolcon.colcon_core.shell[0m [1;30mLevel 1[0m create_environment_hook('base', 'ld_library_path_lib')
[4.757s] [34mcolcon.colcon_core.shell[0m [1;30mINFO[0m Creating environment hook '/home/orangepi/ros2_workspace/school_competition/install/share/base/hook/ld_library_path_lib.ps1'
[4.758s] [34mcolcon.colcon_core.shell[0m [1;30mINFO[0m Creating environment descriptor '/home/orangepi/ros2_workspace/school_competition/install/share/base/hook/ld_library_path_lib.dsv'
[4.769s] [34mcolcon.colcon_core.shell[0m [1;30mINFO[0m Creating environment hook '/home/orangepi/ros2_workspace/school_competition/install/share/base/hook/ld_library_path_lib.sh'
[4.776s] [34mcolcon.colcon_core.environment[0m [1;30mLevel 1[0m checking '/home/orangepi/ros2_workspace/school_competition/install/bin'
[4.776s] [34mcolcon.colcon_core.environment[0m [1;30mLevel 1[0m checking '/home/orangepi/ros2_workspace/school_competition/install/lib/pkgconfig/base.pc'
[4.777s] [34mcolcon.colcon_core.environment[0m [1;30mLevel 1[0m checking '/home/orangepi/ros2_workspace/school_competition/install/lib/python3.10/site-packages'
[4.777s] [34mcolcon.colcon_core.shell[0m [1;30mLevel 1[0m create_environment_hook('base', 'pythonpath')
[4.778s] [34mcolcon.colcon_core.shell[0m [1;30mINFO[0m Creating environment hook '/home/orangepi/ros2_workspace/school_competition/install/share/base/hook/pythonpath.ps1'
[4.780s] [34mcolcon.colcon_core.shell[0m [1;30mINFO[0m Creating environment descriptor '/home/orangepi/ros2_workspace/school_competition/install/share/base/hook/pythonpath.dsv'
[4.797s] [34mcolcon.colcon_core.shell[0m [1;30mINFO[0m Creating environment hook '/home/orangepi/ros2_workspace/school_competition/install/share/base/hook/pythonpath.sh'
[4.805s] [34mcolcon.colcon_core.environment[0m [1;30mLevel 1[0m checking '/home/orangepi/ros2_workspace/school_competition/install/bin'
[4.815s] [34mcolcon.colcon_core.shell[0m [1;30mINFO[0m Creating package script '/home/orangepi/ros2_workspace/school_competition/install/share/base/package.ps1'
[4.826s] [34mcolcon.colcon_core.shell[0m [1;30mINFO[0m Creating package descriptor '/home/orangepi/ros2_workspace/school_competition/install/share/base/package.dsv'
[4.844s] [34mcolcon.colcon_core.shell[0m [1;30mINFO[0m Creating package script '/home/orangepi/ros2_workspace/school_competition/install/share/base/package.sh'
[4.860s] [34mcolcon.colcon_core.shell[0m [1;30mINFO[0m Creating package script '/home/orangepi/ros2_workspace/school_competition/install/share/base/package.bash'
[4.869s] [34mcolcon.colcon_core.shell[0m [1;30mINFO[0m Creating package script '/home/orangepi/ros2_workspace/school_competition/install/share/base/package.zsh'
[4.872s] [34mcolcon.colcon_core.environment[0m [1;30mLevel 1[0m create_file_with_runtime_dependencies(/home/orangepi/ros2_workspace/school_competition/install/share/colcon-core/packages/base)
[4.874s] [34mcolcon.colcon_core.environment[0m [1;30mLevel 1[0m create_environment_scripts_only(base)
[4.876s] [34mcolcon.colcon_core.environment[0m [1;30mLevel 1[0m checking '/home/orangepi/ros2_workspace/school_competition/install' for CMake module files
[4.878s] [34mcolcon.colcon_core.environment[0m [1;30mLevel 1[0m checking '/home/orangepi/ros2_workspace/school_competition/install' for CMake config files
[4.881s] [34mcolcon.colcon_core.shell[0m [1;30mLevel 1[0m create_environment_hook('base', 'cmake_prefix_path')
[4.891s] [34mcolcon.colcon_core.shell[0m [1;30mINFO[0m Creating environment hook '/home/orangepi/ros2_workspace/school_competition/install/share/base/hook/cmake_prefix_path.ps1'
[4.892s] [34mcolcon.colcon_core.shell[0m [1;30mINFO[0m Creating environment descriptor '/home/orangepi/ros2_workspace/school_competition/install/share/base/hook/cmake_prefix_path.dsv'
[4.900s] [34mcolcon.colcon_core.shell[0m [1;30mINFO[0m Creating environment hook '/home/orangepi/ros2_workspace/school_competition/install/share/base/hook/cmake_prefix_path.sh'
[4.908s] [34mcolcon.colcon_core.environment[0m [1;30mLevel 1[0m checking '/home/orangepi/ros2_workspace/school_competition/install/lib'
[4.909s] [34mcolcon.colcon_core.shell[0m [1;30mLevel 1[0m create_environment_hook('base', 'ld_library_path_lib')
[4.913s] [34mcolcon.colcon_core.shell[0m [1;30mINFO[0m Creating environment hook '/home/orangepi/ros2_workspace/school_competition/install/share/base/hook/ld_library_path_lib.ps1'
[4.916s] [34mcolcon.colcon_core.shell[0m [1;30mINFO[0m Creating environment descriptor '/home/orangepi/ros2_workspace/school_competition/install/share/base/hook/ld_library_path_lib.dsv'
[4.922s] [34mcolcon.colcon_core.shell[0m [1;30mINFO[0m Creating environment hook '/home/orangepi/ros2_workspace/school_competition/install/share/base/hook/ld_library_path_lib.sh'
[4.927s] [34mcolcon.colcon_core.environment[0m [1;30mLevel 1[0m checking '/home/orangepi/ros2_workspace/school_competition/install/bin'
[4.928s] [34mcolcon.colcon_core.environment[0m [1;30mLevel 1[0m checking '/home/orangepi/ros2_workspace/school_competition/install/lib/pkgconfig/base.pc'
[4.930s] [34mcolcon.colcon_core.environment[0m [1;30mLevel 1[0m checking '/home/orangepi/ros2_workspace/school_competition/install/lib/python3.10/site-packages'
[4.931s] [34mcolcon.colcon_core.shell[0m [1;30mLevel 1[0m create_environment_hook('base', 'pythonpath')
[4.933s] [34mcolcon.colcon_core.shell[0m [1;30mINFO[0m Creating environment hook '/home/orangepi/ros2_workspace/school_competition/install/share/base/hook/pythonpath.ps1'
[4.936s] [34mcolcon.colcon_core.shell[0m [1;30mINFO[0m Creating environment descriptor '/home/orangepi/ros2_workspace/school_competition/install/share/base/hook/pythonpath.dsv'
[4.939s] [34mcolcon.colcon_core.shell[0m [1;30mINFO[0m Creating environment hook '/home/orangepi/ros2_workspace/school_competition/install/share/base/hook/pythonpath.sh'
[4.944s] [34mcolcon.colcon_core.environment[0m [1;30mLevel 1[0m checking '/home/orangepi/ros2_workspace/school_competition/install/bin'
[4.948s] [34mcolcon.colcon_core.shell[0m [1;30mINFO[0m Creating package script '/home/orangepi/ros2_workspace/school_competition/install/share/base/package.ps1'
[4.954s] [34mcolcon.colcon_core.shell[0m [1;30mINFO[0m Creating package descriptor '/home/orangepi/ros2_workspace/school_competition/install/share/base/package.dsv'
[4.961s] [34mcolcon.colcon_core.shell[0m [1;30mINFO[0m Creating package script '/home/orangepi/ros2_workspace/school_competition/install/share/base/package.sh'
[4.970s] [34mcolcon.colcon_core.shell[0m [1;30mINFO[0m Creating package script '/home/orangepi/ros2_workspace/school_competition/install/share/base/package.bash'
[4.973s] [34mcolcon.colcon_core.shell[0m [1;30mINFO[0m Creating package script '/home/orangepi/ros2_workspace/school_competition/install/share/base/package.zsh'
[4.977s] [34mcolcon.colcon_core.environment[0m [1;30mLevel 1[0m create_file_with_runtime_dependencies(/home/orangepi/ros2_workspace/school_competition/install/share/colcon-core/packages/base)
[4.998s] [34mcolcon.colcon_ros.task.ament_cmake.build[0m [1;30mINFO[0m Building ROS package in '/home/orangepi/ros2_workspace/school_competition/src/lanhailidar_ros_ws/src/bluesea-ros2-main/bluesea-ros2' with build type 'ament_cmake'
[4.999s] [34mcolcon.colcon_cmake.task.cmake.build[0m [1;30mINFO[0m Building CMake package in '/home/orangepi/ros2_workspace/school_competition/src/lanhailidar_ros_ws/src/bluesea-ros2-main/bluesea-ros2'
[5.000s] [34mcolcon.colcon_core.shell[0m [1;30mINFO[0m Skip shell extension 'powershell' for command environment: Not usable outside of PowerShell
[5.001s] [34mcolcon.colcon_core.shell[0m [1;30mDEBUG[0m [32mSkip shell extension 'dsv' for command environment[0m
[5.083s] [34mcolcon.colcon_core.environment[0m [1;30mLevel 1[0m checking '/home/orangepi/ros2_workspace/school_competition/install' for CMake module files
[5.084s] [34mcolcon.colcon_core.environment[0m [1;30mLevel 1[0m checking '/home/orangepi/ros2_workspace/school_competition/install' for CMake config files
[5.087s] [34mcolcon.colcon_core.event_handler.log_command[0m [1;30mDEBUG[0m [32mInvoked command in '/home/orangepi/ros2_workspace/school_competition/src/laser_shotting_car' returned '0': PYTHONPATH=/home/orangepi/ros2_workspace/school_competition/build/laser_shotting_car/prefix_override:/usr/lib/python3/dist-packages/colcon_core/task/python/colcon_distutils_commands:/home/orangepi/ros2_workspace/school_competition/install/lib/python3.10/site-packages:${PYTHONPATH} /usr/bin/python3 -W ignore:setup.py install is deprecated -W ignore:easy_install command is deprecated setup.py egg_info --egg-base ../../build/laser_shotting_car build --build-base /home/orangepi/ros2_workspace/school_competition/build/laser_shotting_car/build install --record /home/orangepi/ros2_workspace/school_competition/build/laser_shotting_car/install.log --single-version-externally-managed install_data[0m
[5.091s] [34mcolcon.colcon_core.shell[0m [1;30mLevel 1[0m create_environment_hook('laser_shotting_car', 'cmake_prefix_path')
[5.092s] [34mcolcon.colcon_core.shell[0m [1;30mINFO[0m Creating environment hook '/home/orangepi/ros2_workspace/school_competition/install/share/laser_shotting_car/hook/cmake_prefix_path.ps1'
[5.093s] [34mcolcon.colcon_core.shell[0m [1;30mINFO[0m Creating environment descriptor '/home/orangepi/ros2_workspace/school_competition/install/share/laser_shotting_car/hook/cmake_prefix_path.dsv'
[5.099s] [34mcolcon.colcon_core.shell[0m [1;30mINFO[0m Creating environment hook '/home/orangepi/ros2_workspace/school_competition/install/share/laser_shotting_car/hook/cmake_prefix_path.sh'
[5.101s] [34mcolcon.colcon_core.environment[0m [1;30mLevel 1[0m checking '/home/orangepi/ros2_workspace/school_competition/install/lib'
[5.101s] [34mcolcon.colcon_core.shell[0m [1;30mLevel 1[0m create_environment_hook('laser_shotting_car', 'ld_library_path_lib')
[5.102s] [34mcolcon.colcon_core.shell[0m [1;30mINFO[0m Creating environment hook '/home/orangepi/ros2_workspace/school_competition/install/share/laser_shotting_car/hook/ld_library_path_lib.ps1'
[5.103s] [34mcolcon.colcon_core.shell[0m [1;30mINFO[0m Creating environment descriptor '/home/orangepi/ros2_workspace/school_competition/install/share/laser_shotting_car/hook/ld_library_path_lib.dsv'
[5.104s] [34mcolcon.colcon_core.shell[0m [1;30mINFO[0m Creating environment hook '/home/orangepi/ros2_workspace/school_competition/install/share/laser_shotting_car/hook/ld_library_path_lib.sh'
[5.105s] [34mcolcon.colcon_core.environment[0m [1;30mLevel 1[0m checking '/home/orangepi/ros2_workspace/school_competition/install/bin'
[5.105s] [34mcolcon.colcon_core.environment[0m [1;30mLevel 1[0m checking '/home/orangepi/ros2_workspace/school_competition/install/lib/pkgconfig/laser_shotting_car.pc'
[5.106s] [34mcolcon.colcon_core.environment[0m [1;30mLevel 1[0m checking '/home/orangepi/ros2_workspace/school_competition/install/lib/python3.10/site-packages'
[5.106s] [34mcolcon.colcon_core.shell[0m [1;30mLevel 1[0m create_environment_hook('laser_shotting_car', 'pythonpath')
[5.107s] [34mcolcon.colcon_core.shell[0m [1;30mINFO[0m Creating environment hook '/home/orangepi/ros2_workspace/school_competition/install/share/laser_shotting_car/hook/pythonpath.ps1'
[5.108s] [34mcolcon.colcon_core.shell[0m [1;30mINFO[0m Creating environment descriptor '/home/orangepi/ros2_workspace/school_competition/install/share/laser_shotting_car/hook/pythonpath.dsv'
[5.111s] [34mcolcon.colcon_core.shell[0m [1;30mINFO[0m Creating environment hook '/home/orangepi/ros2_workspace/school_competition/install/share/laser_shotting_car/hook/pythonpath.sh'
[5.137s] [34mcolcon.colcon_core.environment[0m [1;30mLevel 1[0m checking '/home/orangepi/ros2_workspace/school_competition/install/bin'
[5.141s] [34mcolcon.colcon_core.environment[0m [1;30mLevel 1[0m create_environment_scripts_only(laser_shotting_car)
[5.149s] [34mcolcon.colcon_core.shell[0m [1;30mINFO[0m Creating package script '/home/orangepi/ros2_workspace/school_competition/install/share/laser_shotting_car/package.ps1'
[5.161s] [34mcolcon.colcon_core.shell[0m [1;30mINFO[0m Creating package descriptor '/home/orangepi/ros2_workspace/school_competition/install/share/laser_shotting_car/package.dsv'
[5.167s] [34mcolcon.colcon_core.shell[0m [1;30mINFO[0m Creating package script '/home/orangepi/ros2_workspace/school_competition/install/share/laser_shotting_car/package.sh'
[5.170s] [34mcolcon.colcon_core.shell[0m [1;30mINFO[0m Creating package script '/home/orangepi/ros2_workspace/school_competition/install/share/laser_shotting_car/package.bash'
[5.172s] [34mcolcon.colcon_core.shell[0m [1;30mINFO[0m Creating package script '/home/orangepi/ros2_workspace/school_competition/install/share/laser_shotting_car/package.zsh'
[5.174s] [34mcolcon.colcon_core.environment[0m [1;30mLevel 1[0m create_file_with_runtime_dependencies(/home/orangepi/ros2_workspace/school_competition/install/share/colcon-core/packages/laser_shotting_car)
[5.192s] [34mcolcon.colcon_core.event_handler.log_command[0m [1;30mDEBUG[0m [32mInvoking command in '/home/orangepi/ros2_workspace/school_competition/build/bluesea2': CMAKE_PREFIX_PATH=${CMAKE_PREFIX_PATH}:/root/lanhailidar_ros_ws/install/scan_subscriber:/opt/ros/humble PYTHONPATH=/home/orangepi/ros2_workspace/school_competition/install/lib/python3.10/site-packages:/home/orangepi/ros2_workspace/school_competition/install/local/lib/python3.10/dist-packages:/root/lanhailidar_ros_ws/install/scan_subscriber/lib/python3.10/site-packages:/root/lanhailidar_ros_ws/install/base/local/lib/python3.10/dist-packages:/opt/ros/humble/lib/python3.10/site-packages:/opt/ros/humble/local/lib/python3.10/dist-packages /usr/bin/cmake --build /home/orangepi/ros2_workspace/school_competition/build/bluesea2 -- -j8 -l8[0m
[5.430s] [34mcolcon.colcon_core.event_handler.log_command[0m [1;30mDEBUG[0m [32mInvoking command in '/home/orangepi/ros2_workspace/school_competition/src/car_t265': PYTHONPATH=/home/orangepi/ros2_workspace/school_competition/build/car_t265/prefix_override:/usr/lib/python3/dist-packages/colcon_core/task/python/colcon_distutils_commands:/home/orangepi/ros2_workspace/school_competition/install/lib/python3.10/site-packages:${PYTHONPATH} /usr/bin/python3 -W ignore:setup.py install is deprecated -W ignore:easy_install command is deprecated setup.py egg_info --egg-base ../../build/car_t265 build --build-base /home/orangepi/ros2_workspace/school_competition/build/car_t265/build install --record /home/orangepi/ros2_workspace/school_competition/build/car_t265/install.log --single-version-externally-managed install_data[0m
[5.937s] [34mcolcon.colcon_core.event_handler.log_command[0m [1;30mDEBUG[0m [32mInvoked command in '/home/orangepi/ros2_workspace/school_competition/build/bluesea2' returned '0': CMAKE_PREFIX_PATH=${CMAKE_PREFIX_PATH}:/root/lanhailidar_ros_ws/install/scan_subscriber:/opt/ros/humble PYTHONPATH=/home/orangepi/ros2_workspace/school_competition/install/lib/python3.10/site-packages:/home/orangepi/ros2_workspace/school_competition/install/local/lib/python3.10/dist-packages:/root/lanhailidar_ros_ws/install/scan_subscriber/lib/python3.10/site-packages:/root/lanhailidar_ros_ws/install/base/local/lib/python3.10/dist-packages:/opt/ros/humble/lib/python3.10/site-packages:/opt/ros/humble/local/lib/python3.10/dist-packages /usr/bin/cmake --build /home/orangepi/ros2_workspace/school_competition/build/bluesea2 -- -j8 -l8[0m
[5.938s] [34mcolcon.colcon_core.event_handler.log_command[0m [1;30mDEBUG[0m [32mInvoking command in '/home/orangepi/ros2_workspace/school_competition/build/bluesea2': CMAKE_PREFIX_PATH=${CMAKE_PREFIX_PATH}:/root/lanhailidar_ros_ws/install/scan_subscriber:/opt/ros/humble PYTHONPATH=/home/orangepi/ros2_workspace/school_competition/install/lib/python3.10/site-packages:/home/orangepi/ros2_workspace/school_competition/install/local/lib/python3.10/dist-packages:/root/lanhailidar_ros_ws/install/scan_subscriber/lib/python3.10/site-packages:/root/lanhailidar_ros_ws/install/base/local/lib/python3.10/dist-packages:/opt/ros/humble/lib/python3.10/site-packages:/opt/ros/humble/local/lib/python3.10/dist-packages /usr/bin/cmake --install /home/orangepi/ros2_workspace/school_competition/build/bluesea2[0m
[5.978s] [34mcolcon.colcon_core.environment[0m [1;30mLevel 1[0m create_environment_scripts_only(bluesea2)
[5.978s] [34mcolcon.colcon_core.environment[0m [1;30mLevel 1[0m checking '/home/orangepi/ros2_workspace/school_competition/install' for CMake module files
[5.979s] [34mcolcon.colcon_core.environment[0m [1;30mLevel 1[0m checking '/home/orangepi/ros2_workspace/school_competition/install' for CMake config files
[5.981s] [34mcolcon.colcon_core.shell[0m [1;30mLevel 1[0m create_environment_hook('bluesea2', 'cmake_prefix_path')
[5.981s] [34mcolcon.colcon_core.shell[0m [1;30mINFO[0m Creating environment hook '/home/orangepi/ros2_workspace/school_competition/install/share/bluesea2/hook/cmake_prefix_path.ps1'
[5.982s] [34mcolcon.colcon_core.shell[0m [1;30mINFO[0m Creating environment descriptor '/home/orangepi/ros2_workspace/school_competition/install/share/bluesea2/hook/cmake_prefix_path.dsv'
[5.986s] [34mcolcon.colcon_core.shell[0m [1;30mINFO[0m Creating environment hook '/home/orangepi/ros2_workspace/school_competition/install/share/bluesea2/hook/cmake_prefix_path.sh'
[5.987s] [34mcolcon.colcon_core.environment[0m [1;30mLevel 1[0m checking '/home/orangepi/ros2_workspace/school_competition/install/lib'
[5.988s] [34mcolcon.colcon_core.shell[0m [1;30mLevel 1[0m create_environment_hook('bluesea2', 'ld_library_path_lib')
[5.989s] [34mcolcon.colcon_core.shell[0m [1;30mINFO[0m Creating environment hook '/home/orangepi/ros2_workspace/school_competition/install/share/bluesea2/hook/ld_library_path_lib.ps1'
[5.990s] [34mcolcon.colcon_core.shell[0m [1;30mINFO[0m Creating environment descriptor '/home/orangepi/ros2_workspace/school_competition/install/share/bluesea2/hook/ld_library_path_lib.dsv'
[5.995s] [34mcolcon.colcon_core.shell[0m [1;30mINFO[0m Creating environment hook '/home/orangepi/ros2_workspace/school_competition/install/share/bluesea2/hook/ld_library_path_lib.sh'
[5.997s] [34mcolcon.colcon_core.environment[0m [1;30mLevel 1[0m checking '/home/orangepi/ros2_workspace/school_competition/install/bin'
[5.998s] [34mcolcon.colcon_core.environment[0m [1;30mLevel 1[0m checking '/home/orangepi/ros2_workspace/school_competition/install/lib/pkgconfig/bluesea2.pc'
[5.998s] [34mcolcon.colcon_core.environment[0m [1;30mLevel 1[0m checking '/home/orangepi/ros2_workspace/school_competition/install/lib/python3.10/site-packages'
[5.999s] [34mcolcon.colcon_core.shell[0m [1;30mLevel 1[0m create_environment_hook('bluesea2', 'pythonpath')
[6.000s] [34mcolcon.colcon_core.shell[0m [1;30mINFO[0m Creating environment hook '/home/orangepi/ros2_workspace/school_competition/install/share/bluesea2/hook/pythonpath.ps1'
[6.001s] [34mcolcon.colcon_core.shell[0m [1;30mINFO[0m Creating environment descriptor '/home/orangepi/ros2_workspace/school_competition/install/share/bluesea2/hook/pythonpath.dsv'
[6.004s] [34mcolcon.colcon_core.shell[0m [1;30mINFO[0m Creating environment hook '/home/orangepi/ros2_workspace/school_competition/install/share/bluesea2/hook/pythonpath.sh'
[6.010s] [34mcolcon.colcon_core.event_handler.log_command[0m [1;30mDEBUG[0m [32mInvoked command in '/home/orangepi/ros2_workspace/school_competition/build/bluesea2' returned '0': CMAKE_PREFIX_PATH=${CMAKE_PREFIX_PATH}:/root/lanhailidar_ros_ws/install/scan_subscriber:/opt/ros/humble PYTHONPATH=/home/orangepi/ros2_workspace/school_competition/install/lib/python3.10/site-packages:/home/orangepi/ros2_workspace/school_competition/install/local/lib/python3.10/dist-packages:/root/lanhailidar_ros_ws/install/scan_subscriber/lib/python3.10/site-packages:/root/lanhailidar_ros_ws/install/base/local/lib/python3.10/dist-packages:/opt/ros/humble/lib/python3.10/site-packages:/opt/ros/humble/local/lib/python3.10/dist-packages /usr/bin/cmake --install /home/orangepi/ros2_workspace/school_competition/build/bluesea2[0m
[6.012s] [34mcolcon.colcon_core.environment[0m [1;30mLevel 1[0m checking '/home/orangepi/ros2_workspace/school_competition/install/bin'
[6.012s] [34mcolcon.colcon_core.shell[0m [1;30mINFO[0m Creating package script '/home/orangepi/ros2_workspace/school_competition/install/share/bluesea2/package.ps1'
[6.014s] [34mcolcon.colcon_core.shell[0m [1;30mINFO[0m Creating package descriptor '/home/orangepi/ros2_workspace/school_competition/install/share/bluesea2/package.dsv'
[6.015s] [34mcolcon.colcon_core.shell[0m [1;30mINFO[0m Creating package script '/home/orangepi/ros2_workspace/school_competition/install/share/bluesea2/package.sh'
[6.017s] [34mcolcon.colcon_core.shell[0m [1;30mINFO[0m Creating package script '/home/orangepi/ros2_workspace/school_competition/install/share/bluesea2/package.bash'
[6.027s] [34mcolcon.colcon_core.shell[0m [1;30mINFO[0m Creating package script '/home/orangepi/ros2_workspace/school_competition/install/share/bluesea2/package.zsh'
[6.035s] [34mcolcon.colcon_core.environment[0m [1;30mLevel 1[0m create_file_with_runtime_dependencies(/home/orangepi/ros2_workspace/school_competition/install/share/colcon-core/packages/bluesea2)
[6.054s] [34mcolcon.colcon_core.environment[0m [1;30mLevel 1[0m create_environment_scripts_only(bluesea2)
[6.056s] [34mcolcon.colcon_core.environment[0m [1;30mLevel 1[0m checking '/home/orangepi/ros2_workspace/school_competition/install' for CMake module files
[6.084s] [34mcolcon.colcon_core.environment[0m [1;30mLevel 1[0m checking '/home/orangepi/ros2_workspace/school_competition/install' for CMake config files
[6.107s] [34mcolcon.colcon_core.shell[0m [1;30mLevel 1[0m create_environment_hook('bluesea2', 'cmake_prefix_path')
[6.113s] [34mcolcon.colcon_core.shell[0m [1;30mINFO[0m Creating environment hook '/home/orangepi/ros2_workspace/school_competition/install/share/bluesea2/hook/cmake_prefix_path.ps1'
[6.116s] [34mcolcon.colcon_core.shell[0m [1;30mINFO[0m Creating environment descriptor '/home/orangepi/ros2_workspace/school_competition/install/share/bluesea2/hook/cmake_prefix_path.dsv'
[6.123s] [34mcolcon.colcon_core.shell[0m [1;30mINFO[0m Creating environment hook '/home/orangepi/ros2_workspace/school_competition/install/share/bluesea2/hook/cmake_prefix_path.sh'
[6.130s] [34mcolcon.colcon_core.environment[0m [1;30mLevel 1[0m checking '/home/orangepi/ros2_workspace/school_competition/install/lib'
[6.131s] [34mcolcon.colcon_core.shell[0m [1;30mLevel 1[0m create_environment_hook('bluesea2', 'ld_library_path_lib')
[6.132s] [34mcolcon.colcon_core.shell[0m [1;30mINFO[0m Creating environment hook '/home/orangepi/ros2_workspace/school_competition/install/share/bluesea2/hook/ld_library_path_lib.ps1'
[6.134s] [34mcolcon.colcon_core.shell[0m [1;30mINFO[0m Creating environment descriptor '/home/orangepi/ros2_workspace/school_competition/install/share/bluesea2/hook/ld_library_path_lib.dsv'
[6.137s] [34mcolcon.colcon_core.shell[0m [1;30mINFO[0m Creating environment hook '/home/orangepi/ros2_workspace/school_competition/install/share/bluesea2/hook/ld_library_path_lib.sh'
[6.157s] [34mcolcon.colcon_core.environment[0m [1;30mLevel 1[0m checking '/home/orangepi/ros2_workspace/school_competition/install/bin'
[6.158s] [34mcolcon.colcon_core.environment[0m [1;30mLevel 1[0m checking '/home/orangepi/ros2_workspace/school_competition/install/lib/pkgconfig/bluesea2.pc'
[6.158s] [34mcolcon.colcon_core.environment[0m [1;30mLevel 1[0m checking '/home/orangepi/ros2_workspace/school_competition/install/lib/python3.10/site-packages'
[6.158s] [34mcolcon.colcon_core.shell[0m [1;30mLevel 1[0m create_environment_hook('bluesea2', 'pythonpath')
[6.159s] [34mcolcon.colcon_core.shell[0m [1;30mINFO[0m Creating environment hook '/home/orangepi/ros2_workspace/school_competition/install/share/bluesea2/hook/pythonpath.ps1'
[6.164s] [34mcolcon.colcon_core.shell[0m [1;30mINFO[0m Creating environment descriptor '/home/orangepi/ros2_workspace/school_competition/install/share/bluesea2/hook/pythonpath.dsv'
[6.167s] [34mcolcon.colcon_core.shell[0m [1;30mINFO[0m Creating environment hook '/home/orangepi/ros2_workspace/school_competition/install/share/bluesea2/hook/pythonpath.sh'
[6.171s] [34mcolcon.colcon_core.environment[0m [1;30mLevel 1[0m checking '/home/orangepi/ros2_workspace/school_competition/install/bin'
[6.173s] [34mcolcon.colcon_core.shell[0m [1;30mINFO[0m Creating package script '/home/orangepi/ros2_workspace/school_competition/install/share/bluesea2/package.ps1'
[6.175s] [34mcolcon.colcon_core.shell[0m [1;30mINFO[0m Creating package descriptor '/home/orangepi/ros2_workspace/school_competition/install/share/bluesea2/package.dsv'
[6.179s] [34mcolcon.colcon_core.shell[0m [1;30mINFO[0m Creating package script '/home/orangepi/ros2_workspace/school_competition/install/share/bluesea2/package.sh'
[6.181s] [34mcolcon.colcon_core.shell[0m [1;30mINFO[0m Creating package script '/home/orangepi/ros2_workspace/school_competition/install/share/bluesea2/package.bash'
[6.186s] [34mcolcon.colcon_core.shell[0m [1;30mINFO[0m Creating package script '/home/orangepi/ros2_workspace/school_competition/install/share/bluesea2/package.zsh'
[6.188s] [34mcolcon.colcon_core.environment[0m [1;30mLevel 1[0m create_file_with_runtime_dependencies(/home/orangepi/ros2_workspace/school_competition/install/share/colcon-core/packages/bluesea2)
[6.578s] [34mcolcon.colcon_core.environment[0m [1;30mLevel 1[0m checking '/home/orangepi/ros2_workspace/school_competition/install' for CMake module files
[6.580s] [34mcolcon.colcon_core.event_handler.log_command[0m [1;30mDEBUG[0m [32mInvoked command in '/home/orangepi/ros2_workspace/school_competition/src/car_t265' returned '0': PYTHONPATH=/home/orangepi/ros2_workspace/school_competition/build/car_t265/prefix_override:/usr/lib/python3/dist-packages/colcon_core/task/python/colcon_distutils_commands:/home/orangepi/ros2_workspace/school_competition/install/lib/python3.10/site-packages:${PYTHONPATH} /usr/bin/python3 -W ignore:setup.py install is deprecated -W ignore:easy_install command is deprecated setup.py egg_info --egg-base ../../build/car_t265 build --build-base /home/orangepi/ros2_workspace/school_competition/build/car_t265/build install --record /home/orangepi/ros2_workspace/school_competition/build/car_t265/install.log --single-version-externally-managed install_data[0m
[6.583s] [34mcolcon.colcon_core.environment[0m [1;30mLevel 1[0m checking '/home/orangepi/ros2_workspace/school_competition/install' for CMake config files
[6.591s] [34mcolcon.colcon_core.shell[0m [1;30mLevel 1[0m create_environment_hook('car_t265', 'cmake_prefix_path')
[6.593s] [34mcolcon.colcon_core.shell[0m [1;30mINFO[0m Creating environment hook '/home/orangepi/ros2_workspace/school_competition/install/share/car_t265/hook/cmake_prefix_path.ps1'
[6.597s] [34mcolcon.colcon_core.shell[0m [1;30mINFO[0m Creating environment descriptor '/home/orangepi/ros2_workspace/school_competition/install/share/car_t265/hook/cmake_prefix_path.dsv'
[6.609s] [34mcolcon.colcon_core.shell[0m [1;30mINFO[0m Creating environment hook '/home/orangepi/ros2_workspace/school_competition/install/share/car_t265/hook/cmake_prefix_path.sh'
[6.630s] [34mcolcon.colcon_core.environment[0m [1;30mLevel 1[0m checking '/home/orangepi/ros2_workspace/school_competition/install/lib'
[6.640s] [34mcolcon.colcon_core.shell[0m [1;30mLevel 1[0m create_environment_hook('car_t265', 'ld_library_path_lib')
[6.644s] [34mcolcon.colcon_core.shell[0m [1;30mINFO[0m Creating environment hook '/home/orangepi/ros2_workspace/school_competition/install/share/car_t265/hook/ld_library_path_lib.ps1'
[6.675s] [34mcolcon.colcon_core.shell[0m [1;30mINFO[0m Creating environment descriptor '/home/orangepi/ros2_workspace/school_competition/install/share/car_t265/hook/ld_library_path_lib.dsv'
[6.694s] [34mcolcon.colcon_core.shell[0m [1;30mINFO[0m Creating environment hook '/home/orangepi/ros2_workspace/school_competition/install/share/car_t265/hook/ld_library_path_lib.sh'
[6.713s] [34mcolcon.colcon_core.environment[0m [1;30mLevel 1[0m checking '/home/orangepi/ros2_workspace/school_competition/install/bin'
[6.715s] [34mcolcon.colcon_core.environment[0m [1;30mLevel 1[0m checking '/home/orangepi/ros2_workspace/school_competition/install/lib/pkgconfig/car_t265.pc'
[6.716s] [34mcolcon.colcon_core.environment[0m [1;30mLevel 1[0m checking '/home/orangepi/ros2_workspace/school_competition/install/lib/python3.10/site-packages'
[6.719s] [34mcolcon.colcon_core.shell[0m [1;30mLevel 1[0m create_environment_hook('car_t265', 'pythonpath')
[6.721s] [34mcolcon.colcon_core.shell[0m [1;30mINFO[0m Creating environment hook '/home/orangepi/ros2_workspace/school_competition/install/share/car_t265/hook/pythonpath.ps1'
[6.725s] [34mcolcon.colcon_core.shell[0m [1;30mINFO[0m Creating environment descriptor '/home/orangepi/ros2_workspace/school_competition/install/share/car_t265/hook/pythonpath.dsv'
[6.754s] [34mcolcon.colcon_core.shell[0m [1;30mINFO[0m Creating environment hook '/home/orangepi/ros2_workspace/school_competition/install/share/car_t265/hook/pythonpath.sh'
[6.766s] [34mcolcon.colcon_core.environment[0m [1;30mLevel 1[0m checking '/home/orangepi/ros2_workspace/school_competition/install/bin'
[6.772s] [34mcolcon.colcon_core.environment[0m [1;30mLevel 1[0m create_environment_scripts_only(car_t265)
[6.775s] [34mcolcon.colcon_core.shell[0m [1;30mINFO[0m Creating package script '/home/orangepi/ros2_workspace/school_competition/install/share/car_t265/package.ps1'
[6.798s] [34mcolcon.colcon_core.shell[0m [1;30mINFO[0m Creating package descriptor '/home/orangepi/ros2_workspace/school_competition/install/share/car_t265/package.dsv'
[6.811s] [34mcolcon.colcon_core.shell[0m [1;30mINFO[0m Creating package script '/home/orangepi/ros2_workspace/school_competition/install/share/car_t265/package.sh'
[6.826s] [34mcolcon.colcon_core.shell[0m [1;30mINFO[0m Creating package script '/home/orangepi/ros2_workspace/school_competition/install/share/car_t265/package.bash'
[6.838s] [34mcolcon.colcon_core.shell[0m [1;30mINFO[0m Creating package script '/home/orangepi/ros2_workspace/school_competition/install/share/car_t265/package.zsh'
[6.849s] [34mcolcon.colcon_core.environment[0m [1;30mLevel 1[0m create_file_with_runtime_dependencies(/home/orangepi/ros2_workspace/school_competition/install/share/colcon-core/packages/car_t265)
[6.869s] [34mcolcon.colcon_parallel_executor.executor.parallel[0m [1;30mDEBUG[0m [32mclosing loop[0m
[6.879s] [34mcolcon.colcon_parallel_executor.executor.parallel[0m [1;30mDEBUG[0m [32mloop closed[0m
[6.880s] [34mcolcon.colcon_parallel_executor.executor.parallel[0m [1;30mDEBUG[0m [32mrun_until_complete finished with '0'[0m
[6.884s] [34mcolcon.colcon_core.event_reactor[0m [1;30mDEBUG[0m [32mjoining thread[0m
[6.898s] [34mcolcon.colcon_core.plugin_system[0m [1;30mINFO[0m Skipping extension 'colcon_notification.desktop_notification.terminal_notifier': Not used on non-Darwin systems
[6.899s] [34mcolcon.colcon_core.plugin_system[0m [1;30mINFO[0m Skipping extension 'colcon_notification.desktop_notification.win32': Not used on non-Windows systems
[6.899s] [34mcolcon.colcon_notification.desktop_notification[0m [1;30mINFO[0m Sending desktop notification using 'notify2'
[6.957s] [34mcolcon.colcon_core.event_reactor[0m [1;30mDEBUG[0m [32mjoined thread[0m
[6.959s] [34mcolcon.colcon_core.shell[0m [1;30mINFO[0m Creating prefix script '/home/orangepi/ros2_workspace/school_competition/install/local_setup.ps1'
[6.964s] [34mcolcon.colcon_core.shell[0m [1;30mINFO[0m Creating prefix util module '/home/orangepi/ros2_workspace/school_competition/install/_local_setup_util_ps1.py'
[6.993s] [34mcolcon.colcon_core.shell[0m [1;30mINFO[0m Creating prefix chain script '/home/orangepi/ros2_workspace/school_competition/install/setup.ps1'
[7.035s] [34mcolcon.colcon_core.shell[0m [1;30mINFO[0m Creating prefix script '/home/orangepi/ros2_workspace/school_competition/install/local_setup.sh'
[7.041s] [34mcolcon.colcon_core.shell[0m [1;30mINFO[0m Creating prefix util module '/home/orangepi/ros2_workspace/school_competition/install/_local_setup_util_sh.py'
[7.044s] [34mcolcon.colcon_core.shell[0m [1;30mINFO[0m Creating prefix chain script '/home/orangepi/ros2_workspace/school_competition/install/setup.sh'
[7.055s] [34mcolcon.colcon_core.shell[0m [1;30mINFO[0m Creating prefix script '/home/orangepi/ros2_workspace/school_competition/install/local_setup.bash'
[7.063s] [34mcolcon.colcon_core.shell[0m [1;30mINFO[0m Creating prefix chain script '/home/orangepi/ros2_workspace/school_competition/install/setup.bash'
[7.076s] [34mcolcon.colcon_core.shell[0m [1;30mINFO[0m Creating prefix script '/home/orangepi/ros2_workspace/school_competition/install/local_setup.zsh'
[7.082s] [34mcolcon.colcon_core.shell[0m [1;30mINFO[0m Creating prefix chain script '/home/orangepi/ros2_workspace/school_competition/install/setup.zsh'
