[1.372s] Invoking command in '/home/orangepi/ros2_workspace/school_competition/src/car_t265': PYTHONPATH=/home/orangepi/ros2_workspace/school_competition/build/car_t265/prefix_override:/usr/lib/python3/dist-packages/colcon_core/task/python/colcon_distutils_commands:/home/orangepi/ros2_workspace/school_competition/install/lib/python3.10/site-packages:${PYTHONPATH} /usr/bin/python3 -W ignore:setup.py install is deprecated -W ignore:easy_install command is deprecated setup.py egg_info --egg-base ../../build/car_t265 build --build-base /home/orangepi/ros2_workspace/school_competition/build/car_t265/build install --record /home/orangepi/ros2_workspace/school_competition/build/car_t265/install.log --single-version-externally-managed install_data
[1.701s] running egg_info
[1.702s] writing ../../build/car_t265/car_t265.egg-info/PKG-INFO
[1.703s] writing dependency_links to ../../build/car_t265/car_t265.egg-info/dependency_links.txt
[1.709s] writing entry points to ../../build/car_t265/car_t265.egg-info/entry_points.txt
[1.710s] writing requirements to ../../build/car_t265/car_t265.egg-info/requires.txt
[1.711s] writing top-level names to ../../build/car_t265/car_t265.egg-info/top_level.txt
[1.715s] reading manifest file '../../build/car_t265/car_t265.egg-info/SOURCES.txt'
[1.716s] writing manifest file '../../build/car_t265/car_t265.egg-info/SOURCES.txt'
[1.717s] running build
[1.717s] running build_py
[1.718s] copying car_t265/t265_publisher.py -> /home/orangepi/ros2_workspace/school_competition/build/car_t265/build/lib/car_t265
[1.719s] running install
[1.719s] running install_lib
[1.721s] copying /home/orangepi/ros2_workspace/school_competition/build/car_t265/build/lib/car_t265/t265_publisher.py -> /home/orangepi/ros2_workspace/school_competition/install/lib/python3.10/site-packages/car_t265
[1.722s] byte-compiling /home/orangepi/ros2_workspace/school_competition/install/lib/python3.10/site-packages/car_t265/t265_publisher.py to t265_publisher.cpython-310.pyc
[1.723s] running install_data
[1.724s] running install_egg_info
[1.727s] removing '/home/orangepi/ros2_workspace/school_competition/install/lib/python3.10/site-packages/car_t265-0.0.0-py3.10.egg-info' (and everything under it)
[1.728s] Copying ../../build/car_t265/car_t265.egg-info to /home/orangepi/ros2_workspace/school_competition/install/lib/python3.10/site-packages/car_t265-0.0.0-py3.10.egg-info
[1.729s] running install_scripts
[1.760s] Installing linear_test script to /home/orangepi/ros2_workspace/school_competition/install/lib/car_t265
[1.760s] Installing motor_controller script to /home/orangepi/ros2_workspace/school_competition/install/lib/car_t265
[1.767s] Installing navigation_controller script to /home/orangepi/ros2_workspace/school_competition/install/lib/car_t265
[1.767s] Installing t265_Imu_pub script to /home/orangepi/ros2_workspace/school_competition/install/lib/car_t265
[1.768s] Installing t265_publisher script to /home/orangepi/ros2_workspace/school_competition/install/lib/car_t265
[1.769s] Installing target_publisher script to /home/orangepi/ros2_workspace/school_competition/install/lib/car_t265
[1.769s] Installing uart_driver script to /home/orangepi/ros2_workspace/school_competition/install/lib/car_t265
[1.770s] writing list of installed files to '/home/orangepi/ros2_workspace/school_competition/build/car_t265/install.log'
[1.829s] Invoked command in '/home/orangepi/ros2_workspace/school_competition/src/car_t265' returned '0': PYTHONPATH=/home/orangepi/ros2_workspace/school_competition/build/car_t265/prefix_override:/usr/lib/python3/dist-packages/colcon_core/task/python/colcon_distutils_commands:/home/orangepi/ros2_workspace/school_competition/install/lib/python3.10/site-packages:${PYTHONPATH} /usr/bin/python3 -W ignore:setup.py install is deprecated -W ignore:easy_install command is deprecated setup.py egg_info --egg-base ../../build/car_t265 build --build-base /home/orangepi/ros2_workspace/school_competition/build/car_t265/build install --record /home/orangepi/ros2_workspace/school_competition/build/car_t265/install.log --single-version-externally-managed install_data
