running egg_info
creating ../../build/car_t265/car_t265.egg-info
writing ../../build/car_t265/car_t265.egg-info/PKG-INFO
writing dependency_links to ../../build/car_t265/car_t265.egg-info/dependency_links.txt
writing entry points to ../../build/car_t265/car_t265.egg-info/entry_points.txt
writing requirements to ../../build/car_t265/car_t265.egg-info/requires.txt
writing top-level names to ../../build/car_t265/car_t265.egg-info/top_level.txt
writing manifest file '../../build/car_t265/car_t265.egg-info/SOURCES.txt'
reading manifest file '../../build/car_t265/car_t265.egg-info/SOURCES.txt'
writing manifest file '../../build/car_t265/car_t265.egg-info/SOURCES.txt'
running build
running build_py
creating /home/orangepi/ros2_workspace/school_competition/build/car_t265/build
creating /home/orangepi/ros2_workspace/school_competition/build/car_t265/build/lib
creating /home/orangepi/ros2_workspace/school_competition/build/car_t265/build/lib/car_t265
copying car_t265/target_publisher.py -> /home/orangepi/ros2_workspace/school_competition/build/car_t265/build/lib/car_t265
copying car_t265/__init__.py -> /home/orangepi/ros2_workspace/school_competition/build/car_t265/build/lib/car_t265
copying car_t265/t265_Imu_pub.py -> /home/orangepi/ros2_workspace/school_competition/build/car_t265/build/lib/car_t265
copying car_t265/navigation_controller.py -> /home/orangepi/ros2_workspace/school_competition/build/car_t265/build/lib/car_t265
copying car_t265/t265_publisher.py -> /home/orangepi/ros2_workspace/school_competition/build/car_t265/build/lib/car_t265
running install
running install_lib
creating /home/orangepi/ros2_workspace/school_competition/install/lib/python3.10/site-packages/car_t265
copying /home/orangepi/ros2_workspace/school_competition/build/car_t265/build/lib/car_t265/target_publisher.py -> /home/orangepi/ros2_workspace/school_competition/install/lib/python3.10/site-packages/car_t265
copying /home/orangepi/ros2_workspace/school_competition/build/car_t265/build/lib/car_t265/__init__.py -> /home/orangepi/ros2_workspace/school_competition/install/lib/python3.10/site-packages/car_t265
copying /home/orangepi/ros2_workspace/school_competition/build/car_t265/build/lib/car_t265/t265_Imu_pub.py -> /home/orangepi/ros2_workspace/school_competition/install/lib/python3.10/site-packages/car_t265
copying /home/orangepi/ros2_workspace/school_competition/build/car_t265/build/lib/car_t265/navigation_controller.py -> /home/orangepi/ros2_workspace/school_competition/install/lib/python3.10/site-packages/car_t265
copying /home/orangepi/ros2_workspace/school_competition/build/car_t265/build/lib/car_t265/t265_publisher.py -> /home/orangepi/ros2_workspace/school_competition/install/lib/python3.10/site-packages/car_t265
byte-compiling /home/orangepi/ros2_workspace/school_competition/install/lib/python3.10/site-packages/car_t265/target_publisher.py to target_publisher.cpython-310.pyc
byte-compiling /home/orangepi/ros2_workspace/school_competition/install/lib/python3.10/site-packages/car_t265/__init__.py to __init__.cpython-310.pyc
byte-compiling /home/orangepi/ros2_workspace/school_competition/install/lib/python3.10/site-packages/car_t265/t265_Imu_pub.py to t265_Imu_pub.cpython-310.pyc
byte-compiling /home/orangepi/ros2_workspace/school_competition/install/lib/python3.10/site-packages/car_t265/navigation_controller.py to navigation_controller.cpython-310.pyc
byte-compiling /home/orangepi/ros2_workspace/school_competition/install/lib/python3.10/site-packages/car_t265/t265_publisher.py to t265_publisher.cpython-310.pyc
running install_data
creating /home/orangepi/ros2_workspace/school_competition/install/share/ament_index
creating /home/orangepi/ros2_workspace/school_competition/install/share/ament_index/resource_index
creating /home/orangepi/ros2_workspace/school_competition/install/share/ament_index/resource_index/packages
copying resource/car_t265 -> /home/orangepi/ros2_workspace/school_competition/install/share/ament_index/resource_index/packages
copying package.xml -> /home/orangepi/ros2_workspace/school_competition/install/share/car_t265
creating /home/orangepi/ros2_workspace/school_competition/install/share/car_t265/launch
copying launch/navigation.launch.py -> /home/orangepi/ros2_workspace/school_competition/install/share/car_t265/launch
copying launch/t265_publisher.launch.py -> /home/orangepi/ros2_workspace/school_competition/install/share/car_t265/launch
copying launch/target_publisher.launch.py -> /home/orangepi/ros2_workspace/school_competition/install/share/car_t265/launch
copying launch/car_t265.launch.py -> /home/orangepi/ros2_workspace/school_competition/install/share/car_t265/launch
copying launch/uart_driver.launch.py -> /home/orangepi/ros2_workspace/school_competition/install/share/car_t265/launch
copying launch/t265_Imu_pub.launch.py -> /home/orangepi/ros2_workspace/school_competition/install/share/car_t265/launch
running install_egg_info
Copying ../../build/car_t265/car_t265.egg-info to /home/orangepi/ros2_workspace/school_competition/install/lib/python3.10/site-packages/car_t265-0.0.0-py3.10.egg-info
running install_scripts
Installing linear_test script to /home/orangepi/ros2_workspace/school_competition/install/lib/car_t265
Installing motor_controller script to /home/orangepi/ros2_workspace/school_competition/install/lib/car_t265
Installing navigation_controller script to /home/orangepi/ros2_workspace/school_competition/install/lib/car_t265
Installing t265_Imu_pub script to /home/orangepi/ros2_workspace/school_competition/install/lib/car_t265
Installing t265_publisher script to /home/orangepi/ros2_workspace/school_competition/install/lib/car_t265
Installing target_publisher script to /home/orangepi/ros2_workspace/school_competition/install/lib/car_t265
Installing uart_driver script to /home/orangepi/ros2_workspace/school_competition/install/lib/car_t265
writing list of installed files to '/home/orangepi/ros2_workspace/school_competition/build/car_t265/install.log'
